
*** Running vivado
    with args -log pynq_hls_adder_wrapper.vdi -applog -m64 -product Vivado -messageDb vivado.pb -mode batch -source pynq_hls_adder_wrapper.tcl -notrace



****** Vivado v2021.1.1 (64-bit)
  **** SW Build 3286242 on Wed Jul 28 13:10:47 MDT 2021
  **** IP Build 3279568 on Wed Jul 28 16:48:48 MDT 2021
    ** Copyright 1986-2021 Xilinx, Inc. All Rights Reserved.

source pynq_hls_adder_wrapper.tcl -notrace
INFO: [IP_Flow 19-234] Refreshing IP repositories
INFO: [IP_Flow 19-1700] Loaded user IP repository 'd:/Documents/GitHub/ECE4810J_FA2021/Lab3/hls_adder/solution1/impl/ip'.
INFO: [IP_Flow 19-2313] Loaded Vivado IP repository 'F:/Xilinx/Vivado/2021.1/data/ip'.
Command: link_design -top pynq_hls_adder_wrapper -part xc7z020clg400-1
Design is defaulting to srcset: sources_1
Design is defaulting to constrset: constrs_1
INFO: [Device 21-403] Loading part xc7z020clg400-1
INFO: [Project 1-454] Reading design checkpoint 'd:/Documents/GitHub/ECE4810J_FA2021/Lab3/pynq_hls_adder/pynq_hls_adder.gen/sources_1/bd/pynq_hls_adder/ip/pynq_hls_adder_processing_system7_0_0/pynq_hls_adder_processing_system7_0_0.dcp' for cell 'pynq_hls_adder_i/processing_system7_0'
INFO: [Project 1-454] Reading design checkpoint 'd:/Documents/GitHub/ECE4810J_FA2021/Lab3/pynq_hls_adder/pynq_hls_adder.gen/sources_1/bd/pynq_hls_adder/ip/pynq_hls_adder_rst_ps7_0_100M_0/pynq_hls_adder_rst_ps7_0_100M_0.dcp' for cell 'pynq_hls_adder_i/rst_ps7_0_100M'
INFO: [Project 1-454] Reading design checkpoint 'd:/Documents/GitHub/ECE4810J_FA2021/Lab3/pynq_hls_adder/pynq_hls_adder.gen/sources_1/bd/pynq_hls_adder/ip/pynq_hls_adder_hls_adder_0_1/pynq_hls_adder_hls_adder_0_1.dcp' for cell 'pynq_hls_adder_i/scalar_add'
INFO: [Project 1-454] Reading design checkpoint 'd:/Documents/GitHub/ECE4810J_FA2021/Lab3/pynq_hls_adder/pynq_hls_adder.gen/sources_1/bd/pynq_hls_adder/ip/pynq_hls_adder_auto_pc_0/pynq_hls_adder_auto_pc_0.dcp' for cell 'pynq_hls_adder_i/ps7_0_axi_periph/s00_couplers/auto_pc'
Netlist sorting complete. Time (s): cpu = 00:00:00 ; elapsed = 00:00:00.064 . Memory (MB): peak = 1354.012 ; gain = 0.000
INFO: [Netlist 29-17] Analyzing 26 Unisim elements for replacement
INFO: [Netlist 29-28] Unisim Transformation completed in 0 CPU seconds
INFO: [Project 1-479] Netlist was created with Vivado 2021.1.1
INFO: [Project 1-570] Preparing netlist for logic optimization
Parsing XDC File [d:/Documents/GitHub/ECE4810J_FA2021/Lab3/pynq_hls_adder/pynq_hls_adder.gen/sources_1/bd/pynq_hls_adder/ip/pynq_hls_adder_processing_system7_0_0/pynq_hls_adder_processing_system7_0_0.xdc] for cell 'pynq_hls_adder_i/processing_system7_0/inst'
Finished Parsing XDC File [d:/Documents/GitHub/ECE4810J_FA2021/Lab3/pynq_hls_adder/pynq_hls_adder.gen/sources_1/bd/pynq_hls_adder/ip/pynq_hls_adder_processing_system7_0_0/pynq_hls_adder_processing_system7_0_0.xdc] for cell 'pynq_hls_adder_i/processing_system7_0/inst'
Parsing XDC File [d:/Documents/GitHub/ECE4810J_FA2021/Lab3/pynq_hls_adder/pynq_hls_adder.gen/sources_1/bd/pynq_hls_adder/ip/pynq_hls_adder_rst_ps7_0_100M_0/pynq_hls_adder_rst_ps7_0_100M_0_board.xdc] for cell 'pynq_hls_adder_i/rst_ps7_0_100M/U0'
Finished Parsing XDC File [d:/Documents/GitHub/ECE4810J_FA2021/Lab3/pynq_hls_adder/pynq_hls_adder.gen/sources_1/bd/pynq_hls_adder/ip/pynq_hls_adder_rst_ps7_0_100M_0/pynq_hls_adder_rst_ps7_0_100M_0_board.xdc] for cell 'pynq_hls_adder_i/rst_ps7_0_100M/U0'
Parsing XDC File [d:/Documents/GitHub/ECE4810J_FA2021/Lab3/pynq_hls_adder/pynq_hls_adder.gen/sources_1/bd/pynq_hls_adder/ip/pynq_hls_adder_rst_ps7_0_100M_0/pynq_hls_adder_rst_ps7_0_100M_0.xdc] for cell 'pynq_hls_adder_i/rst_ps7_0_100M/U0'
Finished Parsing XDC File [d:/Documents/GitHub/ECE4810J_FA2021/Lab3/pynq_hls_adder/pynq_hls_adder.gen/sources_1/bd/pynq_hls_adder/ip/pynq_hls_adder_rst_ps7_0_100M_0/pynq_hls_adder_rst_ps7_0_100M_0.xdc] for cell 'pynq_hls_adder_i/rst_ps7_0_100M/U0'
INFO: [Opt 31-138] Pushed 0 inverter(s) to 0 load pin(s).
Netlist sorting complete. Time (s): cpu = 00:00:00 ; elapsed = 00:00:00.001 . Memory (MB): peak = 1354.012 ; gain = 0.000
INFO: [Project 1-111] Unisim Transformation Summary:
No Unisim elements were transformed.

14 Infos, 0 Warnings, 0 Critical Warnings and 0 Errors encountered.
link_design completed successfully
link_design: Time (s): cpu = 00:00:08 ; elapsed = 00:00:12 . Memory (MB): peak = 1354.012 ; gain = 0.000
Command: opt_design
Attempting to get a license for feature 'Implementation' and/or device 'xc7z020'
INFO: [Common 17-349] Got license for feature 'Implementation' and/or device 'xc7z020'
Running DRC as a precondition to command opt_design

Starting DRC Task
INFO: [DRC 23-27] Running DRC with 2 threads
INFO: [Project 1-461] DRC finished with 0 Errors
INFO: [Project 1-462] Please refer to the DRC report (report_drc) for more information.

Time (s): cpu = 00:00:02 ; elapsed = 00:00:01 . Memory (MB): peak = 1354.012 ; gain = 0.000

Starting Cache Timing Information Task
INFO: [Timing 38-35] Done setting XDC timing constraints.
Ending Cache Timing Information Task | Checksum: e1c887bc

Time (s): cpu = 00:00:08 ; elapsed = 00:00:08 . Memory (MB): peak = 1703.891 ; gain = 349.879

Starting Logic Optimization Task

Phase 1 Retarget
INFO: [Opt 31-138] Pushed 0 inverter(s) to 0 load pin(s).
INFO: [Opt 31-49] Retargeted 0 cell(s).
Phase 1 Retarget | Checksum: cb26c7fd

Time (s): cpu = 00:00:00 ; elapsed = 00:00:00.118 . Memory (MB): peak = 1924.605 ; gain = 0.000
INFO: [Opt 31-389] Phase Retarget created 4 cells and removed 29 cells

Phase 2 Constant propagation
INFO: [Opt 31-138] Pushed 0 inverter(s) to 0 load pin(s).
Phase 2 Constant propagation | Checksum: c2675b6c

Time (s): cpu = 00:00:00 ; elapsed = 00:00:00.135 . Memory (MB): peak = 1924.605 ; gain = 0.000
INFO: [Opt 31-389] Phase Constant propagation created 0 cells and removed 8 cells

Phase 3 Sweep
Phase 3 Sweep | Checksum: f9e856b3

Time (s): cpu = 00:00:01 ; elapsed = 00:00:00.293 . Memory (MB): peak = 1924.605 ; gain = 0.000
INFO: [Opt 31-389] Phase Sweep created 0 cells and removed 231 cells

Phase 4 BUFG optimization
Phase 4 BUFG optimization | Checksum: f9e856b3

Time (s): cpu = 00:00:01 ; elapsed = 00:00:00.325 . Memory (MB): peak = 1924.605 ; gain = 0.000
INFO: [Opt 31-662] Phase BUFG optimization created 0 cells of which 0 are BUFGs and removed 0 cells.

Phase 5 Shift Register Optimization
INFO: [Opt 31-1064] SRL Remap converted 0 SRLs to 0 registers and converted 0 registers of register chains to 0 SRLs
Phase 5 Shift Register Optimization | Checksum: f9e856b3

Time (s): cpu = 00:00:01 ; elapsed = 00:00:00.333 . Memory (MB): peak = 1924.605 ; gain = 0.000
INFO: [Opt 31-389] Phase Shift Register Optimization created 0 cells and removed 0 cells

Phase 6 Post Processing Netlist
Phase 6 Post Processing Netlist | Checksum: f9e856b3

Time (s): cpu = 00:00:01 ; elapsed = 00:00:00.346 . Memory (MB): peak = 1924.605 ; gain = 0.000
INFO: [Opt 31-389] Phase Post Processing Netlist created 0 cells and removed 0 cells
Opt_design Change Summary
=========================


-------------------------------------------------------------------------------------------------------------------------
|  Phase                        |  #Cells created  |  #Cells Removed  |  #Constrained objects preventing optimizations  |
-------------------------------------------------------------------------------------------------------------------------
|  Retarget                     |               4  |              29  |                                              0  |
|  Constant propagation         |               0  |               8  |                                              0  |
|  Sweep                        |               0  |             231  |                                              0  |
|  BUFG optimization            |               0  |               0  |                                              0  |
|  Shift Register Optimization  |               0  |               0  |                                              0  |
|  Post Processing Netlist      |               0  |               0  |                                              0  |
-------------------------------------------------------------------------------------------------------------------------



Starting Connectivity Check Task

Time (s): cpu = 00:00:00 ; elapsed = 00:00:00.005 . Memory (MB): peak = 1924.605 ; gain = 0.000
Ending Logic Optimization Task | Checksum: 11cf1af89

Time (s): cpu = 00:00:01 ; elapsed = 00:00:00.422 . Memory (MB): peak = 1924.605 ; gain = 0.000

Starting Power Optimization Task
INFO: [Pwropt 34-132] Skipping clock gating for clocks with a period < 2.00 ns.
Ending Power Optimization Task | Checksum: 11cf1af89

Time (s): cpu = 00:00:00 ; elapsed = 00:00:00.013 . Memory (MB): peak = 1924.605 ; gain = 0.000

Starting Final Cleanup Task
Ending Final Cleanup Task | Checksum: 11cf1af89

Time (s): cpu = 00:00:00 ; elapsed = 00:00:00 . Memory (MB): peak = 1924.605 ; gain = 0.000

Starting Netlist Obfuscation Task
Netlist sorting complete. Time (s): cpu = 00:00:00 ; elapsed = 00:00:00 . Memory (MB): peak = 1924.605 ; gain = 0.000
Ending Netlist Obfuscation Task | Checksum: 11cf1af89

Time (s): cpu = 00:00:00 ; elapsed = 00:00:00 . Memory (MB): peak = 1924.605 ; gain = 0.000
INFO: [Common 17-83] Releasing license: Implementation
31 Infos, 0 Warnings, 0 Critical Warnings and 0 Errors encountered.
opt_design completed successfully
opt_design: Time (s): cpu = 00:00:13 ; elapsed = 00:00:12 . Memory (MB): peak = 1924.605 ; gain = 570.594
INFO: [Timing 38-480] Writing timing data to binary archive.
Writing placer database...
Writing XDEF routing.
Writing XDEF routing logical nets.
Writing XDEF routing special nets.
Write XDEF Complete: Time (s): cpu = 00:00:00 ; elapsed = 00:00:00.077 . Memory (MB): peak = 1924.605 ; gain = 0.000
INFO: [Common 17-1381] The checkpoint 'D:/Documents/GitHub/ECE4810J_FA2021/Lab3/pynq_hls_adder/pynq_hls_adder.runs/impl_1/pynq_hls_adder_wrapper_opt.dcp' has been generated.
INFO: [runtcl-4] Executing : report_drc -file pynq_hls_adder_wrapper_drc_opted.rpt -pb pynq_hls_adder_wrapper_drc_opted.pb -rpx pynq_hls_adder_wrapper_drc_opted.rpx
Command: report_drc -file pynq_hls_adder_wrapper_drc_opted.rpt -pb pynq_hls_adder_wrapper_drc_opted.pb -rpx pynq_hls_adder_wrapper_drc_opted.rpx
INFO: [IP_Flow 19-1839] IP Catalog is up to date.
INFO: [Timing 38-35] Done setting XDC timing constraints.
INFO: [DRC 23-27] Running DRC with 2 threads
INFO: [Vivado_Tcl 2-168] The results of DRC are in file D:/Documents/GitHub/ECE4810J_FA2021/Lab3/pynq_hls_adder/pynq_hls_adder.runs/impl_1/pynq_hls_adder_wrapper_drc_opted.rpt.
report_drc completed successfully
Command: place_design
Attempting to get a license for feature 'Implementation' and/or device 'xc7z020'
INFO: [Common 17-349] Got license for feature 'Implementation' and/or device 'xc7z020'
INFO: [DRC 23-27] Running DRC with 2 threads
INFO: [Vivado_Tcl 4-198] DRC finished with 0 Errors
INFO: [Vivado_Tcl 4-199] Please refer to the DRC report (report_drc) for more information.
Running DRC as a precondition to command place_design
INFO: [DRC 23-27] Running DRC with 2 threads
INFO: [Vivado_Tcl 4-198] DRC finished with 0 Errors
INFO: [Vivado_Tcl 4-199] Please refer to the DRC report (report_drc) for more information.

Starting Placer Task
INFO: [Place 30-611] Multithreading enabled for place_design using a maximum of 2 CPUs

Phase 1 Placer Initialization

Phase 1.1 Placer Initialization Netlist Sorting
Netlist sorting complete. Time (s): cpu = 00:00:00 ; elapsed = 00:00:00 . Memory (MB): peak = 1964.844 ; gain = 0.000
Phase 1.1 Placer Initialization Netlist Sorting | Checksum: 1124eee49

Time (s): cpu = 00:00:00 ; elapsed = 00:00:00.014 . Memory (MB): peak = 1964.844 ; gain = 0.000
Netlist sorting complete. Time (s): cpu = 00:00:00 ; elapsed = 00:00:00.001 . Memory (MB): peak = 1964.844 ; gain = 0.000

Phase 1.2 IO Placement/ Clock Placement/ Build Placer Device
Phase 1.2 IO Placement/ Clock Placement/ Build Placer Device | Checksum: aff742d9

Time (s): cpu = 00:00:01 ; elapsed = 00:00:00.464 . Memory (MB): peak = 1964.844 ; gain = 0.000

Phase 1.3 Build Placer Netlist Model
Phase 1.3 Build Placer Netlist Model | Checksum: 136183a14

Time (s): cpu = 00:00:01 ; elapsed = 00:00:00.780 . Memory (MB): peak = 1964.844 ; gain = 0.000

Phase 1.4 Constrain Clocks/Macros
Phase 1.4 Constrain Clocks/Macros | Checksum: 136183a14

Time (s): cpu = 00:00:01 ; elapsed = 00:00:00.787 . Memory (MB): peak = 1964.844 ; gain = 0.000
Phase 1 Placer Initialization | Checksum: 136183a14

Time (s): cpu = 00:00:01 ; elapsed = 00:00:00.798 . Memory (MB): peak = 1964.844 ; gain = 0.000

Phase 2 Global Placement

Phase 2.1 Floorplanning
Phase 2.1 Floorplanning | Checksum: 4ff819b0

Time (s): cpu = 00:00:02 ; elapsed = 00:00:00.943 . Memory (MB): peak = 1964.844 ; gain = 0.000

Phase 2.2 Update Timing before SLR Path Opt
Phase 2.2 Update Timing before SLR Path Opt | Checksum: 135e02b02

Time (s): cpu = 00:00:02 ; elapsed = 00:00:01 . Memory (MB): peak = 1964.844 ; gain = 0.000

Phase 2.3 Post-Processing in Floorplanning
Phase 2.3 Post-Processing in Floorplanning | Checksum: 135e02b02

Time (s): cpu = 00:00:02 ; elapsed = 00:00:01 . Memory (MB): peak = 1964.844 ; gain = 0.000

Phase 2.4 Global Placement Core

Phase 2.4.1 Physical Synthesis In Placer
INFO: [Physopt 32-1035] Found 0 LUTNM shape to break, 15 LUT instances to create LUTNM shape
INFO: [Physopt 32-1044] Break lutnm for timing: one critical 0, two critical 0, total 0, new lutff created 0
INFO: [Physopt 32-1138] End 1 Pass. Optimized 6 nets or LUTs. Breaked 0 LUT, combined 6 existing LUTs and moved 0 existing LUT
INFO: [Physopt 32-65] No nets found for high-fanout optimization.
INFO: [Physopt 32-232] Optimized 0 net. Created 0 new instance.
INFO: [Physopt 32-775] End 1 Pass. Optimized 0 net or cell. Created 0 new cell, deleted 0 existing cell and moved 0 existing cell
INFO: [Physopt 32-670] No setup violation found.  DSP Register Optimization was not performed.
INFO: [Physopt 32-670] No setup violation found.  Shift Register to Pipeline Optimization was not performed.
INFO: [Physopt 32-670] No setup violation found.  Shift Register Optimization was not performed.
INFO: [Physopt 32-670] No setup violation found.  BRAM Register Optimization was not performed.
INFO: [Physopt 32-670] No setup violation found.  URAM Register Optimization was not performed.
INFO: [Physopt 32-949] No candidate nets found for dynamic/static region interface net replication
INFO: [Physopt 32-775] End 1 Pass. Optimized 0 net or cell. Created 0 new cell, deleted 0 existing cell and moved 0 existing cell
Netlist sorting complete. Time (s): cpu = 00:00:00 ; elapsed = 00:00:00 . Memory (MB): peak = 1964.844 ; gain = 0.000

Summary of Physical Synthesis Optimizations
============================================


-----------------------------------------------------------------------------------------------------------------------------------------------------------
|  Optimization                                     |  Added Cells  |  Removed Cells  |  Optimized Cells/Nets  |  Dont Touch  |  Iterations  |  Elapsed   |
-----------------------------------------------------------------------------------------------------------------------------------------------------------
|  LUT Combining                                    |            0  |              6  |                     6  |           0  |           1  |  00:00:00  |
|  Retime                                           |            0  |              0  |                     0  |           0  |           1  |  00:00:00  |
|  Very High Fanout                                 |            0  |              0  |                     0  |           0  |           1  |  00:00:00  |
|  DSP Register                                     |            0  |              0  |                     0  |           0  |           0  |  00:00:00  |
|  Shift Register to Pipeline                       |            0  |              0  |                     0  |           0  |           0  |  00:00:00  |
|  Shift Register                                   |            0  |              0  |                     0  |           0  |           0  |  00:00:00  |
|  BRAM Register                                    |            0  |              0  |                     0  |           0  |           0  |  00:00:00  |
|  URAM Register                                    |            0  |              0  |                     0  |           0  |           0  |  00:00:00  |
|  Dynamic/Static Region Interface Net Replication  |            0  |              0  |                     0  |           0  |           1  |  00:00:00  |
|  Total                                            |            0  |              6  |                     6  |           0  |           4  |  00:00:00  |
-----------------------------------------------------------------------------------------------------------------------------------------------------------


Phase 2.4.1 Physical Synthesis In Placer | Checksum: b93ecf7e

Time (s): cpu = 00:00:06 ; elapsed = 00:00:03 . Memory (MB): peak = 1964.844 ; gain = 0.000
Phase 2.4 Global Placement Core | Checksum: 139c150b9

Time (s): cpu = 00:00:06 ; elapsed = 00:00:03 . Memory (MB): peak = 1964.844 ; gain = 0.000
Phase 2 Global Placement | Checksum: 139c150b9

Time (s): cpu = 00:00:06 ; elapsed = 00:00:03 . Memory (MB): peak = 1964.844 ; gain = 0.000

Phase 3 Detail Placement

Phase 3.1 Commit Multi Column Macros
Phase 3.1 Commit Multi Column Macros | Checksum: 164c0c097

Time (s): cpu = 00:00:06 ; elapsed = 00:00:03 . Memory (MB): peak = 1964.844 ; gain = 0.000

Phase 3.2 Commit Most Macros & LUTRAMs
Phase 3.2 Commit Most Macros & LUTRAMs | Checksum: 16e66c905

Time (s): cpu = 00:00:06 ; elapsed = 00:00:04 . Memory (MB): peak = 1964.844 ; gain = 0.000

Phase 3.3 Area Swap Optimization
Phase 3.3 Area Swap Optimization | Checksum: 151c62411

Time (s): cpu = 00:00:06 ; elapsed = 00:00:04 . Memory (MB): peak = 1964.844 ; gain = 0.000

Phase 3.4 Pipeline Register Optimization
Phase 3.4 Pipeline Register Optimization | Checksum: 1c4c0c344

Time (s): cpu = 00:00:06 ; elapsed = 00:00:04 . Memory (MB): peak = 1964.844 ; gain = 0.000

Phase 3.5 Small Shape Detail Placement
Phase 3.5 Small Shape Detail Placement | Checksum: 127f1aa83

Time (s): cpu = 00:00:07 ; elapsed = 00:00:04 . Memory (MB): peak = 1964.844 ; gain = 0.000

Phase 3.6 Re-assign LUT pins
Phase 3.6 Re-assign LUT pins | Checksum: f16fc859

Time (s): cpu = 00:00:07 ; elapsed = 00:00:04 . Memory (MB): peak = 1964.844 ; gain = 0.000

Phase 3.7 Pipeline Register Optimization
Phase 3.7 Pipeline Register Optimization | Checksum: 160656daa

Time (s): cpu = 00:00:07 ; elapsed = 00:00:04 . Memory (MB): peak = 1964.844 ; gain = 0.000
Phase 3 Detail Placement | Checksum: 160656daa

Time (s): cpu = 00:00:07 ; elapsed = 00:00:04 . Memory (MB): peak = 1964.844 ; gain = 0.000

Phase 4 Post Placement Optimization and Clean-Up

Phase 4.1 Post Commit Optimization
INFO: [Timing 38-35] Done setting XDC timing constraints.

Phase 4.1.1 Post Placement Optimization
Post Placement Optimization Initialization | Checksum: 16254c334

Phase 4.1.1.1 BUFG Insertion

Starting Physical Synthesis Task

Phase 1 Physical Synthesis Initialization
INFO: [Physopt 32-721] Multithreading enabled for phys_opt_design using a maximum of 2 CPUs
INFO: [Physopt 32-619] Estimated Timing Summary | WNS=2.331 | TNS=0.000 |
Phase 1 Physical Synthesis Initialization | Checksum: 13f0cffce

Time (s): cpu = 00:00:01 ; elapsed = 00:00:00.063 . Memory (MB): peak = 1964.844 ; gain = 0.000
INFO: [Place 46-56] BUFG insertion identified 0 candidate nets. Inserted BUFG: 0, Replicated BUFG Driver: 0, Skipped due to Placement/Routing Conflicts: 0, Skipped due to Timing Degradation: 0, Skipped due to Illegal Netlist: 0.
Ending Physical Synthesis Task | Checksum: f5baac96

Time (s): cpu = 00:00:01 ; elapsed = 00:00:00.068 . Memory (MB): peak = 1964.844 ; gain = 0.000
Phase 4.1.1.1 BUFG Insertion | Checksum: 16254c334

Time (s): cpu = 00:00:08 ; elapsed = 00:00:05 . Memory (MB): peak = 1964.844 ; gain = 0.000

Phase 4.1.1.2 Post Placement Timing Optimization
INFO: [Place 30-746] Post Placement Timing Summary WNS=2.331. For the most accurate timing information please run report_timing.
Phase 4.1.1.2 Post Placement Timing Optimization | Checksum: 194b9ab5a

Time (s): cpu = 00:00:08 ; elapsed = 00:00:05 . Memory (MB): peak = 1964.844 ; gain = 0.000

Time (s): cpu = 00:00:08 ; elapsed = 00:00:05 . Memory (MB): peak = 1964.844 ; gain = 0.000
Phase 4.1 Post Commit Optimization | Checksum: 194b9ab5a

Time (s): cpu = 00:00:08 ; elapsed = 00:00:05 . Memory (MB): peak = 1964.844 ; gain = 0.000

Phase 4.2 Post Placement Cleanup
Phase 4.2 Post Placement Cleanup | Checksum: 194b9ab5a

Time (s): cpu = 00:00:08 ; elapsed = 00:00:05 . Memory (MB): peak = 1964.844 ; gain = 0.000

Phase 4.3 Placer Reporting

Phase 4.3.1 Print Estimated Congestion
INFO: [Place 30-612] Post-Placement Estimated Congestion 
 ____________________________________________________
|           | Global Congestion | Short Congestion  |
| Direction | Region Size       | Region Size       |
|___________|___________________|___________________|
|      North|                1x1|                1x1|
|___________|___________________|___________________|
|      South|                1x1|                1x1|
|___________|___________________|___________________|
|       East|                1x1|                1x1|
|___________|___________________|___________________|
|       West|                1x1|                1x1|
|___________|___________________|___________________|

Phase 4.3.1 Print Estimated Congestion | Checksum: 194b9ab5a

Time (s): cpu = 00:00:08 ; elapsed = 00:00:05 . Memory (MB): peak = 1964.844 ; gain = 0.000
Phase 4.3 Placer Reporting | Checksum: 194b9ab5a

Time (s): cpu = 00:00:08 ; elapsed = 00:00:05 . Memory (MB): peak = 1964.844 ; gain = 0.000

Phase 4.4 Final Placement Cleanup
Netlist sorting complete. Time (s): cpu = 00:00:00 ; elapsed = 00:00:00 . Memory (MB): peak = 1964.844 ; gain = 0.000

Time (s): cpu = 00:00:08 ; elapsed = 00:00:05 . Memory (MB): peak = 1964.844 ; gain = 0.000
Phase 4 Post Placement Optimization and Clean-Up | Checksum: 11a801728

Time (s): cpu = 00:00:08 ; elapsed = 00:00:05 . Memory (MB): peak = 1964.844 ; gain = 0.000
Ending Placer Task | Checksum: 70de5724

Time (s): cpu = 00:00:08 ; elapsed = 00:00:05 . Memory (MB): peak = 1964.844 ; gain = 0.000
INFO: [Common 17-83] Releasing license: Implementation
66 Infos, 0 Warnings, 0 Critical Warnings and 0 Errors encountered.
place_design completed successfully
place_design: Time (s): cpu = 00:00:09 ; elapsed = 00:00:06 . Memory (MB): peak = 1964.844 ; gain = 0.000
INFO: [Timing 38-480] Writing timing data to binary archive.
Writing placer database...
Writing XDEF routing.
Writing XDEF routing logical nets.
Writing XDEF routing special nets.
Write XDEF Complete: Time (s): cpu = 00:00:00 ; elapsed = 00:00:00.162 . Memory (MB): peak = 1964.844 ; gain = 0.000
INFO: [Common 17-1381] The checkpoint 'D:/Documents/GitHub/ECE4810J_FA2021/Lab3/pynq_hls_adder/pynq_hls_adder.runs/impl_1/pynq_hls_adder_wrapper_placed.dcp' has been generated.
INFO: [runtcl-4] Executing : report_io -file pynq_hls_adder_wrapper_io_placed.rpt
report_io: Time (s): cpu = 00:00:00 ; elapsed = 00:00:00.059 . Memory (MB): peak = 1964.844 ; gain = 0.000
INFO: [runtcl-4] Executing : report_utilization -file pynq_hls_adder_wrapper_utilization_placed.rpt -pb pynq_hls_adder_wrapper_utilization_placed.pb
INFO: [runtcl-4] Executing : report_control_sets -verbose -file pynq_hls_adder_wrapper_control_sets_placed.rpt
report_control_sets: Time (s): cpu = 00:00:00 ; elapsed = 00:00:00.007 . Memory (MB): peak = 1964.844 ; gain = 0.000
Command: phys_opt_design
Attempting to get a license for feature 'Implementation' and/or device 'xc7z020'
INFO: [Common 17-349] Got license for feature 'Implementation' and/or device 'xc7z020'
INFO: [Vivado_Tcl 4-383] Design worst setup slack (WNS) is greater than or equal to 0.000 ns. Skipping all physical synthesis optimizations.
INFO: [Vivado_Tcl 4-232] No setup violation found. The netlist was not modified.
INFO: [Common 17-83] Releasing license: Implementation
75 Infos, 0 Warnings, 0 Critical Warnings and 0 Errors encountered.
phys_opt_design completed successfully
INFO: [Timing 38-480] Writing timing data to binary archive.
Writing placer database...
Writing XDEF routing.
Writing XDEF routing logical nets.
Writing XDEF routing special nets.
Write XDEF Complete: Time (s): cpu = 00:00:01 ; elapsed = 00:00:00.142 . Memory (MB): peak = 1967.629 ; gain = 2.785
INFO: [Common 17-1381] The checkpoint 'D:/Documents/GitHub/ECE4810J_FA2021/Lab3/pynq_hls_adder/pynq_hls_adder.runs/impl_1/pynq_hls_adder_wrapper_physopt.dcp' has been generated.
Command: route_design
Attempting to get a license for feature 'Implementation' and/or device 'xc7z020'
INFO: [Common 17-349] Got license for feature 'Implementation' and/or device 'xc7z020'
Running DRC as a precondition to command route_design
INFO: [DRC 23-27] Running DRC with 2 threads
INFO: [Vivado_Tcl 4-198] DRC finished with 0 Errors
INFO: [Vivado_Tcl 4-199] Please refer to the DRC report (report_drc) for more information.


Starting Routing Task
INFO: [Route 35-254] Multithreading enabled for route_design using a maximum of 2 CPUs
Checksum: PlaceDB: 2dea84a6 ConstDB: 0 ShapeSum: 42f3d27e RouteDB: 0

Phase 1 Build RT Design
Phase 1 Build RT Design | Checksum: 1252f22ac

Time (s): cpu = 00:00:28 ; elapsed = 00:00:25 . Memory (MB): peak = 2064.703 ; gain = 87.992
Post Restoration Checksum: NetGraph: e2ff3241 NumContArr: 422ff06b Constraints: 0 Timing: 0

Phase 2 Router Initialization

Phase 2.1 Create Timer
Phase 2.1 Create Timer | Checksum: 1252f22ac

Time (s): cpu = 00:00:28 ; elapsed = 00:00:25 . Memory (MB): peak = 2064.703 ; gain = 87.992

Phase 2.2 Fix Topology Constraints
Phase 2.2 Fix Topology Constraints | Checksum: 1252f22ac

Time (s): cpu = 00:00:28 ; elapsed = 00:00:25 . Memory (MB): peak = 2071.266 ; gain = 94.555

Phase 2.3 Pre Route Cleanup
Phase 2.3 Pre Route Cleanup | Checksum: 1252f22ac

Time (s): cpu = 00:00:28 ; elapsed = 00:00:25 . Memory (MB): peak = 2071.266 ; gain = 94.555
 Number of Nodes with overlaps = 0

Phase 2.4 Update Timing
Phase 2.4 Update Timing | Checksum: 1fe6a026f

Time (s): cpu = 00:00:29 ; elapsed = 00:00:25 . Memory (MB): peak = 2097.676 ; gain = 120.965
INFO: [Route 35-416] Intermediate Timing Summary | WNS=2.507  | TNS=0.000  | WHS=-0.148 | THS=-16.381|

Phase 2 Router Initialization | Checksum: 25879a3ba

Time (s): cpu = 00:00:29 ; elapsed = 00:00:25 . Memory (MB): peak = 2097.676 ; gain = 120.965

Router Utilization Summary
  Global Vertical Routing Utilization    = 0 %
  Global Horizontal Routing Utilization  = 0 %
  Routable Net Status*
  *Does not include unroutable nets such as driverless and loadless.
  Run report_route_status for detailed report.
  Number of Failed Nets               = 1122
    (Failed Nets is the sum of unrouted and partially routed nets)
  Number of Unrouted Nets             = 1122
  Number of Partially Routed Nets     = 0
  Number of Node Overlaps             = 0


Phase 3 Initial Routing

Phase 3.1 Global Routing
Phase 3.1 Global Routing | Checksum: 25879a3ba

Time (s): cpu = 00:00:29 ; elapsed = 00:00:25 . Memory (MB): peak = 2097.676 ; gain = 120.965
Phase 3 Initial Routing | Checksum: 1fc1000c0

Time (s): cpu = 00:00:29 ; elapsed = 00:00:26 . Memory (MB): peak = 2097.676 ; gain = 120.965

Phase 4 Rip-up And Reroute

Phase 4.1 Global Iteration 0
 Number of Nodes with overlaps = 71
 Number of Nodes with overlaps = 0
INFO: [Route 35-416] Intermediate Timing Summary | WNS=2.822  | TNS=0.000  | WHS=N/A    | THS=N/A    |

Phase 4.1 Global Iteration 0 | Checksum: 241aba69c

Time (s): cpu = 00:00:30 ; elapsed = 00:00:26 . Memory (MB): peak = 2097.676 ; gain = 120.965

Phase 4.2 Global Iteration 1
 Number of Nodes with overlaps = 3
 Number of Nodes with overlaps = 0
INFO: [Route 35-416] Intermediate Timing Summary | WNS=2.822  | TNS=0.000  | WHS=N/A    | THS=N/A    |

Phase 4.2 Global Iteration 1 | Checksum: eedc65d8

Time (s): cpu = 00:00:30 ; elapsed = 00:00:26 . Memory (MB): peak = 2097.676 ; gain = 120.965
Phase 4 Rip-up And Reroute | Checksum: eedc65d8

Time (s): cpu = 00:00:30 ; elapsed = 00:00:26 . Memory (MB): peak = 2097.676 ; gain = 120.965

Phase 5 Delay and Skew Optimization

Phase 5.1 Delay CleanUp
Phase 5.1 Delay CleanUp | Checksum: eedc65d8

Time (s): cpu = 00:00:30 ; elapsed = 00:00:26 . Memory (MB): peak = 2097.676 ; gain = 120.965

Phase 5.2 Clock Skew Optimization
Phase 5.2 Clock Skew Optimization | Checksum: eedc65d8

Time (s): cpu = 00:00:30 ; elapsed = 00:00:26 . Memory (MB): peak = 2097.676 ; gain = 120.965
Phase 5 Delay and Skew Optimization | Checksum: eedc65d8

Time (s): cpu = 00:00:30 ; elapsed = 00:00:26 . Memory (MB): peak = 2097.676 ; gain = 120.965

Phase 6 Post Hold Fix

Phase 6.1 Hold Fix Iter

Phase 6.1.1 Update Timing
Phase 6.1.1 Update Timing | Checksum: 1129b3cd5

Time (s): cpu = 00:00:30 ; elapsed = 00:00:26 . Memory (MB): peak = 2097.676 ; gain = 120.965
INFO: [Route 35-416] Intermediate Timing Summary | WNS=2.836  | TNS=0.000  | WHS=0.089  | THS=0.000  |

Phase 6.1 Hold Fix Iter | Checksum: 1753cf05c

Time (s): cpu = 00:00:30 ; elapsed = 00:00:26 . Memory (MB): peak = 2097.676 ; gain = 120.965
Phase 6 Post Hold Fix | Checksum: 1753cf05c

Time (s): cpu = 00:00:30 ; elapsed = 00:00:26 . Memory (MB): peak = 2097.676 ; gain = 120.965

Phase 7 Route finalize

Router Utilization Summary
  Global Vertical Routing Utilization    = 0.127472 %
  Global Horizontal Routing Utilization  = 0.167765 %
  Routable Net Status*
  *Does not include unroutable nets such as driverless and loadless.
  Run report_route_status for detailed report.
  Number of Failed Nets               = 0
    (Failed Nets is the sum of unrouted and partially routed nets)
  Number of Unrouted Nets             = 0
  Number of Partially Routed Nets     = 0
  Number of Node Overlaps             = 0

Phase 7 Route finalize | Checksum: 1645ded15

Time (s): cpu = 00:00:30 ; elapsed = 00:00:26 . Memory (MB): peak = 2097.676 ; gain = 120.965

Phase 8 Verifying routed nets

 Verification completed successfully
Phase 8 Verifying routed nets | Checksum: 1645ded15

Time (s): cpu = 00:00:30 ; elapsed = 00:00:26 . Memory (MB): peak = 2097.676 ; gain = 120.965

Phase 9 Depositing Routes
Phase 9 Depositing Routes | Checksum: 1c8c39449

Time (s): cpu = 00:00:30 ; elapsed = 00:00:26 . Memory (MB): peak = 2097.676 ; gain = 120.965

Phase 10 Post Router Timing
INFO: [Route 35-57] Estimated Timing Summary | WNS=2.836  | TNS=0.000  | WHS=0.089  | THS=0.000  |

INFO: [Route 35-327] The final timing numbers are based on the router estimated timing analysis. For a complete and accurate timing signoff, please run report_timing_summary.
Phase 10 Post Router Timing | Checksum: 1c8c39449

Time (s): cpu = 00:00:30 ; elapsed = 00:00:26 . Memory (MB): peak = 2097.676 ; gain = 120.965
INFO: [Route 35-16] Router Completed Successfully

Time (s): cpu = 00:00:30 ; elapsed = 00:00:26 . Memory (MB): peak = 2097.676 ; gain = 120.965

Routing Is Done.
INFO: [Common 17-83] Releasing license: Implementation
90 Infos, 0 Warnings, 0 Critical Warnings and 0 Errors encountered.
route_design completed successfully
route_design: Time (s): cpu = 00:00:32 ; elapsed = 00:00:28 . Memory (MB): peak = 2097.676 ; gain = 130.047
INFO: [Timing 38-480] Writing timing data to binary archive.
Writing placer database...
Writing XDEF routing.
Writing XDEF routing logical nets.
Writing XDEF routing special nets.
Write XDEF Complete: Time (s): cpu = 00:00:01 ; elapsed = 00:00:00.179 . Memory (MB): peak = 2103.605 ; gain = 5.930
INFO: [Common 17-1381] The checkpoint 'D:/Documents/GitHub/ECE4810J_FA2021/Lab3/pynq_hls_adder/pynq_hls_adder.runs/impl_1/pynq_hls_adder_wrapper_routed.dcp' has been generated.
INFO: [runtcl-4] Executing : report_drc -file pynq_hls_adder_wrapper_drc_routed.rpt -pb pynq_hls_adder_wrapper_drc_routed.pb -rpx pynq_hls_adder_wrapper_drc_routed.rpx
Command: report_drc -file pynq_hls_adder_wrapper_drc_routed.rpt -pb pynq_hls_adder_wrapper_drc_routed.pb -rpx pynq_hls_adder_wrapper_drc_routed.rpx
INFO: [IP_Flow 19-1839] IP Catalog is up to date.
INFO: [DRC 23-27] Running DRC with 2 threads
INFO: [Vivado_Tcl 2-168] The results of DRC are in file D:/Documents/GitHub/ECE4810J_FA2021/Lab3/pynq_hls_adder/pynq_hls_adder.runs/impl_1/pynq_hls_adder_wrapper_drc_routed.rpt.
report_drc completed successfully
INFO: [runtcl-4] Executing : report_methodology -file pynq_hls_adder_wrapper_methodology_drc_routed.rpt -pb pynq_hls_adder_wrapper_methodology_drc_routed.pb -rpx pynq_hls_adder_wrapper_methodology_drc_routed.rpx
Command: report_methodology -file pynq_hls_adder_wrapper_methodology_drc_routed.rpt -pb pynq_hls_adder_wrapper_methodology_drc_routed.pb -rpx pynq_hls_adder_wrapper_methodology_drc_routed.rpx
INFO: [Timing 38-35] Done setting XDC timing constraints.
INFO: [DRC 23-133] Running Methodology with 2 threads
INFO: [Vivado_Tcl 2-1520] The results of Report Methodology are in file D:/Documents/GitHub/ECE4810J_FA2021/Lab3/pynq_hls_adder/pynq_hls_adder.runs/impl_1/pynq_hls_adder_wrapper_methodology_drc_routed.rpt.
report_methodology completed successfully
INFO: [runtcl-4] Executing : report_power -file pynq_hls_adder_wrapper_power_routed.rpt -pb pynq_hls_adder_wrapper_power_summary_routed.pb -rpx pynq_hls_adder_wrapper_power_routed.rpx
Command: report_power -file pynq_hls_adder_wrapper_power_routed.rpt -pb pynq_hls_adder_wrapper_power_summary_routed.pb -rpx pynq_hls_adder_wrapper_power_routed.rpx
INFO: [Timing 38-35] Done setting XDC timing constraints.
Running Vector-less Activity Propagation...

Finished Running Vector-less Activity Propagation
102 Infos, 0 Warnings, 0 Critical Warnings and 0 Errors encountered.
report_power completed successfully
INFO: [runtcl-4] Executing : report_route_status -file pynq_hls_adder_wrapper_route_status.rpt -pb pynq_hls_adder_wrapper_route_status.pb
INFO: [runtcl-4] Executing : report_timing_summary -max_paths 10 -file pynq_hls_adder_wrapper_timing_summary_routed.rpt -pb pynq_hls_adder_wrapper_timing_summary_routed.pb -rpx pynq_hls_adder_wrapper_timing_summary_routed.rpx -warn_on_violation 
INFO: [Timing 38-91] UpdateTimingParams: Speed grade: -1, Delay Type: min_max.
INFO: [Timing 38-191] Multithreading enabled for timing update using a maximum of 2 CPUs
INFO: [runtcl-4] Executing : report_incremental_reuse -file pynq_hls_adder_wrapper_incremental_reuse_routed.rpt
INFO: [Vivado_Tcl 4-1062] Incremental flow is disabled. No incremental reuse Info to report.
INFO: [runtcl-4] Executing : report_clock_utilization -file pynq_hls_adder_wrapper_clock_utilization_routed.rpt
INFO: [runtcl-4] Executing : report_bus_skew -warn_on_violation -file pynq_hls_adder_wrapper_bus_skew_routed.rpt -pb pynq_hls_adder_wrapper_bus_skew_routed.pb -rpx pynq_hls_adder_wrapper_bus_skew_routed.rpx
INFO: [Timing 38-91] UpdateTimingParams: Speed grade: -1, Delay Type: min_max.
INFO: [Timing 38-191] Multithreading enabled for timing update using a maximum of 2 CPUs
Command: write_bitstream -force pynq_hls_adder_wrapper.bit
Attempting to get a license for feature 'Implementation' and/or device 'xc7z020'
INFO: [Common 17-349] Got license for feature 'Implementation' and/or device 'xc7z020'
Running DRC as a precondition to command write_bitstream
INFO: [IP_Flow 19-1839] IP Catalog is up to date.
INFO: [DRC 23-27] Running DRC with 2 threads
INFO: [Vivado 12-3199] DRC finished with 0 Errors
INFO: [Vivado 12-3200] Please refer to the DRC report (report_drc) for more information.
INFO: [Designutils 20-2272] Running write_bitstream with 2 threads.
Loading data files...
Loading site data...
Loading route data...
Processing options...
Creating bitmap...
Creating bitstream...
Writing bitstream ./pynq_hls_adder_wrapper.bit...
INFO: [Vivado 12-1842] Bitgen Completed Successfully.
INFO: [#UNDEF] WebTalk data collection is mandatory when using a WebPACK part without a full Vivado license. To see the specific WebTalk data collected for your design, open the usage_statistics_webtalk.html or usage_statistics_webtalk.xml file in the implementation directory.
INFO: [Common 17-186] 'D:/Documents/GitHub/ECE4810J_FA2021/Lab3/pynq_hls_adder/pynq_hls_adder.runs/impl_1/usage_statistics_webtalk.xml' has been successfully sent to Xilinx on Sun Oct 24 12:50:41 2021. For additional details about this file, please refer to the WebTalk help file at F:/Xilinx/Vivado/2021.1/doc/webtalk_introduction.html.
INFO: [Common 17-83] Releasing license: Implementation
13 Infos, 0 Warnings, 0 Critical Warnings and 0 Errors encountered.
write_bitstream completed successfully
write_bitstream: Time (s): cpu = 00:00:14 ; elapsed = 00:00:18 . Memory (MB): peak = 2559.570 ; gain = 431.953
INFO: [Common 17-206] Exiting Vivado at Sun Oct 24 12:50:42 2021...
