Copyright 1986-2019 Xilinx, Inc. All Rights Reserved.
-----------------------------------------------------------------------------------------------------------------------------------------------------------
| Tool Version : Vivado v.2019.2 (win64) Build 2708876 Wed Nov  6 21:40:23 MST 2019
| Date         : Mon Dec  6 16:08:20 2021
| Host         : LAPTOP-GEBOS300 running 64-bit major release  (build 9200)
| Command      : report_methodology -file FIR_top_methodology_drc_routed.rpt -pb FIR_top_methodology_drc_routed.pb -rpx FIR_top_methodology_drc_routed.rpx
| Design       : FIR_top
| Device       : xc7z020clg400-1
| Speed File   : -1
| Design State : Fully Routed
-----------------------------------------------------------------------------------------------------------------------------------------------------------

Report Methodology

Table of Contents
-----------------
1. REPORT SUMMARY
2. REPORT DETAILS

1. REPORT SUMMARY
-----------------
            Netlist: netlist
          Floorplan: checkpoint_FIR_top
      Design limits: <entire design considered>
             Max violations: <unlimited>
             Violations found: 53
+---------+----------+------------------------------------------+------------+
| Rule    | Severity | Description                              | Violations |
+---------+----------+------------------------------------------+------------+
| SYNTH-9 | Warning  | Small multiplier                         | 36         |
| XDCH-2  | Warning  | Same min and max delay values on IO port | 17         |
+---------+----------+------------------------------------------+------------+

2. REPORT DETAILS
-----------------
SYNTH-9#1 Warning
Small multiplier  
Detected multiplier at multi1/multi_data_reg[10]_i_1 of size 8x3, it is implemented as LUTs due to its small size. To force the multiplier onto a DSP block, use the USE_DSP48 attribute.
Related violations: <none>

SYNTH-9#2 Warning
Small multiplier  
Detected multiplier at multi1/multi_data_reg[3]_i_1 of size 8x3, it is implemented as LUTs due to its small size. To force the multiplier onto a DSP block, use the USE_DSP48 attribute.
Related violations: <none>

SYNTH-9#3 Warning
Small multiplier  
Detected multiplier at multi1/multi_data_reg[7]_i_1 of size 8x3, it is implemented as LUTs due to its small size. To force the multiplier onto a DSP block, use the USE_DSP48 attribute.
Related violations: <none>

SYNTH-9#4 Warning
Small multiplier  
Detected multiplier at multi2/multi_data_reg[10]_i_1 of size 8x3, it is implemented as LUTs due to its small size. To force the multiplier onto a DSP block, use the USE_DSP48 attribute.
Related violations: <none>

SYNTH-9#5 Warning
Small multiplier  
Detected multiplier at multi2/multi_data_reg[4]_i_1 of size 8x3, it is implemented as LUTs due to its small size. To force the multiplier onto a DSP block, use the USE_DSP48 attribute.
Related violations: <none>

SYNTH-9#6 Warning
Small multiplier  
Detected multiplier at multi2/multi_data_reg[8]_i_1 of size 8x3, it is implemented as LUTs due to its small size. To force the multiplier onto a DSP block, use the USE_DSP48 attribute.
Related violations: <none>

SYNTH-9#7 Warning
Small multiplier  
Detected multiplier at multi4/multi_data_reg[13]_i_1 of size 8x8, it is implemented as LUTs due to its small size. To force the multiplier onto a DSP block, use the USE_DSP48 attribute.
Related violations: <none>

SYNTH-9#8 Warning
Small multiplier  
Detected multiplier at multi4/multi_data_reg[15]_i_1 of size 8x8, it is implemented as LUTs due to its small size. To force the multiplier onto a DSP block, use the USE_DSP48 attribute.
Related violations: <none>

SYNTH-9#9 Warning
Small multiplier  
Detected multiplier at multi4/multi_data_reg[15]_i_2 of size 8x8, it is implemented as LUTs due to its small size. To force the multiplier onto a DSP block, use the USE_DSP48 attribute.
Related violations: <none>

SYNTH-9#10 Warning
Small multiplier  
Detected multiplier at multi4/multi_data_reg[3]_i_1 of size 8x8, it is implemented as LUTs due to its small size. To force the multiplier onto a DSP block, use the USE_DSP48 attribute.
Related violations: <none>

SYNTH-9#11 Warning
Small multiplier  
Detected multiplier at multi4/multi_data_reg[5]_i_1 of size 8x8, it is implemented as LUTs due to its small size. To force the multiplier onto a DSP block, use the USE_DSP48 attribute.
Related violations: <none>

SYNTH-9#12 Warning
Small multiplier  
Detected multiplier at multi4/multi_data_reg[9]_i_1 of size 8x8, it is implemented as LUTs due to its small size. To force the multiplier onto a DSP block, use the USE_DSP48 attribute.
Related violations: <none>

SYNTH-9#13 Warning
Small multiplier  
Detected multiplier at multi5/multi_data_reg[11]_i_1 of size 8x8, it is implemented as LUTs due to its small size. To force the multiplier onto a DSP block, use the USE_DSP48 attribute.
Related violations: <none>

SYNTH-9#14 Warning
Small multiplier  
Detected multiplier at multi5/multi_data_reg[11]_i_10 of size 8x8, it is implemented as LUTs due to its small size. To force the multiplier onto a DSP block, use the USE_DSP48 attribute.
Related violations: <none>

SYNTH-9#15 Warning
Small multiplier  
Detected multiplier at multi5/multi_data_reg[15]_i_1 of size 8x8, it is implemented as LUTs due to its small size. To force the multiplier onto a DSP block, use the USE_DSP48 attribute.
Related violations: <none>

SYNTH-9#16 Warning
Small multiplier  
Detected multiplier at multi5/multi_data_reg[15]_i_10 of size 8x8, it is implemented as LUTs due to its small size. To force the multiplier onto a DSP block, use the USE_DSP48 attribute.
Related violations: <none>

SYNTH-9#17 Warning
Small multiplier  
Detected multiplier at multi5/multi_data_reg[15]_i_11 of size 8x8, it is implemented as LUTs due to its small size. To force the multiplier onto a DSP block, use the USE_DSP48 attribute.
Related violations: <none>

SYNTH-9#18 Warning
Small multiplier  
Detected multiplier at multi5/multi_data_reg[15]_i_9 of size 8x8, it is implemented as LUTs due to its small size. To force the multiplier onto a DSP block, use the USE_DSP48 attribute.
Related violations: <none>

SYNTH-9#19 Warning
Small multiplier  
Detected multiplier at multi5/multi_data_reg[3]_i_1 of size 8x8, it is implemented as LUTs due to its small size. To force the multiplier onto a DSP block, use the USE_DSP48 attribute.
Related violations: <none>

SYNTH-9#20 Warning
Small multiplier  
Detected multiplier at multi5/multi_data_reg[7]_i_1 of size 8x8, it is implemented as LUTs due to its small size. To force the multiplier onto a DSP block, use the USE_DSP48 attribute.
Related violations: <none>

SYNTH-9#21 Warning
Small multiplier  
Detected multiplier at multi5/multi_data_reg[7]_i_2 of size 8x8, it is implemented as LUTs due to its small size. To force the multiplier onto a DSP block, use the USE_DSP48 attribute.
Related violations: <none>

SYNTH-9#22 Warning
Small multiplier  
Detected multiplier at multi6/multi_data_reg[13]_i_1 of size 8x8, it is implemented as LUTs due to its small size. To force the multiplier onto a DSP block, use the USE_DSP48 attribute.
Related violations: <none>

SYNTH-9#23 Warning
Small multiplier  
Detected multiplier at multi6/multi_data_reg[15]_i_1 of size 8x8, it is implemented as LUTs due to its small size. To force the multiplier onto a DSP block, use the USE_DSP48 attribute.
Related violations: <none>

SYNTH-9#24 Warning
Small multiplier  
Detected multiplier at multi6/multi_data_reg[15]_i_2 of size 8x8, it is implemented as LUTs due to its small size. To force the multiplier onto a DSP block, use the USE_DSP48 attribute.
Related violations: <none>

SYNTH-9#25 Warning
Small multiplier  
Detected multiplier at multi6/multi_data_reg[3]_i_1 of size 8x8, it is implemented as LUTs due to its small size. To force the multiplier onto a DSP block, use the USE_DSP48 attribute.
Related violations: <none>

SYNTH-9#26 Warning
Small multiplier  
Detected multiplier at multi6/multi_data_reg[5]_i_1 of size 8x8, it is implemented as LUTs due to its small size. To force the multiplier onto a DSP block, use the USE_DSP48 attribute.
Related violations: <none>

SYNTH-9#27 Warning
Small multiplier  
Detected multiplier at multi6/multi_data_reg[9]_i_1 of size 8x8, it is implemented as LUTs due to its small size. To force the multiplier onto a DSP block, use the USE_DSP48 attribute.
Related violations: <none>

SYNTH-9#28 Warning
Small multiplier  
Detected multiplier at multi7/multi_data_reg[11]_i_1 of size 8x6, it is implemented as LUTs due to its small size. To force the multiplier onto a DSP block, use the USE_DSP48 attribute.
Related violations: <none>

SYNTH-9#29 Warning
Small multiplier  
Detected multiplier at multi7/multi_data_reg[11]_i_10 of size 8x6, it is implemented as LUTs due to its small size. To force the multiplier onto a DSP block, use the USE_DSP48 attribute.
Related violations: <none>

SYNTH-9#30 Warning
Small multiplier  
Detected multiplier at multi7/multi_data_reg[13]_i_1 of size 8x6, it is implemented as LUTs due to its small size. To force the multiplier onto a DSP block, use the USE_DSP48 attribute.
Related violations: <none>

SYNTH-9#31 Warning
Small multiplier  
Detected multiplier at multi7/multi_data_reg[13]_i_5 of size 8x6, it is implemented as LUTs due to its small size. To force the multiplier onto a DSP block, use the USE_DSP48 attribute.
Related violations: <none>

SYNTH-9#32 Warning
Small multiplier  
Detected multiplier at multi7/multi_data_reg[3]_i_1 of size 8x6, it is implemented as LUTs due to its small size. To force the multiplier onto a DSP block, use the USE_DSP48 attribute.
Related violations: <none>

SYNTH-9#33 Warning
Small multiplier  
Detected multiplier at multi7/multi_data_reg[7]_i_1 of size 8x6, it is implemented as LUTs due to its small size. To force the multiplier onto a DSP block, use the USE_DSP48 attribute.
Related violations: <none>

SYNTH-9#34 Warning
Small multiplier  
Detected multiplier at multi8/multi_data_reg[10]_i_1 of size 8x3, it is implemented as LUTs due to its small size. To force the multiplier onto a DSP block, use the USE_DSP48 attribute.
Related violations: <none>

SYNTH-9#35 Warning
Small multiplier  
Detected multiplier at multi8/multi_data_reg[4]_i_1 of size 8x3, it is implemented as LUTs due to its small size. To force the multiplier onto a DSP block, use the USE_DSP48 attribute.
Related violations: <none>

SYNTH-9#36 Warning
Small multiplier  
Detected multiplier at multi8/multi_data_reg[8]_i_1 of size 8x3, it is implemented as LUTs due to its small size. To force the multiplier onto a DSP block, use the USE_DSP48 attribute.
Related violations: <none>

XDCH-2#1 Warning
Same min and max delay values on IO port  
The same output delay of -2.200 ns has been defined on port 'FIR_OUT[0]' relative to clock clk for both max and min. Make sure this reflects the design intent.
set_output_delay -clock [get_clocks clk] -max -add_delay -2.200 [get_ports {FIR_OUT[*]}]
C:/Vivado_project/ECE481/Project/FIR_8order_8bit/FIR_8order_8bit.srcs/constrs_1/new/constraints.xdc (Line: 7)
Related violations: <none>

XDCH-2#2 Warning
Same min and max delay values on IO port  
The same output delay of -2.200 ns has been defined on port 'FIR_OUT[10]' relative to clock clk for both max and min. Make sure this reflects the design intent.
set_output_delay -clock [get_clocks clk] -max -add_delay -2.200 [get_ports {FIR_OUT[*]}]
C:/Vivado_project/ECE481/Project/FIR_8order_8bit/FIR_8order_8bit.srcs/constrs_1/new/constraints.xdc (Line: 7)
Related violations: <none>

XDCH-2#3 Warning
Same min and max delay values on IO port  
The same output delay of -2.200 ns has been defined on port 'FIR_OUT[11]' relative to clock clk for both max and min. Make sure this reflects the design intent.
set_output_delay -clock [get_clocks clk] -max -add_delay -2.200 [get_ports {FIR_OUT[*]}]
C:/Vivado_project/ECE481/Project/FIR_8order_8bit/FIR_8order_8bit.srcs/constrs_1/new/constraints.xdc (Line: 7)
Related violations: <none>

XDCH-2#4 Warning
Same min and max delay values on IO port  
The same output delay of -2.200 ns has been defined on port 'FIR_OUT[12]' relative to clock clk for both max and min. Make sure this reflects the design intent.
set_output_delay -clock [get_clocks clk] -max -add_delay -2.200 [get_ports {FIR_OUT[*]}]
C:/Vivado_project/ECE481/Project/FIR_8order_8bit/FIR_8order_8bit.srcs/constrs_1/new/constraints.xdc (Line: 7)
Related violations: <none>

XDCH-2#5 Warning
Same min and max delay values on IO port  
The same output delay of -2.200 ns has been defined on port 'FIR_OUT[13]' relative to clock clk for both max and min. Make sure this reflects the design intent.
set_output_delay -clock [get_clocks clk] -max -add_delay -2.200 [get_ports {FIR_OUT[*]}]
C:/Vivado_project/ECE481/Project/FIR_8order_8bit/FIR_8order_8bit.srcs/constrs_1/new/constraints.xdc (Line: 7)
Related violations: <none>

XDCH-2#6 Warning
Same min and max delay values on IO port  
The same output delay of -2.200 ns has been defined on port 'FIR_OUT[14]' relative to clock clk for both max and min. Make sure this reflects the design intent.
set_output_delay -clock [get_clocks clk] -max -add_delay -2.200 [get_ports {FIR_OUT[*]}]
C:/Vivado_project/ECE481/Project/FIR_8order_8bit/FIR_8order_8bit.srcs/constrs_1/new/constraints.xdc (Line: 7)
Related violations: <none>

XDCH-2#7 Warning
Same min and max delay values on IO port  
The same output delay of -2.200 ns has been defined on port 'FIR_OUT[15]' relative to clock clk for both max and min. Make sure this reflects the design intent.
set_output_delay -clock [get_clocks clk] -max -add_delay -2.200 [get_ports {FIR_OUT[*]}]
C:/Vivado_project/ECE481/Project/FIR_8order_8bit/FIR_8order_8bit.srcs/constrs_1/new/constraints.xdc (Line: 7)
Related violations: <none>

XDCH-2#8 Warning
Same min and max delay values on IO port  
The same output delay of -2.200 ns has been defined on port 'FIR_OUT[16]' relative to clock clk for both max and min. Make sure this reflects the design intent.
set_output_delay -clock [get_clocks clk] -max -add_delay -2.200 [get_ports {FIR_OUT[*]}]
C:/Vivado_project/ECE481/Project/FIR_8order_8bit/FIR_8order_8bit.srcs/constrs_1/new/constraints.xdc (Line: 7)
Related violations: <none>

XDCH-2#9 Warning
Same min and max delay values on IO port  
The same output delay of -2.200 ns has been defined on port 'FIR_OUT[1]' relative to clock clk for both max and min. Make sure this reflects the design intent.
set_output_delay -clock [get_clocks clk] -max -add_delay -2.200 [get_ports {FIR_OUT[*]}]
C:/Vivado_project/ECE481/Project/FIR_8order_8bit/FIR_8order_8bit.srcs/constrs_1/new/constraints.xdc (Line: 7)
Related violations: <none>

XDCH-2#10 Warning
Same min and max delay values on IO port  
The same output delay of -2.200 ns has been defined on port 'FIR_OUT[2]' relative to clock clk for both max and min. Make sure this reflects the design intent.
set_output_delay -clock [get_clocks clk] -max -add_delay -2.200 [get_ports {FIR_OUT[*]}]
C:/Vivado_project/ECE481/Project/FIR_8order_8bit/FIR_8order_8bit.srcs/constrs_1/new/constraints.xdc (Line: 7)
Related violations: <none>

XDCH-2#11 Warning
Same min and max delay values on IO port  
The same output delay of -2.200 ns has been defined on port 'FIR_OUT[3]' relative to clock clk for both max and min. Make sure this reflects the design intent.
set_output_delay -clock [get_clocks clk] -max -add_delay -2.200 [get_ports {FIR_OUT[*]}]
C:/Vivado_project/ECE481/Project/FIR_8order_8bit/FIR_8order_8bit.srcs/constrs_1/new/constraints.xdc (Line: 7)
Related violations: <none>

XDCH-2#12 Warning
Same min and max delay values on IO port  
The same output delay of -2.200 ns has been defined on port 'FIR_OUT[4]' relative to clock clk for both max and min. Make sure this reflects the design intent.
set_output_delay -clock [get_clocks clk] -max -add_delay -2.200 [get_ports {FIR_OUT[*]}]
C:/Vivado_project/ECE481/Project/FIR_8order_8bit/FIR_8order_8bit.srcs/constrs_1/new/constraints.xdc (Line: 7)
Related violations: <none>

XDCH-2#13 Warning
Same min and max delay values on IO port  
The same output delay of -2.200 ns has been defined on port 'FIR_OUT[5]' relative to clock clk for both max and min. Make sure this reflects the design intent.
set_output_delay -clock [get_clocks clk] -max -add_delay -2.200 [get_ports {FIR_OUT[*]}]
C:/Vivado_project/ECE481/Project/FIR_8order_8bit/FIR_8order_8bit.srcs/constrs_1/new/constraints.xdc (Line: 7)
Related violations: <none>

XDCH-2#14 Warning
Same min and max delay values on IO port  
The same output delay of -2.200 ns has been defined on port 'FIR_OUT[6]' relative to clock clk for both max and min. Make sure this reflects the design intent.
set_output_delay -clock [get_clocks clk] -max -add_delay -2.200 [get_ports {FIR_OUT[*]}]
C:/Vivado_project/ECE481/Project/FIR_8order_8bit/FIR_8order_8bit.srcs/constrs_1/new/constraints.xdc (Line: 7)
Related violations: <none>

XDCH-2#15 Warning
Same min and max delay values on IO port  
The same output delay of -2.200 ns has been defined on port 'FIR_OUT[7]' relative to clock clk for both max and min. Make sure this reflects the design intent.
set_output_delay -clock [get_clocks clk] -max -add_delay -2.200 [get_ports {FIR_OUT[*]}]
C:/Vivado_project/ECE481/Project/FIR_8order_8bit/FIR_8order_8bit.srcs/constrs_1/new/constraints.xdc (Line: 7)
Related violations: <none>

XDCH-2#16 Warning
Same min and max delay values on IO port  
The same output delay of -2.200 ns has been defined on port 'FIR_OUT[8]' relative to clock clk for both max and min. Make sure this reflects the design intent.
set_output_delay -clock [get_clocks clk] -max -add_delay -2.200 [get_ports {FIR_OUT[*]}]
C:/Vivado_project/ECE481/Project/FIR_8order_8bit/FIR_8order_8bit.srcs/constrs_1/new/constraints.xdc (Line: 7)
Related violations: <none>

XDCH-2#17 Warning
Same min and max delay values on IO port  
The same output delay of -2.200 ns has been defined on port 'FIR_OUT[9]' relative to clock clk for both max and min. Make sure this reflects the design intent.
set_output_delay -clock [get_clocks clk] -max -add_delay -2.200 [get_ports {FIR_OUT[*]}]
C:/Vivado_project/ECE481/Project/FIR_8order_8bit/FIR_8order_8bit.srcs/constrs_1/new/constraints.xdc (Line: 7)
Related violations: <none>


