

================================================================
== Vitis HLS Report for 'rgb2yuv_1'
================================================================
* Date:           Mon Nov  1 17:43:37 2021

* Version:        2021.1.1 (Build 3286242 on Wed Jul 28 13:10:47 MDT 2021)
* Project:        yuv_filter.prj
* Solution:       solution2 (Vivado IP Flow Target)
* Product family: zynq
* Target device:  xc7z020-clg400-1


================================================================
== Performance Estimates
================================================================
+ Timing: 
    * Summary: 
    +--------+----------+----------+------------+
    |  Clock |  Target  | Estimated| Uncertainty|
    +--------+----------+----------+------------+
    |ap_clk  |  10.00 ns|  6.960 ns|     2.70 ns|
    +--------+----------+----------+------------+

+ Latency: 
    * Summary: 
    +---------+---------+----------+-----------+-------+---------+---------+
    |  Latency (cycles) |  Latency (absolute)  |     Interval    | Pipeline|
    |   min   |   max   |    min   |    max    |  min  |   max   |   Type  |
    +---------+---------+----------+-----------+-------+---------+---------+
    |    40011|  2457611|  0.400 ms|  24.576 ms|  40011|  2457611|       no|
    +---------+---------+----------+-----------+-------+---------+---------+

    + Detail: 
        * Instance: 
        N/A

        * Loop: 
        +---------------------------------+---------+---------+----------+-----------+-----------+-----------------+----------+
        |                                 |  Latency (cycles) | Iteration|  Initiation Interval  |       Trip      |          |
        |            Loop Name            |   min   |   max   |  Latency |  achieved |   target  |      Count      | Pipelined|
        +---------------------------------+---------+---------+----------+-----------+-----------+-----------------+----------+
        |- RGB2YUV_LOOP_X_RGB2YUV_LOOP_Y  |    40006|  2457606|         8|          1|          1|  40000 ~ 2457600|       yes|
        +---------------------------------+---------+---------+----------+-----------+-----------+-----------------+----------+



================================================================
== Utilization Estimates
================================================================
* Summary: 
+-----------------+---------+-----+--------+-------+-----+
|       Name      | BRAM_18K| DSP |   FF   |  LUT  | URAM|
+-----------------+---------+-----+--------+-------+-----+
|DSP              |        -|    4|       -|      -|    -|
|Expression       |        -|    -|       0|    394|    -|
|FIFO             |        -|    -|       -|      -|    -|
|Instance         |        -|    0|       0|     82|    -|
|Memory           |        -|    -|       -|      -|    -|
|Multiplexer      |        -|    -|       -|     82|    -|
|Register         |        -|    -|     388|     64|    -|
+-----------------+---------+-----+--------+-------+-----+
|Total            |        0|    4|     388|    622|    0|
+-----------------+---------+-----+--------+-------+-----+
|Available        |      280|  220|  106400|  53200|    0|
+-----------------+---------+-----+--------+-------+-----+
|Utilization (%)  |        0|    1|      ~0|      1|    0|
+-----------------+---------+-----+--------+-------+-----+

+ Detail: 
    * Instance: 
    +----------------------+-------------------+---------+----+---+----+-----+
    |       Instance       |       Module      | BRAM_18K| DSP| FF| LUT| URAM|
    +----------------------+-------------------+---------+----+---+----+-----+
    |mul_8ns_8s_16_1_1_U1  |mul_8ns_8s_16_1_1  |        0|   0|  0|  41|    0|
    |mul_8ns_8s_16_1_1_U2  |mul_8ns_8s_16_1_1  |        0|   0|  0|  41|    0|
    +----------------------+-------------------+---------+----+---+----+-----+
    |Total                 |                   |        0|   0|  0|  82|    0|
    +----------------------+-------------------+---------+----+---+----+-----+

    * DSP: 
    +-----------------------------------+--------------------------------+--------------+
    |              Instance             |             Module             |  Expression  |
    +-----------------------------------+--------------------------------+--------------+
    |mac_muladd_8ns_5ns_9ns_13_4_1_U4   |mac_muladd_8ns_5ns_9ns_13_4_1   |  i0 + i1 * i2|
    |mac_muladd_8ns_7ns_16ns_16_4_1_U6  |mac_muladd_8ns_7ns_16ns_16_4_1  |  i0 * i1 + i2|
    |mac_muladd_8ns_7s_16s_16_4_1_U5    |mac_muladd_8ns_7s_16s_16_4_1    |  i0 * i1 + i2|
    |mul_mul_16ns_16ns_32_4_1_U3        |mul_mul_16ns_16ns_32_4_1        |       i0 * i1|
    +-----------------------------------+--------------------------------+--------------+

    * Memory: 
    N/A

    * FIFO: 
    N/A

    * Expression: 
    +-------------------------+----------+----+---+----+------------+------------+
    |      Variable Name      | Operation| DSP| FF| LUT| Bitwidth P0| Bitwidth P1|
    +-------------------------+----------+----+---+----+------------+------------+
    |add_ln49_fu_239_p2       |         +|   0|  0|  39|          32|           1|
    |add_ln54_1_fu_326_p2     |         +|   0|  0|  14|          22|          22|
    |add_ln54_fu_317_p2       |         +|   0|  0|  14|          22|          22|
    |add_ln57_1_fu_482_p2     |         +|   0|  0|  14|          16|          16|
    |add_ln57_2_fu_491_p2     |         +|   0|  0|  14|          16|          16|
    |add_ln57_3_fu_356_p2     |         +|   0|  0|  14|           9|           8|
    |add_ln57_fu_476_p2       |         +|   0|  0|  23|          16|          16|
    |add_ln58_1_fu_507_p2     |         +|   0|  0|  14|          16|           8|
    |add_ln58_2_fu_512_p2     |         +|   0|  0|  14|          16|          16|
    |add_ln59_1_fu_437_p2     |         +|   0|  0|  14|          14|           8|
    |add_ln59_2_fu_530_p2     |         +|   0|  0|  23|          16|          16|
    |out_channels_ch1_d0      |         +|   0|  0|  15|           8|           5|
    |x_5_fu_280_p2            |         +|   0|  0|  23|          16|           1|
    |y_fu_261_p2              |         +|   0|  0|  23|          16|           1|
    |sub_ln58_fu_398_p2       |         -|   0|  0|  23|          16|          16|
    |sub_ln59_1_fu_431_p2     |         -|   0|  0|  14|          14|          14|
    |sub_ln59_fu_410_p2       |         -|   0|  0|  14|           1|          13|
    |icmp_ln49_fu_234_p2      |      icmp|   0|  0|  18|          32|          32|
    |icmp_ln52_fu_248_p2      |      icmp|   0|  0|  13|          16|          16|
    |select_ln34_1_fu_286_p3  |    select|   0|  0|  16|           1|          16|
    |select_ln34_fu_253_p3    |    select|   0|  0|  16|           1|           1|
    |ap_enable_pp0            |       xor|   0|  0|   2|           1|           2|
    |ap_enable_reg_pp0_iter1  |       xor|   0|  0|   2|           2|           1|
    |out_channels_ch2_d0      |       xor|   0|  0|   9|           8|           9|
    |out_channels_ch3_d0      |       xor|   0|  0|   9|           8|           9|
    +-------------------------+----------+----+---+----+------------+------------+
    |Total                    |          |   0|  0| 394|         335|         285|
    +-------------------------+----------+----+---+----+------------+------------+

    * Multiplexer: 
    +-------------------------+----+-----------+-----+-----------+
    |           Name          | LUT| Input Size| Bits| Total Bits|
    +-------------------------+----+-----------+-----+-----------+
    |ap_NS_fsm                |  37|          7|    1|          7|
    |ap_enable_reg_pp0_iter1  |   9|          2|    1|          2|
    |ap_enable_reg_pp0_iter7  |   9|          2|    1|          2|
    |indvar_flatten_fu_114    |   9|          2|   32|         64|
    |x_fu_110                 |   9|          2|   16|         32|
    |y_02_fu_106              |   9|          2|   16|         32|
    +-------------------------+----+-----------+-----+-----------+
    |Total                    |  82|         17|   67|        139|
    +-------------------------+----+-----------+-----+-----------+

    * Register: 
    +-------------------------+----+----+-----+-----------+
    |           Name          | FF | LUT| Bits| Const Bits|
    +-------------------------+----+----+-----+-----------+
    |B_reg_700                |   8|   0|    8|          0|
    |B_reg_700_pp0_iter4_reg  |   8|   0|    8|          0|
    |G_reg_718                |   8|   0|    8|          0|
    |G_reg_718_pp0_iter5_reg  |   8|   0|    8|          0|
    |R_reg_694                |   8|   0|    8|          0|
    |add_ln54_1_reg_666       |  22|   0|   22|          0|
    |add_ln59_1_reg_745       |  13|   0|   14|          1|
    |ap_CS_fsm                |   6|   0|    6|          0|
    |ap_enable_reg_pp0_iter0  |   1|   0|    1|          0|
    |ap_enable_reg_pp0_iter1  |   1|   0|    1|          0|
    |ap_enable_reg_pp0_iter2  |   1|   0|    1|          0|
    |ap_enable_reg_pp0_iter3  |   1|   0|    1|          0|
    |ap_enable_reg_pp0_iter4  |   1|   0|    1|          0|
    |ap_enable_reg_pp0_iter5  |   1|   0|    1|          0|
    |ap_enable_reg_pp0_iter6  |   1|   0|    1|          0|
    |ap_enable_reg_pp0_iter7  |   1|   0|    1|          0|
    |bound_reg_648            |  32|   0|   32|          0|
    |icmp_ln52_reg_656        |   1|   0|    1|          0|
    |indvar_flatten_fu_114    |  32|   0|   32|          0|
    |select_ln34_reg_661      |  16|   0|   16|          0|
    |sub_ln58_reg_735         |  12|   0|   16|          4|
    |trunc_ln5_reg_755        |   8|   0|    8|          0|
    |trunc_ln6_reg_760        |   8|   0|    8|          0|
    |trunc_ln_reg_750         |   8|   0|    8|          0|
    |x_fu_110                 |  16|   0|   16|          0|
    |y_02_fu_106              |  16|   0|   16|          0|
    |zext_ln54_1_reg_671      |  22|   0|   64|         42|
    |R_reg_694                |  64|  32|    8|          0|
    |zext_ln54_1_reg_671      |  64|  32|   64|         42|
    +-------------------------+----+----+-----+-----------+
    |Total                    | 388|  64|  379|         89|
    +-------------------------+----+----+-----+-----------+



================================================================
== Interface
================================================================
* Summary: 
+---------------------------+-----+-----+------------+------------------+--------------+
|         RTL Ports         | Dir | Bits|  Protocol  |   Source Object  |    C Type    |
+---------------------------+-----+-----+------------+------------------+--------------+
|ap_clk                     |   in|    1|  ap_ctrl_hs|         rgb2yuv.1|  return value|
|ap_rst                     |   in|    1|  ap_ctrl_hs|         rgb2yuv.1|  return value|
|ap_start                   |   in|    1|  ap_ctrl_hs|         rgb2yuv.1|  return value|
|ap_done                    |  out|    1|  ap_ctrl_hs|         rgb2yuv.1|  return value|
|ap_idle                    |  out|    1|  ap_ctrl_hs|         rgb2yuv.1|  return value|
|ap_ready                   |  out|    1|  ap_ctrl_hs|         rgb2yuv.1|  return value|
|ap_return_0                |  out|   16|  ap_ctrl_hs|         rgb2yuv.1|  return value|
|ap_return_1                |  out|   16|  ap_ctrl_hs|         rgb2yuv.1|  return value|
|in_channels_ch1_address0   |  out|   22|   ap_memory|   in_channels_ch1|         array|
|in_channels_ch1_ce0        |  out|    1|   ap_memory|   in_channels_ch1|         array|
|in_channels_ch1_q0         |   in|    8|   ap_memory|   in_channels_ch1|         array|
|in_channels_ch2_address0   |  out|   22|   ap_memory|   in_channels_ch2|         array|
|in_channels_ch2_ce0        |  out|    1|   ap_memory|   in_channels_ch2|         array|
|in_channels_ch2_q0         |   in|    8|   ap_memory|   in_channels_ch2|         array|
|in_channels_ch3_address0   |  out|   22|   ap_memory|   in_channels_ch3|         array|
|in_channels_ch3_ce0        |  out|    1|   ap_memory|   in_channels_ch3|         array|
|in_channels_ch3_q0         |   in|    8|   ap_memory|   in_channels_ch3|         array|
|p_read                     |   in|   16|     ap_none|            p_read|        scalar|
|p_read1                    |   in|   16|     ap_none|           p_read1|        scalar|
|out_channels_ch1_address0  |  out|   22|   ap_memory|  out_channels_ch1|         array|
|out_channels_ch1_ce0       |  out|    1|   ap_memory|  out_channels_ch1|         array|
|out_channels_ch1_we0       |  out|    1|   ap_memory|  out_channels_ch1|         array|
|out_channels_ch1_d0        |  out|    8|   ap_memory|  out_channels_ch1|         array|
|out_channels_ch2_address0  |  out|   22|   ap_memory|  out_channels_ch2|         array|
|out_channels_ch2_ce0       |  out|    1|   ap_memory|  out_channels_ch2|         array|
|out_channels_ch2_we0       |  out|    1|   ap_memory|  out_channels_ch2|         array|
|out_channels_ch2_d0        |  out|    8|   ap_memory|  out_channels_ch2|         array|
|out_channels_ch3_address0  |  out|   22|   ap_memory|  out_channels_ch3|         array|
|out_channels_ch3_ce0       |  out|    1|   ap_memory|  out_channels_ch3|         array|
|out_channels_ch3_we0       |  out|    1|   ap_memory|  out_channels_ch3|         array|
|out_channels_ch3_d0        |  out|    8|   ap_memory|  out_channels_ch3|         array|
+---------------------------+-----+-----+------------+------------------+--------------+

