

================================================================
== Vitis HLS Report for 'yuv_filter'
================================================================
* Date:           Mon Nov  1 17:43:39 2021

* Version:        2021.1.1 (Build 3286242 on Wed Jul 28 13:10:47 MDT 2021)
* Project:        yuv_filter.prj
* Solution:       solution2 (Vivado IP Flow Target)
* Product family: zynq
* Target device:  xc7z020-clg400-1


================================================================
== Performance Estimates
================================================================
+ Timing: 
    * Summary: 
    +--------+----------+----------+------------+
    |  Clock |  Target  | Estimated| Uncertainty|
    +--------+----------+----------+------------+
    |ap_clk  |  10.00 ns|  6.960 ns|     2.70 ns|
    +--------+----------+----------+------------+

+ Latency: 
    * Summary: 
    +---------+---------+----------+-----------+--------+---------+---------+
    |  Latency (cycles) |  Latency (absolute)  |     Interval     | Pipeline|
    |   min   |   max   |    min   |    max    |   min  |   max   |   Type  |
    +---------+---------+----------+-----------+--------+---------+---------+
    |   120038|  7372838|  1.200 ms|  73.728 ms|  120039|  7372839|       no|
    +---------+---------+----------+-----------+--------+---------+---------+

    + Detail: 
        * Instance: 
        +----------------------+-----------+---------+---------+----------+-----------+-------+---------+---------+
        |                      |           |  Latency (cycles) |  Latency (absolute)  |     Interval    | Pipeline|
        |       Instance       |   Module  |   min   |   max   |    min   |    max    |  min  |   max   |   Type  |
        +----------------------+-----------+---------+---------+----------+-----------+-------+---------+---------+
        |grp_rgb2yuv_1_fu_126  |rgb2yuv_1  |    40011|  2457611|  0.400 ms|  24.576 ms|  40011|  2457611|       no|
        |grp_yuv_scale_fu_146  |yuv_scale  |    40009|  2457609|  0.400 ms|  24.576 ms|  40009|  2457609|       no|
        |grp_yuv2rgb_1_fu_164  |yuv2rgb_1  |    40013|  2457613|  0.400 ms|  24.576 ms|  40013|  2457613|       no|
        +----------------------+-----------+---------+---------+----------+-----------+-------+---------+---------+

        * Loop: 
        N/A



================================================================
== Utilization Estimates
================================================================
* Summary: 
+-----------------+---------+-----+--------+-------+-----+
|       Name      | BRAM_18K| DSP |   FF   |  LUT  | URAM|
+-----------------+---------+-----+--------+-------+-----+
|DSP              |        -|    -|       -|      -|    -|
|Expression       |        -|    -|       -|      -|    -|
|FIFO             |        -|    -|       -|      -|    -|
|Instance         |        -|   10|     976|   1508|    -|
|Memory           |    12288|    -|       0|      0|    0|
|Multiplexer      |        -|    -|       -|    259|    -|
|Register         |        -|    -|      73|      -|    -|
+-----------------+---------+-----+--------+-------+-----+
|Total            |    12288|   10|    1049|   1767|    0|
+-----------------+---------+-----+--------+-------+-----+
|Available        |      280|  220|  106400|  53200|    0|
+-----------------+---------+-----+--------+-------+-----+
|Utilization (%)  |     4388|    4|      ~0|      3|    0|
+-----------------+---------+-----+--------+-------+-----+

+ Detail: 
    * Instance: 
    +----------------------+-----------+---------+----+-----+-----+-----+
    |       Instance       |   Module  | BRAM_18K| DSP|  FF | LUT | URAM|
    +----------------------+-----------+---------+----+-----+-----+-----+
    |grp_rgb2yuv_1_fu_126  |rgb2yuv_1  |        0|   4|  388|  622|    0|
    |grp_yuv2rgb_1_fu_164  |yuv2rgb_1  |        0|   5|  283|  453|    0|
    |grp_yuv_scale_fu_146  |yuv_scale  |        0|   1|  305|  433|    0|
    +----------------------+-----------+---------+----+-----+-----+-----+
    |Total                 |           |        0|  10|  976| 1508|    0|
    +----------------------+-----------+---------+----+-----+-----+-----+

    * DSP: 
    N/A

    * Memory: 
    +------------------------+--------------------+---------+---+----+-----+---------+-----+------+-------------+
    |         Memory         |       Module       | BRAM_18K| FF| LUT| URAM|  Words  | Bits| Banks| W*Bits*Banks|
    +------------------------+--------------------+---------+---+----+-----+---------+-----+------+-------------+
    |p_yuv_channels_ch1_U    |p_yuv_channels_ch1  |     2048|  0|   0|    0|  2457600|    8|     1|     19660800|
    |p_yuv_channels_ch2_U    |p_yuv_channels_ch1  |     2048|  0|   0|    0|  2457600|    8|     1|     19660800|
    |p_yuv_channels_ch3_U    |p_yuv_channels_ch1  |     2048|  0|   0|    0|  2457600|    8|     1|     19660800|
    |p_scale_channels_ch1_U  |p_yuv_channels_ch1  |     2048|  0|   0|    0|  2457600|    8|     1|     19660800|
    |p_scale_channels_ch2_U  |p_yuv_channels_ch1  |     2048|  0|   0|    0|  2457600|    8|     1|     19660800|
    |p_scale_channels_ch3_U  |p_yuv_channels_ch1  |     2048|  0|   0|    0|  2457600|    8|     1|     19660800|
    +------------------------+--------------------+---------+---+----+-----+---------+-----+------+-------------+
    |Total                   |                    |    12288|  0|   0|    0| 14745600|   48|     6|    117964800|
    +------------------------+--------------------+---------+---+----+-----+---------+-----+------+-------------+

    * FIFO: 
    N/A

    * Expression: 
    N/A

    * Multiplexer: 
    +-------------------------------+----+-----------+-----+-----------+
    |              Name             | LUT| Input Size| Bits| Total Bits|
    +-------------------------------+----+-----------+-----+-----------+
    |ap_NS_fsm                      |  37|          7|    1|          7|
    |p_scale_channels_ch1_address0  |  14|          3|   22|         66|
    |p_scale_channels_ch1_ce0       |  14|          3|    1|          3|
    |p_scale_channels_ch1_we0       |   9|          2|    1|          2|
    |p_scale_channels_ch2_address0  |  14|          3|   22|         66|
    |p_scale_channels_ch2_ce0       |  14|          3|    1|          3|
    |p_scale_channels_ch2_we0       |   9|          2|    1|          2|
    |p_scale_channels_ch3_address0  |  14|          3|   22|         66|
    |p_scale_channels_ch3_ce0       |  14|          3|    1|          3|
    |p_scale_channels_ch3_we0       |   9|          2|    1|          2|
    |p_yuv_channels_ch1_address0    |  14|          3|   22|         66|
    |p_yuv_channels_ch1_ce0         |  14|          3|    1|          3|
    |p_yuv_channels_ch1_we0         |   9|          2|    1|          2|
    |p_yuv_channels_ch2_address0    |  14|          3|   22|         66|
    |p_yuv_channels_ch2_ce0         |  14|          3|    1|          3|
    |p_yuv_channels_ch2_we0         |   9|          2|    1|          2|
    |p_yuv_channels_ch3_address0    |  14|          3|   22|         66|
    |p_yuv_channels_ch3_ce0         |  14|          3|    1|          3|
    |p_yuv_channels_ch3_we0         |   9|          2|    1|          2|
    +-------------------------------+----+-----------+-----+-----------+
    |Total                          | 259|         55|  145|        433|
    +-------------------------------+----+-----------+-----+-----------+

    * Register: 
    +-----------------------------------+----+----+-----+-----------+
    |                Name               | FF | LUT| Bits| Const Bits|
    +-----------------------------------+----+----+-----+-----------+
    |ap_CS_fsm                          |   6|   0|    6|          0|
    |grp_rgb2yuv_1_fu_126_ap_start_reg  |   1|   0|    1|          0|
    |grp_yuv2rgb_1_fu_164_ap_start_reg  |   1|   0|    1|          0|
    |grp_yuv_scale_fu_146_ap_start_reg  |   1|   0|    1|          0|
    |p_scale_height_reg_245             |  16|   0|   16|          0|
    |p_scale_width_reg_240              |  16|   0|   16|          0|
    |p_yuv_height_reg_220               |  16|   0|   16|          0|
    |p_yuv_width_reg_215                |  16|   0|   16|          0|
    +-----------------------------------+----+----+-----+-----------+
    |Total                              |  73|   0|   73|          0|
    +-----------------------------------+----+----+-----+-----------+



================================================================
== Interface
================================================================
* Summary: 
+---------------------------+-----+-----+------------+------------------+--------------+
|         RTL Ports         | Dir | Bits|  Protocol  |   Source Object  |    C Type    |
+---------------------------+-----+-----+------------+------------------+--------------+
|ap_clk                     |   in|    1|  ap_ctrl_hs|        yuv_filter|  return value|
|ap_rst                     |   in|    1|  ap_ctrl_hs|        yuv_filter|  return value|
|ap_start                   |   in|    1|  ap_ctrl_hs|        yuv_filter|  return value|
|ap_done                    |  out|    1|  ap_ctrl_hs|        yuv_filter|  return value|
|ap_idle                    |  out|    1|  ap_ctrl_hs|        yuv_filter|  return value|
|ap_ready                   |  out|    1|  ap_ctrl_hs|        yuv_filter|  return value|
|in_channels_ch1_address0   |  out|   22|   ap_memory|   in_channels_ch1|         array|
|in_channels_ch1_ce0        |  out|    1|   ap_memory|   in_channels_ch1|         array|
|in_channels_ch1_q0         |   in|    8|   ap_memory|   in_channels_ch1|         array|
|in_channels_ch2_address0   |  out|   22|   ap_memory|   in_channels_ch2|         array|
|in_channels_ch2_ce0        |  out|    1|   ap_memory|   in_channels_ch2|         array|
|in_channels_ch2_q0         |   in|    8|   ap_memory|   in_channels_ch2|         array|
|in_channels_ch3_address0   |  out|   22|   ap_memory|   in_channels_ch3|         array|
|in_channels_ch3_ce0        |  out|    1|   ap_memory|   in_channels_ch3|         array|
|in_channels_ch3_q0         |   in|    8|   ap_memory|   in_channels_ch3|         array|
|in_width                   |   in|   16|     ap_none|          in_width|       pointer|
|in_height                  |   in|   16|     ap_none|         in_height|       pointer|
|out_channels_ch1_address0  |  out|   22|   ap_memory|  out_channels_ch1|         array|
|out_channels_ch1_ce0       |  out|    1|   ap_memory|  out_channels_ch1|         array|
|out_channels_ch1_we0       |  out|    1|   ap_memory|  out_channels_ch1|         array|
|out_channels_ch1_d0        |  out|    8|   ap_memory|  out_channels_ch1|         array|
|out_channels_ch2_address0  |  out|   22|   ap_memory|  out_channels_ch2|         array|
|out_channels_ch2_ce0       |  out|    1|   ap_memory|  out_channels_ch2|         array|
|out_channels_ch2_we0       |  out|    1|   ap_memory|  out_channels_ch2|         array|
|out_channels_ch2_d0        |  out|    8|   ap_memory|  out_channels_ch2|         array|
|out_channels_ch3_address0  |  out|   22|   ap_memory|  out_channels_ch3|         array|
|out_channels_ch3_ce0       |  out|    1|   ap_memory|  out_channels_ch3|         array|
|out_channels_ch3_we0       |  out|    1|   ap_memory|  out_channels_ch3|         array|
|out_channels_ch3_d0        |  out|    8|   ap_memory|  out_channels_ch3|         array|
|out_width                  |  out|   16|      ap_vld|         out_width|       pointer|
|out_width_ap_vld           |  out|    1|      ap_vld|         out_width|       pointer|
|out_height                 |  out|   16|      ap_vld|        out_height|       pointer|
|out_height_ap_vld          |  out|    1|      ap_vld|        out_height|       pointer|
|Y_scale                    |   in|    8|     ap_none|           Y_scale|        scalar|
|U_scale                    |   in|    8|     ap_none|           U_scale|        scalar|
|V_scale                    |   in|    8|     ap_none|           V_scale|        scalar|
+---------------------------+-----+-----+------------+------------------+--------------+

