17:20:08 INFO  : Launching XSCT server: xsct.bat -n  -interactive D:\Documents\GitHub\ECE4810J_FA2021\Project\temp_xsdb_launch_script.tcl
17:20:08 INFO  : Platform repository initialization has completed.
17:20:08 INFO  : Registering command handlers for Vitis TCF services
17:20:11 INFO  : XSCT server has started successfully.
17:20:12 INFO  : plnx-install-location is set to ''
17:20:12 INFO  : Successfully done setting XSCT server connection channel  
17:20:12 INFO  : Successfully done query RDI_DATADIR 
17:20:12 INFO  : Successfully done setting workspace for the tool. 
23:41:40 INFO  : Launching XSCT server: xsct.bat -n  -interactive D:\Documents\GitHub\ECE4810J_FA2021\Project\temp_xsdb_launch_script.tcl
23:41:41 INFO  : Registering command handlers for Vitis TCF services
23:41:41 INFO  : Platform repository initialization has completed.
23:41:44 INFO  : XSCT server has started successfully.
23:41:45 INFO  : Successfully done setting XSCT server connection channel  
23:41:45 INFO  : plnx-install-location is set to ''
23:41:45 INFO  : Successfully done query RDI_DATADIR 
23:41:45 INFO  : Successfully done setting workspace for the tool. 
23:42:40 INFO  : Result from executing command 'getProjects': fir_filter_wrapper
23:42:40 INFO  : Result from executing command 'getPlatforms': 
23:42:40 WARN  : An unexpected exception occurred in the module 'platform project logging'
23:42:41 INFO  : Platform 'fir_filter_wrapper' is added to custom repositories.
23:42:51 INFO  : Platform 'fir_filter_wrapper' is added to custom repositories.
00:46:48 INFO  : Checking for BSP changes to sync application flags for project 'fir_filter_app'...
00:46:48 INFO  : Result from executing command 'getProjects': RemoteSystemsTempFiles;fir_filter_app;fir_filter_app_system;fir_filter_wrapper
00:46:48 WARN  : Failed to closehw "D:/Documents/GitHub/ECE4810J_FA2021/Project/fir_filter_wrapper/export/fir_filter_wrapper/hw/fir_filter_wrapper.xsa"
Reason: D:/Documents/GitHub/ECE4810J_FA2021/Project/fir_filter_wrapper/export/fir_filter_wrapper/hw/fir_filter_wrapper.xsa is not available in the current workspace
use 'getprojects' command to see list of available projects in current workspace
00:46:48 INFO  : Result from executing command 'getProjects': RemoteSystemsTempFiles;fir_filter_app;fir_filter_app_system;fir_filter_wrapper
00:46:48 ERROR : Failed to openhw "D:/Documents/GitHub/ECE4810J_FA2021/Project/fir_filter_wrapper/export/fir_filter_wrapper/hw/fir_filter_wrapper.xsa"
Reason: D:/Documents/GitHub/ECE4810J_FA2021/Project/fir_filter_wrapper/export/fir_filter_wrapper/hw/fir_filter_wrapper.xsa is not available in the current workspace
use 'getprojects' command to see list of available projects in current workspace
00:46:48 ERROR : Failed to update application flags from BSP for 'fir_filter_app'. Reason: null
java.lang.NullPointerException
	at com.xilinx.sdx.sw.internal.SDxSwPlatform.<init>(SDxSwPlatform.java:305)
	at com.xilinx.sdx.sw.internal.SDxSwPlatform.create(SDxSwPlatform.java:214)
	at com.xilinx.sdx.sdk.core.util.SdkPlatformHelper.getSwPlatform(SdkPlatformHelper.java:61)
	at com.xilinx.sdx.sdk.core.build.SdkMakefileGenerationListener.getSwPlatform(SdkMakefileGenerationListener.java:160)
	at com.xilinx.sdx.sdk.core.build.SdkMakefileGenerationListener.syncAppFlags(SdkMakefileGenerationListener.java:78)
	at com.xilinx.sdx.sdk.core.build.SdkMakefileGenerationListener.preMakefileGeneration(SdkMakefileGenerationListener.java:48)
	at com.xilinx.sdk.managedbuilder.XilinxGnuMakefileGenerator.notifyPreMakefileGenerationListeners(XilinxGnuMakefileGenerator.java:91)
	at com.xilinx.sdk.managedbuilder.XilinxGnuMakefileGenerator.regenerateMakefiles(XilinxGnuMakefileGenerator.java:75)
	at org.eclipse.cdt.managedbuilder.internal.core.CommonBuilder.performMakefileGeneration(CommonBuilder.java:1006)
	at org.eclipse.cdt.managedbuilder.internal.core.CommonBuilder.performPrebuildGeneration(CommonBuilder.java:873)
	at org.eclipse.cdt.managedbuilder.internal.core.CommonBuilder.build(CommonBuilder.java:748)
	at org.eclipse.cdt.managedbuilder.internal.core.CommonBuilder.build(CommonBuilder.java:513)
	at org.eclipse.cdt.managedbuilder.internal.core.CommonBuilder.build(CommonBuilder.java:459)
	at org.eclipse.core.internal.events.BuildManager$2.run(BuildManager.java:832)
	at org.eclipse.core.runtime.SafeRunner.run(SafeRunner.java:45)
	at org.eclipse.core.internal.events.BuildManager.basicBuild(BuildManager.java:220)
	at org.eclipse.core.internal.events.BuildManager.basicBuild(BuildManager.java:263)
	at org.eclipse.core.internal.events.BuildManager$1.run(BuildManager.java:316)
	at org.eclipse.core.runtime.SafeRunner.run(SafeRunner.java:45)
	at org.eclipse.core.internal.events.BuildManager.basicBuild(BuildManager.java:319)
	at org.eclipse.core.internal.events.BuildManager.basicBuildLoop(BuildManager.java:371)
	at org.eclipse.core.internal.events.BuildManager.build(BuildManager.java:392)
	at org.eclipse.core.internal.resources.Workspace.buildInternal(Workspace.java:515)
	at org.eclipse.core.internal.resources.Workspace.build(Workspace.java:412)
	at org.eclipse.ui.actions.BuildAction$1.runInWorkspace(BuildAction.java:291)
	at org.eclipse.core.internal.resources.InternalWorkspaceJob.run(InternalWorkspaceJob.java:42)
	at org.eclipse.core.internal.jobs.Worker.run(Worker.java:63)
00:57:12 INFO  : Result from executing command 'getProjects': fir_filter_wrapper
00:57:12 INFO  : Result from executing command 'getPlatforms': 
00:57:12 INFO  : Platform 'fir_filter_wrapper' is added to custom repositories.
00:57:21 INFO  : Platform 'fir_filter_wrapper' is added to custom repositories.
00:57:50 INFO  : Checking for BSP changes to sync application flags for project 'fir_filter_app'...
00:57:50 INFO  : Result from executing command 'getProjects': RemoteSystemsTempFiles;fir_filter_app;fir_filter_app_system;fir_filter_wrapper
00:57:50 WARN  : Failed to closehw "D:/Documents/GitHub/ECE4810J_FA2021/Project/fir_filter_wrapper/export/fir_filter_wrapper/hw/fir_filter_wrapper.xsa"
Reason: D:/Documents/GitHub/ECE4810J_FA2021/Project/fir_filter_wrapper/export/fir_filter_wrapper/hw/fir_filter_wrapper.xsa is not available in the current workspace
use 'getprojects' command to see list of available projects in current workspace
00:57:50 INFO  : Result from executing command 'getProjects': RemoteSystemsTempFiles;fir_filter_app;fir_filter_app_system;fir_filter_wrapper
00:57:50 ERROR : Failed to openhw "D:/Documents/GitHub/ECE4810J_FA2021/Project/fir_filter_wrapper/export/fir_filter_wrapper/hw/fir_filter_wrapper.xsa"
Reason: D:/Documents/GitHub/ECE4810J_FA2021/Project/fir_filter_wrapper/export/fir_filter_wrapper/hw/fir_filter_wrapper.xsa is not available in the current workspace
use 'getprojects' command to see list of available projects in current workspace
00:57:50 ERROR : Failed to update application flags from BSP for 'fir_filter_app'. Reason: null
java.lang.NullPointerException
	at com.xilinx.sdx.sw.internal.SDxSwPlatform.<init>(SDxSwPlatform.java:305)
	at com.xilinx.sdx.sw.internal.SDxSwPlatform.create(SDxSwPlatform.java:214)
	at com.xilinx.sdx.sdk.core.util.SdkPlatformHelper.getSwPlatform(SdkPlatformHelper.java:61)
	at com.xilinx.sdx.sdk.core.build.SdkMakefileGenerationListener.getSwPlatform(SdkMakefileGenerationListener.java:160)
	at com.xilinx.sdx.sdk.core.build.SdkMakefileGenerationListener.syncAppFlags(SdkMakefileGenerationListener.java:78)
	at com.xilinx.sdx.sdk.core.build.SdkMakefileGenerationListener.preMakefileGeneration(SdkMakefileGenerationListener.java:48)
	at com.xilinx.sdk.managedbuilder.XilinxGnuMakefileGenerator.notifyPreMakefileGenerationListeners(XilinxGnuMakefileGenerator.java:91)
	at com.xilinx.sdk.managedbuilder.XilinxGnuMakefileGenerator.regenerateMakefiles(XilinxGnuMakefileGenerator.java:75)
	at org.eclipse.cdt.managedbuilder.internal.core.CommonBuilder.performMakefileGeneration(CommonBuilder.java:1006)
	at org.eclipse.cdt.managedbuilder.internal.core.CommonBuilder.performPrebuildGeneration(CommonBuilder.java:873)
	at org.eclipse.cdt.managedbuilder.internal.core.CommonBuilder.build(CommonBuilder.java:748)
	at org.eclipse.cdt.managedbuilder.internal.core.CommonBuilder.build(CommonBuilder.java:513)
	at org.eclipse.cdt.managedbuilder.internal.core.CommonBuilder.build(CommonBuilder.java:459)
	at org.eclipse.core.internal.events.BuildManager$2.run(BuildManager.java:832)
	at org.eclipse.core.runtime.SafeRunner.run(SafeRunner.java:45)
	at org.eclipse.core.internal.events.BuildManager.basicBuild(BuildManager.java:220)
	at org.eclipse.core.internal.events.BuildManager.basicBuild(BuildManager.java:263)
	at org.eclipse.core.internal.events.BuildManager$1.run(BuildManager.java:316)
	at org.eclipse.core.runtime.SafeRunner.run(SafeRunner.java:45)
	at org.eclipse.core.internal.events.BuildManager.basicBuild(BuildManager.java:319)
	at org.eclipse.core.internal.events.BuildManager.basicBuildLoop(BuildManager.java:371)
	at org.eclipse.core.internal.events.BuildManager.build(BuildManager.java:392)
	at org.eclipse.core.internal.resources.Workspace.buildInternal(Workspace.java:515)
	at org.eclipse.core.internal.resources.Workspace.build(Workspace.java:412)
	at org.eclipse.ui.actions.BuildAction$1.runInWorkspace(BuildAction.java:291)
	at org.eclipse.core.internal.resources.InternalWorkspaceJob.run(InternalWorkspaceJob.java:42)
	at org.eclipse.core.internal.jobs.Worker.run(Worker.java:63)
00:57:51 ERROR : Failed to compute checksum of hardware specification file used by project 'fir_filter_app'
00:57:51 INFO  : Result from executing command 'getProjects': RemoteSystemsTempFiles;fir_filter_app;fir_filter_app_system;fir_filter_wrapper
00:57:51 ERROR : Failed to openhw "D:/Documents/GitHub/ECE4810J_FA2021/Project/fir_filter_wrapper/export/fir_filter_wrapper/hw/fir_filter_wrapper.xsa"
Reason: D:/Documents/GitHub/ECE4810J_FA2021/Project/fir_filter_wrapper/export/fir_filter_wrapper/hw/fir_filter_wrapper.xsa is not available in the current workspace
use 'getprojects' command to see list of available projects in current workspace
00:57:51 INFO  : Result from executing command 'getProjects': RemoteSystemsTempFiles;fir_filter_app;fir_filter_app_system;fir_filter_wrapper
00:57:51 ERROR : Failed to openhw "D:/Documents/GitHub/ECE4810J_FA2021/Project/fir_filter_wrapper/export/fir_filter_wrapper/hw/fir_filter_wrapper.xsa"
Reason: D:/Documents/GitHub/ECE4810J_FA2021/Project/fir_filter_wrapper/export/fir_filter_wrapper/hw/fir_filter_wrapper.xsa is not available in the current workspace
use 'getprojects' command to see list of available projects in current workspace
00:57:51 INFO  : Result from executing command 'getProjects': RemoteSystemsTempFiles;fir_filter_app;fir_filter_app_system;fir_filter_wrapper
00:57:51 ERROR : Failed to openhw "D:/Documents/GitHub/ECE4810J_FA2021/Project/fir_filter_wrapper/export/fir_filter_wrapper/hw/fir_filter_wrapper.xsa"
Reason: D:/Documents/GitHub/ECE4810J_FA2021/Project/fir_filter_wrapper/export/fir_filter_wrapper/hw/fir_filter_wrapper.xsa is not available in the current workspace
use 'getprojects' command to see list of available projects in current workspace
01:01:47 INFO  : Launching XSCT server: xsct.bat -n  -interactive D:\Documents\GitHub\ECE4810J_FA2021\Project\temp_xsdb_launch_script.tcl
01:01:55 ERROR : Error encountered while initializing user repository paths
Reason: No Platforms Found.


01:01:55 INFO  : Platform repository initialization has completed.
01:01:55 INFO  : Registering command handlers for Vitis TCF services
01:01:55 INFO  : XSCT server has started successfully.
01:01:55 INFO  : plnx-install-location is set to ''
01:01:56 INFO  : Successfully done setting XSCT server connection channel  
01:01:56 INFO  : Successfully done query RDI_DATADIR 
01:01:56 INFO  : Successfully done setting workspace for the tool. 
01:02:14 INFO  : Checking for BSP changes to sync application flags for project 'fir_filter_app'...
01:02:14 ERROR : Failed to get platform details for the project 'fir_filter_app'. Cannot sync application flags.
01:02:25 ERROR : Error encountered while updating custom repository paths
Reason: No Platforms Found.


01:09:28 INFO  : Launching XSCT server: xsct.bat -n  -interactive D:\Documents\GitHub\ECE4810J_FA2021\Project\temp_xsdb_launch_script.tcl
01:09:30 INFO  : Registering command handlers for Vitis TCF services
01:09:30 ERROR : Error encountered while initializing user repository paths
Reason: No Platforms Found.


01:09:30 INFO  : Platform repository initialization has completed.
01:09:32 INFO  : XSCT server has started successfully.
01:09:32 INFO  : plnx-install-location is set to ''
01:09:32 INFO  : Successfully done setting XSCT server connection channel  
01:09:32 INFO  : Successfully done query RDI_DATADIR 
01:09:32 INFO  : Successfully done setting workspace for the tool. 
01:12:03 INFO  : Launching XSCT server: xsct.bat -n  -interactive D:\Documents\GitHub\ECE4810J_FA2021\Project\temp_xsdb_launch_script.tcl
01:12:03 INFO  : Platform repository initialization has completed.
01:12:03 INFO  : Registering command handlers for Vitis TCF services
01:12:06 INFO  : XSCT server has started successfully.
01:12:07 INFO  : Successfully done setting XSCT server connection channel  
01:12:07 INFO  : plnx-install-location is set to ''
01:12:07 INFO  : Successfully done setting workspace for the tool. 
01:12:07 INFO  : Successfully done query RDI_DATADIR 
01:12:56 INFO  : Result from executing command 'getProjects': fir_filter_hdl_wrapper
01:12:56 INFO  : Result from executing command 'getPlatforms': 
01:12:56 WARN  : An unexpected exception occurred in the module 'platform project logging'
01:12:57 INFO  : Platform 'fir_filter_hdl_wrapper' is added to custom repositories.
01:13:06 INFO  : Platform 'fir_filter_hdl_wrapper' is added to custom repositories.
01:14:00 INFO  : Checking for BSP changes to sync application flags for project 'fir_filter_app'...
01:14:00 INFO  : Result from executing command 'getProjects': RemoteSystemsTempFiles;fir_filter_app;fir_filter_app_system;fir_filter_hdl_wrapper
01:14:00 WARN  : Failed to closehw "D:/Documents/GitHub/ECE4810J_FA2021/Project/fir_filter_hdl_wrapper/export/fir_filter_hdl_wrapper/hw/fir_filter_hdl_wrapper.xsa"
Reason: D:/Documents/GitHub/ECE4810J_FA2021/Project/fir_filter_hdl_wrapper/export/fir_filter_hdl_wrapper/hw/fir_filter_hdl_wrapper.xsa is not available in the current workspace
use 'getprojects' command to see list of available projects in current workspace
01:14:00 INFO  : Result from executing command 'getProjects': RemoteSystemsTempFiles;fir_filter_app;fir_filter_app_system;fir_filter_hdl_wrapper
01:14:00 ERROR : Failed to openhw "D:/Documents/GitHub/ECE4810J_FA2021/Project/fir_filter_hdl_wrapper/export/fir_filter_hdl_wrapper/hw/fir_filter_hdl_wrapper.xsa"
Reason: D:/Documents/GitHub/ECE4810J_FA2021/Project/fir_filter_hdl_wrapper/export/fir_filter_hdl_wrapper/hw/fir_filter_hdl_wrapper.xsa is not available in the current workspace
use 'getprojects' command to see list of available projects in current workspace
01:14:00 ERROR : Failed to update application flags from BSP for 'fir_filter_app'. Reason: null
java.lang.NullPointerException
	at com.xilinx.sdx.sw.internal.SDxSwPlatform.<init>(SDxSwPlatform.java:305)
	at com.xilinx.sdx.sw.internal.SDxSwPlatform.create(SDxSwPlatform.java:214)
	at com.xilinx.sdx.sdk.core.util.SdkPlatformHelper.getSwPlatform(SdkPlatformHelper.java:61)
	at com.xilinx.sdx.sdk.core.build.SdkMakefileGenerationListener.getSwPlatform(SdkMakefileGenerationListener.java:160)
	at com.xilinx.sdx.sdk.core.build.SdkMakefileGenerationListener.syncAppFlags(SdkMakefileGenerationListener.java:78)
	at com.xilinx.sdx.sdk.core.build.SdkMakefileGenerationListener.preMakefileGeneration(SdkMakefileGenerationListener.java:48)
	at com.xilinx.sdk.managedbuilder.XilinxGnuMakefileGenerator.notifyPreMakefileGenerationListeners(XilinxGnuMakefileGenerator.java:91)
	at com.xilinx.sdk.managedbuilder.XilinxGnuMakefileGenerator.regenerateMakefiles(XilinxGnuMakefileGenerator.java:75)
	at org.eclipse.cdt.managedbuilder.internal.core.CommonBuilder.performMakefileGeneration(CommonBuilder.java:1006)
	at org.eclipse.cdt.managedbuilder.internal.core.CommonBuilder.performPrebuildGeneration(CommonBuilder.java:873)
	at org.eclipse.cdt.managedbuilder.internal.core.CommonBuilder.build(CommonBuilder.java:748)
	at org.eclipse.cdt.managedbuilder.internal.core.CommonBuilder.build(CommonBuilder.java:513)
	at org.eclipse.cdt.managedbuilder.internal.core.CommonBuilder.build(CommonBuilder.java:459)
	at org.eclipse.core.internal.events.BuildManager$2.run(BuildManager.java:832)
	at org.eclipse.core.runtime.SafeRunner.run(SafeRunner.java:45)
	at org.eclipse.core.internal.events.BuildManager.basicBuild(BuildManager.java:220)
	at org.eclipse.core.internal.events.BuildManager.basicBuild(BuildManager.java:263)
	at org.eclipse.core.internal.events.BuildManager$1.run(BuildManager.java:316)
	at org.eclipse.core.runtime.SafeRunner.run(SafeRunner.java:45)
	at org.eclipse.core.internal.events.BuildManager.basicBuild(BuildManager.java:319)
	at org.eclipse.core.internal.events.BuildManager.basicBuildLoop(BuildManager.java:371)
	at org.eclipse.core.internal.events.BuildManager.build(BuildManager.java:392)
	at org.eclipse.core.internal.resources.Workspace.buildInternal(Workspace.java:515)
	at org.eclipse.core.internal.resources.Workspace.build(Workspace.java:412)
	at org.eclipse.ui.actions.BuildAction$1.runInWorkspace(BuildAction.java:291)
	at org.eclipse.core.internal.resources.InternalWorkspaceJob.run(InternalWorkspaceJob.java:42)
	at org.eclipse.core.internal.jobs.Worker.run(Worker.java:63)
01:14:01 ERROR : Failed to compute checksum of hardware specification file used by project 'fir_filter_app'
01:14:01 INFO  : Result from executing command 'getProjects': RemoteSystemsTempFiles;fir_filter_app;fir_filter_app_system;fir_filter_hdl_wrapper
01:14:01 ERROR : Failed to openhw "D:/Documents/GitHub/ECE4810J_FA2021/Project/fir_filter_hdl_wrapper/export/fir_filter_hdl_wrapper/hw/fir_filter_hdl_wrapper.xsa"
Reason: D:/Documents/GitHub/ECE4810J_FA2021/Project/fir_filter_hdl_wrapper/export/fir_filter_hdl_wrapper/hw/fir_filter_hdl_wrapper.xsa is not available in the current workspace
use 'getprojects' command to see list of available projects in current workspace
01:14:01 INFO  : Result from executing command 'getProjects': RemoteSystemsTempFiles;fir_filter_app;fir_filter_app_system;fir_filter_hdl_wrapper
01:14:01 ERROR : Failed to openhw "D:/Documents/GitHub/ECE4810J_FA2021/Project/fir_filter_hdl_wrapper/export/fir_filter_hdl_wrapper/hw/fir_filter_hdl_wrapper.xsa"
Reason: D:/Documents/GitHub/ECE4810J_FA2021/Project/fir_filter_hdl_wrapper/export/fir_filter_hdl_wrapper/hw/fir_filter_hdl_wrapper.xsa is not available in the current workspace
use 'getprojects' command to see list of available projects in current workspace
01:14:01 INFO  : Result from executing command 'getProjects': RemoteSystemsTempFiles;fir_filter_app;fir_filter_app_system;fir_filter_hdl_wrapper
01:14:01 ERROR : Failed to openhw "D:/Documents/GitHub/ECE4810J_FA2021/Project/fir_filter_hdl_wrapper/export/fir_filter_hdl_wrapper/hw/fir_filter_hdl_wrapper.xsa"
Reason: D:/Documents/GitHub/ECE4810J_FA2021/Project/fir_filter_hdl_wrapper/export/fir_filter_hdl_wrapper/hw/fir_filter_hdl_wrapper.xsa is not available in the current workspace
use 'getprojects' command to see list of available projects in current workspace
01:15:40 INFO  : Result from executing command 'getProjects': RemoteSystemsTempFiles;fir_filter_app;fir_filter_app_system;fir_filter_hdl_wrapper
09:24:28 INFO  : Launching XSCT server: xsct.bat -n  -interactive D:\Documents\GitHub\ECE4810J_FA2021\Project\temp_xsdb_launch_script.tcl
09:24:28 INFO  : Platform repository initialization has completed.
09:24:28 INFO  : Registering command handlers for Vitis TCF services
09:24:31 INFO  : XSCT server has started successfully.
09:24:32 INFO  : plnx-install-location is set to ''
09:24:32 INFO  : Successfully done setting XSCT server connection channel  
09:24:32 INFO  : Successfully done query RDI_DATADIR 
09:24:32 INFO  : Successfully done setting workspace for the tool. 
09:26:11 INFO  : Result from executing command 'getProjects': fir_filter_hdl_wrapper
09:26:11 INFO  : Result from executing command 'getPlatforms': 
09:26:11 WARN  : An unexpected exception occurred in the module 'platform project logging'
09:26:12 INFO  : Platform 'fir_filter_hdl_wrapper' is added to custom repositories.
09:26:29 INFO  : Platform 'fir_filter_hdl_wrapper' is added to custom repositories.
09:27:06 INFO  : Checking for BSP changes to sync application flags for project 'fir_filter_app'...
09:27:06 INFO  : Result from executing command 'getProjects': RemoteSystemsTempFiles;fir_filter_app;fir_filter_app_system;fir_filter_hdl_wrapper
09:27:06 WARN  : Failed to closehw "D:/Documents/GitHub/ECE4810J_FA2021/Project/fir_filter_hdl_wrapper/export/fir_filter_hdl_wrapper/hw/fir_filter_hdl_wrapper.xsa"
Reason: D:/Documents/GitHub/ECE4810J_FA2021/Project/fir_filter_hdl_wrapper/export/fir_filter_hdl_wrapper/hw/fir_filter_hdl_wrapper.xsa is not available in the current workspace
use 'getprojects' command to see list of available projects in current workspace
09:27:06 INFO  : Result from executing command 'getProjects': RemoteSystemsTempFiles;fir_filter_app;fir_filter_app_system;fir_filter_hdl_wrapper
09:27:06 ERROR : Failed to openhw "D:/Documents/GitHub/ECE4810J_FA2021/Project/fir_filter_hdl_wrapper/export/fir_filter_hdl_wrapper/hw/fir_filter_hdl_wrapper.xsa"
Reason: D:/Documents/GitHub/ECE4810J_FA2021/Project/fir_filter_hdl_wrapper/export/fir_filter_hdl_wrapper/hw/fir_filter_hdl_wrapper.xsa is not available in the current workspace
use 'getprojects' command to see list of available projects in current workspace
09:27:06 ERROR : Failed to update application flags from BSP for 'fir_filter_app'. Reason: null
java.lang.NullPointerException
	at com.xilinx.sdx.sw.internal.SDxSwPlatform.<init>(SDxSwPlatform.java:305)
	at com.xilinx.sdx.sw.internal.SDxSwPlatform.create(SDxSwPlatform.java:214)
	at com.xilinx.sdx.sdk.core.util.SdkPlatformHelper.getSwPlatform(SdkPlatformHelper.java:61)
	at com.xilinx.sdx.sdk.core.build.SdkMakefileGenerationListener.getSwPlatform(SdkMakefileGenerationListener.java:160)
	at com.xilinx.sdx.sdk.core.build.SdkMakefileGenerationListener.syncAppFlags(SdkMakefileGenerationListener.java:78)
	at com.xilinx.sdx.sdk.core.build.SdkMakefileGenerationListener.preMakefileGeneration(SdkMakefileGenerationListener.java:48)
	at com.xilinx.sdk.managedbuilder.XilinxGnuMakefileGenerator.notifyPreMakefileGenerationListeners(XilinxGnuMakefileGenerator.java:91)
	at com.xilinx.sdk.managedbuilder.XilinxGnuMakefileGenerator.regenerateMakefiles(XilinxGnuMakefileGenerator.java:75)
	at org.eclipse.cdt.managedbuilder.internal.core.CommonBuilder.performMakefileGeneration(CommonBuilder.java:1006)
	at org.eclipse.cdt.managedbuilder.internal.core.CommonBuilder.performPrebuildGeneration(CommonBuilder.java:873)
	at org.eclipse.cdt.managedbuilder.internal.core.CommonBuilder.build(CommonBuilder.java:748)
	at org.eclipse.cdt.managedbuilder.internal.core.CommonBuilder.build(CommonBuilder.java:513)
	at org.eclipse.cdt.managedbuilder.internal.core.CommonBuilder.build(CommonBuilder.java:459)
	at org.eclipse.core.internal.events.BuildManager$2.run(BuildManager.java:832)
	at org.eclipse.core.runtime.SafeRunner.run(SafeRunner.java:45)
	at org.eclipse.core.internal.events.BuildManager.basicBuild(BuildManager.java:220)
	at org.eclipse.core.internal.events.BuildManager.basicBuild(BuildManager.java:263)
	at org.eclipse.core.internal.events.BuildManager$1.run(BuildManager.java:316)
	at org.eclipse.core.runtime.SafeRunner.run(SafeRunner.java:45)
	at org.eclipse.core.internal.events.BuildManager.basicBuild(BuildManager.java:319)
	at org.eclipse.core.internal.events.BuildManager.basicBuildLoop(BuildManager.java:371)
	at org.eclipse.core.internal.events.BuildManager.build(BuildManager.java:392)
	at org.eclipse.core.internal.resources.Workspace.buildInternal(Workspace.java:515)
	at org.eclipse.core.internal.resources.Workspace.build(Workspace.java:412)
	at org.eclipse.ui.actions.BuildAction$1.runInWorkspace(BuildAction.java:291)
	at org.eclipse.core.internal.resources.InternalWorkspaceJob.run(InternalWorkspaceJob.java:42)
	at org.eclipse.core.internal.jobs.Worker.run(Worker.java:63)
09:27:08 ERROR : Failed to compute checksum of hardware specification file used by project 'fir_filter_app'
09:27:08 INFO  : Result from executing command 'getProjects': RemoteSystemsTempFiles;fir_filter_app;fir_filter_app_system;fir_filter_hdl_wrapper
09:27:08 ERROR : Failed to openhw "D:/Documents/GitHub/ECE4810J_FA2021/Project/fir_filter_hdl_wrapper/export/fir_filter_hdl_wrapper/hw/fir_filter_hdl_wrapper.xsa"
Reason: D:/Documents/GitHub/ECE4810J_FA2021/Project/fir_filter_hdl_wrapper/export/fir_filter_hdl_wrapper/hw/fir_filter_hdl_wrapper.xsa is not available in the current workspace
use 'getprojects' command to see list of available projects in current workspace
09:27:08 INFO  : Result from executing command 'getProjects': RemoteSystemsTempFiles;fir_filter_app;fir_filter_app_system;fir_filter_hdl_wrapper
09:27:08 ERROR : Failed to openhw "D:/Documents/GitHub/ECE4810J_FA2021/Project/fir_filter_hdl_wrapper/export/fir_filter_hdl_wrapper/hw/fir_filter_hdl_wrapper.xsa"
Reason: D:/Documents/GitHub/ECE4810J_FA2021/Project/fir_filter_hdl_wrapper/export/fir_filter_hdl_wrapper/hw/fir_filter_hdl_wrapper.xsa is not available in the current workspace
use 'getprojects' command to see list of available projects in current workspace
09:27:08 INFO  : Result from executing command 'getProjects': RemoteSystemsTempFiles;fir_filter_app;fir_filter_app_system;fir_filter_hdl_wrapper
09:27:08 ERROR : Failed to openhw "D:/Documents/GitHub/ECE4810J_FA2021/Project/fir_filter_hdl_wrapper/export/fir_filter_hdl_wrapper/hw/fir_filter_hdl_wrapper.xsa"
Reason: D:/Documents/GitHub/ECE4810J_FA2021/Project/fir_filter_hdl_wrapper/export/fir_filter_hdl_wrapper/hw/fir_filter_hdl_wrapper.xsa is not available in the current workspace
use 'getprojects' command to see list of available projects in current workspace
09:42:23 INFO  : Checking for BSP changes to sync application flags for project 'fir_filter_app'...
09:42:23 INFO  : Result from executing command 'getProjects': RemoteSystemsTempFiles;fir_filter_app;fir_filter_app_system;fir_filter_hdl_wrapper
09:42:23 ERROR : Failed to openhw "D:/Documents/GitHub/ECE4810J_FA2021/Project/fir_filter_hdl_wrapper/export/fir_filter_hdl_wrapper/hw/fir_filter_hdl_wrapper.xsa"
Reason: D:/Documents/GitHub/ECE4810J_FA2021/Project/fir_filter_hdl_wrapper/export/fir_filter_hdl_wrapper/hw/fir_filter_hdl_wrapper.xsa is not available in the current workspace
use 'getprojects' command to see list of available projects in current workspace
09:42:23 ERROR : Failed to update application flags from BSP for 'fir_filter_app'. Reason: null
java.lang.NullPointerException
	at com.xilinx.sdx.sw.internal.SDxSwPlatform.<init>(SDxSwPlatform.java:305)
	at com.xilinx.sdx.sw.internal.SDxSwPlatform.create(SDxSwPlatform.java:214)
	at com.xilinx.sdx.sdk.core.util.SdkPlatformHelper.getSwPlatform(SdkPlatformHelper.java:61)
	at com.xilinx.sdx.sdk.core.build.SdkMakefileGenerationListener.getSwPlatform(SdkMakefileGenerationListener.java:160)
	at com.xilinx.sdx.sdk.core.build.SdkMakefileGenerationListener.syncAppFlags(SdkMakefileGenerationListener.java:78)
	at com.xilinx.sdx.sdk.core.build.SdkMakefileGenerationListener.preMakefileGeneration(SdkMakefileGenerationListener.java:48)
	at com.xilinx.sdk.managedbuilder.XilinxGnuMakefileGenerator.notifyPreMakefileGenerationListeners(XilinxGnuMakefileGenerator.java:91)
	at com.xilinx.sdk.managedbuilder.XilinxGnuMakefileGenerator.generateMakefiles(XilinxGnuMakefileGenerator.java:40)
	at org.eclipse.cdt.managedbuilder.internal.core.CommonBuilder.performMakefileGeneration(CommonBuilder.java:1008)
	at org.eclipse.cdt.managedbuilder.internal.core.CommonBuilder.performPrebuildGeneration(CommonBuilder.java:873)
	at org.eclipse.cdt.managedbuilder.internal.core.CommonBuilder.build(CommonBuilder.java:748)
	at org.eclipse.cdt.managedbuilder.internal.core.CommonBuilder.build(CommonBuilder.java:510)
	at org.eclipse.cdt.managedbuilder.internal.core.CommonBuilder.build(CommonBuilder.java:459)
	at org.eclipse.core.internal.events.BuildManager$2.run(BuildManager.java:832)
	at org.eclipse.core.runtime.SafeRunner.run(SafeRunner.java:45)
	at org.eclipse.core.internal.events.BuildManager.basicBuild(BuildManager.java:220)
	at org.eclipse.core.internal.events.BuildManager.basicBuild(BuildManager.java:263)
	at org.eclipse.core.internal.events.BuildManager$1.run(BuildManager.java:316)
	at org.eclipse.core.runtime.SafeRunner.run(SafeRunner.java:45)
	at org.eclipse.core.internal.events.BuildManager.basicBuild(BuildManager.java:319)
	at org.eclipse.core.internal.events.BuildManager.basicBuildLoop(BuildManager.java:371)
	at org.eclipse.core.internal.events.BuildManager.build(BuildManager.java:392)
	at org.eclipse.core.internal.resources.Workspace.buildInternal(Workspace.java:515)
	at org.eclipse.core.internal.resources.Workspace.build(Workspace.java:412)
	at org.eclipse.ui.actions.BuildAction$1.runInWorkspace(BuildAction.java:291)
	at org.eclipse.core.internal.resources.InternalWorkspaceJob.run(InternalWorkspaceJob.java:42)
	at org.eclipse.core.internal.jobs.Worker.run(Worker.java:63)
10:09:01 INFO  : Result from executing command 'getProjects': fir_filter_hdl_wrapper
10:09:01 INFO  : Result from executing command 'getPlatforms': fir_filter_hdl_wrapper|D:/Documents/GitHub/ECE4810J_FA2021/Project/fir_filter_hdl_wrapper/export/fir_filter_hdl_wrapper/fir_filter_hdl_wrapper.xpfm
10:09:01 INFO  : Checking for BSP changes to sync application flags for project 'fir_filter_app'...
10:24:40 INFO  : Checking for BSP changes to sync application flags for project 'fir_filter_app'...
10:39:01 INFO  : Checking for BSP changes to sync application flags for project 'fir_filter_app'...
10:39:41 INFO  : Checking for BSP changes to sync application flags for project 'fir_filter_app'...
10:42:24 INFO  : Checking for BSP changes to sync application flags for project 'fir_filter_app'...
10:43:46 INFO  : Connected to target on host '127.0.0.1' and port '3121'.
10:43:47 INFO  : Jtag cable 'Digilent Arty Z7 003017A70235A' is selected.
10:43:47 INFO  : 'jtag frequency' command is executed.
10:43:47 INFO  : Context for 'APU' is selected.
10:43:47 INFO  : System reset is completed.
10:43:50 INFO  : 'after 3000' command is executed.
10:43:50 INFO  : 'targets -set -filter {jtag_cable_name =~ "Digilent Arty Z7 003017A70235A" && level==0 && jtag_device_ctx=="jsn-Arty Z7-003017A70235A-23727093-0"}' command is executed.
10:43:53 INFO  : Device configured successfully with "D:/Documents/GitHub/ECE4810J_FA2021/Project/fir_filter_app/_ide/bitstream/fir_filter_hdl_wrapper.bit"
10:43:53 INFO  : Context for 'APU' is selected.
10:43:53 INFO  : Hardware design and registers information is loaded from 'D:/Documents/GitHub/ECE4810J_FA2021/Project/fir_filter_hdl_wrapper/export/fir_filter_hdl_wrapper/hw/fir_filter_hdl_wrapper.xsa'.
10:43:53 INFO  : 'configparams force-mem-access 1' command is executed.
10:43:53 INFO  : Context for 'APU' is selected.
10:43:53 INFO  : Sourcing of 'D:/Documents/GitHub/ECE4810J_FA2021/Project/fir_filter_app/_ide/psinit/ps7_init.tcl' is done.
10:43:54 INFO  : 'ps7_init' command is executed.
10:43:54 INFO  : 'ps7_post_config' command is executed.
10:43:54 INFO  : Context for processor 'ps7_cortexa9_0' is selected.
10:43:54 INFO  : The application 'D:/Documents/GitHub/ECE4810J_FA2021/Project/fir_filter_app/Debug/fir_filter_app.elf' is downloaded to processor 'ps7_cortexa9_0'.
10:43:54 INFO  : 'configparams force-mem-access 0' command is executed.
10:43:54 INFO  : ----------------XSDB Script----------------
connect -url tcp:127.0.0.1:3121
targets -set -nocase -filter {name =~"APU*"}
rst -system
after 3000
targets -set -filter {jtag_cable_name =~ "Digilent Arty Z7 003017A70235A" && level==0 && jtag_device_ctx=="jsn-Arty Z7-003017A70235A-23727093-0"}
fpga -file D:/Documents/GitHub/ECE4810J_FA2021/Project/fir_filter_app/_ide/bitstream/fir_filter_hdl_wrapper.bit
targets -set -nocase -filter {name =~"APU*"}
loadhw -hw D:/Documents/GitHub/ECE4810J_FA2021/Project/fir_filter_hdl_wrapper/export/fir_filter_hdl_wrapper/hw/fir_filter_hdl_wrapper.xsa -mem-ranges [list {0x40000000 0xbfffffff}] -regs
configparams force-mem-access 1
targets -set -nocase -filter {name =~"APU*"}
source D:/Documents/GitHub/ECE4810J_FA2021/Project/fir_filter_app/_ide/psinit/ps7_init.tcl
ps7_init
ps7_post_config
targets -set -nocase -filter {name =~ "*A9*#0"}
dow D:/Documents/GitHub/ECE4810J_FA2021/Project/fir_filter_app/Debug/fir_filter_app.elf
configparams force-mem-access 0
----------------End of Script----------------

10:43:54 INFO  : Context for processor 'ps7_cortexa9_0' is selected.
10:43:54 INFO  : 'con' command is executed.
10:43:54 INFO  : ----------------XSDB Script (After Launch)----------------
targets -set -nocase -filter {name =~ "*A9*#0"}
con
----------------End of Script----------------

10:43:54 INFO  : Disconnected from the channel tcfchan#4.
10:44:35 INFO  : Connected to target on host '127.0.0.1' and port '3121'.
10:44:35 INFO  : Jtag cable 'Digilent Arty Z7 003017A70235A' is selected.
10:44:35 INFO  : 'jtag frequency' command is executed.
10:44:35 INFO  : Context for 'APU' is selected.
10:44:35 INFO  : System reset is completed.
10:44:38 INFO  : 'after 3000' command is executed.
10:44:38 INFO  : 'targets -set -filter {jtag_cable_name =~ "Digilent Arty Z7 003017A70235A" && level==0 && jtag_device_ctx=="jsn-Arty Z7-003017A70235A-23727093-0"}' command is executed.
10:44:41 INFO  : Device configured successfully with "D:/Documents/GitHub/ECE4810J_FA2021/Project/fir_filter_app/_ide/bitstream/fir_filter_hdl_wrapper.bit"
10:44:41 INFO  : Context for 'APU' is selected.
10:44:41 INFO  : Hardware design and registers information is loaded from 'D:/Documents/GitHub/ECE4810J_FA2021/Project/fir_filter_hdl_wrapper/export/fir_filter_hdl_wrapper/hw/fir_filter_hdl_wrapper.xsa'.
10:44:41 INFO  : 'configparams force-mem-access 1' command is executed.
10:44:41 INFO  : Context for 'APU' is selected.
10:44:41 INFO  : Sourcing of 'D:/Documents/GitHub/ECE4810J_FA2021/Project/fir_filter_app/_ide/psinit/ps7_init.tcl' is done.
10:44:41 INFO  : 'ps7_init' command is executed.
10:44:41 INFO  : 'ps7_post_config' command is executed.
10:44:41 INFO  : Context for processor 'ps7_cortexa9_0' is selected.
10:44:42 INFO  : The application 'D:/Documents/GitHub/ECE4810J_FA2021/Project/fir_filter_app/Debug/fir_filter_app.elf' is downloaded to processor 'ps7_cortexa9_0'.
10:44:42 INFO  : 'configparams force-mem-access 0' command is executed.
10:44:42 INFO  : ----------------XSDB Script----------------
connect -url tcp:127.0.0.1:3121
targets -set -nocase -filter {name =~"APU*"}
rst -system
after 3000
targets -set -filter {jtag_cable_name =~ "Digilent Arty Z7 003017A70235A" && level==0 && jtag_device_ctx=="jsn-Arty Z7-003017A70235A-23727093-0"}
fpga -file D:/Documents/GitHub/ECE4810J_FA2021/Project/fir_filter_app/_ide/bitstream/fir_filter_hdl_wrapper.bit
targets -set -nocase -filter {name =~"APU*"}
loadhw -hw D:/Documents/GitHub/ECE4810J_FA2021/Project/fir_filter_hdl_wrapper/export/fir_filter_hdl_wrapper/hw/fir_filter_hdl_wrapper.xsa -mem-ranges [list {0x40000000 0xbfffffff}] -regs
configparams force-mem-access 1
targets -set -nocase -filter {name =~"APU*"}
source D:/Documents/GitHub/ECE4810J_FA2021/Project/fir_filter_app/_ide/psinit/ps7_init.tcl
ps7_init
ps7_post_config
targets -set -nocase -filter {name =~ "*A9*#0"}
dow D:/Documents/GitHub/ECE4810J_FA2021/Project/fir_filter_app/Debug/fir_filter_app.elf
configparams force-mem-access 0
----------------End of Script----------------

10:44:42 INFO  : Context for processor 'ps7_cortexa9_0' is selected.
10:44:42 INFO  : 'con' command is executed.
10:44:42 INFO  : ----------------XSDB Script (After Launch)----------------
targets -set -nocase -filter {name =~ "*A9*#0"}
con
----------------End of Script----------------

10:44:42 INFO  : Disconnected from the channel tcfchan#5.
10:48:47 INFO  : Checking for BSP changes to sync application flags for project 'fir_filter_app'...
10:48:58 INFO  : Connected to target on host '127.0.0.1' and port '3121'.
10:48:59 INFO  : Jtag cable 'Digilent Arty Z7 003017A70235A' is selected.
10:48:59 INFO  : 'jtag frequency' command is executed.
10:48:59 INFO  : Context for 'APU' is selected.
10:48:59 INFO  : System reset is completed.
10:49:02 INFO  : 'after 3000' command is executed.
10:49:02 INFO  : 'targets -set -filter {jtag_cable_name =~ "Digilent Arty Z7 003017A70235A" && level==0 && jtag_device_ctx=="jsn-Arty Z7-003017A70235A-23727093-0"}' command is executed.
10:49:04 INFO  : Device configured successfully with "D:/Documents/GitHub/ECE4810J_FA2021/Project/fir_filter_app/_ide/bitstream/fir_filter_hdl_wrapper.bit"
10:49:04 INFO  : Context for 'APU' is selected.
10:49:04 INFO  : Hardware design and registers information is loaded from 'D:/Documents/GitHub/ECE4810J_FA2021/Project/fir_filter_hdl_wrapper/export/fir_filter_hdl_wrapper/hw/fir_filter_hdl_wrapper.xsa'.
10:49:04 INFO  : 'configparams force-mem-access 1' command is executed.
10:49:04 INFO  : Context for 'APU' is selected.
10:49:04 INFO  : Sourcing of 'D:/Documents/GitHub/ECE4810J_FA2021/Project/fir_filter_app/_ide/psinit/ps7_init.tcl' is done.
10:49:05 INFO  : 'ps7_init' command is executed.
10:49:05 INFO  : 'ps7_post_config' command is executed.
10:49:05 INFO  : Context for processor 'ps7_cortexa9_0' is selected.
10:49:05 INFO  : The application 'D:/Documents/GitHub/ECE4810J_FA2021/Project/fir_filter_app/Debug/fir_filter_app.elf' is downloaded to processor 'ps7_cortexa9_0'.
10:49:05 INFO  : 'configparams force-mem-access 0' command is executed.
10:49:05 INFO  : ----------------XSDB Script----------------
connect -url tcp:127.0.0.1:3121
targets -set -nocase -filter {name =~"APU*"}
rst -system
after 3000
targets -set -filter {jtag_cable_name =~ "Digilent Arty Z7 003017A70235A" && level==0 && jtag_device_ctx=="jsn-Arty Z7-003017A70235A-23727093-0"}
fpga -file D:/Documents/GitHub/ECE4810J_FA2021/Project/fir_filter_app/_ide/bitstream/fir_filter_hdl_wrapper.bit
targets -set -nocase -filter {name =~"APU*"}
loadhw -hw D:/Documents/GitHub/ECE4810J_FA2021/Project/fir_filter_hdl_wrapper/export/fir_filter_hdl_wrapper/hw/fir_filter_hdl_wrapper.xsa -mem-ranges [list {0x40000000 0xbfffffff}] -regs
configparams force-mem-access 1
targets -set -nocase -filter {name =~"APU*"}
source D:/Documents/GitHub/ECE4810J_FA2021/Project/fir_filter_app/_ide/psinit/ps7_init.tcl
ps7_init
ps7_post_config
targets -set -nocase -filter {name =~ "*A9*#0"}
dow D:/Documents/GitHub/ECE4810J_FA2021/Project/fir_filter_app/Debug/fir_filter_app.elf
configparams force-mem-access 0
----------------End of Script----------------

10:49:05 INFO  : Context for processor 'ps7_cortexa9_0' is selected.
10:49:05 INFO  : 'con' command is executed.
10:49:05 INFO  : ----------------XSDB Script (After Launch)----------------
targets -set -nocase -filter {name =~ "*A9*#0"}
con
----------------End of Script----------------

10:49:05 INFO  : Disconnected from the channel tcfchan#6.
10:49:29 INFO  : Checking for BSP changes to sync application flags for project 'fir_filter_app'...
10:49:37 INFO  : Connected to target on host '127.0.0.1' and port '3121'.
10:49:37 INFO  : Jtag cable 'Digilent Arty Z7 003017A70235A' is selected.
10:49:37 INFO  : 'jtag frequency' command is executed.
10:49:37 INFO  : Context for 'APU' is selected.
10:49:37 INFO  : System reset is completed.
10:49:40 INFO  : 'after 3000' command is executed.
10:49:40 INFO  : 'targets -set -filter {jtag_cable_name =~ "Digilent Arty Z7 003017A70235A" && level==0 && jtag_device_ctx=="jsn-Arty Z7-003017A70235A-23727093-0"}' command is executed.
10:49:43 INFO  : Device configured successfully with "D:/Documents/GitHub/ECE4810J_FA2021/Project/fir_filter_app/_ide/bitstream/fir_filter_hdl_wrapper.bit"
10:49:43 INFO  : Context for 'APU' is selected.
10:49:43 INFO  : Hardware design and registers information is loaded from 'D:/Documents/GitHub/ECE4810J_FA2021/Project/fir_filter_hdl_wrapper/export/fir_filter_hdl_wrapper/hw/fir_filter_hdl_wrapper.xsa'.
10:49:43 INFO  : 'configparams force-mem-access 1' command is executed.
10:49:43 INFO  : Context for 'APU' is selected.
10:49:43 INFO  : Sourcing of 'D:/Documents/GitHub/ECE4810J_FA2021/Project/fir_filter_app/_ide/psinit/ps7_init.tcl' is done.
10:49:43 INFO  : 'ps7_init' command is executed.
10:49:43 INFO  : 'ps7_post_config' command is executed.
10:49:43 INFO  : Context for processor 'ps7_cortexa9_0' is selected.
10:49:44 INFO  : The application 'D:/Documents/GitHub/ECE4810J_FA2021/Project/fir_filter_app/Debug/fir_filter_app.elf' is downloaded to processor 'ps7_cortexa9_0'.
10:49:44 INFO  : 'configparams force-mem-access 0' command is executed.
10:49:44 INFO  : ----------------XSDB Script----------------
connect -url tcp:127.0.0.1:3121
targets -set -nocase -filter {name =~"APU*"}
rst -system
after 3000
targets -set -filter {jtag_cable_name =~ "Digilent Arty Z7 003017A70235A" && level==0 && jtag_device_ctx=="jsn-Arty Z7-003017A70235A-23727093-0"}
fpga -file D:/Documents/GitHub/ECE4810J_FA2021/Project/fir_filter_app/_ide/bitstream/fir_filter_hdl_wrapper.bit
targets -set -nocase -filter {name =~"APU*"}
loadhw -hw D:/Documents/GitHub/ECE4810J_FA2021/Project/fir_filter_hdl_wrapper/export/fir_filter_hdl_wrapper/hw/fir_filter_hdl_wrapper.xsa -mem-ranges [list {0x40000000 0xbfffffff}] -regs
configparams force-mem-access 1
targets -set -nocase -filter {name =~"APU*"}
source D:/Documents/GitHub/ECE4810J_FA2021/Project/fir_filter_app/_ide/psinit/ps7_init.tcl
ps7_init
ps7_post_config
targets -set -nocase -filter {name =~ "*A9*#0"}
dow D:/Documents/GitHub/ECE4810J_FA2021/Project/fir_filter_app/Debug/fir_filter_app.elf
configparams force-mem-access 0
----------------End of Script----------------

10:49:44 INFO  : Context for processor 'ps7_cortexa9_0' is selected.
10:49:44 INFO  : 'con' command is executed.
10:49:44 INFO  : ----------------XSDB Script (After Launch)----------------
targets -set -nocase -filter {name =~ "*A9*#0"}
con
----------------End of Script----------------

10:49:44 INFO  : Disconnected from the channel tcfchan#7.
11:21:56 INFO  : Checking for BSP changes to sync application flags for project 'fir_filter_app'...
11:22:08 INFO  : Checking for BSP changes to sync application flags for project 'fir_filter_app'...
11:22:15 INFO  : Checking for BSP changes to sync application flags for project 'fir_filter_app'...
11:22:32 INFO  : Connected to target on host '127.0.0.1' and port '3121'.
11:22:33 INFO  : Jtag cable 'Digilent Arty Z7 003017A70235A' is selected.
11:22:33 INFO  : 'jtag frequency' command is executed.
11:22:33 INFO  : Context for 'APU' is selected.
11:22:33 INFO  : System reset is completed.
11:22:36 INFO  : 'after 3000' command is executed.
11:22:36 INFO  : 'targets -set -filter {jtag_cable_name =~ "Digilent Arty Z7 003017A70235A" && level==0 && jtag_device_ctx=="jsn-Arty Z7-003017A70235A-23727093-0"}' command is executed.
11:22:38 INFO  : Device configured successfully with "D:/Documents/GitHub/ECE4810J_FA2021/Project/fir_filter_app/_ide/bitstream/fir_filter_hdl_wrapper.bit"
11:22:38 INFO  : Context for 'APU' is selected.
11:22:38 INFO  : Hardware design and registers information is loaded from 'D:/Documents/GitHub/ECE4810J_FA2021/Project/fir_filter_hdl_wrapper/export/fir_filter_hdl_wrapper/hw/fir_filter_hdl_wrapper.xsa'.
11:22:38 INFO  : 'configparams force-mem-access 1' command is executed.
11:22:38 INFO  : Context for 'APU' is selected.
11:22:38 INFO  : Sourcing of 'D:/Documents/GitHub/ECE4810J_FA2021/Project/fir_filter_app/_ide/psinit/ps7_init.tcl' is done.
11:22:39 INFO  : 'ps7_init' command is executed.
11:22:39 INFO  : 'ps7_post_config' command is executed.
11:22:39 INFO  : Context for processor 'ps7_cortexa9_0' is selected.
11:22:39 INFO  : The application 'D:/Documents/GitHub/ECE4810J_FA2021/Project/fir_filter_app/Debug/fir_filter_app.elf' is downloaded to processor 'ps7_cortexa9_0'.
11:22:39 INFO  : 'configparams force-mem-access 0' command is executed.
11:22:39 INFO  : ----------------XSDB Script----------------
connect -url tcp:127.0.0.1:3121
targets -set -nocase -filter {name =~"APU*"}
rst -system
after 3000
targets -set -filter {jtag_cable_name =~ "Digilent Arty Z7 003017A70235A" && level==0 && jtag_device_ctx=="jsn-Arty Z7-003017A70235A-23727093-0"}
fpga -file D:/Documents/GitHub/ECE4810J_FA2021/Project/fir_filter_app/_ide/bitstream/fir_filter_hdl_wrapper.bit
targets -set -nocase -filter {name =~"APU*"}
loadhw -hw D:/Documents/GitHub/ECE4810J_FA2021/Project/fir_filter_hdl_wrapper/export/fir_filter_hdl_wrapper/hw/fir_filter_hdl_wrapper.xsa -mem-ranges [list {0x40000000 0xbfffffff}] -regs
configparams force-mem-access 1
targets -set -nocase -filter {name =~"APU*"}
source D:/Documents/GitHub/ECE4810J_FA2021/Project/fir_filter_app/_ide/psinit/ps7_init.tcl
ps7_init
ps7_post_config
targets -set -nocase -filter {name =~ "*A9*#0"}
dow D:/Documents/GitHub/ECE4810J_FA2021/Project/fir_filter_app/Debug/fir_filter_app.elf
configparams force-mem-access 0
----------------End of Script----------------

11:22:39 INFO  : Context for processor 'ps7_cortexa9_0' is selected.
11:22:39 INFO  : 'con' command is executed.
11:22:39 INFO  : ----------------XSDB Script (After Launch)----------------
targets -set -nocase -filter {name =~ "*A9*#0"}
con
----------------End of Script----------------

11:22:39 INFO  : Disconnected from the channel tcfchan#8.
11:24:05 INFO  : Checking for BSP changes to sync application flags for project 'fir_filter_app'...
11:24:14 INFO  : Connected to target on host '127.0.0.1' and port '3121'.
11:24:14 INFO  : Jtag cable 'Digilent Arty Z7 003017A70235A' is selected.
11:24:14 INFO  : 'jtag frequency' command is executed.
11:24:14 INFO  : Context for 'APU' is selected.
11:24:14 INFO  : System reset is completed.
11:24:17 INFO  : 'after 3000' command is executed.
11:24:17 INFO  : 'targets -set -filter {jtag_cable_name =~ "Digilent Arty Z7 003017A70235A" && level==0 && jtag_device_ctx=="jsn-Arty Z7-003017A70235A-23727093-0"}' command is executed.
11:24:20 INFO  : Device configured successfully with "D:/Documents/GitHub/ECE4810J_FA2021/Project/fir_filter_app/_ide/bitstream/fir_filter_hdl_wrapper.bit"
11:24:20 INFO  : Context for 'APU' is selected.
11:24:20 INFO  : Hardware design and registers information is loaded from 'D:/Documents/GitHub/ECE4810J_FA2021/Project/fir_filter_hdl_wrapper/export/fir_filter_hdl_wrapper/hw/fir_filter_hdl_wrapper.xsa'.
11:24:20 INFO  : 'configparams force-mem-access 1' command is executed.
11:24:20 INFO  : Context for 'APU' is selected.
11:24:20 INFO  : Sourcing of 'D:/Documents/GitHub/ECE4810J_FA2021/Project/fir_filter_app/_ide/psinit/ps7_init.tcl' is done.
11:24:20 INFO  : 'ps7_init' command is executed.
11:24:20 INFO  : 'ps7_post_config' command is executed.
11:24:20 INFO  : Context for processor 'ps7_cortexa9_0' is selected.
11:24:21 INFO  : The application 'D:/Documents/GitHub/ECE4810J_FA2021/Project/fir_filter_app/Debug/fir_filter_app.elf' is downloaded to processor 'ps7_cortexa9_0'.
11:24:21 INFO  : 'configparams force-mem-access 0' command is executed.
11:24:21 INFO  : ----------------XSDB Script----------------
connect -url tcp:127.0.0.1:3121
targets -set -nocase -filter {name =~"APU*"}
rst -system
after 3000
targets -set -filter {jtag_cable_name =~ "Digilent Arty Z7 003017A70235A" && level==0 && jtag_device_ctx=="jsn-Arty Z7-003017A70235A-23727093-0"}
fpga -file D:/Documents/GitHub/ECE4810J_FA2021/Project/fir_filter_app/_ide/bitstream/fir_filter_hdl_wrapper.bit
targets -set -nocase -filter {name =~"APU*"}
loadhw -hw D:/Documents/GitHub/ECE4810J_FA2021/Project/fir_filter_hdl_wrapper/export/fir_filter_hdl_wrapper/hw/fir_filter_hdl_wrapper.xsa -mem-ranges [list {0x40000000 0xbfffffff}] -regs
configparams force-mem-access 1
targets -set -nocase -filter {name =~"APU*"}
source D:/Documents/GitHub/ECE4810J_FA2021/Project/fir_filter_app/_ide/psinit/ps7_init.tcl
ps7_init
ps7_post_config
targets -set -nocase -filter {name =~ "*A9*#0"}
dow D:/Documents/GitHub/ECE4810J_FA2021/Project/fir_filter_app/Debug/fir_filter_app.elf
configparams force-mem-access 0
----------------End of Script----------------

11:24:21 INFO  : Context for processor 'ps7_cortexa9_0' is selected.
11:24:21 INFO  : 'con' command is executed.
11:24:21 INFO  : ----------------XSDB Script (After Launch)----------------
targets -set -nocase -filter {name =~ "*A9*#0"}
con
----------------End of Script----------------

11:24:21 INFO  : Disconnected from the channel tcfchan#9.
11:25:45 INFO  : Checking for BSP changes to sync application flags for project 'fir_filter_app'...
11:26:45 INFO  : Connected to target on host '127.0.0.1' and port '3121'.
11:26:46 INFO  : Jtag cable 'Digilent Arty Z7 003017A70235A' is selected.
11:26:46 INFO  : 'jtag frequency' command is executed.
11:26:46 INFO  : Context for 'APU' is selected.
11:26:46 INFO  : System reset is completed.
11:26:49 INFO  : 'after 3000' command is executed.
11:26:49 INFO  : 'targets -set -filter {jtag_cable_name =~ "Digilent Arty Z7 003017A70235A" && level==0 && jtag_device_ctx=="jsn-Arty Z7-003017A70235A-23727093-0"}' command is executed.
11:26:51 INFO  : Device configured successfully with "D:/Documents/GitHub/ECE4810J_FA2021/Project/fir_filter_app/_ide/bitstream/fir_filter_hdl_wrapper.bit"
11:26:51 INFO  : Context for 'APU' is selected.
11:26:51 INFO  : Hardware design and registers information is loaded from 'D:/Documents/GitHub/ECE4810J_FA2021/Project/fir_filter_hdl_wrapper/export/fir_filter_hdl_wrapper/hw/fir_filter_hdl_wrapper.xsa'.
11:26:51 INFO  : 'configparams force-mem-access 1' command is executed.
11:26:51 INFO  : Context for 'APU' is selected.
11:26:51 INFO  : Sourcing of 'D:/Documents/GitHub/ECE4810J_FA2021/Project/fir_filter_app/_ide/psinit/ps7_init.tcl' is done.
11:26:52 INFO  : 'ps7_init' command is executed.
11:26:52 INFO  : 'ps7_post_config' command is executed.
11:26:52 INFO  : Context for processor 'ps7_cortexa9_0' is selected.
11:26:52 INFO  : The application 'D:/Documents/GitHub/ECE4810J_FA2021/Project/fir_filter_app/Debug/fir_filter_app.elf' is downloaded to processor 'ps7_cortexa9_0'.
11:26:52 INFO  : 'configparams force-mem-access 0' command is executed.
11:26:52 INFO  : ----------------XSDB Script----------------
connect -url tcp:127.0.0.1:3121
targets -set -nocase -filter {name =~"APU*"}
rst -system
after 3000
targets -set -filter {jtag_cable_name =~ "Digilent Arty Z7 003017A70235A" && level==0 && jtag_device_ctx=="jsn-Arty Z7-003017A70235A-23727093-0"}
fpga -file D:/Documents/GitHub/ECE4810J_FA2021/Project/fir_filter_app/_ide/bitstream/fir_filter_hdl_wrapper.bit
targets -set -nocase -filter {name =~"APU*"}
loadhw -hw D:/Documents/GitHub/ECE4810J_FA2021/Project/fir_filter_hdl_wrapper/export/fir_filter_hdl_wrapper/hw/fir_filter_hdl_wrapper.xsa -mem-ranges [list {0x40000000 0xbfffffff}] -regs
configparams force-mem-access 1
targets -set -nocase -filter {name =~"APU*"}
source D:/Documents/GitHub/ECE4810J_FA2021/Project/fir_filter_app/_ide/psinit/ps7_init.tcl
ps7_init
ps7_post_config
targets -set -nocase -filter {name =~ "*A9*#0"}
dow D:/Documents/GitHub/ECE4810J_FA2021/Project/fir_filter_app/Debug/fir_filter_app.elf
configparams force-mem-access 0
----------------End of Script----------------

11:26:52 INFO  : Context for processor 'ps7_cortexa9_0' is selected.
11:26:52 INFO  : 'con' command is executed.
11:26:52 INFO  : ----------------XSDB Script (After Launch)----------------
targets -set -nocase -filter {name =~ "*A9*#0"}
con
----------------End of Script----------------

11:26:52 INFO  : Disconnected from the channel tcfchan#10.
20:44:56 INFO  : Launching XSCT server: xsct.bat -n  -interactive D:\Documents\GitHub\ECE4810J_FA2021\Project\temp_xsdb_launch_script.tcl
20:45:04 INFO  : XSCT server has started successfully.
20:45:04 INFO  : plnx-install-location is set to ''
20:45:04 INFO  : Successfully done setting XSCT server connection channel  
20:45:04 INFO  : Successfully done setting workspace for the tool. 
20:45:08 INFO  : Platform repository initialization has completed.
20:45:08 INFO  : Successfully done query RDI_DATADIR 
20:45:09 INFO  : Registering command handlers for Vitis TCF services
