

================================================================
== Vitis HLS Report for 'hls_divider'
================================================================
* Date:           Thu Oct 21 23:54:58 2021

* Version:        2021.1.1 (Build 3286242 on Wed Jul 28 13:10:47 MDT 2021)
* Project:        hls_divider
* Solution:       solution1 (Vivado IP Flow Target)
* Product family: zynq
* Target device:  xc7z020-clg400-1


================================================================
== Performance Estimates
================================================================
+ Timing: 
    * Summary: 
    +--------+----------+----------+------------+
    |  Clock |  Target  | Estimated| Uncertainty|
    +--------+----------+----------+------------+
    |ap_clk  |  10.00 ns|  4.649 ns|     2.70 ns|
    +--------+----------+----------+------------+

+ Latency: 
    * Summary: 
    +---------+---------+----------+----------+-----+-----+---------+
    |  Latency (cycles) |  Latency (absolute) |  Interval | Pipeline|
    |   min   |   max   |    min   |    max   | min | max |   Type  |
    +---------+---------+----------+----------+-----+-----+---------+
    |       19|       19|  0.190 us|  0.190 us|   20|   20|       no|
    +---------+---------+----------+----------+-----+-----+---------+

    + Detail: 
        * Instance: 
        N/A

        * Loop: 
        N/A

============================================================
+ Verbose Summary: Synthesis Manager
============================================================
InlineROM: 1
ExposeGlobal: 0
============================================================
+ Verbose Summary: CDFG Model
============================================================
IsTopModel: 1
ResetActiveHigh: 1
IsCombinational: 0
IsDatapathOnly: 0
HasWiredReturn: 1
HasMFsm: 0
HasVarLatency: 1
IsPipeline: 0
IsRtlPipelined: 0
IsInstanceOverlapped: 0
IsDontTouch: 0
HasImplIP: 0
IsGatedGlobalClock: 0


============================================================
+ Verbose Summary: Schedule
============================================================
* Number of FSM states : 20
* Pipeline : 0
* Dataflow Pipeline: 0

* FSM state transitions: 
1 --> 2 
2 --> 3 
3 --> 4 
4 --> 5 
5 --> 6 
6 --> 7 
7 --> 8 
8 --> 9 
9 --> 10 
10 --> 11 
11 --> 12 
12 --> 13 
13 --> 14 
14 --> 15 
15 --> 16 
16 --> 17 
17 --> 18 
18 --> 19 
19 --> 20 
20 --> 

* FSM state operations: 

State 1 <SV = 0> <Delay = 4.64>
ST_1 : Operation 21 [1/1] (1.00ns)   --->   "%b_read = read i16 @_ssdm_op_Read.s_axilite.i16, i16 %b" [hls_divider.cpp:1]   --->   Operation 21 'read' 'b_read' <Predicate = true> <Delay = 1.00> <CoreInst = "s_axilite">   --->   Core 114 's_axilite' <Latency = 0> <II = 1> <Delay = 1.00> <Adapter> <Opcode : 'read' 'write'>
ST_1 : Operation 22 [1/1] (1.00ns)   --->   "%a_read = read i16 @_ssdm_op_Read.s_axilite.i16, i16 %a" [hls_divider.cpp:1]   --->   Operation 22 'read' 'a_read' <Predicate = true> <Delay = 1.00> <CoreInst = "s_axilite">   --->   Core 114 's_axilite' <Latency = 0> <II = 1> <Delay = 1.00> <Adapter> <Opcode : 'read' 'write'>
ST_1 : Operation 23 [20/20] (3.64ns)   --->   "%q = udiv i16 %a_read, i16 %b_read" [hls_divider.cpp:6]   --->   Operation 23 'udiv' 'q' <Predicate = true> <Delay = 3.64> <CoreInst = "DivnS_SEQ">   --->   Core 7 'DivnS_SEQ' <Latency = 19> <II = 16> <Delay = 3.64> <FuncUnit> <Opcode : 'sdiv' 'srem' 'udiv' 'urem'> <InPorts = 2> <OutPorts = 1>

State 2 <SV = 1> <Delay = 3.64>
ST_2 : Operation 24 [19/20] (3.64ns)   --->   "%q = udiv i16 %a_read, i16 %b_read" [hls_divider.cpp:6]   --->   Operation 24 'udiv' 'q' <Predicate = true> <Delay = 3.64> <CoreInst = "DivnS_SEQ">   --->   Core 7 'DivnS_SEQ' <Latency = 19> <II = 16> <Delay = 3.64> <FuncUnit> <Opcode : 'sdiv' 'srem' 'udiv' 'urem'> <InPorts = 2> <OutPorts = 1>

State 3 <SV = 2> <Delay = 3.64>
ST_3 : Operation 25 [18/20] (3.64ns)   --->   "%q = udiv i16 %a_read, i16 %b_read" [hls_divider.cpp:6]   --->   Operation 25 'udiv' 'q' <Predicate = true> <Delay = 3.64> <CoreInst = "DivnS_SEQ">   --->   Core 7 'DivnS_SEQ' <Latency = 19> <II = 16> <Delay = 3.64> <FuncUnit> <Opcode : 'sdiv' 'srem' 'udiv' 'urem'> <InPorts = 2> <OutPorts = 1>

State 4 <SV = 3> <Delay = 3.64>
ST_4 : Operation 26 [17/20] (3.64ns)   --->   "%q = udiv i16 %a_read, i16 %b_read" [hls_divider.cpp:6]   --->   Operation 26 'udiv' 'q' <Predicate = true> <Delay = 3.64> <CoreInst = "DivnS_SEQ">   --->   Core 7 'DivnS_SEQ' <Latency = 19> <II = 16> <Delay = 3.64> <FuncUnit> <Opcode : 'sdiv' 'srem' 'udiv' 'urem'> <InPorts = 2> <OutPorts = 1>

State 5 <SV = 4> <Delay = 3.64>
ST_5 : Operation 27 [16/20] (3.64ns)   --->   "%q = udiv i16 %a_read, i16 %b_read" [hls_divider.cpp:6]   --->   Operation 27 'udiv' 'q' <Predicate = true> <Delay = 3.64> <CoreInst = "DivnS_SEQ">   --->   Core 7 'DivnS_SEQ' <Latency = 19> <II = 16> <Delay = 3.64> <FuncUnit> <Opcode : 'sdiv' 'srem' 'udiv' 'urem'> <InPorts = 2> <OutPorts = 1>

State 6 <SV = 5> <Delay = 3.64>
ST_6 : Operation 28 [15/20] (3.64ns)   --->   "%q = udiv i16 %a_read, i16 %b_read" [hls_divider.cpp:6]   --->   Operation 28 'udiv' 'q' <Predicate = true> <Delay = 3.64> <CoreInst = "DivnS_SEQ">   --->   Core 7 'DivnS_SEQ' <Latency = 19> <II = 16> <Delay = 3.64> <FuncUnit> <Opcode : 'sdiv' 'srem' 'udiv' 'urem'> <InPorts = 2> <OutPorts = 1>

State 7 <SV = 6> <Delay = 3.64>
ST_7 : Operation 29 [14/20] (3.64ns)   --->   "%q = udiv i16 %a_read, i16 %b_read" [hls_divider.cpp:6]   --->   Operation 29 'udiv' 'q' <Predicate = true> <Delay = 3.64> <CoreInst = "DivnS_SEQ">   --->   Core 7 'DivnS_SEQ' <Latency = 19> <II = 16> <Delay = 3.64> <FuncUnit> <Opcode : 'sdiv' 'srem' 'udiv' 'urem'> <InPorts = 2> <OutPorts = 1>

State 8 <SV = 7> <Delay = 3.64>
ST_8 : Operation 30 [13/20] (3.64ns)   --->   "%q = udiv i16 %a_read, i16 %b_read" [hls_divider.cpp:6]   --->   Operation 30 'udiv' 'q' <Predicate = true> <Delay = 3.64> <CoreInst = "DivnS_SEQ">   --->   Core 7 'DivnS_SEQ' <Latency = 19> <II = 16> <Delay = 3.64> <FuncUnit> <Opcode : 'sdiv' 'srem' 'udiv' 'urem'> <InPorts = 2> <OutPorts = 1>

State 9 <SV = 8> <Delay = 3.64>
ST_9 : Operation 31 [12/20] (3.64ns)   --->   "%q = udiv i16 %a_read, i16 %b_read" [hls_divider.cpp:6]   --->   Operation 31 'udiv' 'q' <Predicate = true> <Delay = 3.64> <CoreInst = "DivnS_SEQ">   --->   Core 7 'DivnS_SEQ' <Latency = 19> <II = 16> <Delay = 3.64> <FuncUnit> <Opcode : 'sdiv' 'srem' 'udiv' 'urem'> <InPorts = 2> <OutPorts = 1>

State 10 <SV = 9> <Delay = 3.64>
ST_10 : Operation 32 [11/20] (3.64ns)   --->   "%q = udiv i16 %a_read, i16 %b_read" [hls_divider.cpp:6]   --->   Operation 32 'udiv' 'q' <Predicate = true> <Delay = 3.64> <CoreInst = "DivnS_SEQ">   --->   Core 7 'DivnS_SEQ' <Latency = 19> <II = 16> <Delay = 3.64> <FuncUnit> <Opcode : 'sdiv' 'srem' 'udiv' 'urem'> <InPorts = 2> <OutPorts = 1>

State 11 <SV = 10> <Delay = 3.64>
ST_11 : Operation 33 [10/20] (3.64ns)   --->   "%q = udiv i16 %a_read, i16 %b_read" [hls_divider.cpp:6]   --->   Operation 33 'udiv' 'q' <Predicate = true> <Delay = 3.64> <CoreInst = "DivnS_SEQ">   --->   Core 7 'DivnS_SEQ' <Latency = 19> <II = 16> <Delay = 3.64> <FuncUnit> <Opcode : 'sdiv' 'srem' 'udiv' 'urem'> <InPorts = 2> <OutPorts = 1>

State 12 <SV = 11> <Delay = 3.64>
ST_12 : Operation 34 [9/20] (3.64ns)   --->   "%q = udiv i16 %a_read, i16 %b_read" [hls_divider.cpp:6]   --->   Operation 34 'udiv' 'q' <Predicate = true> <Delay = 3.64> <CoreInst = "DivnS_SEQ">   --->   Core 7 'DivnS_SEQ' <Latency = 19> <II = 16> <Delay = 3.64> <FuncUnit> <Opcode : 'sdiv' 'srem' 'udiv' 'urem'> <InPorts = 2> <OutPorts = 1>

State 13 <SV = 12> <Delay = 3.64>
ST_13 : Operation 35 [8/20] (3.64ns)   --->   "%q = udiv i16 %a_read, i16 %b_read" [hls_divider.cpp:6]   --->   Operation 35 'udiv' 'q' <Predicate = true> <Delay = 3.64> <CoreInst = "DivnS_SEQ">   --->   Core 7 'DivnS_SEQ' <Latency = 19> <II = 16> <Delay = 3.64> <FuncUnit> <Opcode : 'sdiv' 'srem' 'udiv' 'urem'> <InPorts = 2> <OutPorts = 1>

State 14 <SV = 13> <Delay = 3.64>
ST_14 : Operation 36 [7/20] (3.64ns)   --->   "%q = udiv i16 %a_read, i16 %b_read" [hls_divider.cpp:6]   --->   Operation 36 'udiv' 'q' <Predicate = true> <Delay = 3.64> <CoreInst = "DivnS_SEQ">   --->   Core 7 'DivnS_SEQ' <Latency = 19> <II = 16> <Delay = 3.64> <FuncUnit> <Opcode : 'sdiv' 'srem' 'udiv' 'urem'> <InPorts = 2> <OutPorts = 1>

State 15 <SV = 14> <Delay = 3.64>
ST_15 : Operation 37 [6/20] (3.64ns)   --->   "%q = udiv i16 %a_read, i16 %b_read" [hls_divider.cpp:6]   --->   Operation 37 'udiv' 'q' <Predicate = true> <Delay = 3.64> <CoreInst = "DivnS_SEQ">   --->   Core 7 'DivnS_SEQ' <Latency = 19> <II = 16> <Delay = 3.64> <FuncUnit> <Opcode : 'sdiv' 'srem' 'udiv' 'urem'> <InPorts = 2> <OutPorts = 1>

State 16 <SV = 15> <Delay = 3.64>
ST_16 : Operation 38 [5/20] (3.64ns)   --->   "%q = udiv i16 %a_read, i16 %b_read" [hls_divider.cpp:6]   --->   Operation 38 'udiv' 'q' <Predicate = true> <Delay = 3.64> <CoreInst = "DivnS_SEQ">   --->   Core 7 'DivnS_SEQ' <Latency = 19> <II = 16> <Delay = 3.64> <FuncUnit> <Opcode : 'sdiv' 'srem' 'udiv' 'urem'> <InPorts = 2> <OutPorts = 1>

State 17 <SV = 16> <Delay = 3.64>
ST_17 : Operation 39 [4/20] (3.64ns)   --->   "%q = udiv i16 %a_read, i16 %b_read" [hls_divider.cpp:6]   --->   Operation 39 'udiv' 'q' <Predicate = true> <Delay = 3.64> <CoreInst = "DivnS_SEQ">   --->   Core 7 'DivnS_SEQ' <Latency = 19> <II = 16> <Delay = 3.64> <FuncUnit> <Opcode : 'sdiv' 'srem' 'udiv' 'urem'> <InPorts = 2> <OutPorts = 1>

State 18 <SV = 17> <Delay = 3.64>
ST_18 : Operation 40 [3/20] (3.64ns)   --->   "%q = udiv i16 %a_read, i16 %b_read" [hls_divider.cpp:6]   --->   Operation 40 'udiv' 'q' <Predicate = true> <Delay = 3.64> <CoreInst = "DivnS_SEQ">   --->   Core 7 'DivnS_SEQ' <Latency = 19> <II = 16> <Delay = 3.64> <FuncUnit> <Opcode : 'sdiv' 'srem' 'udiv' 'urem'> <InPorts = 2> <OutPorts = 1>

State 19 <SV = 18> <Delay = 3.64>
ST_19 : Operation 41 [2/20] (3.64ns)   --->   "%q = udiv i16 %a_read, i16 %b_read" [hls_divider.cpp:6]   --->   Operation 41 'udiv' 'q' <Predicate = true> <Delay = 3.64> <CoreInst = "DivnS_SEQ">   --->   Core 7 'DivnS_SEQ' <Latency = 19> <II = 16> <Delay = 3.64> <FuncUnit> <Opcode : 'sdiv' 'srem' 'udiv' 'urem'> <InPorts = 2> <OutPorts = 1>

State 20 <SV = 19> <Delay = 3.64>
ST_20 : Operation 42 [1/1] (0.00ns)   --->   "%specbitsmap_ln0 = specbitsmap void @_ssdm_op_SpecBitsMap, i32 0"   --->   Operation 42 'specbitsmap' 'specbitsmap_ln0' <Predicate = true> <Delay = 0.00>
ST_20 : Operation 43 [1/1] (0.00ns)   --->   "%spectopmodule_ln0 = spectopmodule void @_ssdm_op_SpecTopModule, void @empty_6"   --->   Operation 43 'spectopmodule' 'spectopmodule_ln0' <Predicate = true> <Delay = 0.00>
ST_20 : Operation 44 [1/1] (0.00ns)   --->   "%specbitsmap_ln0 = specbitsmap void @_ssdm_op_SpecBitsMap, i16 %a"   --->   Operation 44 'specbitsmap' 'specbitsmap_ln0' <Predicate = true> <Delay = 0.00>
ST_20 : Operation 45 [1/1] (0.00ns)   --->   "%specinterface_ln0 = specinterface void @_ssdm_op_SpecInterface, i16 %a, void @empty, i32 0, i32 0, void @empty_0, i32 0, i32 0, void @empty_1, void @empty_2, void @empty_0, i32 0, i32 0, i32 0, i32 0, void @empty_0, void @empty_0"   --->   Operation 45 'specinterface' 'specinterface_ln0' <Predicate = true> <Delay = 0.00>
ST_20 : Operation 46 [1/1] (0.00ns)   --->   "%specinterface_ln0 = specinterface void @_ssdm_op_SpecInterface, i16 %a, void @empty_3, i32 0, i32 0, void @empty_0, i32 0, i32 0, void @empty_0, void @empty_0, void @empty_0, i32 0, i32 0, i32 0, i32 0, void @empty_0, void @empty_0"   --->   Operation 46 'specinterface' 'specinterface_ln0' <Predicate = true> <Delay = 0.00>
ST_20 : Operation 47 [1/1] (0.00ns)   --->   "%specbitsmap_ln0 = specbitsmap void @_ssdm_op_SpecBitsMap, i16 %b"   --->   Operation 47 'specbitsmap' 'specbitsmap_ln0' <Predicate = true> <Delay = 0.00>
ST_20 : Operation 48 [1/1] (0.00ns)   --->   "%specinterface_ln0 = specinterface void @_ssdm_op_SpecInterface, i16 %b, void @empty, i32 0, i32 0, void @empty_0, i32 0, i32 0, void @empty_1, void @empty_4, void @empty_0, i32 0, i32 0, i32 0, i32 0, void @empty_0, void @empty_0"   --->   Operation 48 'specinterface' 'specinterface_ln0' <Predicate = true> <Delay = 0.00>
ST_20 : Operation 49 [1/1] (0.00ns)   --->   "%specinterface_ln0 = specinterface void @_ssdm_op_SpecInterface, i16 %b, void @empty_3, i32 0, i32 0, void @empty_0, i32 0, i32 0, void @empty_0, void @empty_0, void @empty_0, i32 0, i32 0, i32 0, i32 0, void @empty_0, void @empty_0"   --->   Operation 49 'specinterface' 'specinterface_ln0' <Predicate = true> <Delay = 0.00>
ST_20 : Operation 50 [1/1] (0.00ns)   --->   "%specinterface_ln0 = specinterface void @_ssdm_op_SpecInterface, i32 0, void @empty, i32 0, i32 0, void @empty_0, i32 0, i32 0, void @empty_1, void @empty_5, void @empty_0, i32 0, i32 0, i32 0, i32 0, void @empty_0, void @empty_0"   --->   Operation 50 'specinterface' 'specinterface_ln0' <Predicate = true> <Delay = 0.00>
ST_20 : Operation 51 [1/20] (3.64ns)   --->   "%q = udiv i16 %a_read, i16 %b_read" [hls_divider.cpp:6]   --->   Operation 51 'udiv' 'q' <Predicate = true> <Delay = 3.64> <CoreInst = "DivnS_SEQ">   --->   Core 7 'DivnS_SEQ' <Latency = 19> <II = 16> <Delay = 3.64> <FuncUnit> <Opcode : 'sdiv' 'srem' 'udiv' 'urem'> <InPorts = 2> <OutPorts = 1>
ST_20 : Operation 52 [1/1] (0.00ns)   --->   "%zext_ln6 = zext i16 %q" [hls_divider.cpp:6]   --->   Operation 52 'zext' 'zext_ln6' <Predicate = true> <Delay = 0.00>
ST_20 : Operation 53 [1/1] (0.00ns)   --->   "%ret_ln7 = ret i32 %zext_ln6" [hls_divider.cpp:7]   --->   Operation 53 'ret' 'ret_ln7' <Predicate = true> <Delay = 0.00>


============================================================
+ Verbose Summary: Binding
============================================================
STG Binding: 
---------------- STG Properties BEGIN ----------------
- Is combinational: 0
- Is one-state seq: 0
- Is datapath-only: 0
- Is pipelined: 0
- Is top level: 1
Port [ Return ] is wired: 1; IO mode=ap_ctrl_hs:ce=0
Port [ a]:  wired=1; compound=0; hidden=0; nouse=0; global=0; static=0; extern=0; dir=0; type=0; pingpong=0; private_global=0; IO mode=ap_none:ce=0
Port [ b]:  wired=1; compound=0; hidden=0; nouse=0; global=0; static=0; extern=0; dir=0; type=0; pingpong=0; private_global=0; IO mode=ap_none:ce=0
---------------- STG Properties END ------------------

---------------- Datapath Model BEGIN ----------------

<LifeTime>
<method=bitvector/>
b_read            (read         ) [ 001111111111111111111]
a_read            (read         ) [ 001111111111111111111]
specbitsmap_ln0   (specbitsmap  ) [ 000000000000000000000]
spectopmodule_ln0 (spectopmodule) [ 000000000000000000000]
specbitsmap_ln0   (specbitsmap  ) [ 000000000000000000000]
specinterface_ln0 (specinterface) [ 000000000000000000000]
specinterface_ln0 (specinterface) [ 000000000000000000000]
specbitsmap_ln0   (specbitsmap  ) [ 000000000000000000000]
specinterface_ln0 (specinterface) [ 000000000000000000000]
specinterface_ln0 (specinterface) [ 000000000000000000000]
specinterface_ln0 (specinterface) [ 000000000000000000000]
q                 (udiv         ) [ 000000000000000000000]
zext_ln6          (zext         ) [ 000000000000000000000]
ret_ln7           (ret          ) [ 000000000000000000000]
</LifeTime>

<model>

<comp_list>
<comp id="0" class="1000" name="a">
<pin_list>
<pin id="1" dir="1" index="0" bw="1" slack="0"/>
</pin_list>
<bind>
<StgValue><ssdm name="a"/></StgValue>
</bind>
</comp>

<comp id="2" class="1000" name="b">
<pin_list>
<pin id="3" dir="1" index="0" bw="1" slack="0"/>
</pin_list>
<bind>
<StgValue><ssdm name="b"/></StgValue>
</bind>
</comp>

<comp id="4" class="1001" name="const_4">
<pin_list>
<pin id="5" dir="1" index="0" bw="1" slack="0"/>
</pin_list>
<bind>
<StgValue><ssdm name="_ssdm_op_Read.s_axilite.i16"/></StgValue>
</bind>
</comp>

<comp id="6" class="1001" name="const_6">
<pin_list>
<pin id="7" dir="1" index="0" bw="1" slack="2147483647"/>
</pin_list>
<bind>
<StgValue><ssdm name="_ssdm_op_SpecBitsMap"/></StgValue>
</bind>
</comp>

<comp id="8" class="1001" name="const_8">
<pin_list>
<pin id="9" dir="1" index="0" bw="1" slack="2147483647"/>
</pin_list>
<bind>
<StgValue><ssdm name=""/></StgValue>
</bind>
</comp>

<comp id="10" class="1001" name="const_10">
<pin_list>
<pin id="11" dir="1" index="0" bw="1" slack="2147483647"/>
</pin_list>
<bind>
<StgValue><ssdm name="_ssdm_op_SpecTopModule"/></StgValue>
</bind>
</comp>

<comp id="12" class="1001" name="const_12">
<pin_list>
<pin id="13" dir="1" index="0" bw="1" slack="2147483647"/>
</pin_list>
<bind>
<StgValue><ssdm name="empty_6"/></StgValue>
</bind>
</comp>

<comp id="14" class="1001" name="const_14">
<pin_list>
<pin id="15" dir="1" index="0" bw="1" slack="2147483647"/>
</pin_list>
<bind>
<StgValue><ssdm name="_ssdm_op_SpecInterface"/></StgValue>
</bind>
</comp>

<comp id="16" class="1001" name="const_16">
<pin_list>
<pin id="17" dir="1" index="0" bw="1" slack="2147483647"/>
</pin_list>
<bind>
<StgValue><ssdm name="empty"/></StgValue>
</bind>
</comp>

<comp id="18" class="1001" name="const_18">
<pin_list>
<pin id="19" dir="1" index="0" bw="1" slack="2147483647"/>
</pin_list>
<bind>
<StgValue><ssdm name="empty_0"/></StgValue>
</bind>
</comp>

<comp id="20" class="1001" name="const_20">
<pin_list>
<pin id="21" dir="1" index="0" bw="1" slack="2147483647"/>
</pin_list>
<bind>
<StgValue><ssdm name="empty_1"/></StgValue>
</bind>
</comp>

<comp id="22" class="1001" name="const_22">
<pin_list>
<pin id="23" dir="1" index="0" bw="1" slack="2147483647"/>
</pin_list>
<bind>
<StgValue><ssdm name="empty_2"/></StgValue>
</bind>
</comp>

<comp id="24" class="1001" name="const_24">
<pin_list>
<pin id="25" dir="1" index="0" bw="1" slack="2147483647"/>
</pin_list>
<bind>
<StgValue><ssdm name="empty_3"/></StgValue>
</bind>
</comp>

<comp id="26" class="1001" name="const_26">
<pin_list>
<pin id="27" dir="1" index="0" bw="1" slack="2147483647"/>
</pin_list>
<bind>
<StgValue><ssdm name="empty_4"/></StgValue>
</bind>
</comp>

<comp id="28" class="1001" name="const_28">
<pin_list>
<pin id="29" dir="1" index="0" bw="1" slack="2147483647"/>
</pin_list>
<bind>
<StgValue><ssdm name="empty_5"/></StgValue>
</bind>
</comp>

<comp id="30" class="1004" name="b_read_read_fu_30">
<pin_list>
<pin id="31" dir="0" index="0" bw="16" slack="0"/>
<pin id="32" dir="0" index="1" bw="16" slack="0"/>
<pin id="33" dir="1" index="2" bw="16" slack="0"/>
</pin_list>
<bind>
<opcode="read(1150) " fcode="read"/>
<opset="b_read/1 "/>
</bind>
</comp>

<comp id="36" class="1004" name="a_read_read_fu_36">
<pin_list>
<pin id="37" dir="0" index="0" bw="16" slack="0"/>
<pin id="38" dir="0" index="1" bw="16" slack="0"/>
<pin id="39" dir="1" index="2" bw="16" slack="0"/>
</pin_list>
<bind>
<opcode="read(1150) " fcode="read"/>
<opset="a_read/1 "/>
</bind>
</comp>

<comp id="42" class="1004" name="grp_fu_42">
<pin_list>
<pin id="43" dir="0" index="0" bw="16" slack="0"/>
<pin id="44" dir="0" index="1" bw="16" slack="0"/>
<pin id="45" dir="1" index="2" bw="16" slack="0"/>
</pin_list>
<bind>
<opcode="udiv(14) " fcode="udiv"/>
<opset="q/1 "/>
</bind>
</comp>

<comp id="48" class="1004" name="zext_ln6_fu_48">
<pin_list>
<pin id="49" dir="0" index="0" bw="16" slack="0"/>
<pin id="50" dir="1" index="1" bw="32" slack="2147483647"/>
</pin_list>
<bind>
<opcode="zext(34) " fcode="zext"/>
<opset="zext_ln6/20 "/>
</bind>
</comp>

<comp id="52" class="1005" name="b_read_reg_52">
<pin_list>
<pin id="53" dir="0" index="0" bw="16" slack="1"/>
<pin id="54" dir="1" index="1" bw="16" slack="1"/>
</pin_list>
<bind>
<opset="b_read "/>
</bind>
</comp>

<comp id="57" class="1005" name="a_read_reg_57">
<pin_list>
<pin id="58" dir="0" index="0" bw="16" slack="1"/>
<pin id="59" dir="1" index="1" bw="16" slack="1"/>
</pin_list>
<bind>
<opset="a_read "/>
</bind>
</comp>

</comp_list>

<net_list>
<net id="34"><net_src comp="4" pin="0"/><net_sink comp="30" pin=0"/></net>

<net id="35"><net_src comp="2" pin="0"/><net_sink comp="30" pin=1"/></net>

<net id="40"><net_src comp="4" pin="0"/><net_sink comp="36" pin=0"/></net>

<net id="41"><net_src comp="0" pin="0"/><net_sink comp="36" pin=1"/></net>

<net id="46"><net_src comp="36" pin="2"/><net_sink comp="42" pin=0"/></net>

<net id="47"><net_src comp="30" pin="2"/><net_sink comp="42" pin=1"/></net>

<net id="51"><net_src comp="42" pin="2"/><net_sink comp="48" pin=0"/></net>

<net id="55"><net_src comp="30" pin="2"/><net_sink comp="52" pin=0"/></net>

<net id="56"><net_src comp="52" pin="1"/><net_sink comp="42" pin=1"/></net>

<net id="60"><net_src comp="36" pin="2"/><net_sink comp="57" pin=0"/></net>

<net id="61"><net_src comp="57" pin="1"/><net_sink comp="42" pin=0"/></net>

</net_list>

</model> 
---------------- Datapath Model END ------------------

* FSMD analyzer results:
  - Output states:
 - Input state : 
	Port: hls_divider : a | {1 }
	Port: hls_divider : b | {1 }
  - Chain level:
	State 1
	State 2
	State 3
	State 4
	State 5
	State 6
	State 7
	State 8
	State 9
	State 10
	State 11
	State 12
	State 13
	State 14
	State 15
	State 16
	State 17
	State 18
	State 19
	State 20
		zext_ln6 : 1
		ret_ln7 : 2


============================================================
+ Verbose Summary: Datapath Resource usage 
============================================================

* Functional unit list:
|----------|-------------------|---------|---------|
| Operation|  Functional Unit  |    FF   |   LUT   |
|----------|-------------------|---------|---------|
|   udiv   |     grp_fu_42     |   202   |   123   |
|----------|-------------------|---------|---------|
|   read   | b_read_read_fu_30 |    0    |    0    |
|          | a_read_read_fu_36 |    0    |    0    |
|----------|-------------------|---------|---------|
|   zext   |   zext_ln6_fu_48  |    0    |    0    |
|----------|-------------------|---------|---------|
|   Total  |                   |   202   |   123   |
|----------|-------------------|---------|---------|

Memories:
N/A

* Register list:
+-------------+--------+
|             |   FF   |
+-------------+--------+
|a_read_reg_57|   16   |
|b_read_reg_52|   16   |
+-------------+--------+
|    Total    |   32   |
+-------------+--------+

* Multiplexer (MUX) list: 
|-----------|------|------|------|--------||---------||---------|
|    Comp   |  Pin | Size |  BW  | S x BW ||  Delay  ||   LUT   |
|-----------|------|------|------|--------||---------||---------|
| grp_fu_42 |  p0  |   2  |  16  |   32   ||    9    |
| grp_fu_42 |  p1  |   2  |  16  |   32   ||    9    |
|-----------|------|------|------|--------||---------||---------|
|   Total   |      |      |      |   64   ||  3.176  ||    18   |
|-----------|------|------|------|--------||---------||---------|



* Summary:
+-----------+--------+--------+--------+
|           |  Delay |   FF   |   LUT  |
+-----------+--------+--------+--------+
|  Function |    -   |   202  |   123  |
|   Memory  |    -   |    -   |    -   |
|Multiplexer|    3   |    -   |   18   |
|  Register |    -   |   32   |    -   |
+-----------+--------+--------+--------+
|   Total   |    3   |   234  |   141  |
+-----------+--------+--------+--------+
