Copyright 1986-2021 Xilinx, Inc. All Rights Reserved.
------------------------------------------------------------------------------------------------------------------------------------------
| Tool Version : Vivado v.2021.1.1 (win64) Build 3286242 Wed Jul 28 13:10:47 MDT 2021
| Date         : Sat Oct 23 11:34:56 2021
| Host         : DESKTOP-R7BDQNG running 64-bit major release  (build 9200)
| Command      : report_drc -file Zynq_CPU_wrapper_drc_routed.rpt -pb Zynq_CPU_wrapper_drc_routed.pb -rpx Zynq_CPU_wrapper_drc_routed.rpx
| Design       : Zynq_CPU_wrapper
| Device       : xc7z020clg400-1
| Speed File   : -1
| Design State : Fully Routed
------------------------------------------------------------------------------------------------------------------------------------------

Report DRC

Table of Contents
-----------------
1. REPORT SUMMARY
2. REPORT DETAILS

1. REPORT SUMMARY
-----------------
            Netlist: netlist
          Floorplan: design_1
      Design limits: <entire design considered>
           Ruledeck: default
             Max violations: <unlimited>
             Violations found: 3
+--------+----------+------------------------+------------+
| Rule   | Severity | Description            | Violations |
+--------+----------+------------------------+------------+
| DPIP-1 | Warning  | Input pipelining       | 2          |
| DPOP-2 | Warning  | MREG Output pipelining | 1          |
+--------+----------+------------------------+------------+

2. REPORT DETAILS
-----------------
DPIP-1#1 Warning
Input pipelining  
DSP Zynq_CPU_i/rtl_multiplier_0/inst/rtl_multiplier_v1_0_S00_AXI_inst/rtl_mult_instance_01/productReg_reg input Zynq_CPU_i/rtl_multiplier_0/inst/rtl_multiplier_v1_0_S00_AXI_inst/rtl_mult_instance_01/productReg_reg/A[29:0] is not pipelined. Pipelining DSP48 input will improve performance.
Related violations: <none>

DPIP-1#2 Warning
Input pipelining  
DSP Zynq_CPU_i/rtl_multiplier_0/inst/rtl_multiplier_v1_0_S00_AXI_inst/rtl_mult_instance_01/productReg_reg input Zynq_CPU_i/rtl_multiplier_0/inst/rtl_multiplier_v1_0_S00_AXI_inst/rtl_mult_instance_01/productReg_reg/B[17:0] is not pipelined. Pipelining DSP48 input will improve performance.
Related violations: <none>

DPOP-2#1 Warning
MREG Output pipelining  
DSP Zynq_CPU_i/rtl_multiplier_0/inst/rtl_multiplier_v1_0_S00_AXI_inst/rtl_mult_instance_01/productReg_reg multiplier stage Zynq_CPU_i/rtl_multiplier_0/inst/rtl_multiplier_v1_0_S00_AXI_inst/rtl_mult_instance_01/productReg_reg/P[47:0] is not pipelined (MREG=0). Pipelining the multiplier function will improve performance and will save significant power so it is suggested whenever possible to fully pipeline this function.  If this multiplier was inferred, it is suggested to describe an additional register stage after this function.  If there is no registered adder/accumulator following the multiply function, two pipeline stages are suggested to allow both the MREG and PREG registers to be used.  If the DSP48 was instantiated in the design, it is suggested to set both the MREG and PREG attributes to 1 when performing multiply functions.
Related violations: <none>


