

================================================================
== Vitis HLS Report for 'yuv_filter'
================================================================
* Date:           Tue Nov  2 10:41:56 2021

* Version:        2021.1.1 (Build 3286242 on Wed Jul 28 13:10:47 MDT 2021)
* Project:        yuv_filter.prj
* Solution:       solution3 (Vivado IP Flow Target)
* Product family: zynq
* Target device:  xc7z020-clg400-1


================================================================
== Performance Estimates
================================================================
+ Timing: 
    * Summary: 
    +--------+----------+----------+------------+
    |  Clock |  Target  | Estimated| Uncertainty|
    +--------+----------+----------+------------+
    |ap_clk  |  10.00 ns|  7.271 ns|     2.70 ns|
    +--------+----------+----------+------------+

+ Latency: 
    * Summary: 
    +---------+---------+----------+-----------+-------+---------+----------+
    |  Latency (cycles) |  Latency (absolute)  |     Interval    | Pipeline |
    |   min   |   max   |    min   |    max    |  min  |   max   |   Type   |
    +---------+---------+----------+-----------+-------+---------+----------+
    |    40023|  2457623|  0.400 ms|  24.576 ms|  40015|  2457615|  dataflow|
    +---------+---------+----------+-----------+-------+---------+----------+

    + Detail: 
        * Instance: 
        N/A

        * Loop: 
        N/A

============================================================
+ Verbose Summary: Synthesis Manager
============================================================
InlineROM: 1
ExposeGlobal: 0
============================================================
+ Verbose Summary: CDFG Model
============================================================
IsTopModel: 1
ResetActiveHigh: 1
IsCombinational: 2
IsDatapathOnly: 0
HasWiredReturn: 1
HasMFsm: 0
HasVarLatency: 1
IsPipeline: 0
IsRtlPipelined: 0
IsInstanceOverlapped: 0
IsDontTouch: 0
HasImplIP: 0
IsGatedGlobalClock: 0


============================================================
+ Verbose Summary: Schedule
============================================================
* Number of FSM states : 6
* Pipeline : 0
* Dataflow Pipeline: 1
  DF-Pipeline-0: Size = 6, States = { 1 2 3 4 5 6 }

* FSM state transitions: 
1 --> 2 
2 --> 3 
3 --> 4 
4 --> 5 
5 --> 6 
6 --> 

* FSM state operations: 

State 1 <SV = 0> <Delay = 3.63>
ST_1 : Operation 7 [1/1] (0.00ns)   --->   "%p_scale_height = alloca i64 1" [yuv_filter.c:18]   --->   Operation 7 'alloca' 'p_scale_height' <Predicate = true> <Delay = 0.00> <CoreInst = "FIFO_SRL">   --->   Core 81 'FIFO_SRL' <Latency = 0> <II = 1> <Delay = 3.63> <Storage> <Opcode : 'read' 'write' 'nbread' 'nbwrite'> <Ports = 0> <Width = 16> <Depth = 2> <FIFO>
ST_1 : Operation 8 [1/1] (0.00ns)   --->   "%p_scale_width = alloca i64 1" [yuv_filter.c:18]   --->   Operation 8 'alloca' 'p_scale_width' <Predicate = true> <Delay = 0.00> <CoreInst = "FIFO_SRL">   --->   Core 81 'FIFO_SRL' <Latency = 0> <II = 1> <Delay = 3.63> <Storage> <Opcode : 'read' 'write' 'nbread' 'nbwrite'> <Ports = 0> <Width = 16> <Depth = 2> <FIFO>
ST_1 : Operation 9 [1/1] (0.00ns)   --->   "%p_yuv_height = alloca i64 1" [yuv_filter.c:17]   --->   Operation 9 'alloca' 'p_yuv_height' <Predicate = true> <Delay = 0.00> <CoreInst = "FIFO_SRL">   --->   Core 81 'FIFO_SRL' <Latency = 0> <II = 1> <Delay = 3.63> <Storage> <Opcode : 'read' 'write' 'nbread' 'nbwrite'> <Ports = 0> <Width = 16> <Depth = 2> <FIFO>
ST_1 : Operation 10 [1/1] (0.00ns)   --->   "%p_yuv_width = alloca i64 1" [yuv_filter.c:17]   --->   Operation 10 'alloca' 'p_yuv_width' <Predicate = true> <Delay = 0.00> <CoreInst = "FIFO_SRL">   --->   Core 81 'FIFO_SRL' <Latency = 0> <II = 1> <Delay = 3.63> <Storage> <Opcode : 'read' 'write' 'nbread' 'nbwrite'> <Ports = 0> <Width = 16> <Depth = 2> <FIFO>
ST_1 : Operation 11 [1/1] (0.00ns)   --->   "%V_scale_c = alloca i64 1"   --->   Operation 11 'alloca' 'V_scale_c' <Predicate = true> <Delay = 0.00> <CoreInst = "FIFO_SRL">   --->   Core 81 'FIFO_SRL' <Latency = 0> <II = 1> <Delay = 3.63> <Storage> <Opcode : 'read' 'write' 'nbread' 'nbwrite'> <Ports = 0> <Width = 8> <Depth = 3> <FIFO>
ST_1 : Operation 12 [1/1] (0.00ns)   --->   "%U_scale_c = alloca i64 1"   --->   Operation 12 'alloca' 'U_scale_c' <Predicate = true> <Delay = 0.00> <CoreInst = "FIFO_SRL">   --->   Core 81 'FIFO_SRL' <Latency = 0> <II = 1> <Delay = 3.63> <Storage> <Opcode : 'read' 'write' 'nbread' 'nbwrite'> <Ports = 0> <Width = 8> <Depth = 3> <FIFO>
ST_1 : Operation 13 [1/1] (0.00ns)   --->   "%Y_scale_c = alloca i64 1"   --->   Operation 13 'alloca' 'Y_scale_c' <Predicate = true> <Delay = 0.00> <CoreInst = "FIFO_SRL">   --->   Core 81 'FIFO_SRL' <Latency = 0> <II = 1> <Delay = 3.63> <Storage> <Opcode : 'read' 'write' 'nbread' 'nbwrite'> <Ports = 0> <Width = 8> <Depth = 3> <FIFO>
ST_1 : Operation 14 [1/1] (0.00ns)   --->   "%p_yuv_channels_ch1 = alloca i64 1" [yuv_filter.c:17]   --->   Operation 14 'alloca' 'p_yuv_channels_ch1' <Predicate = true> <Delay = 0.00> <CoreInst = "FIFO_SRL">   --->   Core 81 'FIFO_SRL' <Latency = 0> <II = 1> <Delay = 3.63> <Storage> <Opcode : 'read' 'write' 'nbread' 'nbwrite'> <Ports = 0> <Width = 8> <Depth = 2> <FIFO>
ST_1 : Operation 15 [1/1] (0.00ns)   --->   "%p_yuv_channels_ch2 = alloca i64 1" [yuv_filter.c:17]   --->   Operation 15 'alloca' 'p_yuv_channels_ch2' <Predicate = true> <Delay = 0.00> <CoreInst = "FIFO_SRL">   --->   Core 81 'FIFO_SRL' <Latency = 0> <II = 1> <Delay = 3.63> <Storage> <Opcode : 'read' 'write' 'nbread' 'nbwrite'> <Ports = 0> <Width = 8> <Depth = 2> <FIFO>
ST_1 : Operation 16 [1/1] (0.00ns)   --->   "%p_yuv_channels_ch3 = alloca i64 1" [yuv_filter.c:17]   --->   Operation 16 'alloca' 'p_yuv_channels_ch3' <Predicate = true> <Delay = 0.00> <CoreInst = "FIFO_SRL">   --->   Core 81 'FIFO_SRL' <Latency = 0> <II = 1> <Delay = 3.63> <Storage> <Opcode : 'read' 'write' 'nbread' 'nbwrite'> <Ports = 0> <Width = 8> <Depth = 2> <FIFO>
ST_1 : Operation 17 [1/1] (0.00ns)   --->   "%p_scale_channels_ch1 = alloca i64 1" [yuv_filter.c:18]   --->   Operation 17 'alloca' 'p_scale_channels_ch1' <Predicate = true> <Delay = 0.00> <CoreInst = "FIFO_SRL">   --->   Core 81 'FIFO_SRL' <Latency = 0> <II = 1> <Delay = 3.63> <Storage> <Opcode : 'read' 'write' 'nbread' 'nbwrite'> <Ports = 0> <Width = 8> <Depth = 2> <FIFO>
ST_1 : Operation 18 [1/1] (0.00ns)   --->   "%p_scale_channels_ch2 = alloca i64 1" [yuv_filter.c:18]   --->   Operation 18 'alloca' 'p_scale_channels_ch2' <Predicate = true> <Delay = 0.00> <CoreInst = "FIFO_SRL">   --->   Core 81 'FIFO_SRL' <Latency = 0> <II = 1> <Delay = 3.63> <Storage> <Opcode : 'read' 'write' 'nbread' 'nbwrite'> <Ports = 0> <Width = 8> <Depth = 2> <FIFO>
ST_1 : Operation 19 [1/1] (0.00ns)   --->   "%p_scale_channels_ch3 = alloca i64 1" [yuv_filter.c:18]   --->   Operation 19 'alloca' 'p_scale_channels_ch3' <Predicate = true> <Delay = 0.00> <CoreInst = "FIFO_SRL">   --->   Core 81 'FIFO_SRL' <Latency = 0> <II = 1> <Delay = 3.63> <Storage> <Opcode : 'read' 'write' 'nbread' 'nbwrite'> <Ports = 0> <Width = 8> <Depth = 2> <FIFO>
ST_1 : Operation 20 [2/2] (3.63ns)   --->   "%call_ln23 = call void @rgb2yuv.1, i8 %in_channels_ch1, i8 %in_channels_ch2, i8 %in_channels_ch3, i16 %in_width, i16 %in_height, i8 %p_yuv_channels_ch1, i8 %p_yuv_channels_ch2, i8 %p_yuv_channels_ch3, i16 %p_yuv_width, i16 %p_yuv_height" [yuv_filter.c:23]   --->   Operation 20 'call' 'call_ln23' <Predicate = true> <Delay = 3.63> <CoreType = "Generic">   --->   Core 0 '' <Latency = 0> <II = 1> <Delay = 1.00> <Generic> <Opcode : >

State 2 <SV = 1> <Delay = 3.63>
ST_2 : Operation 21 [1/1] (0.00ns)   --->   "%V_scale_read = read i8 @_ssdm_op_Read.ap_auto.i8, i8 %V_scale"   --->   Operation 21 'read' 'V_scale_read' <Predicate = true> <Delay = 0.00>
ST_2 : Operation 22 [1/1] (0.00ns)   --->   "%U_scale_read = read i8 @_ssdm_op_Read.ap_auto.i8, i8 %U_scale"   --->   Operation 22 'read' 'U_scale_read' <Predicate = true> <Delay = 0.00>
ST_2 : Operation 23 [1/1] (0.00ns)   --->   "%Y_scale_read = read i8 @_ssdm_op_Read.ap_auto.i8, i8 %Y_scale"   --->   Operation 23 'read' 'Y_scale_read' <Predicate = true> <Delay = 0.00>
ST_2 : Operation 24 [1/1] (3.63ns)   --->   "%call_ln0 = call void @entry_proc, i8 %Y_scale_read, i8 %Y_scale_c, i8 %U_scale_read, i8 %U_scale_c, i8 %V_scale_read, i8 %V_scale_c"   --->   Operation 24 'call' 'call_ln0' <Predicate = true> <Delay = 3.63> <CoreType = "Generic">   --->   Core 0 '' <Latency = 0> <II = 1> <Delay = 1.00> <Generic> <Opcode : >
ST_2 : Operation 25 [1/2] (0.00ns)   --->   "%call_ln23 = call void @rgb2yuv.1, i8 %in_channels_ch1, i8 %in_channels_ch2, i8 %in_channels_ch3, i16 %in_width, i16 %in_height, i8 %p_yuv_channels_ch1, i8 %p_yuv_channels_ch2, i8 %p_yuv_channels_ch3, i16 %p_yuv_width, i16 %p_yuv_height" [yuv_filter.c:23]   --->   Operation 25 'call' 'call_ln23' <Predicate = true> <Delay = 0.00> <CoreType = "Generic">   --->   Core 0 '' <Latency = 0> <II = 1> <Delay = 1.00> <Generic> <Opcode : >

State 3 <SV = 2> <Delay = 0.00>
ST_3 : Operation 26 [2/2] (0.00ns)   --->   "%call_ln24 = call void @yuv_scale, i8 %p_yuv_channels_ch1, i8 %p_yuv_channels_ch2, i8 %p_yuv_channels_ch3, i16 %p_yuv_width, i16 %p_yuv_height, i8 %p_scale_channels_ch1, i8 %p_scale_channels_ch2, i8 %p_scale_channels_ch3, i16 %p_scale_width, i16 %p_scale_height, i8 %Y_scale_c, i8 %U_scale_c, i8 %V_scale_c" [yuv_filter.c:24]   --->   Operation 26 'call' 'call_ln24' <Predicate = true> <Delay = 0.00> <CoreType = "Generic">   --->   Core 0 '' <Latency = 0> <II = 1> <Delay = 1.00> <Generic> <Opcode : >

State 4 <SV = 3> <Delay = 0.00>
ST_4 : Operation 27 [1/2] (0.00ns)   --->   "%call_ln24 = call void @yuv_scale, i8 %p_yuv_channels_ch1, i8 %p_yuv_channels_ch2, i8 %p_yuv_channels_ch3, i16 %p_yuv_width, i16 %p_yuv_height, i8 %p_scale_channels_ch1, i8 %p_scale_channels_ch2, i8 %p_scale_channels_ch3, i16 %p_scale_width, i16 %p_scale_height, i8 %Y_scale_c, i8 %U_scale_c, i8 %V_scale_c" [yuv_filter.c:24]   --->   Operation 27 'call' 'call_ln24' <Predicate = true> <Delay = 0.00> <CoreType = "Generic">   --->   Core 0 '' <Latency = 0> <II = 1> <Delay = 1.00> <Generic> <Opcode : >

State 5 <SV = 4> <Delay = 0.00>
ST_5 : Operation 28 [2/2] (0.00ns)   --->   "%call_ln25 = call void @yuv2rgb.1, i8 %p_scale_channels_ch1, i8 %p_scale_channels_ch2, i8 %p_scale_channels_ch3, i16 %p_scale_width, i16 %p_scale_height, i8 %out_channels_ch1, i8 %out_channels_ch2, i8 %out_channels_ch3, i16 %out_width, i16 %out_height" [yuv_filter.c:25]   --->   Operation 28 'call' 'call_ln25' <Predicate = true> <Delay = 0.00> <CoreType = "Generic">   --->   Core 0 '' <Latency = 0> <II = 1> <Delay = 1.00> <Generic> <Opcode : >

State 6 <SV = 5> <Delay = 3.63>
ST_6 : Operation 29 [1/1] (0.00ns)   --->   "%empty = specchannel i32 @_ssdm_op_SpecChannel, void @V_scale_c_str, i32 1, void @p_str, void @p_str, i32 3, i32 0, i8 %V_scale_c, i8 %V_scale_c"   --->   Operation 29 'specchannel' 'empty' <Predicate = true> <Delay = 0.00>
ST_6 : Operation 30 [1/1] (0.00ns)   --->   "%specinterface_ln0 = specinterface void @_ssdm_op_SpecInterface, i8 %V_scale_c, void @ap_fifo_str, i32 0, i32 0, void @p_str, i32 0, i32 0, void @p_str, void @p_str, void @p_str, i32 2, i32 2, i32 16, i32 16, void @p_str, void @p_str"   --->   Operation 30 'specinterface' 'specinterface_ln0' <Predicate = true> <Delay = 0.00>
ST_6 : Operation 31 [1/1] (0.00ns)   --->   "%empty_23 = specchannel i32 @_ssdm_op_SpecChannel, void @U_scale_c_str, i32 1, void @p_str, void @p_str, i32 3, i32 0, i8 %U_scale_c, i8 %U_scale_c"   --->   Operation 31 'specchannel' 'empty_23' <Predicate = true> <Delay = 0.00>
ST_6 : Operation 32 [1/1] (0.00ns)   --->   "%specinterface_ln0 = specinterface void @_ssdm_op_SpecInterface, i8 %U_scale_c, void @ap_fifo_str, i32 0, i32 0, void @p_str, i32 0, i32 0, void @p_str, void @p_str, void @p_str, i32 2, i32 2, i32 16, i32 16, void @p_str, void @p_str"   --->   Operation 32 'specinterface' 'specinterface_ln0' <Predicate = true> <Delay = 0.00>
ST_6 : Operation 33 [1/1] (0.00ns)   --->   "%empty_24 = specchannel i32 @_ssdm_op_SpecChannel, void @Y_scale_c_str, i32 1, void @p_str, void @p_str, i32 3, i32 0, i8 %Y_scale_c, i8 %Y_scale_c"   --->   Operation 33 'specchannel' 'empty_24' <Predicate = true> <Delay = 0.00>
ST_6 : Operation 34 [1/1] (0.00ns)   --->   "%specinterface_ln0 = specinterface void @_ssdm_op_SpecInterface, i8 %Y_scale_c, void @ap_fifo_str, i32 0, i32 0, void @p_str, i32 0, i32 0, void @p_str, void @p_str, void @p_str, i32 2, i32 2, i32 16, i32 16, void @p_str, void @p_str"   --->   Operation 34 'specinterface' 'specinterface_ln0' <Predicate = true> <Delay = 0.00>
ST_6 : Operation 35 [1/1] (0.00ns)   --->   "%specdataflowpipeline_ln0 = specdataflowpipeline void @_ssdm_op_SpecDataflowPipeline, i32 4294967295, i32 0, void @empty_4"   --->   Operation 35 'specdataflowpipeline' 'specdataflowpipeline_ln0' <Predicate = true> <Delay = 0.00>
ST_6 : Operation 36 [1/1] (0.00ns)   --->   "%spectopmodule_ln0 = spectopmodule void @_ssdm_op_SpecTopModule, void @empty_2"   --->   Operation 36 'spectopmodule' 'spectopmodule_ln0' <Predicate = true> <Delay = 0.00>
ST_6 : Operation 37 [1/1] (0.00ns)   --->   "%specinterface_ln0 = specinterface void @_ssdm_op_SpecInterface, i8 %in_channels_ch1, void @empty_5, i32 0, i32 0, void @empty_4, i32 4294967295, i32 0, void @empty_4, void @empty_4, void @empty_4, i32 0, i32 0, i32 0, i32 0, void @empty_4, void @empty_4"   --->   Operation 37 'specinterface' 'specinterface_ln0' <Predicate = true> <Delay = 0.00>
ST_6 : Operation 38 [1/1] (0.00ns)   --->   "%specbitsmap_ln0 = specbitsmap void @_ssdm_op_SpecBitsMap, i8 %in_channels_ch1"   --->   Operation 38 'specbitsmap' 'specbitsmap_ln0' <Predicate = true> <Delay = 0.00>
ST_6 : Operation 39 [1/1] (0.00ns)   --->   "%specinterface_ln0 = specinterface void @_ssdm_op_SpecInterface, i8 %in_channels_ch2, void @empty_5, i32 0, i32 0, void @empty_4, i32 4294967295, i32 0, void @empty_4, void @empty_4, void @empty_4, i32 0, i32 0, i32 0, i32 0, void @empty_4, void @empty_4"   --->   Operation 39 'specinterface' 'specinterface_ln0' <Predicate = true> <Delay = 0.00>
ST_6 : Operation 40 [1/1] (0.00ns)   --->   "%specbitsmap_ln0 = specbitsmap void @_ssdm_op_SpecBitsMap, i8 %in_channels_ch2"   --->   Operation 40 'specbitsmap' 'specbitsmap_ln0' <Predicate = true> <Delay = 0.00>
ST_6 : Operation 41 [1/1] (0.00ns)   --->   "%specinterface_ln0 = specinterface void @_ssdm_op_SpecInterface, i8 %in_channels_ch3, void @empty_5, i32 0, i32 0, void @empty_4, i32 4294967295, i32 0, void @empty_4, void @empty_4, void @empty_4, i32 0, i32 0, i32 0, i32 0, void @empty_4, void @empty_4"   --->   Operation 41 'specinterface' 'specinterface_ln0' <Predicate = true> <Delay = 0.00>
ST_6 : Operation 42 [1/1] (0.00ns)   --->   "%specbitsmap_ln0 = specbitsmap void @_ssdm_op_SpecBitsMap, i8 %in_channels_ch3"   --->   Operation 42 'specbitsmap' 'specbitsmap_ln0' <Predicate = true> <Delay = 0.00>
ST_6 : Operation 43 [1/1] (0.00ns)   --->   "%specbitsmap_ln0 = specbitsmap void @_ssdm_op_SpecBitsMap, i16 %in_width"   --->   Operation 43 'specbitsmap' 'specbitsmap_ln0' <Predicate = true> <Delay = 0.00>
ST_6 : Operation 44 [1/1] (0.00ns)   --->   "%specinterface_ln0 = specinterface void @_ssdm_op_SpecInterface, i16 %in_width, void @empty_3, i32 0, i32 0, void @empty_4, i32 0, i32 0, void @empty_4, void @empty_4, void @empty_4, i32 0, i32 0, i32 0, i32 0, void @empty_4, void @empty_4"   --->   Operation 44 'specinterface' 'specinterface_ln0' <Predicate = true> <Delay = 0.00>
ST_6 : Operation 45 [1/1] (0.00ns)   --->   "%specbitsmap_ln0 = specbitsmap void @_ssdm_op_SpecBitsMap, i16 %in_height"   --->   Operation 45 'specbitsmap' 'specbitsmap_ln0' <Predicate = true> <Delay = 0.00>
ST_6 : Operation 46 [1/1] (0.00ns)   --->   "%specinterface_ln0 = specinterface void @_ssdm_op_SpecInterface, i16 %in_height, void @empty_3, i32 0, i32 0, void @empty_4, i32 0, i32 0, void @empty_4, void @empty_4, void @empty_4, i32 0, i32 0, i32 0, i32 0, void @empty_4, void @empty_4"   --->   Operation 46 'specinterface' 'specinterface_ln0' <Predicate = true> <Delay = 0.00>
ST_6 : Operation 47 [1/1] (0.00ns)   --->   "%specinterface_ln0 = specinterface void @_ssdm_op_SpecInterface, i8 %out_channels_ch1, void @empty_5, i32 0, i32 0, void @empty_4, i32 4294967295, i32 0, void @empty_4, void @empty_4, void @empty_4, i32 0, i32 0, i32 0, i32 0, void @empty_4, void @empty_4"   --->   Operation 47 'specinterface' 'specinterface_ln0' <Predicate = true> <Delay = 0.00>
ST_6 : Operation 48 [1/1] (0.00ns)   --->   "%specbitsmap_ln0 = specbitsmap void @_ssdm_op_SpecBitsMap, i8 %out_channels_ch1"   --->   Operation 48 'specbitsmap' 'specbitsmap_ln0' <Predicate = true> <Delay = 0.00>
ST_6 : Operation 49 [1/1] (0.00ns)   --->   "%specinterface_ln0 = specinterface void @_ssdm_op_SpecInterface, i8 %out_channels_ch2, void @empty_5, i32 0, i32 0, void @empty_4, i32 4294967295, i32 0, void @empty_4, void @empty_4, void @empty_4, i32 0, i32 0, i32 0, i32 0, void @empty_4, void @empty_4"   --->   Operation 49 'specinterface' 'specinterface_ln0' <Predicate = true> <Delay = 0.00>
ST_6 : Operation 50 [1/1] (0.00ns)   --->   "%specbitsmap_ln0 = specbitsmap void @_ssdm_op_SpecBitsMap, i8 %out_channels_ch2"   --->   Operation 50 'specbitsmap' 'specbitsmap_ln0' <Predicate = true> <Delay = 0.00>
ST_6 : Operation 51 [1/1] (0.00ns)   --->   "%specinterface_ln0 = specinterface void @_ssdm_op_SpecInterface, i8 %out_channels_ch3, void @empty_5, i32 0, i32 0, void @empty_4, i32 4294967295, i32 0, void @empty_4, void @empty_4, void @empty_4, i32 0, i32 0, i32 0, i32 0, void @empty_4, void @empty_4"   --->   Operation 51 'specinterface' 'specinterface_ln0' <Predicate = true> <Delay = 0.00>
ST_6 : Operation 52 [1/1] (0.00ns)   --->   "%specbitsmap_ln0 = specbitsmap void @_ssdm_op_SpecBitsMap, i8 %out_channels_ch3"   --->   Operation 52 'specbitsmap' 'specbitsmap_ln0' <Predicate = true> <Delay = 0.00>
ST_6 : Operation 53 [1/1] (0.00ns)   --->   "%specbitsmap_ln0 = specbitsmap void @_ssdm_op_SpecBitsMap, i16 %out_width"   --->   Operation 53 'specbitsmap' 'specbitsmap_ln0' <Predicate = true> <Delay = 0.00>
ST_6 : Operation 54 [1/1] (0.00ns)   --->   "%specinterface_ln0 = specinterface void @_ssdm_op_SpecInterface, i16 %out_width, void @empty_3, i32 0, i32 0, void @empty_4, i32 0, i32 0, void @empty_4, void @empty_4, void @empty_4, i32 0, i32 0, i32 0, i32 0, void @empty_4, void @empty_4"   --->   Operation 54 'specinterface' 'specinterface_ln0' <Predicate = true> <Delay = 0.00>
ST_6 : Operation 55 [1/1] (0.00ns)   --->   "%specbitsmap_ln0 = specbitsmap void @_ssdm_op_SpecBitsMap, i16 %out_height"   --->   Operation 55 'specbitsmap' 'specbitsmap_ln0' <Predicate = true> <Delay = 0.00>
ST_6 : Operation 56 [1/1] (0.00ns)   --->   "%specinterface_ln0 = specinterface void @_ssdm_op_SpecInterface, i16 %out_height, void @empty_3, i32 0, i32 0, void @empty_4, i32 0, i32 0, void @empty_4, void @empty_4, void @empty_4, i32 0, i32 0, i32 0, i32 0, void @empty_4, void @empty_4"   --->   Operation 56 'specinterface' 'specinterface_ln0' <Predicate = true> <Delay = 0.00>
ST_6 : Operation 57 [1/1] (0.00ns)   --->   "%specbitsmap_ln0 = specbitsmap void @_ssdm_op_SpecBitsMap, i8 %Y_scale"   --->   Operation 57 'specbitsmap' 'specbitsmap_ln0' <Predicate = true> <Delay = 0.00>
ST_6 : Operation 58 [1/1] (0.00ns)   --->   "%specinterface_ln0 = specinterface void @_ssdm_op_SpecInterface, i8 %Y_scale, void @empty_3, i32 0, i32 0, void @empty_4, i32 0, i32 0, void @empty_4, void @empty_4, void @empty_4, i32 0, i32 0, i32 0, i32 0, void @empty_4, void @empty_4"   --->   Operation 58 'specinterface' 'specinterface_ln0' <Predicate = true> <Delay = 0.00>
ST_6 : Operation 59 [1/1] (0.00ns)   --->   "%specbitsmap_ln0 = specbitsmap void @_ssdm_op_SpecBitsMap, i8 %U_scale"   --->   Operation 59 'specbitsmap' 'specbitsmap_ln0' <Predicate = true> <Delay = 0.00>
ST_6 : Operation 60 [1/1] (0.00ns)   --->   "%specinterface_ln0 = specinterface void @_ssdm_op_SpecInterface, i8 %U_scale, void @empty_3, i32 0, i32 0, void @empty_4, i32 0, i32 0, void @empty_4, void @empty_4, void @empty_4, i32 0, i32 0, i32 0, i32 0, void @empty_4, void @empty_4"   --->   Operation 60 'specinterface' 'specinterface_ln0' <Predicate = true> <Delay = 0.00>
ST_6 : Operation 61 [1/1] (0.00ns)   --->   "%specbitsmap_ln0 = specbitsmap void @_ssdm_op_SpecBitsMap, i8 %V_scale"   --->   Operation 61 'specbitsmap' 'specbitsmap_ln0' <Predicate = true> <Delay = 0.00>
ST_6 : Operation 62 [1/1] (0.00ns)   --->   "%specinterface_ln0 = specinterface void @_ssdm_op_SpecInterface, i8 %V_scale, void @empty_3, i32 0, i32 0, void @empty_4, i32 0, i32 0, void @empty_4, void @empty_4, void @empty_4, i32 0, i32 0, i32 0, i32 0, void @empty_4, void @empty_4"   --->   Operation 62 'specinterface' 'specinterface_ln0' <Predicate = true> <Delay = 0.00>
ST_6 : Operation 63 [1/1] (0.00ns)   --->   "%empty_25 = specchannel i32 @_ssdm_op_SpecChannel, void @p_yuv_OC_channels_OC_ch1_OC_channel_str, i32 1, void @p_str, void @p_str, i32 2, i32 2457600, i8 %p_yuv_channels_ch1, i8 %p_yuv_channels_ch1"   --->   Operation 63 'specchannel' 'empty_25' <Predicate = true> <Delay = 0.00>
ST_6 : Operation 64 [1/1] (0.00ns)   --->   "%specinterface_ln0 = specinterface void @_ssdm_op_SpecInterface, i8 %p_yuv_channels_ch1, void @ap_fifo_str, i32 0, i32 0, void @p_str, i32 0, i32 0, void @p_str, void @p_str, void @p_str, i32 2, i32 2, i32 16, i32 16, void @p_str, void @p_str"   --->   Operation 64 'specinterface' 'specinterface_ln0' <Predicate = true> <Delay = 0.00>
ST_6 : Operation 65 [1/1] (0.00ns)   --->   "%empty_26 = specchannel i32 @_ssdm_op_SpecChannel, void @p_yuv_OC_channels_OC_ch2_OC_channel_str, i32 1, void @p_str, void @p_str, i32 2, i32 2457600, i8 %p_yuv_channels_ch2, i8 %p_yuv_channels_ch2"   --->   Operation 65 'specchannel' 'empty_26' <Predicate = true> <Delay = 0.00>
ST_6 : Operation 66 [1/1] (0.00ns)   --->   "%specinterface_ln0 = specinterface void @_ssdm_op_SpecInterface, i8 %p_yuv_channels_ch2, void @ap_fifo_str, i32 0, i32 0, void @p_str, i32 0, i32 0, void @p_str, void @p_str, void @p_str, i32 2, i32 2, i32 16, i32 16, void @p_str, void @p_str"   --->   Operation 66 'specinterface' 'specinterface_ln0' <Predicate = true> <Delay = 0.00>
ST_6 : Operation 67 [1/1] (0.00ns)   --->   "%empty_27 = specchannel i32 @_ssdm_op_SpecChannel, void @p_yuv_OC_channels_OC_ch3_OC_channel_str, i32 1, void @p_str, void @p_str, i32 2, i32 2457600, i8 %p_yuv_channels_ch3, i8 %p_yuv_channels_ch3"   --->   Operation 67 'specchannel' 'empty_27' <Predicate = true> <Delay = 0.00>
ST_6 : Operation 68 [1/1] (0.00ns)   --->   "%specinterface_ln0 = specinterface void @_ssdm_op_SpecInterface, i8 %p_yuv_channels_ch3, void @ap_fifo_str, i32 0, i32 0, void @p_str, i32 0, i32 0, void @p_str, void @p_str, void @p_str, i32 2, i32 2, i32 16, i32 16, void @p_str, void @p_str"   --->   Operation 68 'specinterface' 'specinterface_ln0' <Predicate = true> <Delay = 0.00>
ST_6 : Operation 69 [1/1] (0.00ns)   --->   "%empty_28 = specchannel i32 @_ssdm_op_SpecChannel, void @p_scale_OC_channels_OC_ch1_OC_channel_str, i32 1, void @p_str, void @p_str, i32 2, i32 2457600, i8 %p_scale_channels_ch1, i8 %p_scale_channels_ch1"   --->   Operation 69 'specchannel' 'empty_28' <Predicate = true> <Delay = 0.00>
ST_6 : Operation 70 [1/1] (0.00ns)   --->   "%specinterface_ln0 = specinterface void @_ssdm_op_SpecInterface, i8 %p_scale_channels_ch1, void @ap_fifo_str, i32 0, i32 0, void @p_str, i32 0, i32 0, void @p_str, void @p_str, void @p_str, i32 2, i32 2, i32 16, i32 16, void @p_str, void @p_str"   --->   Operation 70 'specinterface' 'specinterface_ln0' <Predicate = true> <Delay = 0.00>
ST_6 : Operation 71 [1/1] (0.00ns)   --->   "%empty_29 = specchannel i32 @_ssdm_op_SpecChannel, void @p_scale_OC_channels_OC_ch2_OC_channel_str, i32 1, void @p_str, void @p_str, i32 2, i32 2457600, i8 %p_scale_channels_ch2, i8 %p_scale_channels_ch2"   --->   Operation 71 'specchannel' 'empty_29' <Predicate = true> <Delay = 0.00>
ST_6 : Operation 72 [1/1] (0.00ns)   --->   "%specinterface_ln0 = specinterface void @_ssdm_op_SpecInterface, i8 %p_scale_channels_ch2, void @ap_fifo_str, i32 0, i32 0, void @p_str, i32 0, i32 0, void @p_str, void @p_str, void @p_str, i32 2, i32 2, i32 16, i32 16, void @p_str, void @p_str"   --->   Operation 72 'specinterface' 'specinterface_ln0' <Predicate = true> <Delay = 0.00>
ST_6 : Operation 73 [1/1] (0.00ns)   --->   "%empty_30 = specchannel i32 @_ssdm_op_SpecChannel, void @p_scale_OC_channels_OC_ch3_OC_channel_str, i32 1, void @p_str, void @p_str, i32 2, i32 2457600, i8 %p_scale_channels_ch3, i8 %p_scale_channels_ch3"   --->   Operation 73 'specchannel' 'empty_30' <Predicate = true> <Delay = 0.00>
ST_6 : Operation 74 [1/1] (0.00ns)   --->   "%specinterface_ln0 = specinterface void @_ssdm_op_SpecInterface, i8 %p_scale_channels_ch3, void @ap_fifo_str, i32 0, i32 0, void @p_str, i32 0, i32 0, void @p_str, void @p_str, void @p_str, i32 2, i32 2, i32 16, i32 16, void @p_str, void @p_str"   --->   Operation 74 'specinterface' 'specinterface_ln0' <Predicate = true> <Delay = 0.00>
ST_6 : Operation 75 [1/1] (0.00ns)   --->   "%empty_31 = specchannel i32 @_ssdm_op_SpecChannel, void @p_yuv_OC_channels_OC_ch1_str, i32 1, void @p_str, void @p_str, i32 2, i32 2457600, i8 %p_yuv_channels_ch1, i8 %p_yuv_channels_ch1"   --->   Operation 75 'specchannel' 'empty_31' <Predicate = true> <Delay = 0.00>
ST_6 : Operation 76 [1/1] (0.00ns)   --->   "%specinterface_ln0 = specinterface void @_ssdm_op_SpecInterface, i8 %p_yuv_channels_ch1, void @ap_fifo_str, i32 0, i32 0, void @p_str, i32 0, i32 0, void @p_str, void @p_str, void @p_str, i32 2, i32 2, i32 16, i32 16, void @p_str, void @p_str"   --->   Operation 76 'specinterface' 'specinterface_ln0' <Predicate = true> <Delay = 0.00>
ST_6 : Operation 77 [1/1] (0.00ns)   --->   "%empty_32 = specchannel i32 @_ssdm_op_SpecChannel, void @p_yuv_OC_channels_OC_ch2_str, i32 1, void @p_str, void @p_str, i32 2, i32 2457600, i8 %p_yuv_channels_ch2, i8 %p_yuv_channels_ch2"   --->   Operation 77 'specchannel' 'empty_32' <Predicate = true> <Delay = 0.00>
ST_6 : Operation 78 [1/1] (0.00ns)   --->   "%specinterface_ln0 = specinterface void @_ssdm_op_SpecInterface, i8 %p_yuv_channels_ch2, void @ap_fifo_str, i32 0, i32 0, void @p_str, i32 0, i32 0, void @p_str, void @p_str, void @p_str, i32 2, i32 2, i32 16, i32 16, void @p_str, void @p_str"   --->   Operation 78 'specinterface' 'specinterface_ln0' <Predicate = true> <Delay = 0.00>
ST_6 : Operation 79 [1/1] (0.00ns)   --->   "%empty_33 = specchannel i32 @_ssdm_op_SpecChannel, void @p_yuv_OC_channels_OC_ch3_str, i32 1, void @p_str, void @p_str, i32 2, i32 2457600, i8 %p_yuv_channels_ch3, i8 %p_yuv_channels_ch3"   --->   Operation 79 'specchannel' 'empty_33' <Predicate = true> <Delay = 0.00>
ST_6 : Operation 80 [1/1] (0.00ns)   --->   "%specinterface_ln0 = specinterface void @_ssdm_op_SpecInterface, i8 %p_yuv_channels_ch3, void @ap_fifo_str, i32 0, i32 0, void @p_str, i32 0, i32 0, void @p_str, void @p_str, void @p_str, i32 2, i32 2, i32 16, i32 16, void @p_str, void @p_str"   --->   Operation 80 'specinterface' 'specinterface_ln0' <Predicate = true> <Delay = 0.00>
ST_6 : Operation 81 [1/1] (0.00ns)   --->   "%empty_34 = specchannel i32 @_ssdm_op_SpecChannel, void @p_yuv_OC_width_OC_channel_str, i32 1, void @p_str, void @p_str, i32 2, i32 0, i16 %p_yuv_width, i16 %p_yuv_width"   --->   Operation 81 'specchannel' 'empty_34' <Predicate = true> <Delay = 0.00>
ST_6 : Operation 82 [1/1] (0.00ns)   --->   "%specinterface_ln0 = specinterface void @_ssdm_op_SpecInterface, i16 %p_yuv_width, void @ap_fifo_str, i32 0, i32 0, void @p_str, i32 0, i32 0, void @p_str, void @p_str, void @p_str, i32 2, i32 2, i32 16, i32 16, void @p_str, void @p_str"   --->   Operation 82 'specinterface' 'specinterface_ln0' <Predicate = true> <Delay = 0.00>
ST_6 : Operation 83 [1/1] (0.00ns)   --->   "%empty_35 = specchannel i32 @_ssdm_op_SpecChannel, void @p_yuv_OC_height_OC_channel_str, i32 1, void @p_str, void @p_str, i32 2, i32 0, i16 %p_yuv_height, i16 %p_yuv_height"   --->   Operation 83 'specchannel' 'empty_35' <Predicate = true> <Delay = 0.00>
ST_6 : Operation 84 [1/1] (0.00ns)   --->   "%specinterface_ln0 = specinterface void @_ssdm_op_SpecInterface, i16 %p_yuv_height, void @ap_fifo_str, i32 0, i32 0, void @p_str, i32 0, i32 0, void @p_str, void @p_str, void @p_str, i32 2, i32 2, i32 16, i32 16, void @p_str, void @p_str"   --->   Operation 84 'specinterface' 'specinterface_ln0' <Predicate = true> <Delay = 0.00>
ST_6 : Operation 85 [1/1] (0.00ns)   --->   "%empty_36 = specchannel i32 @_ssdm_op_SpecChannel, void @p_scale_OC_channels_OC_ch1_str, i32 1, void @p_str, void @p_str, i32 2, i32 2457600, i8 %p_scale_channels_ch1, i8 %p_scale_channels_ch1"   --->   Operation 85 'specchannel' 'empty_36' <Predicate = true> <Delay = 0.00>
ST_6 : Operation 86 [1/1] (0.00ns)   --->   "%specinterface_ln0 = specinterface void @_ssdm_op_SpecInterface, i8 %p_scale_channels_ch1, void @ap_fifo_str, i32 0, i32 0, void @p_str, i32 0, i32 0, void @p_str, void @p_str, void @p_str, i32 2, i32 2, i32 16, i32 16, void @p_str, void @p_str"   --->   Operation 86 'specinterface' 'specinterface_ln0' <Predicate = true> <Delay = 0.00>
ST_6 : Operation 87 [1/1] (0.00ns)   --->   "%empty_37 = specchannel i32 @_ssdm_op_SpecChannel, void @p_scale_OC_channels_OC_ch2_str, i32 1, void @p_str, void @p_str, i32 2, i32 2457600, i8 %p_scale_channels_ch2, i8 %p_scale_channels_ch2"   --->   Operation 87 'specchannel' 'empty_37' <Predicate = true> <Delay = 0.00>
ST_6 : Operation 88 [1/1] (0.00ns)   --->   "%specinterface_ln0 = specinterface void @_ssdm_op_SpecInterface, i8 %p_scale_channels_ch2, void @ap_fifo_str, i32 0, i32 0, void @p_str, i32 0, i32 0, void @p_str, void @p_str, void @p_str, i32 2, i32 2, i32 16, i32 16, void @p_str, void @p_str"   --->   Operation 88 'specinterface' 'specinterface_ln0' <Predicate = true> <Delay = 0.00>
ST_6 : Operation 89 [1/1] (0.00ns)   --->   "%empty_38 = specchannel i32 @_ssdm_op_SpecChannel, void @p_scale_OC_channels_OC_ch3_str, i32 1, void @p_str, void @p_str, i32 2, i32 2457600, i8 %p_scale_channels_ch3, i8 %p_scale_channels_ch3"   --->   Operation 89 'specchannel' 'empty_38' <Predicate = true> <Delay = 0.00>
ST_6 : Operation 90 [1/1] (0.00ns)   --->   "%specinterface_ln0 = specinterface void @_ssdm_op_SpecInterface, i8 %p_scale_channels_ch3, void @ap_fifo_str, i32 0, i32 0, void @p_str, i32 0, i32 0, void @p_str, void @p_str, void @p_str, i32 2, i32 2, i32 16, i32 16, void @p_str, void @p_str"   --->   Operation 90 'specinterface' 'specinterface_ln0' <Predicate = true> <Delay = 0.00>
ST_6 : Operation 91 [1/1] (0.00ns)   --->   "%empty_39 = specchannel i32 @_ssdm_op_SpecChannel, void @p_scale_OC_width_OC_channel_str, i32 1, void @p_str, void @p_str, i32 2, i32 0, i16 %p_scale_width, i16 %p_scale_width"   --->   Operation 91 'specchannel' 'empty_39' <Predicate = true> <Delay = 0.00>
ST_6 : Operation 92 [1/1] (0.00ns)   --->   "%specinterface_ln0 = specinterface void @_ssdm_op_SpecInterface, i16 %p_scale_width, void @ap_fifo_str, i32 0, i32 0, void @p_str, i32 0, i32 0, void @p_str, void @p_str, void @p_str, i32 2, i32 2, i32 16, i32 16, void @p_str, void @p_str"   --->   Operation 92 'specinterface' 'specinterface_ln0' <Predicate = true> <Delay = 0.00>
ST_6 : Operation 93 [1/1] (0.00ns)   --->   "%empty_40 = specchannel i32 @_ssdm_op_SpecChannel, void @p_scale_OC_height_OC_channel_str, i32 1, void @p_str, void @p_str, i32 2, i32 0, i16 %p_scale_height, i16 %p_scale_height"   --->   Operation 93 'specchannel' 'empty_40' <Predicate = true> <Delay = 0.00>
ST_6 : Operation 94 [1/1] (0.00ns)   --->   "%specinterface_ln0 = specinterface void @_ssdm_op_SpecInterface, i16 %p_scale_height, void @ap_fifo_str, i32 0, i32 0, void @p_str, i32 0, i32 0, void @p_str, void @p_str, void @p_str, i32 2, i32 2, i32 16, i32 16, void @p_str, void @p_str"   --->   Operation 94 'specinterface' 'specinterface_ln0' <Predicate = true> <Delay = 0.00>
ST_6 : Operation 95 [1/2] (3.63ns)   --->   "%call_ln25 = call void @yuv2rgb.1, i8 %p_scale_channels_ch1, i8 %p_scale_channels_ch2, i8 %p_scale_channels_ch3, i16 %p_scale_width, i16 %p_scale_height, i8 %out_channels_ch1, i8 %out_channels_ch2, i8 %out_channels_ch3, i16 %out_width, i16 %out_height" [yuv_filter.c:25]   --->   Operation 95 'call' 'call_ln25' <Predicate = true> <Delay = 3.63> <CoreType = "Generic">   --->   Core 0 '' <Latency = 0> <II = 1> <Delay = 1.00> <Generic> <Opcode : >
ST_6 : Operation 96 [1/1] (0.00ns)   --->   "%ret_ln26 = ret" [yuv_filter.c:26]   --->   Operation 96 'ret' 'ret_ln26' <Predicate = true> <Delay = 0.00>


============================================================
+ Verbose Summary: Timing violations
============================================================
Target clock period: 10ns, clock uncertainty: 2.7ns.

 <State 1>: 3.63ns
The critical path consists of the following:
	'alloca' operation ('_yuv.height', yuv_filter.c:17) [19]  (0 ns)
	'call' operation ('call_ln23', yuv_filter.c:23) to 'rgb2yuv.1' [77]  (3.63 ns)

 <State 2>: 3.63ns
The critical path consists of the following:
	wire read operation ('V_scale_read') on port 'V_scale' [14]  (0 ns)
	'call' operation ('call_ln0') to 'entry_proc' [76]  (3.63 ns)

 <State 3>: 0ns
The critical path consists of the following:

 <State 4>: 0ns
The critical path consists of the following:

 <State 5>: 0ns
The critical path consists of the following:

 <State 6>: 3.63ns
The critical path consists of the following:
	'call' operation ('call_ln25', yuv_filter.c:25) to 'yuv2rgb.1' [99]  (3.63 ns)


============================================================
+ Verbose Summary: Binding
============================================================
N/A
* FSMD analyzer results:
  - Output states:
 - Input state : 
  - Chain level:
	State 1
	State 2
	State 3
	State 4
	State 5
	State 6


============================================================
+ Verbose Summary: Datapath Resource usage 
============================================================
N/A
