

================================================================
== Vitis HLS Report for 'yuv_scale'
================================================================
* Date:           Tue Nov  2 10:41:54 2021

* Version:        2021.1.1 (Build 3286242 on Wed Jul 28 13:10:47 MDT 2021)
* Project:        yuv_filter.prj
* Solution:       solution3 (Vivado IP Flow Target)
* Product family: zynq
* Target device:  xc7z020-clg400-1


================================================================
== Performance Estimates
================================================================
+ Timing: 
    * Summary: 
    +--------+----------+----------+------------+
    |  Clock |  Target  | Estimated| Uncertainty|
    +--------+----------+----------+------------+
    |ap_clk  |  10.00 ns|  7.268 ns|     2.70 ns|
    +--------+----------+----------+------------+

+ Latency: 
    * Summary: 
    +---------+---------+----------+-----------+-------+---------+---------+
    |  Latency (cycles) |  Latency (absolute)  |     Interval    | Pipeline|
    |   min   |   max   |    min   |    max    |  min  |   max   |   Type  |
    +---------+---------+----------+-----------+-------+---------+---------+
    |    40009|  2457609|  0.400 ms|  24.576 ms|  40009|  2457609|       no|
    +---------+---------+----------+-----------+-------+---------+---------+

    + Detail: 
        * Instance: 
        N/A

        * Loop: 
        N/A

============================================================
+ Verbose Summary: Synthesis Manager
============================================================
InlineROM: 1
ExposeGlobal: 0
============================================================
+ Verbose Summary: CDFG Model
============================================================
IsTopModel: 0
ResetActiveHigh: 1
IsCombinational: 2
IsDatapathOnly: 0
HasWiredReturn: 1
HasMFsm: 0
HasVarLatency: 1
IsPipeline: 0
IsRtlPipelined: 0
IsInstanceOverlapped: 0
IsDontTouch: 0
HasImplIP: 0
IsGatedGlobalClock: 0


============================================================
+ Verbose Summary: Schedule
============================================================
* Number of FSM states : 6
* Pipeline : 0
* Dataflow Pipeline: 0

* FSM state transitions: 
1 --> 2 
2 --> 3 
3 --> 4 
4 --> 5 
5 --> 6 
6 --> 

* FSM state operations: 

State 1 <SV = 0> <Delay = 7.26>
ST_1 : Operation 7 [1/1] (3.63ns)   --->   "%V_scale_1 = read i8 @_ssdm_op_Read.ap_fifo.i8P0A, i8 %V_scale"   --->   Operation 7 'read' 'V_scale_1' <Predicate = true> <Delay = 3.63> <CoreInst = "FIFO_SRL">   --->   Core 81 'FIFO_SRL' <Latency = 0> <II = 1> <Delay = 3.63> <Storage> <Opcode : 'read' 'write' 'nbread' 'nbwrite'> <Ports = 0> <Width = 8> <Depth = 3> <FIFO>
ST_1 : Operation 8 [1/1] (3.63ns)   --->   "%U_scale_1 = read i8 @_ssdm_op_Read.ap_fifo.i8P0A, i8 %U_scale"   --->   Operation 8 'read' 'U_scale_1' <Predicate = true> <Delay = 3.63> <CoreInst = "FIFO_SRL">   --->   Core 81 'FIFO_SRL' <Latency = 0> <II = 1> <Delay = 3.63> <Storage> <Opcode : 'read' 'write' 'nbread' 'nbwrite'> <Ports = 0> <Width = 8> <Depth = 3> <FIFO>
ST_1 : Operation 9 [1/1] (3.63ns)   --->   "%Y_scale_1 = read i8 @_ssdm_op_Read.ap_fifo.i8P0A, i8 %Y_scale" [yuv_filter.c:111]   --->   Operation 9 'read' 'Y_scale_1' <Predicate = true> <Delay = 3.63> <CoreInst = "FIFO_SRL">   --->   Core 81 'FIFO_SRL' <Latency = 0> <II = 1> <Delay = 3.63> <Storage> <Opcode : 'read' 'write' 'nbread' 'nbwrite'> <Ports = 0> <Width = 8> <Depth = 3> <FIFO>
ST_1 : Operation 10 [1/1] (3.63ns)   --->   "%width = read i16 @_ssdm_op_Read.ap_fifo.i16P0A, i16 %in_width" [yuv_filter.c:123]   --->   Operation 10 'read' 'width' <Predicate = true> <Delay = 3.63> <CoreInst = "FIFO_SRL">   --->   Core 81 'FIFO_SRL' <Latency = 0> <II = 1> <Delay = 3.63> <Storage> <Opcode : 'read' 'write' 'nbread' 'nbwrite'> <Ports = 0> <Width = 16> <Depth = 2> <FIFO>
ST_1 : Operation 11 [1/1] (3.63ns)   --->   "%height = read i16 @_ssdm_op_Read.ap_fifo.i16P0A, i16 %in_height" [yuv_filter.c:124]   --->   Operation 11 'read' 'height' <Predicate = true> <Delay = 3.63> <CoreInst = "FIFO_SRL">   --->   Core 81 'FIFO_SRL' <Latency = 0> <II = 1> <Delay = 3.63> <Storage> <Opcode : 'read' 'write' 'nbread' 'nbwrite'> <Ports = 0> <Width = 16> <Depth = 2> <FIFO>
ST_1 : Operation 12 [1/1] (3.63ns)   --->   "%write_ln125 = write void @_ssdm_op_Write.ap_fifo.i16P0A, i16 %out_width, i16 %width" [yuv_filter.c:125]   --->   Operation 12 'write' 'write_ln125' <Predicate = true> <Delay = 3.63> <CoreInst = "FIFO_SRL">   --->   Core 81 'FIFO_SRL' <Latency = 0> <II = 1> <Delay = 3.63> <Storage> <Opcode : 'read' 'write' 'nbread' 'nbwrite'> <Ports = 0> <Width = 16> <Depth = 2> <FIFO>
ST_1 : Operation 13 [1/1] (3.63ns)   --->   "%write_ln126 = write void @_ssdm_op_Write.ap_fifo.i16P0A, i16 %out_height, i16 %height" [yuv_filter.c:126]   --->   Operation 13 'write' 'write_ln126' <Predicate = true> <Delay = 3.63> <CoreInst = "FIFO_SRL">   --->   Core 81 'FIFO_SRL' <Latency = 0> <II = 1> <Delay = 3.63> <Storage> <Opcode : 'read' 'write' 'nbread' 'nbwrite'> <Ports = 0> <Width = 16> <Depth = 2> <FIFO>
ST_1 : Operation 14 [1/1] (0.00ns)   --->   "%cast = zext i16 %width" [yuv_filter.c:123]   --->   Operation 14 'zext' 'cast' <Predicate = true> <Delay = 0.00>
ST_1 : Operation 15 [1/1] (0.00ns)   --->   "%cast1 = zext i16 %height" [yuv_filter.c:124]   --->   Operation 15 'zext' 'cast1' <Predicate = true> <Delay = 0.00>
ST_1 : Operation 16 [4/4] (2.15ns) (root node of the DSP)   --->   "%bound = mul i32 %cast, i32 %cast1" [yuv_filter.c:123]   --->   Operation 16 'mul' 'bound' <Predicate = true> <Delay = 2.15> <CoreInst = "DSP48">   --->   Core 119 'DSP48' <Latency = 3> <II = 1> <Delay = 2.15> <IPBlock> <Opcode : 'mul' 'add' 'sub' 'select'> <InPorts = 0> <OutPorts = 1> <Sync> <CReg>

State 2 <SV = 1> <Delay = 2.15>
ST_2 : Operation 17 [3/4] (2.15ns) (root node of the DSP)   --->   "%bound = mul i32 %cast, i32 %cast1" [yuv_filter.c:123]   --->   Operation 17 'mul' 'bound' <Predicate = true> <Delay = 2.15> <CoreInst = "DSP48">   --->   Core 119 'DSP48' <Latency = 3> <II = 1> <Delay = 2.15> <IPBlock> <Opcode : 'mul' 'add' 'sub' 'select'> <InPorts = 0> <OutPorts = 1> <Sync> <CReg>

State 3 <SV = 2> <Delay = 2.15>
ST_3 : Operation 18 [2/4] (2.15ns) (root node of the DSP)   --->   "%bound = mul i32 %cast, i32 %cast1" [yuv_filter.c:123]   --->   Operation 18 'mul' 'bound' <Predicate = true> <Delay = 2.15> <CoreInst = "DSP48">   --->   Core 119 'DSP48' <Latency = 3> <II = 1> <Delay = 2.15> <IPBlock> <Opcode : 'mul' 'add' 'sub' 'select'> <InPorts = 0> <OutPorts = 1> <Sync> <CReg>

State 4 <SV = 3> <Delay = 0.00>
ST_4 : Operation 19 [1/4] (0.00ns) (root node of the DSP)   --->   "%bound = mul i32 %cast, i32 %cast1" [yuv_filter.c:123]   --->   Operation 19 'mul' 'bound' <Predicate = true> <Delay = 0.00> <CoreInst = "DSP48">   --->   Core 119 'DSP48' <Latency = 3> <II = 1> <Delay = 2.15> <IPBlock> <Opcode : 'mul' 'add' 'sub' 'select'> <InPorts = 0> <OutPorts = 1> <Sync> <CReg>

State 5 <SV = 4> <Delay = 4.06>
ST_5 : Operation 20 [2/2] (4.06ns)   --->   "%call_ln123 = call void @yuv_scale_Pipeline_YUV_SCALE_LOOP_X_YUV_SCALE_LOOP_Y, i32 %bound, i8 %in_channels_ch1, i8 %in_channels_ch2, i8 %in_channels_ch3, i8 %Y_scale_1, i8 %U_scale_1, i8 %V_scale_1, i8 %out_channels_ch1, i8 %out_channels_ch2, i8 %out_channels_ch3" [yuv_filter.c:123]   --->   Operation 20 'call' 'call_ln123' <Predicate = true> <Delay = 4.06> <CoreType = "Generic">   --->   Core 0 '' <Latency = 0> <II = 1> <Delay = 1.00> <Generic> <Opcode : >

State 6 <SV = 5> <Delay = 0.00>
ST_6 : Operation 21 [1/1] (0.00ns)   --->   "%specinterface_ln0 = specinterface void @_ssdm_op_SpecInterface, i16 %out_height, void @ap_fifo_str, i32 0, i32 0, void @p_str, i32 0, i32 0, void @p_str, void @p_str, void @p_str, i32 2, i32 2, i32 16, i32 16, void @p_str, void @p_str"   --->   Operation 21 'specinterface' 'specinterface_ln0' <Predicate = true> <Delay = 0.00>
ST_6 : Operation 22 [1/1] (0.00ns)   --->   "%specinterface_ln0 = specinterface void @_ssdm_op_SpecInterface, i16 %out_width, void @ap_fifo_str, i32 0, i32 0, void @p_str, i32 0, i32 0, void @p_str, void @p_str, void @p_str, i32 2, i32 2, i32 16, i32 16, void @p_str, void @p_str"   --->   Operation 22 'specinterface' 'specinterface_ln0' <Predicate = true> <Delay = 0.00>
ST_6 : Operation 23 [1/1] (0.00ns)   --->   "%specinterface_ln0 = specinterface void @_ssdm_op_SpecInterface, i8 %out_channels_ch3, void @ap_fifo_str, i32 0, i32 0, void @p_str, i32 0, i32 0, void @p_str, void @p_str, void @p_str, i32 2, i32 2, i32 16, i32 16, void @p_str, void @p_str"   --->   Operation 23 'specinterface' 'specinterface_ln0' <Predicate = true> <Delay = 0.00>
ST_6 : Operation 24 [1/1] (0.00ns)   --->   "%specinterface_ln0 = specinterface void @_ssdm_op_SpecInterface, i8 %out_channels_ch2, void @ap_fifo_str, i32 0, i32 0, void @p_str, i32 0, i32 0, void @p_str, void @p_str, void @p_str, i32 2, i32 2, i32 16, i32 16, void @p_str, void @p_str"   --->   Operation 24 'specinterface' 'specinterface_ln0' <Predicate = true> <Delay = 0.00>
ST_6 : Operation 25 [1/1] (0.00ns)   --->   "%specinterface_ln0 = specinterface void @_ssdm_op_SpecInterface, i8 %out_channels_ch1, void @ap_fifo_str, i32 0, i32 0, void @p_str, i32 0, i32 0, void @p_str, void @p_str, void @p_str, i32 2, i32 2, i32 16, i32 16, void @p_str, void @p_str"   --->   Operation 25 'specinterface' 'specinterface_ln0' <Predicate = true> <Delay = 0.00>
ST_6 : Operation 26 [1/1] (0.00ns)   --->   "%specinterface_ln0 = specinterface void @_ssdm_op_SpecInterface, i16 %in_height, void @ap_fifo_str, i32 0, i32 0, void @p_str, i32 0, i32 0, void @p_str, void @p_str, void @p_str, i32 2, i32 2, i32 16, i32 16, void @p_str, void @p_str"   --->   Operation 26 'specinterface' 'specinterface_ln0' <Predicate = true> <Delay = 0.00>
ST_6 : Operation 27 [1/1] (0.00ns)   --->   "%specinterface_ln0 = specinterface void @_ssdm_op_SpecInterface, i16 %in_width, void @ap_fifo_str, i32 0, i32 0, void @p_str, i32 0, i32 0, void @p_str, void @p_str, void @p_str, i32 2, i32 2, i32 16, i32 16, void @p_str, void @p_str"   --->   Operation 27 'specinterface' 'specinterface_ln0' <Predicate = true> <Delay = 0.00>
ST_6 : Operation 28 [1/1] (0.00ns)   --->   "%specinterface_ln0 = specinterface void @_ssdm_op_SpecInterface, i8 %in_channels_ch3, void @ap_fifo_str, i32 0, i32 0, void @p_str, i32 0, i32 0, void @p_str, void @p_str, void @p_str, i32 2, i32 2, i32 16, i32 16, void @p_str, void @p_str"   --->   Operation 28 'specinterface' 'specinterface_ln0' <Predicate = true> <Delay = 0.00>
ST_6 : Operation 29 [1/1] (0.00ns)   --->   "%specinterface_ln0 = specinterface void @_ssdm_op_SpecInterface, i8 %in_channels_ch2, void @ap_fifo_str, i32 0, i32 0, void @p_str, i32 0, i32 0, void @p_str, void @p_str, void @p_str, i32 2, i32 2, i32 16, i32 16, void @p_str, void @p_str"   --->   Operation 29 'specinterface' 'specinterface_ln0' <Predicate = true> <Delay = 0.00>
ST_6 : Operation 30 [1/1] (0.00ns)   --->   "%specinterface_ln0 = specinterface void @_ssdm_op_SpecInterface, i8 %in_channels_ch1, void @ap_fifo_str, i32 0, i32 0, void @p_str, i32 0, i32 0, void @p_str, void @p_str, void @p_str, i32 2, i32 2, i32 16, i32 16, void @p_str, void @p_str"   --->   Operation 30 'specinterface' 'specinterface_ln0' <Predicate = true> <Delay = 0.00>
ST_6 : Operation 31 [1/1] (0.00ns)   --->   "%specinterface_ln0 = specinterface void @_ssdm_op_SpecInterface, i8 %V_scale, void @ap_fifo_str, i32 0, i32 0, void @p_str, i32 0, i32 0, void @p_str, void @p_str, void @p_str, i32 2, i32 2, i32 16, i32 16, void @p_str, void @ScalarProp_str"   --->   Operation 31 'specinterface' 'specinterface_ln0' <Predicate = true> <Delay = 0.00>
ST_6 : Operation 32 [1/1] (0.00ns)   --->   "%specinterface_ln0 = specinterface void @_ssdm_op_SpecInterface, i8 %U_scale, void @ap_fifo_str, i32 0, i32 0, void @p_str, i32 0, i32 0, void @p_str, void @p_str, void @p_str, i32 2, i32 2, i32 16, i32 16, void @p_str, void @ScalarProp_str"   --->   Operation 32 'specinterface' 'specinterface_ln0' <Predicate = true> <Delay = 0.00>
ST_6 : Operation 33 [1/1] (0.00ns)   --->   "%specinterface_ln0 = specinterface void @_ssdm_op_SpecInterface, i8 %Y_scale, void @ap_fifo_str, i32 0, i32 0, void @p_str, i32 0, i32 0, void @p_str, void @p_str, void @p_str, i32 2, i32 2, i32 16, i32 16, void @p_str, void @ScalarProp_str"   --->   Operation 33 'specinterface' 'specinterface_ln0' <Predicate = true> <Delay = 0.00>
ST_6 : Operation 34 [1/2] (0.00ns)   --->   "%call_ln123 = call void @yuv_scale_Pipeline_YUV_SCALE_LOOP_X_YUV_SCALE_LOOP_Y, i32 %bound, i8 %in_channels_ch1, i8 %in_channels_ch2, i8 %in_channels_ch3, i8 %Y_scale_1, i8 %U_scale_1, i8 %V_scale_1, i8 %out_channels_ch1, i8 %out_channels_ch2, i8 %out_channels_ch3" [yuv_filter.c:123]   --->   Operation 34 'call' 'call_ln123' <Predicate = true> <Delay = 0.00> <CoreType = "Generic">   --->   Core 0 '' <Latency = 0> <II = 1> <Delay = 1.00> <Generic> <Opcode : >
ST_6 : Operation 35 [1/1] (0.00ns)   --->   "%ret_ln145 = ret" [yuv_filter.c:145]   --->   Operation 35 'ret' 'ret_ln145' <Predicate = true> <Delay = 0.00>


============================================================
+ Verbose Summary: Timing violations
============================================================
Target clock period: 10ns, clock uncertainty: 2.7ns.

 <State 1>: 7.27ns
The critical path consists of the following:
	fifo read operation ('width', yuv_filter.c:123) on port 'in_width' (yuv_filter.c:123) [30]  (3.63 ns)
	fifo write operation ('write_ln125', yuv_filter.c:125) on port 'out_width' (yuv_filter.c:125) [32]  (3.63 ns)

 <State 2>: 2.15ns
The critical path consists of the following:
	'mul' operation of DSP[36] ('bound', yuv_filter.c:123) [36]  (2.15 ns)

 <State 3>: 2.15ns
The critical path consists of the following:
	'mul' operation of DSP[36] ('bound', yuv_filter.c:123) [36]  (2.15 ns)

 <State 4>: 0ns
The critical path consists of the following:

 <State 5>: 4.06ns
The critical path consists of the following:
	'call' operation ('call_ln123', yuv_filter.c:123) to 'yuv_scale_Pipeline_YUV_SCALE_LOOP_X_YUV_SCALE_LOOP_Y' [37]  (4.06 ns)

 <State 6>: 0ns
The critical path consists of the following:


============================================================
+ Verbose Summary: Binding
============================================================
N/A
* FSMD analyzer results:
  - Output states:
 - Input state : 
  - Chain level:
	State 1
	State 2
	State 3
	State 4
	State 5
	State 6


============================================================
+ Verbose Summary: Datapath Resource usage 
============================================================
N/A
