Copyright 1986-2021 Xilinx, Inc. All Rights Reserved.
-----------------------------------------------------------------------------------------------
| Tool Version : Vivado v.2021.1.1 (win64) Build 3286242 Wed Jul 28 13:10:47 MDT 2021
| Date         : Thu Dec  9 22:32:49 2021
| Host         : DESKTOP-R7BDQNG running 64-bit major release  (build 9200)
| Command      : report_control_sets -verbose -file fir_filter_wrapper_control_sets_placed.rpt
| Design       : fir_filter_wrapper
| Device       : xc7z020
-----------------------------------------------------------------------------------------------

Control Set Information

Table of Contents
-----------------
1. Summary
2. Histogram
3. Flip-Flop Distribution
4. Detailed Control Set Information

1. Summary
----------

+----------------------------------------------------------+-------+
|                          Status                          | Count |
+----------------------------------------------------------+-------+
| Total control sets                                       |    43 |
|    Minimum number of control sets                        |    43 |
|    Addition due to synthesis replication                 |     0 |
|    Addition due to physical synthesis replication        |     0 |
| Unused register locations in slices containing registers |    89 |
+----------------------------------------------------------+-------+
* Control sets can be merged at opt_design using control_set_merge or merge_equivalent_drivers
** Run report_qor_suggestions for automated merging and remapping suggestions


2. Histogram
------------

+--------------------+-------+
|       Fanout       | Count |
+--------------------+-------+
| Total control sets |    43 |
| >= 0 to < 4        |     2 |
| >= 4 to < 6        |    10 |
| >= 6 to < 8        |     1 |
| >= 8 to < 10       |    13 |
| >= 10 to < 12      |     1 |
| >= 12 to < 14      |     2 |
| >= 14 to < 16      |     2 |
| >= 16              |    12 |
+--------------------+-------+
* Control sets can be remapped at either synth_design or opt_design


3. Flip-Flop Distribution
-------------------------

+--------------+-----------------------+------------------------+-----------------+--------------+
| Clock Enable | Synchronous Set/Reset | Asynchronous Set/Reset | Total Registers | Total Slices |
+--------------+-----------------------+------------------------+-----------------+--------------+
| No           | No                    | No                     |             109 |           36 |
| No           | No                    | Yes                    |             198 |           52 |
| No           | Yes                   | No                     |              32 |           10 |
| Yes          | No                    | No                     |             271 |           57 |
| Yes          | No                    | Yes                    |               0 |            0 |
| Yes          | Yes                   | No                     |             157 |           31 |
+--------------+-----------------------+------------------------+-----------------+--------------+


4. Detailed Control Set Information
-----------------------------------

+---------------------------------------------------+------------------------------------------------------------------------------------------------------------------------------------------------------------------+---------------------------------------------------------------------------------------------------------------------------------------------------------+------------------+----------------+--------------+
|                    Clock Signal                   |                                                                           Enable Signal                                                                          |                                                                     Set/Reset Signal                                                                    | Slice Load Count | Bel Load Count | Bels / Slice |
+---------------------------------------------------+------------------------------------------------------------------------------------------------------------------------------------------------------------------+---------------------------------------------------------------------------------------------------------------------------------------------------------+------------------+----------------+--------------+
|  fir_filter_i/processing_system7_0/inst/FCLK_CLK0 | fir_filter_i/ps7_0_axi_periph/s00_couplers/auto_pc/inst/gen_axilite.gen_b2s_conv.axilite_b2s/WR.aw_channel_0/aw_cmd_fsm_0/FSM_sequential_state_reg[0]_1          | fir_filter_i/ps7_0_axi_periph/s00_couplers/auto_pc/inst/gen_axilite.gen_b2s_conv.axilite_b2s/WR.aw_channel_0/aw_cmd_fsm_0/FSM_sequential_state_reg[0]_0 |                1 |              1 |         1.00 |
|  fir_filter_i/processing_system7_0/inst/FCLK_CLK0 | fir_filter_i/ps7_0_axi_periph/s00_couplers/auto_pc/inst/gen_axilite.gen_b2s_conv.axilite_b2s/WR.b_channel_0/bid_fifo_0/sel                                       |                                                                                                                                                         |                1 |              2 |         2.00 |
|  fir_filter_i/processing_system7_0/inst/FCLK_CLK0 | fir_filter_i/ps7_0_axi_periph/s00_couplers/auto_pc/inst/gen_axilite.gen_b2s_conv.axilite_b2s/WR.aw_channel_0/cmd_translator_0/incr_cmd_0/axaddr_incr[11]_i_1_n_0 |                                                                                                                                                         |                1 |              4 |         4.00 |
|  fir_filter_i/processing_system7_0/inst/FCLK_CLK0 | fir_filter_i/ps7_0_axi_periph/s00_couplers/auto_pc/inst/gen_axilite.gen_b2s_conv.axilite_b2s/RD.ar_channel_0/ar_cmd_fsm_0/E[0]                                   |                                                                                                                                                         |                2 |              4 |         2.00 |
|  fir_filter_i/processing_system7_0/inst/FCLK_CLK0 |                                                                                                                                                                  | fir_filter_i/rst_ps7_0_100M/U0/EXT_LPF/lpf_int                                                                                                          |                1 |              4 |         4.00 |
|  fir_filter_i/processing_system7_0/inst/FCLK_CLK0 |                                                                                                                                                                  | fir_filter_i/ps7_0_axi_periph/s00_couplers/auto_pc/inst/gen_axilite.gen_b2s_conv.axilite_b2s/SI_REG/aw.aw_pipe/aresetn_d_reg[0]_0                       |                1 |              4 |         4.00 |
|  fir_filter_i/processing_system7_0/inst/FCLK_CLK0 |                                                                                                                                                                  | fir_filter_i/ps7_0_axi_periph/s00_couplers/auto_pc/inst/gen_axilite.gen_b2s_conv.axilite_b2s/SI_REG/ar.ar_pipe/aresetn_d_reg[1]_inv_0                   |                1 |              4 |         4.00 |
|  fir_filter_i/processing_system7_0/inst/FCLK_CLK0 | fir_filter_i/ps7_0_axi_periph/s00_couplers/auto_pc/inst/gen_axilite.gen_b2s_conv.axilite_b2s/RD.ar_channel_0/ar_cmd_fsm_0/m_axi_arready_2                        | fir_filter_i/ps7_0_axi_periph/s00_couplers/auto_pc/inst/gen_axilite.gen_b2s_conv.axilite_b2s/RD.ar_channel_0/ar_cmd_fsm_0/FSM_sequential_state_reg[1]_0 |                1 |              4 |         4.00 |
|  fir_filter_i/processing_system7_0/inst/FCLK_CLK0 | fir_filter_i/ps7_0_axi_periph/s00_couplers/auto_pc/inst/gen_axilite.gen_b2s_conv.axilite_b2s/RD.ar_channel_0/ar_cmd_fsm_0/sel_first_reg[0]                       |                                                                                                                                                         |                1 |              4 |         4.00 |
|  fir_filter_i/processing_system7_0/inst/FCLK_CLK0 | fir_filter_i/ps7_0_axi_periph/s00_couplers/auto_pc/inst/gen_axilite.gen_b2s_conv.axilite_b2s/WR.aw_channel_0/aw_cmd_fsm_0/m_valid_i_reg[0]                       |                                                                                                                                                         |                1 |              4 |         4.00 |
|  fir_filter_i/processing_system7_0/inst/FCLK_CLK0 | fir_filter_i/ps7_0_axi_periph/s00_couplers/auto_pc/inst/gen_axilite.gen_b2s_conv.axilite_b2s/RD.r_channel_0/transaction_fifo_0/cnt_read[4]_i_1_n_0               | fir_filter_i/ps7_0_axi_periph/s00_couplers/auto_pc/inst/gen_axilite.gen_b2s_conv.axilite_b2s/areset_d1                                                  |                2 |              5 |         2.50 |
|  fir_filter_i/processing_system7_0/inst/FCLK_CLK0 | fir_filter_i/ps7_0_axi_periph/s00_couplers/auto_pc/inst/gen_axilite.gen_b2s_conv.axilite_b2s/RD.r_channel_0/rd_data_fifo_0/cnt_read[4]_i_1__0_n_0                | fir_filter_i/ps7_0_axi_periph/s00_couplers/auto_pc/inst/gen_axilite.gen_b2s_conv.axilite_b2s/areset_d1                                                  |                2 |              5 |         2.50 |
|  fir_filter_i/processing_system7_0/inst/FCLK_CLK0 | fir_filter_i/rst_ps7_0_100M/U0/SEQ/seq_cnt_en                                                                                                                    | fir_filter_i/rst_ps7_0_100M/U0/SEQ/SEQ_COUNTER/clear                                                                                                    |                1 |              6 |         6.00 |
|  fir_filter_i/processing_system7_0/inst/FCLK_CLK0 | fir_filter_i/fir_filter_0/inst/fir_filter_v1_0_S00_AXI_inst/slv_reg2[31]_i_1_n_0                                                                                 | fir_filter_i/fir_filter_0/inst/fir_filter_v1_0_S00_AXI_inst/FIR_top_instance_01/multi4/s00_axi_aresetn_0                                                |                1 |              8 |         8.00 |
|  fir_filter_i/processing_system7_0/inst/FCLK_CLK0 | fir_filter_i/ps7_0_axi_periph/s00_couplers/auto_pc/inst/gen_axilite.gen_b2s_conv.axilite_b2s/WR.b_channel_0/mhandshake_r                                         | fir_filter_i/ps7_0_axi_periph/s00_couplers/auto_pc/inst/gen_axilite.gen_b2s_conv.axilite_b2s/WR.b_channel_0/bid_fifo_0/SR[0]                            |                2 |              8 |         4.00 |
|  fir_filter_i/processing_system7_0/inst/FCLK_CLK0 | fir_filter_i/fir_filter_0/inst/fir_filter_v1_0_S00_AXI_inst/p_1_in[7]                                                                                            | fir_filter_i/fir_filter_0/inst/fir_filter_v1_0_S00_AXI_inst/FIR_top_instance_01/multi4/s00_axi_aresetn_0                                                |                1 |              8 |         8.00 |
|  fir_filter_i/processing_system7_0/inst/FCLK_CLK0 | fir_filter_i/fir_filter_0/inst/fir_filter_v1_0_S00_AXI_inst/p_1_in[15]                                                                                           | fir_filter_i/fir_filter_0/inst/fir_filter_v1_0_S00_AXI_inst/FIR_top_instance_01/multi4/s00_axi_aresetn_0                                                |                1 |              8 |         8.00 |
|  fir_filter_i/processing_system7_0/inst/FCLK_CLK0 | fir_filter_i/fir_filter_0/inst/fir_filter_v1_0_S00_AXI_inst/p_1_in[31]                                                                                           | fir_filter_i/fir_filter_0/inst/fir_filter_v1_0_S00_AXI_inst/FIR_top_instance_01/multi4/s00_axi_aresetn_0                                                |                1 |              8 |         8.00 |
|  fir_filter_i/processing_system7_0/inst/FCLK_CLK0 | fir_filter_i/fir_filter_0/inst/fir_filter_v1_0_S00_AXI_inst/p_1_in[23]                                                                                           | fir_filter_i/fir_filter_0/inst/fir_filter_v1_0_S00_AXI_inst/FIR_top_instance_01/multi4/s00_axi_aresetn_0                                                |                1 |              8 |         8.00 |
|  fir_filter_i/processing_system7_0/inst/FCLK_CLK0 | fir_filter_i/fir_filter_0/inst/fir_filter_v1_0_S00_AXI_inst/slv_reg2[7]_i_1_n_0                                                                                  | fir_filter_i/fir_filter_0/inst/fir_filter_v1_0_S00_AXI_inst/FIR_top_instance_01/multi4/s00_axi_aresetn_0                                                |                1 |              8 |         8.00 |
|  fir_filter_i/processing_system7_0/inst/FCLK_CLK0 | fir_filter_i/fir_filter_0/inst/fir_filter_v1_0_S00_AXI_inst/slv_reg0[7]_i_1_n_0                                                                                  | fir_filter_i/fir_filter_0/inst/fir_filter_v1_0_S00_AXI_inst/FIR_top_instance_01/multi4/s00_axi_aresetn_0                                                |                2 |              8 |         4.00 |
|  fir_filter_i/processing_system7_0/inst/FCLK_CLK0 | fir_filter_i/fir_filter_0/inst/fir_filter_v1_0_S00_AXI_inst/slv_reg0[15]_i_1_n_0                                                                                 | fir_filter_i/fir_filter_0/inst/fir_filter_v1_0_S00_AXI_inst/FIR_top_instance_01/multi4/s00_axi_aresetn_0                                                |                1 |              8 |         8.00 |
|  fir_filter_i/processing_system7_0/inst/FCLK_CLK0 | fir_filter_i/fir_filter_0/inst/fir_filter_v1_0_S00_AXI_inst/slv_reg0[31]_i_1_n_0                                                                                 | fir_filter_i/fir_filter_0/inst/fir_filter_v1_0_S00_AXI_inst/FIR_top_instance_01/multi4/s00_axi_aresetn_0                                                |                2 |              8 |         4.00 |
|  fir_filter_i/processing_system7_0/inst/FCLK_CLK0 | fir_filter_i/fir_filter_0/inst/fir_filter_v1_0_S00_AXI_inst/slv_reg0[23]_i_1_n_0                                                                                 | fir_filter_i/fir_filter_0/inst/fir_filter_v1_0_S00_AXI_inst/FIR_top_instance_01/multi4/s00_axi_aresetn_0                                                |                1 |              8 |         8.00 |
|  fir_filter_i/processing_system7_0/inst/FCLK_CLK0 | fir_filter_i/fir_filter_0/inst/fir_filter_v1_0_S00_AXI_inst/slv_reg2[15]_i_1_n_0                                                                                 | fir_filter_i/fir_filter_0/inst/fir_filter_v1_0_S00_AXI_inst/FIR_top_instance_01/multi4/s00_axi_aresetn_0                                                |                1 |              8 |         8.00 |
|  fir_filter_i/processing_system7_0/inst/FCLK_CLK0 | fir_filter_i/fir_filter_0/inst/fir_filter_v1_0_S00_AXI_inst/slv_reg2[23]_i_1_n_0                                                                                 | fir_filter_i/fir_filter_0/inst/fir_filter_v1_0_S00_AXI_inst/FIR_top_instance_01/multi4/s00_axi_aresetn_0                                                |                1 |              8 |         8.00 |
|  fir_filter_i/processing_system7_0/inst/FCLK_CLK0 |                                                                                                                                                                  | fir_filter_i/ps7_0_axi_periph/s00_couplers/auto_pc/inst/gen_axilite.gen_b2s_conv.axilite_b2s/areset_d1                                                  |                3 |             10 |         3.33 |
|  fir_filter_i/processing_system7_0/inst/FCLK_CLK0 | fir_filter_i/ps7_0_axi_periph/s00_couplers/auto_pc/inst/gen_axilite.gen_b2s_conv.axilite_b2s/RD.r_channel_0/r_push_r                                             |                                                                                                                                                         |                4 |             13 |         3.25 |
|  fir_filter_i/processing_system7_0/inst/FCLK_CLK0 | fir_filter_i/ps7_0_axi_periph/s00_couplers/auto_pc/inst/gen_axilite.gen_b2s_conv.axilite_b2s/RD.ar_channel_0/ar_cmd_fsm_0/m_axi_arready_2                        |                                                                                                                                                         |                6 |             13 |         2.17 |
|  fir_filter_i/processing_system7_0/inst/FCLK_CLK0 | fir_filter_i/ps7_0_axi_periph/s00_couplers/auto_pc/inst/gen_axilite.gen_b2s_conv.axilite_b2s/SI_REG/b.b_pipe/p_1_in                                              |                                                                                                                                                         |                2 |             14 |         7.00 |
|  fir_filter_i/processing_system7_0/inst/FCLK_CLK0 | fir_filter_i/ps7_0_axi_periph/s00_couplers/auto_pc/inst/gen_axilite.gen_b2s_conv.axilite_b2s/SI_REG/b.b_pipe/s_ready_i_reg_0                                     |                                                                                                                                                         |                2 |             14 |         7.00 |
|  fir_filter_i/processing_system7_0/inst/FCLK_CLK0 | fir_filter_i/ps7_0_axi_periph/s00_couplers/auto_pc/inst/gen_axilite.gen_b2s_conv.axilite_b2s/WR.aw_channel_0/aw_cmd_fsm_0/FSM_sequential_state_reg[0]_1          |                                                                                                                                                         |                6 |             16 |         2.67 |
|  fir_filter_i/processing_system7_0/inst/FCLK_CLK0 | fir_filter_i/ps7_0_axi_periph/s00_couplers/auto_pc/inst/gen_axilite.gen_b2s_conv.axilite_b2s/WR.aw_channel_0/aw_cmd_fsm_0/m_axi_awready_0                        |                                                                                                                                                         |                3 |             16 |         5.33 |
|  fir_filter_i/processing_system7_0/inst/FCLK_CLK0 | fir_filter_i/ps7_0_axi_periph/s00_couplers/auto_pc/inst/gen_axilite.gen_b2s_conv.axilite_b2s/SI_REG/ar.ar_pipe/s_ready_i_reg_0                                   |                                                                                                                                                         |                5 |             27 |         5.40 |
|  fir_filter_i/processing_system7_0/inst/FCLK_CLK0 | fir_filter_i/ps7_0_axi_periph/s00_couplers/auto_pc/inst/gen_axilite.gen_b2s_conv.axilite_b2s/SI_REG/aw.aw_pipe/s_ready_i_reg_0                                   |                                                                                                                                                         |                5 |             27 |         5.40 |
|  fir_filter_i/processing_system7_0/inst/FCLK_CLK0 | fir_filter_i/ps7_0_axi_periph/s00_couplers/auto_pc/inst/gen_axilite.gen_b2s_conv.axilite_b2s/WR.aw_channel_0/aw_cmd_fsm_0/E[0]                                   |                                                                                                                                                         |                5 |             27 |         5.40 |
|  fir_filter_i/processing_system7_0/inst/FCLK_CLK0 | fir_filter_i/ps7_0_axi_periph/s00_couplers/auto_pc/inst/gen_axilite.gen_b2s_conv.axilite_b2s/RD.ar_channel_0/ar_cmd_fsm_0/m_valid_i_reg[0]                       |                                                                                                                                                         |                7 |             27 |         3.86 |
|  fir_filter_i/processing_system7_0/inst/FCLK_CLK0 | fir_filter_i/fir_filter_0/inst/fir_filter_v1_0_S00_AXI_inst/slv_reg_rden__0                                                                                      | fir_filter_i/fir_filter_0/inst/fir_filter_v1_0_S00_AXI_inst/FIR_top_instance_01/multi4/s00_axi_aresetn_0                                                |                8 |             32 |         4.00 |
|  fir_filter_i/processing_system7_0/inst/FCLK_CLK0 | fir_filter_i/ps7_0_axi_periph/s00_couplers/auto_pc/inst/gen_axilite.gen_b2s_conv.axilite_b2s/RD.r_channel_0/rd_data_fifo_0/wr_en0                                |                                                                                                                                                         |                8 |             32 |         4.00 |
|  fir_filter_i/processing_system7_0/inst/FCLK_CLK0 | fir_filter_i/ps7_0_axi_periph/s00_couplers/auto_pc/inst/gen_axilite.gen_b2s_conv.axilite_b2s/SI_REG/r.r_pipe/p_1_in                                              |                                                                                                                                                         |                7 |             45 |         6.43 |
|  fir_filter_i/processing_system7_0/inst/FCLK_CLK0 | fir_filter_i/ps7_0_axi_periph/s00_couplers/auto_pc/inst/gen_axilite.gen_b2s_conv.axilite_b2s/SI_REG/r.r_pipe/s_ready_i_reg_0                                     |                                                                                                                                                         |                7 |             45 |         6.43 |
|  fir_filter_i/processing_system7_0/inst/FCLK_CLK0 |                                                                                                                                                                  |                                                                                                                                                         |               37 |            110 |         2.97 |
|  fir_filter_i/processing_system7_0/inst/FCLK_CLK0 |                                                                                                                                                                  | fir_filter_i/fir_filter_0/inst/fir_filter_v1_0_S00_AXI_inst/FIR_top_instance_01/multi4/s00_axi_aresetn_0                                                |               56 |            208 |         3.71 |
+---------------------------------------------------+------------------------------------------------------------------------------------------------------------------------------------------------------------------+---------------------------------------------------------------------------------------------------------------------------------------------------------+------------------+----------------+--------------+


