Vivado Simulator 2019.2
Copyright 1986-1999, 2001-2019 Xilinx, Inc. All Rights Reserved.
Running: C:/Xilinx/Vivado/2019.2/bin/unwrapped/win64.o/xelab.exe -wto d35242e0de664c05a569e125c523303a --incr --debug typical --relax --mt 2 -L xbip_utils_v3_0_10 -L xbip_pipe_v3_0_6 -L xbip_bram18k_v3_0_6 -L mult_gen_v12_0_16 -L xil_defaultlib -L unisims_ver -L unimacro_ver -L secureip -L xpm --snapshot FIR_test_behav xil_defaultlib.FIR_test xil_defaultlib.glbl -log elaborate.log 
Using 2 slave threads.
Starting static elaboration
Pass Through NonSizing Optimizer
Completed static elaboration
Starting simulation data flow analysis
Completed simulation data flow analysis
Time Resolution for simulation is 1ps
Compiling package std.standard
Compiling package std.textio
Compiling package ieee.std_logic_1164
Compiling package ieee.numeric_std
Compiling package mult_gen_v12_0_16.mult_gen_v12_0_16_viv_comp
Compiling package xbip_utils_v3_0_10.xbip_utils_v3_0_10_pkg
Compiling package mult_gen_v12_0_16.mult_gen_v12_0_16_pkg
Compiling package ieee.std_logic_arith
Compiling package ieee.std_logic_signed
Compiling package ieee.std_logic_unsigned
Compiling package unisim.vcomponents
Compiling architecture xilinx of entity mult_gen_v12_0_16.ccm_dist_mem [\ccm_dist_mem(c_addr_width=6,c_d...]
Compiling architecture xilinx of entity mult_gen_v12_0_16.ccm_syncmem [\ccm_syncmem(c_xdevicefamily="zy...]
Compiling architecture xilinx of entity mult_gen_v12_0_16.ccm_scaled_adder [\ccm_scaled_adder(a_width=9,b_wi...]
Compiling architecture xilinx of entity mult_gen_v12_0_16.delay_line [\delay_line(c_xdevicefamily="zyn...]
Compiling architecture xilinx of entity mult_gen_v12_0_16.ccm_operation [\ccm_operation(c_xdevicefamily="...]
Compiling architecture xilinx of entity mult_gen_v12_0_16.ccm [\ccm(c_xdevicefamily="zynq",c_a_...]
Compiling architecture xilinx of entity mult_gen_v12_0_16.mult_gen_v12_0_16_viv [\mult_gen_v12_0_16_viv(c_verbosi...]
Compiling architecture xilinx of entity mult_gen_v12_0_16.mult_gen_v12_0_16 [\mult_gen_v12_0_16(c_xdevicefami...]
Compiling architecture mult_gen_0_arch of entity xil_defaultlib.mult_gen_0 [mult_gen_0_default]
Compiling architecture xilinx of entity mult_gen_v12_0_16.ccm_dist_mem [\ccm_dist_mem(c_addr_width=6,c_d...]
Compiling architecture xilinx of entity mult_gen_v12_0_16.ccm_syncmem [\ccm_syncmem(c_xdevicefamily="zy...]
Compiling architecture xilinx of entity mult_gen_v12_0_16.ccm_operation [\ccm_operation(c_xdevicefamily="...]
Compiling architecture xilinx of entity mult_gen_v12_0_16.ccm [\ccm(c_xdevicefamily="zynq",c_a_...]
Compiling architecture xilinx of entity mult_gen_v12_0_16.mult_gen_v12_0_16_viv [\mult_gen_v12_0_16_viv(c_verbosi...]
Compiling architecture xilinx of entity mult_gen_v12_0_16.mult_gen_v12_0_16 [\mult_gen_v12_0_16(c_xdevicefami...]
Compiling architecture mult_gen_1_arch of entity xil_defaultlib.mult_gen_1 [mult_gen_1_default]
Compiling architecture xilinx of entity mult_gen_v12_0_16.ccm_dist_mem [\ccm_dist_mem(c_addr_width=6,c_d...]
Compiling architecture xilinx of entity mult_gen_v12_0_16.ccm_syncmem [\ccm_syncmem(c_xdevicefamily="zy...]
Compiling architecture xilinx of entity mult_gen_v12_0_16.ccm_scaled_adder [\ccm_scaled_adder(a_width=12,b_w...]
Compiling architecture xilinx of entity mult_gen_v12_0_16.delay_line [\delay_line(c_xdevicefamily="zyn...]
Compiling architecture xilinx of entity mult_gen_v12_0_16.ccm_operation [\ccm_operation(c_xdevicefamily="...]
Compiling architecture xilinx of entity mult_gen_v12_0_16.ccm [\ccm(c_xdevicefamily="zynq",c_a_...]
Compiling architecture xilinx of entity mult_gen_v12_0_16.mult_gen_v12_0_16_viv [\mult_gen_v12_0_16_viv(c_verbosi...]
Compiling architecture xilinx of entity mult_gen_v12_0_16.mult_gen_v12_0_16 [\mult_gen_v12_0_16(c_xdevicefami...]
Compiling architecture mult_gen_2_arch of entity xil_defaultlib.mult_gen_2 [mult_gen_2_default]
Compiling architecture xilinx of entity mult_gen_v12_0_16.ccm_dist_mem [\ccm_dist_mem(c_addr_width=6,c_d...]
Compiling architecture xilinx of entity mult_gen_v12_0_16.ccm_syncmem [\ccm_syncmem(c_xdevicefamily="zy...]
Compiling architecture xilinx of entity mult_gen_v12_0_16.ccm_scaled_adder [\ccm_scaled_adder(a_width=14,b_w...]
Compiling architecture xilinx of entity mult_gen_v12_0_16.delay_line [\delay_line(c_xdevicefamily="zyn...]
Compiling architecture xilinx of entity mult_gen_v12_0_16.ccm_operation [\ccm_operation(c_xdevicefamily="...]
Compiling architecture xilinx of entity mult_gen_v12_0_16.ccm [\ccm(c_xdevicefamily="zynq",c_a_...]
Compiling architecture xilinx of entity mult_gen_v12_0_16.mult_gen_v12_0_16_viv [\mult_gen_v12_0_16_viv(c_verbosi...]
Compiling architecture xilinx of entity mult_gen_v12_0_16.mult_gen_v12_0_16 [\mult_gen_v12_0_16(c_xdevicefami...]
Compiling architecture mult_gen_3_arch of entity xil_defaultlib.mult_gen_3 [mult_gen_3_default]
Compiling architecture xilinx of entity mult_gen_v12_0_16.ccm_dist_mem [\ccm_dist_mem(c_addr_width=6,c_d...]
Compiling architecture xilinx of entity mult_gen_v12_0_16.ccm_syncmem [\ccm_syncmem(c_xdevicefamily="zy...]
Compiling architecture xilinx of entity mult_gen_v12_0_16.ccm_scaled_adder [\ccm_scaled_adder(a_width=14,b_w...]
Compiling architecture xilinx of entity mult_gen_v12_0_16.ccm_operation [\ccm_operation(c_xdevicefamily="...]
Compiling architecture xilinx of entity mult_gen_v12_0_16.ccm [\ccm(c_xdevicefamily="zynq",c_a_...]
Compiling architecture xilinx of entity mult_gen_v12_0_16.mult_gen_v12_0_16_viv [\mult_gen_v12_0_16_viv(c_verbosi...]
Compiling architecture xilinx of entity mult_gen_v12_0_16.mult_gen_v12_0_16 [\mult_gen_v12_0_16(c_xdevicefami...]
Compiling architecture mult_gen_4_arch of entity xil_defaultlib.mult_gen_4 [mult_gen_4_default]
Compiling module xil_defaultlib.FIR_top
Compiling module xil_defaultlib.FIR_test
Compiling module xil_defaultlib.glbl
Built simulation snapshot FIR_test_behav
