17:06:42 INFO  : Launching XSCT server: xsct.bat -n  -interactive D:\Documents\GitHub\ECE4810J_FA2021\Lab2\temp_xsdb_launch_script.tcl
17:06:42 INFO  : Platform repository initialization has completed.
17:06:43 INFO  : Registering command handlers for Vitis TCF services
17:06:46 INFO  : XSCT server has started successfully.
17:06:46 INFO  : plnx-install-location is set to ''
17:06:47 INFO  : Successfully done setting XSCT server connection channel  
17:06:47 INFO  : Successfully done query RDI_DATADIR 
17:06:47 INFO  : Successfully done setting workspace for the tool. 
17:07:43 INFO  : Result from executing command 'getProjects': Zynq_CPU_wrapper_hw_platform_3
17:07:43 INFO  : Result from executing command 'getPlatforms': 
17:07:43 WARN  : An unexpected exception occurred in the module 'platform project logging'
17:07:44 INFO  : Platform 'Zynq_CPU_wrapper_hw_platform_3' is added to custom repositories.
17:07:54 INFO  : Platform 'Zynq_CPU_wrapper_hw_platform_3' is added to custom repositories.
17:17:34 INFO  : Checking for BSP changes to sync application flags for project 'hello_hls_rtl_m'...
17:17:34 INFO  : Result from executing command 'getProjects': RemoteSystemsTempFiles;Zynq_CPU_wrapper_hw_platform_3;hello_hls_rtl_m;hello_hls_rtl_m_system
17:17:34 WARN  : Failed to closehw "D:/Documents/GitHub/ECE4810J_FA2021/Lab2/Zynq_CPU_wrapper_hw_platform_3/export/Zynq_CPU_wrapper_hw_platform_3/hw/Zynq_CPU_wrapper_hw_platform_3.xsa"
Reason: D:/Documents/GitHub/ECE4810J_FA2021/Lab2/Zynq_CPU_wrapper_hw_platform_3/export/Zynq_CPU_wrapper_hw_platform_3/hw/Zynq_CPU_wrapper_hw_platform_3.xsa is not available in the current workspace
use 'getprojects' command to see list of available projects in current workspace
17:17:34 INFO  : Result from executing command 'getProjects': RemoteSystemsTempFiles;Zynq_CPU_wrapper_hw_platform_3;hello_hls_rtl_m;hello_hls_rtl_m_system
17:17:34 ERROR : Failed to openhw "D:/Documents/GitHub/ECE4810J_FA2021/Lab2/Zynq_CPU_wrapper_hw_platform_3/export/Zynq_CPU_wrapper_hw_platform_3/hw/Zynq_CPU_wrapper_hw_platform_3.xsa"
Reason: D:/Documents/GitHub/ECE4810J_FA2021/Lab2/Zynq_CPU_wrapper_hw_platform_3/export/Zynq_CPU_wrapper_hw_platform_3/hw/Zynq_CPU_wrapper_hw_platform_3.xsa is not available in the current workspace
use 'getprojects' command to see list of available projects in current workspace
17:17:34 ERROR : Failed to update application flags from BSP for 'hello_hls_rtl_m'. Reason: null
java.lang.NullPointerException
	at com.xilinx.sdx.sw.internal.SDxSwPlatform.<init>(SDxSwPlatform.java:305)
	at com.xilinx.sdx.sw.internal.SDxSwPlatform.create(SDxSwPlatform.java:214)
	at com.xilinx.sdx.sdk.core.util.SdkPlatformHelper.getSwPlatform(SdkPlatformHelper.java:61)
	at com.xilinx.sdx.sdk.core.build.SdkMakefileGenerationListener.getSwPlatform(SdkMakefileGenerationListener.java:160)
	at com.xilinx.sdx.sdk.core.build.SdkMakefileGenerationListener.syncAppFlags(SdkMakefileGenerationListener.java:78)
	at com.xilinx.sdx.sdk.core.build.SdkMakefileGenerationListener.preMakefileGeneration(SdkMakefileGenerationListener.java:48)
	at com.xilinx.sdk.managedbuilder.XilinxGnuMakefileGenerator.notifyPreMakefileGenerationListeners(XilinxGnuMakefileGenerator.java:91)
	at com.xilinx.sdk.managedbuilder.XilinxGnuMakefileGenerator.regenerateMakefiles(XilinxGnuMakefileGenerator.java:75)
	at org.eclipse.cdt.managedbuilder.internal.core.CommonBuilder.performMakefileGeneration(CommonBuilder.java:1006)
	at org.eclipse.cdt.managedbuilder.internal.core.CommonBuilder.performPrebuildGeneration(CommonBuilder.java:873)
	at org.eclipse.cdt.managedbuilder.internal.core.CommonBuilder.build(CommonBuilder.java:748)
	at org.eclipse.cdt.managedbuilder.internal.core.CommonBuilder.build(CommonBuilder.java:513)
	at org.eclipse.cdt.managedbuilder.internal.core.CommonBuilder.build(CommonBuilder.java:459)
	at org.eclipse.core.internal.events.BuildManager$2.run(BuildManager.java:832)
	at org.eclipse.core.runtime.SafeRunner.run(SafeRunner.java:45)
	at org.eclipse.core.internal.events.BuildManager.basicBuild(BuildManager.java:220)
	at org.eclipse.core.internal.events.BuildManager.basicBuild(BuildManager.java:263)
	at org.eclipse.core.internal.events.BuildManager$1.run(BuildManager.java:316)
	at org.eclipse.core.runtime.SafeRunner.run(SafeRunner.java:45)
	at org.eclipse.core.internal.events.BuildManager.basicBuild(BuildManager.java:319)
	at org.eclipse.core.internal.events.BuildManager.basicBuildLoop(BuildManager.java:371)
	at org.eclipse.core.internal.events.BuildManager.build(BuildManager.java:392)
	at org.eclipse.core.internal.resources.Workspace.buildInternal(Workspace.java:515)
	at org.eclipse.core.internal.resources.Workspace.build(Workspace.java:412)
	at org.eclipse.ui.actions.BuildAction$1.runInWorkspace(BuildAction.java:291)
	at org.eclipse.core.internal.resources.InternalWorkspaceJob.run(InternalWorkspaceJob.java:42)
	at org.eclipse.core.internal.jobs.Worker.run(Worker.java:63)
17:17:35 ERROR : Failed to compute checksum of hardware specification file used by project 'hello_hls_rtl_m'
17:17:35 INFO  : Result from executing command 'getProjects': RemoteSystemsTempFiles;Zynq_CPU_wrapper_hw_platform_3;hello_hls_rtl_m;hello_hls_rtl_m_system
17:17:35 ERROR : Failed to openhw "D:/Documents/GitHub/ECE4810J_FA2021/Lab2/Zynq_CPU_wrapper_hw_platform_3/export/Zynq_CPU_wrapper_hw_platform_3/hw/Zynq_CPU_wrapper_hw_platform_3.xsa"
Reason: D:/Documents/GitHub/ECE4810J_FA2021/Lab2/Zynq_CPU_wrapper_hw_platform_3/export/Zynq_CPU_wrapper_hw_platform_3/hw/Zynq_CPU_wrapper_hw_platform_3.xsa is not available in the current workspace
use 'getprojects' command to see list of available projects in current workspace
17:17:36 INFO  : Result from executing command 'getProjects': RemoteSystemsTempFiles;Zynq_CPU_wrapper_hw_platform_3;hello_hls_rtl_m;hello_hls_rtl_m_system
17:17:36 ERROR : Failed to openhw "D:/Documents/GitHub/ECE4810J_FA2021/Lab2/Zynq_CPU_wrapper_hw_platform_3/export/Zynq_CPU_wrapper_hw_platform_3/hw/Zynq_CPU_wrapper_hw_platform_3.xsa"
Reason: D:/Documents/GitHub/ECE4810J_FA2021/Lab2/Zynq_CPU_wrapper_hw_platform_3/export/Zynq_CPU_wrapper_hw_platform_3/hw/Zynq_CPU_wrapper_hw_platform_3.xsa is not available in the current workspace
use 'getprojects' command to see list of available projects in current workspace
17:17:36 INFO  : Result from executing command 'getProjects': RemoteSystemsTempFiles;Zynq_CPU_wrapper_hw_platform_3;hello_hls_rtl_m;hello_hls_rtl_m_system
17:17:36 ERROR : Failed to openhw "D:/Documents/GitHub/ECE4810J_FA2021/Lab2/Zynq_CPU_wrapper_hw_platform_3/export/Zynq_CPU_wrapper_hw_platform_3/hw/Zynq_CPU_wrapper_hw_platform_3.xsa"
Reason: D:/Documents/GitHub/ECE4810J_FA2021/Lab2/Zynq_CPU_wrapper_hw_platform_3/export/Zynq_CPU_wrapper_hw_platform_3/hw/Zynq_CPU_wrapper_hw_platform_3.xsa is not available in the current workspace
use 'getprojects' command to see list of available projects in current workspace
17:40:00 INFO  : Result from executing command 'getProjects': Zynq_CPU_wrapper_hw_platform_3
17:40:00 INFO  : Result from executing command 'getPlatforms': Zynq_CPU_wrapper_hw_platform_3|D:/Documents/GitHub/ECE4810J_FA2021/Lab2/Zynq_CPU_wrapper_hw_platform_3/export/Zynq_CPU_wrapper_hw_platform_3/Zynq_CPU_wrapper_hw_platform_3.xpfm
17:40:00 INFO  : Checking for BSP changes to sync application flags for project 'hello_hls_rtl_m'...
23:26:51 INFO  : Connected to target on host '127.0.0.1' and port '3121'.
23:26:52 INFO  : Jtag cable 'Digilent Arty Z7 003017A70235A' is selected.
23:26:52 INFO  : 'jtag frequency' command is executed.
23:26:52 INFO  : Context for 'APU' is selected.
23:26:52 INFO  : System reset is completed.
23:26:55 INFO  : 'after 3000' command is executed.
23:26:56 INFO  : 'targets -set -filter {jtag_cable_name =~ "Digilent Arty Z7 003017A70235A" && level==0 && jtag_device_ctx=="jsn-Arty Z7-003017A70235A-23727093-0"}' command is executed.
23:26:58 INFO  : Device configured successfully with "D:/Documents/GitHub/ECE4810J_FA2021/Lab2/hello_hls_rtl_m/_ide/bitstream/Zynq_CPU_wrapper_hw_platform_3.bit"
23:26:58 INFO  : Context for 'APU' is selected.
23:26:58 INFO  : Hardware design and registers information is loaded from 'D:/Documents/GitHub/ECE4810J_FA2021/Lab2/Zynq_CPU_wrapper_hw_platform_3/export/Zynq_CPU_wrapper_hw_platform_3/hw/Zynq_CPU_wrapper_hw_platform_3.xsa'.
23:26:58 INFO  : 'configparams force-mem-access 1' command is executed.
23:26:58 INFO  : Context for 'APU' is selected.
23:26:58 INFO  : Sourcing of 'D:/Documents/GitHub/ECE4810J_FA2021/Lab2/hello_hls_rtl_m/_ide/psinit/ps7_init.tcl' is done.
23:26:59 INFO  : 'ps7_init' command is executed.
23:26:59 INFO  : 'ps7_post_config' command is executed.
23:26:59 INFO  : Context for processor 'ps7_cortexa9_0' is selected.
23:26:59 ERROR : Memory write error at 0x100000. MMU section translation fault
23:26:59 INFO  : ----------------XSDB Script----------------
connect -url tcp:127.0.0.1:3121
targets -set -nocase -filter {name =~"APU*"}
rst -system
after 3000
targets -set -filter {jtag_cable_name =~ "Digilent Arty Z7 003017A70235A" && level==0 && jtag_device_ctx=="jsn-Arty Z7-003017A70235A-23727093-0"}
fpga -file D:/Documents/GitHub/ECE4810J_FA2021/Lab2/hello_hls_rtl_m/_ide/bitstream/Zynq_CPU_wrapper_hw_platform_3.bit
targets -set -nocase -filter {name =~"APU*"}
loadhw -hw D:/Documents/GitHub/ECE4810J_FA2021/Lab2/Zynq_CPU_wrapper_hw_platform_3/export/Zynq_CPU_wrapper_hw_platform_3/hw/Zynq_CPU_wrapper_hw_platform_3.xsa -mem-ranges [list {0x40000000 0xbfffffff}] -regs
configparams force-mem-access 1
targets -set -nocase -filter {name =~"APU*"}
source D:/Documents/GitHub/ECE4810J_FA2021/Lab2/hello_hls_rtl_m/_ide/psinit/ps7_init.tcl
ps7_init
ps7_post_config
targets -set -nocase -filter {name =~ "*A9*#0"}
dow D:/Documents/GitHub/ECE4810J_FA2021/Lab2/hello_hls_rtl_m/Debug/hello_hls_rtl_m.elf
----------------End of Script----------------

23:26:59 ERROR : Memory write error at 0x100000. MMU section translation fault
23:28:26 INFO  : Launch of emulator has been cancelled. Launch configuration will be terminated.
23:28:30 INFO  : Connected to target on host '127.0.0.1' and port '3121'.
23:28:30 INFO  : Jtag cable 'Digilent Arty Z7 003017A70235A' is selected.
23:28:30 INFO  : 'jtag frequency' command is executed.
23:28:30 INFO  : Context for 'APU' is selected.
23:28:30 INFO  : System reset is completed.
23:28:33 INFO  : 'after 3000' command is executed.
23:28:33 INFO  : 'targets -set -filter {jtag_cable_name =~ "Digilent Arty Z7 003017A70235A" && level==0 && jtag_device_ctx=="jsn-Arty Z7-003017A70235A-23727093-0"}' command is executed.
23:28:35 INFO  : Device configured successfully with "D:/Documents/GitHub/ECE4810J_FA2021/Lab2/hello_hls_rtl_m/_ide/bitstream/Zynq_CPU_wrapper_hw_platform_3.bit"
23:28:35 INFO  : Context for 'APU' is selected.
23:28:35 INFO  : Hardware design and registers information is loaded from 'D:/Documents/GitHub/ECE4810J_FA2021/Lab2/Zynq_CPU_wrapper_hw_platform_3/export/Zynq_CPU_wrapper_hw_platform_3/hw/Zynq_CPU_wrapper_hw_platform_3.xsa'.
23:28:35 INFO  : 'configparams force-mem-access 1' command is executed.
23:28:35 INFO  : Context for 'APU' is selected.
23:28:35 INFO  : Sourcing of 'D:/Documents/GitHub/ECE4810J_FA2021/Lab2/hello_hls_rtl_m/_ide/psinit/ps7_init.tcl' is done.
23:28:36 INFO  : 'ps7_init' command is executed.
23:28:36 INFO  : 'ps7_post_config' command is executed.
23:28:36 INFO  : Context for processor 'ps7_cortexa9_0' is selected.
23:28:36 INFO  : The application 'D:/Documents/GitHub/ECE4810J_FA2021/Lab2/hello_hls_rtl_m/Debug/hello_hls_rtl_m.elf' is downloaded to processor 'ps7_cortexa9_0'.
23:28:36 INFO  : 'configparams force-mem-access 0' command is executed.
23:28:36 INFO  : ----------------XSDB Script----------------
connect -url tcp:127.0.0.1:3121
targets -set -nocase -filter {name =~"APU*"}
rst -system
after 3000
targets -set -filter {jtag_cable_name =~ "Digilent Arty Z7 003017A70235A" && level==0 && jtag_device_ctx=="jsn-Arty Z7-003017A70235A-23727093-0"}
fpga -file D:/Documents/GitHub/ECE4810J_FA2021/Lab2/hello_hls_rtl_m/_ide/bitstream/Zynq_CPU_wrapper_hw_platform_3.bit
targets -set -nocase -filter {name =~"APU*"}
loadhw -hw D:/Documents/GitHub/ECE4810J_FA2021/Lab2/Zynq_CPU_wrapper_hw_platform_3/export/Zynq_CPU_wrapper_hw_platform_3/hw/Zynq_CPU_wrapper_hw_platform_3.xsa -mem-ranges [list {0x40000000 0xbfffffff}] -regs
configparams force-mem-access 1
targets -set -nocase -filter {name =~"APU*"}
source D:/Documents/GitHub/ECE4810J_FA2021/Lab2/hello_hls_rtl_m/_ide/psinit/ps7_init.tcl
ps7_init
ps7_post_config
targets -set -nocase -filter {name =~ "*A9*#0"}
dow D:/Documents/GitHub/ECE4810J_FA2021/Lab2/hello_hls_rtl_m/Debug/hello_hls_rtl_m.elf
configparams force-mem-access 0
----------------End of Script----------------

23:28:36 INFO  : Context for processor 'ps7_cortexa9_0' is selected.
23:28:36 INFO  : 'con' command is executed.
23:28:36 INFO  : ----------------XSDB Script (After Launch)----------------
targets -set -nocase -filter {name =~ "*A9*#0"}
con
----------------End of Script----------------

23:28:36 INFO  : Disconnected from the channel tcfchan#3.
01:49:41 INFO  : Launching XSCT server: xsct.bat -n  -interactive D:\Documents\GitHub\ECE4810J_FA2021\Lab2\temp_xsdb_launch_script.tcl
01:49:45 INFO  : XSCT server has started successfully.
01:49:45 INFO  : plnx-install-location is set to ''
01:49:45 INFO  : Successfully done setting XSCT server connection channel  
01:49:45 INFO  : Successfully done setting workspace for the tool. 
01:49:49 INFO  : Platform repository initialization has completed.
01:49:50 INFO  : Successfully done query RDI_DATADIR 
01:49:50 INFO  : Registering command handlers for Vitis TCF services
12:42:01 INFO  : Result from executing command 'getProjects': Zynq_CPU_wrapper_hw_platform_3;Zynq_CPU_wrapper_hw_platform_4
12:42:01 INFO  : Result from executing command 'getPlatforms': Zynq_CPU_wrapper_hw_platform_3|D:/Documents/GitHub/ECE4810J_FA2021/Lab2/Zynq_CPU_wrapper_hw_platform_3/export/Zynq_CPU_wrapper_hw_platform_3/Zynq_CPU_wrapper_hw_platform_3.xpfm
12:42:01 WARN  : An unexpected exception occurred in the module 'platform project logging'
12:42:01 INFO  : Platform 'Zynq_CPU_wrapper_hw_platform_4' is added to custom repositories.
12:42:13 INFO  : Platform 'Zynq_CPU_wrapper_hw_platform_4' is added to custom repositories.
13:05:24 INFO  : Result from executing command 'getProjects': Zynq_CPU_wrapper_hw_platform_3;Zynq_CPU_wrapper_hw_platform_4
13:05:24 INFO  : Result from executing command 'getPlatforms': Zynq_CPU_wrapper_hw_platform_3|D:/Documents/GitHub/ECE4810J_FA2021/Lab2/Zynq_CPU_wrapper_hw_platform_3/export/Zynq_CPU_wrapper_hw_platform_3/Zynq_CPU_wrapper_hw_platform_3.xpfm;Zynq_CPU_wrapper_hw_platform_4|D:/Documents/GitHub/ECE4810J_FA2021/Lab2/Zynq_CPU_wrapper_hw_platform_4/export/Zynq_CPU_wrapper_hw_platform_4/Zynq_CPU_wrapper_hw_platform_4.xpfm
13:05:25 INFO  : Checking for BSP changes to sync application flags for project 'hello_hls_rtl_d'...
13:38:43 INFO  : Checking for BSP changes to sync application flags for project 'hello_hls_rtl_d'...
11:20:49 INFO  : Launching XSCT server: xsct.bat -n  -interactive D:\Documents\GitHub\ECE4810J_FA2021\Lab2\temp_xsdb_launch_script.tcl
11:20:52 INFO  : XSCT server has started successfully.
11:20:52 INFO  : plnx-install-location is set to ''
11:20:52 INFO  : Successfully done setting XSCT server connection channel  
11:20:52 INFO  : Successfully done setting workspace for the tool. 
11:20:55 INFO  : Platform repository initialization has completed.
11:20:56 INFO  : Successfully done query RDI_DATADIR 
11:20:56 INFO  : Registering command handlers for Vitis TCF services
11:21:10 INFO  : Connected to target on host '127.0.0.1' and port '3121'.
11:21:11 INFO  : Jtag cable 'Digilent Arty Z7 003017A70235A' is selected.
11:21:11 INFO  : 'jtag frequency' command is executed.
11:21:11 INFO  : Context for 'APU' is selected.
11:21:11 INFO  : System reset is completed.
11:21:14 INFO  : 'after 3000' command is executed.
11:21:14 INFO  : 'targets -set -filter {jtag_cable_name =~ "Digilent Arty Z7 003017A70235A" && level==0 && jtag_device_ctx=="jsn-Arty Z7-003017A70235A-23727093-0"}' command is executed.
11:21:16 INFO  : Device configured successfully with "D:/Documents/GitHub/ECE4810J_FA2021/Lab2/hello_hls_rtl_d/_ide/bitstream/Zynq_CPU_wrapper_hw_platform_4.bit"
11:21:16 INFO  : Context for 'APU' is selected.
11:21:16 INFO  : Hardware design and registers information is loaded from 'D:/Documents/GitHub/ECE4810J_FA2021/Lab2/Zynq_CPU_wrapper_hw_platform_4/export/Zynq_CPU_wrapper_hw_platform_4/hw/Zynq_CPU_wrapper_hw_platform_4.xsa'.
11:21:16 INFO  : 'configparams force-mem-access 1' command is executed.
11:21:16 INFO  : Context for 'APU' is selected.
11:21:16 INFO  : Sourcing of 'D:/Documents/GitHub/ECE4810J_FA2021/Lab2/hello_hls_rtl_d/_ide/psinit/ps7_init.tcl' is done.
11:21:17 INFO  : 'ps7_init' command is executed.
11:21:17 INFO  : 'ps7_post_config' command is executed.
11:21:17 INFO  : Context for processor 'ps7_cortexa9_0' is selected.
11:21:17 INFO  : The application 'D:/Documents/GitHub/ECE4810J_FA2021/Lab2/hello_hls_rtl_d/Debug/hello_hls_rtl_d.elf' is downloaded to processor 'ps7_cortexa9_0'.
11:21:17 INFO  : 'configparams force-mem-access 0' command is executed.
11:21:17 INFO  : ----------------XSDB Script----------------
connect -url tcp:127.0.0.1:3121
targets -set -nocase -filter {name =~"APU*"}
rst -system
after 3000
targets -set -filter {jtag_cable_name =~ "Digilent Arty Z7 003017A70235A" && level==0 && jtag_device_ctx=="jsn-Arty Z7-003017A70235A-23727093-0"}
fpga -file D:/Documents/GitHub/ECE4810J_FA2021/Lab2/hello_hls_rtl_d/_ide/bitstream/Zynq_CPU_wrapper_hw_platform_4.bit
targets -set -nocase -filter {name =~"APU*"}
loadhw -hw D:/Documents/GitHub/ECE4810J_FA2021/Lab2/Zynq_CPU_wrapper_hw_platform_4/export/Zynq_CPU_wrapper_hw_platform_4/hw/Zynq_CPU_wrapper_hw_platform_4.xsa -mem-ranges [list {0x40000000 0xbfffffff}] -regs
configparams force-mem-access 1
targets -set -nocase -filter {name =~"APU*"}
source D:/Documents/GitHub/ECE4810J_FA2021/Lab2/hello_hls_rtl_d/_ide/psinit/ps7_init.tcl
ps7_init
ps7_post_config
targets -set -nocase -filter {name =~ "*A9*#0"}
dow D:/Documents/GitHub/ECE4810J_FA2021/Lab2/hello_hls_rtl_d/Debug/hello_hls_rtl_d.elf
configparams force-mem-access 0
----------------End of Script----------------

11:21:17 INFO  : Context for processor 'ps7_cortexa9_0' is selected.
11:21:17 INFO  : 'con' command is executed.
11:21:17 INFO  : ----------------XSDB Script (After Launch)----------------
targets -set -nocase -filter {name =~ "*A9*#0"}
con
----------------End of Script----------------

11:21:17 INFO  : Disconnected from the channel tcfchan#1.
13:15:49 INFO  : Launching XSCT server: xsct.bat -n  -interactive D:\Documents\GitHub\ECE4810J_FA2021\Lab2\temp_xsdb_launch_script.tcl
13:15:52 INFO  : XSCT server has started successfully.
13:15:52 INFO  : plnx-install-location is set to ''
13:15:52 INFO  : Successfully done setting XSCT server connection channel  
13:15:52 INFO  : Successfully done setting workspace for the tool. 
13:15:57 INFO  : Registering command handlers for Vitis TCF services
13:15:57 INFO  : Platform repository initialization has completed.
13:15:58 INFO  : Successfully done query RDI_DATADIR 
13:18:10 INFO  : Result from executing command 'getProjects': Zynq_CPU_wrapper_hw_platform_3;Zynq_CPU_wrapper_hw_platform_4;Zynq_CPU_wrapper_hw_platform_5
13:18:10 INFO  : Result from executing command 'getPlatforms': Zynq_CPU_wrapper_hw_platform_3|D:/Documents/GitHub/ECE4810J_FA2021/Lab2/Zynq_CPU_wrapper_hw_platform_3/export/Zynq_CPU_wrapper_hw_platform_3/Zynq_CPU_wrapper_hw_platform_3.xpfm;Zynq_CPU_wrapper_hw_platform_4|D:/Documents/GitHub/ECE4810J_FA2021/Lab2/Zynq_CPU_wrapper_hw_platform_4/export/Zynq_CPU_wrapper_hw_platform_4/Zynq_CPU_wrapper_hw_platform_4.xpfm
13:18:10 WARN  : An unexpected exception occurred in the module 'platform project logging'
13:18:11 INFO  : Platform 'Zynq_CPU_wrapper_hw_platform_5' is added to custom repositories.
13:18:23 INFO  : Platform 'Zynq_CPU_wrapper_hw_platform_5' is added to custom repositories.
13:29:08 INFO  : Checking for BSP changes to sync application flags for project 'hello_hls_alu'...
13:29:08 INFO  : Result from executing command 'getProjects': RemoteSystemsTempFiles;Zynq_CPU_wrapper_hw_platform_3;Zynq_CPU_wrapper_hw_platform_4;Zynq_CPU_wrapper_hw_platform_5;hello_hls_alu;hello_hls_alu_system
13:29:08 WARN  : Failed to closehw "D:/Documents/GitHub/ECE4810J_FA2021/Lab2/Zynq_CPU_wrapper_hw_platform_5/export/Zynq_CPU_wrapper_hw_platform_5/hw/Zynq_CPU_wrapper_hw_platform_5.xsa"
Reason: D:/Documents/GitHub/ECE4810J_FA2021/Lab2/Zynq_CPU_wrapper_hw_platform_5/export/Zynq_CPU_wrapper_hw_platform_5/hw/Zynq_CPU_wrapper_hw_platform_5.xsa is not available in the current workspace
use 'getprojects' command to see list of available projects in current workspace
13:29:08 INFO  : Result from executing command 'getProjects': RemoteSystemsTempFiles;Zynq_CPU_wrapper_hw_platform_3;Zynq_CPU_wrapper_hw_platform_4;Zynq_CPU_wrapper_hw_platform_5;hello_hls_alu;hello_hls_alu_system
13:29:08 ERROR : Failed to openhw "D:/Documents/GitHub/ECE4810J_FA2021/Lab2/Zynq_CPU_wrapper_hw_platform_5/export/Zynq_CPU_wrapper_hw_platform_5/hw/Zynq_CPU_wrapper_hw_platform_5.xsa"
Reason: D:/Documents/GitHub/ECE4810J_FA2021/Lab2/Zynq_CPU_wrapper_hw_platform_5/export/Zynq_CPU_wrapper_hw_platform_5/hw/Zynq_CPU_wrapper_hw_platform_5.xsa is not available in the current workspace
use 'getprojects' command to see list of available projects in current workspace
13:29:08 ERROR : Failed to update application flags from BSP for 'hello_hls_alu'. Reason: null
java.lang.NullPointerException
	at com.xilinx.sdx.sw.internal.SDxSwPlatform.<init>(SDxSwPlatform.java:305)
	at com.xilinx.sdx.sw.internal.SDxSwPlatform.create(SDxSwPlatform.java:214)
	at com.xilinx.sdx.sdk.core.util.SdkPlatformHelper.getSwPlatform(SdkPlatformHelper.java:61)
	at com.xilinx.sdx.sdk.core.build.SdkMakefileGenerationListener.getSwPlatform(SdkMakefileGenerationListener.java:160)
	at com.xilinx.sdx.sdk.core.build.SdkMakefileGenerationListener.syncAppFlags(SdkMakefileGenerationListener.java:78)
	at com.xilinx.sdx.sdk.core.build.SdkMakefileGenerationListener.preMakefileGeneration(SdkMakefileGenerationListener.java:48)
	at com.xilinx.sdk.managedbuilder.XilinxGnuMakefileGenerator.notifyPreMakefileGenerationListeners(XilinxGnuMakefileGenerator.java:91)
	at com.xilinx.sdk.managedbuilder.XilinxGnuMakefileGenerator.regenerateMakefiles(XilinxGnuMakefileGenerator.java:75)
	at org.eclipse.cdt.managedbuilder.internal.core.CommonBuilder.performMakefileGeneration(CommonBuilder.java:1006)
	at org.eclipse.cdt.managedbuilder.internal.core.CommonBuilder.performPrebuildGeneration(CommonBuilder.java:873)
	at org.eclipse.cdt.managedbuilder.internal.core.CommonBuilder.build(CommonBuilder.java:748)
	at org.eclipse.cdt.managedbuilder.internal.core.CommonBuilder.build(CommonBuilder.java:513)
	at org.eclipse.cdt.managedbuilder.internal.core.CommonBuilder.build(CommonBuilder.java:459)
	at org.eclipse.core.internal.events.BuildManager$2.run(BuildManager.java:832)
	at org.eclipse.core.runtime.SafeRunner.run(SafeRunner.java:45)
	at org.eclipse.core.internal.events.BuildManager.basicBuild(BuildManager.java:220)
	at org.eclipse.core.internal.events.BuildManager.basicBuild(BuildManager.java:263)
	at org.eclipse.core.internal.events.BuildManager$1.run(BuildManager.java:316)
	at org.eclipse.core.runtime.SafeRunner.run(SafeRunner.java:45)
	at org.eclipse.core.internal.events.BuildManager.basicBuild(BuildManager.java:319)
	at org.eclipse.core.internal.events.BuildManager.basicBuildLoop(BuildManager.java:371)
	at org.eclipse.core.internal.events.BuildManager.build(BuildManager.java:392)
	at org.eclipse.core.internal.resources.Workspace.buildInternal(Workspace.java:515)
	at org.eclipse.core.internal.resources.Workspace.build(Workspace.java:412)
	at org.eclipse.ui.actions.BuildAction$1.runInWorkspace(BuildAction.java:291)
	at org.eclipse.core.internal.resources.InternalWorkspaceJob.run(InternalWorkspaceJob.java:42)
	at org.eclipse.core.internal.jobs.Worker.run(Worker.java:63)
13:29:09 ERROR : Failed to compute checksum of hardware specification file used by project 'hello_hls_alu'
13:29:09 INFO  : Result from executing command 'getProjects': RemoteSystemsTempFiles;Zynq_CPU_wrapper_hw_platform_3;Zynq_CPU_wrapper_hw_platform_4;Zynq_CPU_wrapper_hw_platform_5;hello_hls_alu;hello_hls_alu_system
13:29:09 ERROR : Failed to openhw "D:/Documents/GitHub/ECE4810J_FA2021/Lab2/Zynq_CPU_wrapper_hw_platform_5/export/Zynq_CPU_wrapper_hw_platform_5/hw/Zynq_CPU_wrapper_hw_platform_5.xsa"
Reason: D:/Documents/GitHub/ECE4810J_FA2021/Lab2/Zynq_CPU_wrapper_hw_platform_5/export/Zynq_CPU_wrapper_hw_platform_5/hw/Zynq_CPU_wrapper_hw_platform_5.xsa is not available in the current workspace
use 'getprojects' command to see list of available projects in current workspace
13:29:09 INFO  : Result from executing command 'getProjects': RemoteSystemsTempFiles;Zynq_CPU_wrapper_hw_platform_3;Zynq_CPU_wrapper_hw_platform_4;Zynq_CPU_wrapper_hw_platform_5;hello_hls_alu;hello_hls_alu_system
13:29:09 ERROR : Failed to openhw "D:/Documents/GitHub/ECE4810J_FA2021/Lab2/Zynq_CPU_wrapper_hw_platform_5/export/Zynq_CPU_wrapper_hw_platform_5/hw/Zynq_CPU_wrapper_hw_platform_5.xsa"
Reason: D:/Documents/GitHub/ECE4810J_FA2021/Lab2/Zynq_CPU_wrapper_hw_platform_5/export/Zynq_CPU_wrapper_hw_platform_5/hw/Zynq_CPU_wrapper_hw_platform_5.xsa is not available in the current workspace
use 'getprojects' command to see list of available projects in current workspace
13:29:09 INFO  : Result from executing command 'getProjects': RemoteSystemsTempFiles;Zynq_CPU_wrapper_hw_platform_3;Zynq_CPU_wrapper_hw_platform_4;Zynq_CPU_wrapper_hw_platform_5;hello_hls_alu;hello_hls_alu_system
13:29:09 ERROR : Failed to openhw "D:/Documents/GitHub/ECE4810J_FA2021/Lab2/Zynq_CPU_wrapper_hw_platform_5/export/Zynq_CPU_wrapper_hw_platform_5/hw/Zynq_CPU_wrapper_hw_platform_5.xsa"
Reason: D:/Documents/GitHub/ECE4810J_FA2021/Lab2/Zynq_CPU_wrapper_hw_platform_5/export/Zynq_CPU_wrapper_hw_platform_5/hw/Zynq_CPU_wrapper_hw_platform_5.xsa is not available in the current workspace
use 'getprojects' command to see list of available projects in current workspace
13:33:08 INFO  : Result from executing command 'getProjects': Zynq_CPU_wrapper_hw_platform_3;Zynq_CPU_wrapper_hw_platform_4;Zynq_CPU_wrapper_hw_platform_5
13:33:08 INFO  : Result from executing command 'getPlatforms': Zynq_CPU_wrapper_hw_platform_3|D:/Documents/GitHub/ECE4810J_FA2021/Lab2/Zynq_CPU_wrapper_hw_platform_3/export/Zynq_CPU_wrapper_hw_platform_3/Zynq_CPU_wrapper_hw_platform_3.xpfm;Zynq_CPU_wrapper_hw_platform_4|D:/Documents/GitHub/ECE4810J_FA2021/Lab2/Zynq_CPU_wrapper_hw_platform_4/export/Zynq_CPU_wrapper_hw_platform_4/Zynq_CPU_wrapper_hw_platform_4.xpfm;Zynq_CPU_wrapper_hw_platform_5|D:/Documents/GitHub/ECE4810J_FA2021/Lab2/Zynq_CPU_wrapper_hw_platform_5/export/Zynq_CPU_wrapper_hw_platform_5/Zynq_CPU_wrapper_hw_platform_5.xpfm
13:33:08 INFO  : Checking for BSP changes to sync application flags for project 'hello_hls_alu'...
13:34:05 INFO  : Result from executing command 'removePlatformRepo': 
13:34:57 INFO  : Result from executing command 'getProjects': Zynq_CPU_wrapper_hw_platform_3;Zynq_CPU_wrapper_hw_platform_4;Zynq_CPU_wrapper_hw_platform_5
13:34:57 INFO  : Result from executing command 'getPlatforms': Zynq_CPU_wrapper_hw_platform_3|D:/Documents/GitHub/ECE4810J_FA2021/Lab2/Zynq_CPU_wrapper_hw_platform_3/export/Zynq_CPU_wrapper_hw_platform_3/Zynq_CPU_wrapper_hw_platform_3.xpfm;Zynq_CPU_wrapper_hw_platform_4|D:/Documents/GitHub/ECE4810J_FA2021/Lab2/Zynq_CPU_wrapper_hw_platform_4/export/Zynq_CPU_wrapper_hw_platform_4/Zynq_CPU_wrapper_hw_platform_4.xpfm
13:34:58 INFO  : Checking for BSP changes to sync application flags for project 'hello_hls_alu'...
13:36:14 INFO  : Connected to target on host '127.0.0.1' and port '3121'.
13:36:14 INFO  : Jtag cable 'Digilent Arty Z7 003017A70235A' is selected.
13:36:14 INFO  : 'jtag frequency' command is executed.
13:36:14 INFO  : Context for 'APU' is selected.
13:36:14 INFO  : System reset is completed.
13:36:17 INFO  : 'after 3000' command is executed.
13:36:18 INFO  : 'targets -set -filter {jtag_cable_name =~ "Digilent Arty Z7 003017A70235A" && level==0 && jtag_device_ctx=="jsn-Arty Z7-003017A70235A-23727093-0"}' command is executed.
13:36:20 INFO  : Device configured successfully with "D:/Documents/GitHub/ECE4810J_FA2021/Lab2/hello_hls_alu/_ide/bitstream/Zynq_CPU_wrapper_hw_platform_5.bit"
13:36:20 INFO  : Context for 'APU' is selected.
13:36:20 INFO  : Hardware design and registers information is loaded from 'D:/Documents/GitHub/ECE4810J_FA2021/Lab2/Zynq_CPU_wrapper_hw_platform_5/export/Zynq_CPU_wrapper_hw_platform_5/hw/Zynq_CPU_wrapper_hw_platform_5.xsa'.
13:36:20 INFO  : 'configparams force-mem-access 1' command is executed.
13:36:20 INFO  : Context for 'APU' is selected.
13:36:20 INFO  : Sourcing of 'D:/Documents/GitHub/ECE4810J_FA2021/Lab2/hello_hls_alu/_ide/psinit/ps7_init.tcl' is done.
13:36:21 INFO  : 'ps7_init' command is executed.
13:36:21 INFO  : 'ps7_post_config' command is executed.
13:36:21 INFO  : Context for processor 'ps7_cortexa9_0' is selected.
13:36:21 INFO  : The application 'D:/Documents/GitHub/ECE4810J_FA2021/Lab2/hello_hls_alu/Debug/hello_hls_alu.elf' is downloaded to processor 'ps7_cortexa9_0'.
13:36:21 INFO  : 'configparams force-mem-access 0' command is executed.
13:36:21 INFO  : ----------------XSDB Script----------------
connect -url tcp:127.0.0.1:3121
targets -set -nocase -filter {name =~"APU*"}
rst -system
after 3000
targets -set -filter {jtag_cable_name =~ "Digilent Arty Z7 003017A70235A" && level==0 && jtag_device_ctx=="jsn-Arty Z7-003017A70235A-23727093-0"}
fpga -file D:/Documents/GitHub/ECE4810J_FA2021/Lab2/hello_hls_alu/_ide/bitstream/Zynq_CPU_wrapper_hw_platform_5.bit
targets -set -nocase -filter {name =~"APU*"}
loadhw -hw D:/Documents/GitHub/ECE4810J_FA2021/Lab2/Zynq_CPU_wrapper_hw_platform_5/export/Zynq_CPU_wrapper_hw_platform_5/hw/Zynq_CPU_wrapper_hw_platform_5.xsa -mem-ranges [list {0x40000000 0xbfffffff}] -regs
configparams force-mem-access 1
targets -set -nocase -filter {name =~"APU*"}
source D:/Documents/GitHub/ECE4810J_FA2021/Lab2/hello_hls_alu/_ide/psinit/ps7_init.tcl
ps7_init
ps7_post_config
targets -set -nocase -filter {name =~ "*A9*#0"}
dow D:/Documents/GitHub/ECE4810J_FA2021/Lab2/hello_hls_alu/Debug/hello_hls_alu.elf
configparams force-mem-access 0
----------------End of Script----------------

13:36:21 INFO  : Context for processor 'ps7_cortexa9_0' is selected.
13:36:21 INFO  : 'con' command is executed.
13:36:21 INFO  : ----------------XSDB Script (After Launch)----------------
targets -set -nocase -filter {name =~ "*A9*#0"}
con
----------------End of Script----------------

13:36:21 INFO  : Disconnected from the channel tcfchan#7.
13:41:06 INFO  : Checking for BSP changes to sync application flags for project 'hello_hls_alu'...
13:41:27 INFO  : Connected to target on host '127.0.0.1' and port '3121'.
13:41:27 INFO  : Jtag cable 'Digilent Arty Z7 003017A70235A' is selected.
13:41:28 INFO  : 'jtag frequency' command is executed.
13:41:28 INFO  : Context for 'APU' is selected.
13:41:28 INFO  : System reset is completed.
13:41:31 INFO  : 'after 3000' command is executed.
13:41:31 INFO  : 'targets -set -filter {jtag_cable_name =~ "Digilent Arty Z7 003017A70235A" && level==0 && jtag_device_ctx=="jsn-Arty Z7-003017A70235A-23727093-0"}' command is executed.
13:41:33 INFO  : Device configured successfully with "D:/Documents/GitHub/ECE4810J_FA2021/Lab2/hello_hls_alu/_ide/bitstream/Zynq_CPU_wrapper_hw_platform_5.bit"
13:41:33 INFO  : Context for 'APU' is selected.
13:41:33 INFO  : Hardware design and registers information is loaded from 'D:/Documents/GitHub/ECE4810J_FA2021/Lab2/Zynq_CPU_wrapper_hw_platform_5/export/Zynq_CPU_wrapper_hw_platform_5/hw/Zynq_CPU_wrapper_hw_platform_5.xsa'.
13:41:33 INFO  : 'configparams force-mem-access 1' command is executed.
13:41:33 INFO  : Context for 'APU' is selected.
13:41:33 INFO  : Sourcing of 'D:/Documents/GitHub/ECE4810J_FA2021/Lab2/hello_hls_alu/_ide/psinit/ps7_init.tcl' is done.
13:41:34 INFO  : 'ps7_init' command is executed.
13:41:34 INFO  : 'ps7_post_config' command is executed.
13:41:34 INFO  : Context for processor 'ps7_cortexa9_0' is selected.
13:41:34 INFO  : The application 'D:/Documents/GitHub/ECE4810J_FA2021/Lab2/hello_hls_alu/Debug/hello_hls_alu.elf' is downloaded to processor 'ps7_cortexa9_0'.
13:41:34 INFO  : 'configparams force-mem-access 0' command is executed.
13:41:34 INFO  : ----------------XSDB Script----------------
connect -url tcp:127.0.0.1:3121
targets -set -nocase -filter {name =~"APU*"}
rst -system
after 3000
targets -set -filter {jtag_cable_name =~ "Digilent Arty Z7 003017A70235A" && level==0 && jtag_device_ctx=="jsn-Arty Z7-003017A70235A-23727093-0"}
fpga -file D:/Documents/GitHub/ECE4810J_FA2021/Lab2/hello_hls_alu/_ide/bitstream/Zynq_CPU_wrapper_hw_platform_5.bit
targets -set -nocase -filter {name =~"APU*"}
loadhw -hw D:/Documents/GitHub/ECE4810J_FA2021/Lab2/Zynq_CPU_wrapper_hw_platform_5/export/Zynq_CPU_wrapper_hw_platform_5/hw/Zynq_CPU_wrapper_hw_platform_5.xsa -mem-ranges [list {0x40000000 0xbfffffff}] -regs
configparams force-mem-access 1
targets -set -nocase -filter {name =~"APU*"}
source D:/Documents/GitHub/ECE4810J_FA2021/Lab2/hello_hls_alu/_ide/psinit/ps7_init.tcl
ps7_init
ps7_post_config
targets -set -nocase -filter {name =~ "*A9*#0"}
dow D:/Documents/GitHub/ECE4810J_FA2021/Lab2/hello_hls_alu/Debug/hello_hls_alu.elf
configparams force-mem-access 0
----------------End of Script----------------

13:41:34 INFO  : Context for processor 'ps7_cortexa9_0' is selected.
13:41:34 INFO  : 'con' command is executed.
13:41:34 INFO  : ----------------XSDB Script (After Launch)----------------
targets -set -nocase -filter {name =~ "*A9*#0"}
con
----------------End of Script----------------

13:41:34 INFO  : Disconnected from the channel tcfchan#9.
13:46:45 INFO  : Launching XSCT server: xsct.bat -n  -interactive D:\Documents\GitHub\ECE4810J_FA2021\Lab2\temp_xsdb_launch_script.tcl
13:46:51 INFO  : XSCT server has started successfully.
13:46:51 INFO  : Successfully done setting XSCT server connection channel  
13:46:51 INFO  : plnx-install-location is set to ''
13:46:51 INFO  : Successfully done setting workspace for the tool. 
13:46:58 INFO  : Registering command handlers for Vitis TCF services
13:46:58 INFO  : Platform repository initialization has completed.
13:46:58 INFO  : Successfully done query RDI_DATADIR 
14:42:58 INFO  : No changes in MSS file content so sources will not be generated.
15:09:05 INFO  : No changes in MSS file content so sources will not be generated.
15:09:30 ERROR : Unexpected error while testing for AIE type project 
org.eclipse.core.internal.resources.ResourceException(/hello_hls_alu_system)[368]: java.lang.Exception: Resource '/hello_hls_alu_system' does not exist.
	at org.eclipse.core.internal.resources.ResourceException.provideStackTrace(ResourceException.java:42)
	at org.eclipse.core.internal.resources.ResourceException.<init>(ResourceException.java:38)
	at org.eclipse.core.internal.resources.Resource.checkExists(Resource.java:330)
	at org.eclipse.core.internal.resources.Resource.checkAccessible(Resource.java:204)
	at org.eclipse.core.internal.resources.Project.checkAccessible(Project.java:145)
	at org.eclipse.core.internal.resources.Project.hasNature(Project.java:530)
	at com.xilinx.sdx.aie.core.util.AIEProjectUtils.isAIEProject(AIEProjectUtils.java:265)
	at com.xilinx.sdx.aie.core.util.AIEUtilityTester.test(AIEUtilityTester.java:23)
	at org.eclipse.core.internal.expressions.Property.test(Property.java:65)
	at org.eclipse.core.internal.expressions.TestExpression.evaluate(TestExpression.java:103)
	at org.eclipse.e4.ui.internal.workbench.ContributionsAnalyzer.isCoreExpressionVisible(ContributionsAnalyzer.java:281)
	at org.eclipse.e4.ui.internal.workbench.ContributionsAnalyzer.isVisible(ContributionsAnalyzer.java:255)
	at org.eclipse.e4.ui.workbench.renderers.swt.ToolBarContributionRecord.computeVisibility(ToolBarContributionRecord.java:160)
	at org.eclipse.e4.ui.workbench.renderers.swt.ToolBarContributionRecord.updateVisibility(ToolBarContributionRecord.java:74)
	at org.eclipse.e4.ui.workbench.renderers.swt.ToolBarManagerRenderer$2.changed(ToolBarManagerRenderer.java:514)
	at org.eclipse.e4.core.internal.contexts.TrackableComputationExt.update(TrackableComputationExt.java:108)
	at org.eclipse.e4.core.internal.contexts.EclipseContext.processScheduled(EclipseContext.java:364)
	at org.eclipse.e4.core.internal.contexts.EclipseContext.set(EclipseContext.java:379)
	at org.eclipse.e4.core.internal.contexts.EclipseContext.deactivate(EclipseContext.java:703)
	at org.eclipse.e4.ui.workbench.renderers.swt.MenuManagerHideProcessor.lambda$1(MenuManagerHideProcessor.java:139)
	at org.eclipse.swt.widgets.RunnableLock.run(RunnableLock.java:40)
	at org.eclipse.swt.widgets.Synchronizer.runAsyncMessages(Synchronizer.java:185)
	at org.eclipse.swt.widgets.Display.runAsyncMessages(Display.java:3897)
	at org.eclipse.swt.widgets.Display.readAndDispatch(Display.java:3527)
	at org.eclipse.e4.ui.internal.workbench.swt.PartRenderingEngine$5.run(PartRenderingEngine.java:1160)
	at org.eclipse.core.databinding.observable.Realm.runWithDefault(Realm.java:338)
	at org.eclipse.e4.ui.internal.workbench.swt.PartRenderingEngine.run(PartRenderingEngine.java:1049)
	at org.eclipse.e4.ui.internal.workbench.E4Workbench.createAndRunUI(E4Workbench.java:155)
	at org.eclipse.ui.internal.Workbench.lambda$3(Workbench.java:658)
	at org.eclipse.core.databinding.observable.Realm.runWithDefault(Realm.java:338)
	at org.eclipse.ui.internal.Workbench.createAndRunWorkbench(Workbench.java:557)
	at org.eclipse.ui.PlatformUI.createAndRunWorkbench(PlatformUI.java:154)
	at com.xilinx.ide.application.ui.Application.start(Application.java:80)
	at org.eclipse.equinox.internal.app.EclipseAppHandle.run(EclipseAppHandle.java:203)
	at org.eclipse.core.runtime.internal.adaptor.EclipseAppLauncher.runApplication(EclipseAppLauncher.java:137)
	at org.eclipse.core.runtime.internal.adaptor.EclipseAppLauncher.start(EclipseAppLauncher.java:107)
	at org.eclipse.core.runtime.adaptor.EclipseStarter.run(EclipseStarter.java:401)
	at org.eclipse.core.runtime.adaptor.EclipseStarter.run(EclipseStarter.java:255)
	at java.base/jdk.internal.reflect.NativeMethodAccessorImpl.invoke0(Native Method)
	at java.base/jdk.internal.reflect.NativeMethodAccessorImpl.invoke(NativeMethodAccessorImpl.java:62)
	at java.base/jdk.internal.reflect.DelegatingMethodAccessorImpl.invoke(DelegatingMethodAccessorImpl.java:43)
	at java.base/java.lang.reflect.Method.invoke(Method.java:566)
	at org.eclipse.equinox.launcher.Main.invokeFramework(Main.java:657)
	at org.eclipse.equinox.launcher.Main.basicRun(Main.java:594)
	at org.eclipse.equinox.launcher.Main.run(Main.java:1447)
15:09:44 INFO  : No changes in MSS file content so sources will not be generated.
15:14:15 INFO  : Launching XSCT server: xsct.bat -n  -interactive D:\Documents\GitHub\ECE4810J_FA2021\Lab2\temp_xsdb_launch_script.tcl
15:14:19 INFO  : XSCT server has started successfully.
15:14:20 INFO  : plnx-install-location is set to ''
15:14:20 INFO  : Successfully done setting XSCT server connection channel  
15:14:20 INFO  : Successfully done query RDI_DATADIR 
15:14:20 INFO  : Successfully done setting workspace for the tool. 
15:14:24 INFO  : Platform repository initialization has completed.
15:14:24 INFO  : Registering command handlers for Vitis TCF services
15:26:08 INFO  : Result from executing command 'getProjects': RemoteSystemsTempFiles;Zynq_CPU_wrapper_hw_platform_3;Zynq_CPU_wrapper_hw_platform_4;Zynq_CPU_wrapper_hw_platform_5;hello_hls_alu;hello_hls_alu_system
15:26:08 WARN  : Failed to closehw "D:/Documents/GitHub/ECE4810J_FA2021/Lab2/Zynq_CPU_wrapper_hw_platform_5/export/Zynq_CPU_wrapper_hw_platform_5/hw/Zynq_CPU_wrapper_hw_platform_5.xsa"
Reason: D:/Documents/GitHub/ECE4810J_FA2021/Lab2/Zynq_CPU_wrapper_hw_platform_5/export/Zynq_CPU_wrapper_hw_platform_5/hw/Zynq_CPU_wrapper_hw_platform_5.xsa is not available in the current workspace
use 'getprojects' command to see list of available projects in current workspace
15:26:08 INFO  : Result from executing command 'getProjects': RemoteSystemsTempFiles;Zynq_CPU_wrapper_hw_platform_3;Zynq_CPU_wrapper_hw_platform_4;Zynq_CPU_wrapper_hw_platform_5;hello_hls_alu;hello_hls_alu_system
15:26:08 ERROR : Failed to openhw "D:/Documents/GitHub/ECE4810J_FA2021/Lab2/Zynq_CPU_wrapper_hw_platform_5/export/Zynq_CPU_wrapper_hw_platform_5/hw/Zynq_CPU_wrapper_hw_platform_5.xsa"
Reason: D:/Documents/GitHub/ECE4810J_FA2021/Lab2/Zynq_CPU_wrapper_hw_platform_5/export/Zynq_CPU_wrapper_hw_platform_5/hw/Zynq_CPU_wrapper_hw_platform_5.xsa is not available in the current workspace
use 'getprojects' command to see list of available projects in current workspace
15:26:33 INFO  : Checking for BSP changes to sync application flags for project 'hello_hls_alu'...
15:26:33 INFO  : Result from executing command 'getProjects': RemoteSystemsTempFiles;Zynq_CPU_wrapper_hw_platform_3;Zynq_CPU_wrapper_hw_platform_4;Zynq_CPU_wrapper_hw_platform_5;hello_hls_alu;hello_hls_alu_system
15:26:33 ERROR : Failed to openhw "D:/Documents/GitHub/ECE4810J_FA2021/Lab2/Zynq_CPU_wrapper_hw_platform_5/export/Zynq_CPU_wrapper_hw_platform_5/hw/Zynq_CPU_wrapper_hw_platform_5.xsa"
Reason: D:/Documents/GitHub/ECE4810J_FA2021/Lab2/Zynq_CPU_wrapper_hw_platform_5/export/Zynq_CPU_wrapper_hw_platform_5/hw/Zynq_CPU_wrapper_hw_platform_5.xsa is not available in the current workspace
use 'getprojects' command to see list of available projects in current workspace
15:26:33 ERROR : Failed to update application flags from BSP for 'hello_hls_alu'. Reason: null
java.lang.NullPointerException
	at com.xilinx.sdx.sw.internal.SDxSwPlatform.<init>(SDxSwPlatform.java:305)
	at com.xilinx.sdx.sw.internal.SDxSwPlatform.create(SDxSwPlatform.java:214)
	at com.xilinx.sdx.sdk.core.util.SdkPlatformHelper.getSwPlatform(SdkPlatformHelper.java:61)
	at com.xilinx.sdx.sdk.core.build.SdkMakefileGenerationListener.getSwPlatform(SdkMakefileGenerationListener.java:160)
	at com.xilinx.sdx.sdk.core.build.SdkMakefileGenerationListener.syncAppFlags(SdkMakefileGenerationListener.java:78)
	at com.xilinx.sdx.sdk.core.build.SdkMakefileGenerationListener.preMakefileGeneration(SdkMakefileGenerationListener.java:48)
	at com.xilinx.sdk.managedbuilder.XilinxGnuMakefileGenerator.notifyPreMakefileGenerationListeners(XilinxGnuMakefileGenerator.java:91)
	at com.xilinx.sdk.managedbuilder.XilinxGnuMakefileGenerator.regenerateMakefiles(XilinxGnuMakefileGenerator.java:75)
	at org.eclipse.cdt.managedbuilder.internal.core.CommonBuilder.performMakefileGeneration(CommonBuilder.java:1006)
	at org.eclipse.cdt.managedbuilder.internal.core.CommonBuilder.performPrebuildGeneration(CommonBuilder.java:873)
	at org.eclipse.cdt.managedbuilder.internal.core.CommonBuilder.build(CommonBuilder.java:748)
	at org.eclipse.cdt.managedbuilder.internal.core.CommonBuilder.build(CommonBuilder.java:513)
	at org.eclipse.cdt.managedbuilder.internal.core.CommonBuilder.build(CommonBuilder.java:459)
	at org.eclipse.core.internal.events.BuildManager$2.run(BuildManager.java:832)
	at org.eclipse.core.runtime.SafeRunner.run(SafeRunner.java:45)
	at org.eclipse.core.internal.events.BuildManager.basicBuild(BuildManager.java:220)
	at org.eclipse.core.internal.events.BuildManager.basicBuild(BuildManager.java:263)
	at org.eclipse.core.internal.events.BuildManager$1.run(BuildManager.java:316)
	at org.eclipse.core.runtime.SafeRunner.run(SafeRunner.java:45)
	at org.eclipse.core.internal.events.BuildManager.basicBuild(BuildManager.java:319)
	at org.eclipse.core.internal.events.BuildManager.basicBuildLoop(BuildManager.java:371)
	at org.eclipse.core.internal.events.BuildManager.build(BuildManager.java:392)
	at org.eclipse.core.internal.resources.Workspace.buildInternal(Workspace.java:515)
	at org.eclipse.core.internal.resources.Workspace.build(Workspace.java:412)
	at org.eclipse.ui.actions.BuildAction$1.runInWorkspace(BuildAction.java:291)
	at org.eclipse.core.internal.resources.InternalWorkspaceJob.run(InternalWorkspaceJob.java:42)
	at org.eclipse.core.internal.jobs.Worker.run(Worker.java:63)
15:26:34 ERROR : Failed to compute checksum of hardware specification file used by project 'hello_hls_alu'
15:26:34 INFO  : Result from executing command 'getProjects': RemoteSystemsTempFiles;Zynq_CPU_wrapper_hw_platform_3;Zynq_CPU_wrapper_hw_platform_4;Zynq_CPU_wrapper_hw_platform_5;hello_hls_alu;hello_hls_alu_system
15:26:34 ERROR : Failed to openhw "D:/Documents/GitHub/ECE4810J_FA2021/Lab2/Zynq_CPU_wrapper_hw_platform_5/export/Zynq_CPU_wrapper_hw_platform_5/hw/Zynq_CPU_wrapper_hw_platform_5.xsa"
Reason: D:/Documents/GitHub/ECE4810J_FA2021/Lab2/Zynq_CPU_wrapper_hw_platform_5/export/Zynq_CPU_wrapper_hw_platform_5/hw/Zynq_CPU_wrapper_hw_platform_5.xsa is not available in the current workspace
use 'getprojects' command to see list of available projects in current workspace
15:26:34 INFO  : Result from executing command 'getProjects': RemoteSystemsTempFiles;Zynq_CPU_wrapper_hw_platform_3;Zynq_CPU_wrapper_hw_platform_4;Zynq_CPU_wrapper_hw_platform_5;hello_hls_alu;hello_hls_alu_system
15:26:34 ERROR : Failed to openhw "D:/Documents/GitHub/ECE4810J_FA2021/Lab2/Zynq_CPU_wrapper_hw_platform_5/export/Zynq_CPU_wrapper_hw_platform_5/hw/Zynq_CPU_wrapper_hw_platform_5.xsa"
Reason: D:/Documents/GitHub/ECE4810J_FA2021/Lab2/Zynq_CPU_wrapper_hw_platform_5/export/Zynq_CPU_wrapper_hw_platform_5/hw/Zynq_CPU_wrapper_hw_platform_5.xsa is not available in the current workspace
use 'getprojects' command to see list of available projects in current workspace
15:26:34 INFO  : Result from executing command 'getProjects': RemoteSystemsTempFiles;Zynq_CPU_wrapper_hw_platform_3;Zynq_CPU_wrapper_hw_platform_4;Zynq_CPU_wrapper_hw_platform_5;hello_hls_alu;hello_hls_alu_system
15:26:34 ERROR : Failed to openhw "D:/Documents/GitHub/ECE4810J_FA2021/Lab2/Zynq_CPU_wrapper_hw_platform_5/export/Zynq_CPU_wrapper_hw_platform_5/hw/Zynq_CPU_wrapper_hw_platform_5.xsa"
Reason: D:/Documents/GitHub/ECE4810J_FA2021/Lab2/Zynq_CPU_wrapper_hw_platform_5/export/Zynq_CPU_wrapper_hw_platform_5/hw/Zynq_CPU_wrapper_hw_platform_5.xsa is not available in the current workspace
use 'getprojects' command to see list of available projects in current workspace
15:28:37 INFO  : Result from executing command 'getProjects': Zynq_CPU_wrapper_hw_platform_3;Zynq_CPU_wrapper_hw_platform_4;Zynq_CPU_wrapper_hw_platform_5
15:28:37 INFO  : Result from executing command 'getPlatforms': Zynq_CPU_wrapper_hw_platform_3|D:/Documents/GitHub/ECE4810J_FA2021/Lab2/Zynq_CPU_wrapper_hw_platform_3/export/Zynq_CPU_wrapper_hw_platform_3/Zynq_CPU_wrapper_hw_platform_3.xpfm;Zynq_CPU_wrapper_hw_platform_4|D:/Documents/GitHub/ECE4810J_FA2021/Lab2/Zynq_CPU_wrapper_hw_platform_4/export/Zynq_CPU_wrapper_hw_platform_4/Zynq_CPU_wrapper_hw_platform_4.xpfm;Zynq_CPU_wrapper_hw_platform_5|D:/Documents/GitHub/ECE4810J_FA2021/Lab2/Zynq_CPU_wrapper_hw_platform_5/export/Zynq_CPU_wrapper_hw_platform_5/Zynq_CPU_wrapper_hw_platform_5.xpfm
15:28:38 INFO  : Checking for BSP changes to sync application flags for project 'hello_hls_alu'...
15:28:38 INFO  : Updating application flags with new BSP settings...
15:28:39 INFO  : Successfully updated application flags for project hello_hls_alu.
15:29:24 INFO  : Checking for BSP changes to sync application flags for project 'hello_hls_alu'...
15:38:26 INFO  : Checking for BSP changes to sync application flags for project 'hello_hls_alu'...
15:38:26 INFO  : Result from executing command 'getProjects': RemoteSystemsTempFiles;Zynq_CPU_wrapper_hw_platform_3;Zynq_CPU_wrapper_hw_platform_4;Zynq_CPU_wrapper_hw_platform_5;hello_hls_alu;hello_hls_alu_system
15:38:26 WARN  : Failed to closehw "D:/Documents/GitHub/ECE4810J_FA2021/Lab2/Zynq_CPU_wrapper_hw_platform_5/export/Zynq_CPU_wrapper_hw_platform_5/hw/Zynq_CPU_wrapper_hw_platform_5.xsa"
Reason: D:/Documents/GitHub/ECE4810J_FA2021/Lab2/Zynq_CPU_wrapper_hw_platform_5/export/Zynq_CPU_wrapper_hw_platform_5/hw/Zynq_CPU_wrapper_hw_platform_5.xsa is not available in the current workspace
use 'getprojects' command to see list of available projects in current workspace
15:38:26 INFO  : Result from executing command 'getProjects': RemoteSystemsTempFiles;Zynq_CPU_wrapper_hw_platform_3;Zynq_CPU_wrapper_hw_platform_4;Zynq_CPU_wrapper_hw_platform_5;hello_hls_alu;hello_hls_alu_system
15:38:26 ERROR : Failed to openhw "D:/Documents/GitHub/ECE4810J_FA2021/Lab2/Zynq_CPU_wrapper_hw_platform_5/export/Zynq_CPU_wrapper_hw_platform_5/hw/Zynq_CPU_wrapper_hw_platform_5.xsa"
Reason: D:/Documents/GitHub/ECE4810J_FA2021/Lab2/Zynq_CPU_wrapper_hw_platform_5/export/Zynq_CPU_wrapper_hw_platform_5/hw/Zynq_CPU_wrapper_hw_platform_5.xsa is not available in the current workspace
use 'getprojects' command to see list of available projects in current workspace
15:38:26 ERROR : Failed to update application flags from BSP for 'hello_hls_alu'. Reason: null
java.lang.NullPointerException
	at com.xilinx.sdx.sw.internal.SDxSwPlatform.<init>(SDxSwPlatform.java:305)
	at com.xilinx.sdx.sw.internal.SDxSwPlatform.create(SDxSwPlatform.java:214)
	at com.xilinx.sdx.sdk.core.util.SdkPlatformHelper.getSwPlatform(SdkPlatformHelper.java:61)
	at com.xilinx.sdx.sdk.core.build.SdkMakefileGenerationListener.getSwPlatform(SdkMakefileGenerationListener.java:160)
	at com.xilinx.sdx.sdk.core.build.SdkMakefileGenerationListener.syncAppFlags(SdkMakefileGenerationListener.java:78)
	at com.xilinx.sdx.sdk.core.build.SdkMakefileGenerationListener.preMakefileGeneration(SdkMakefileGenerationListener.java:48)
	at com.xilinx.sdk.managedbuilder.XilinxGnuMakefileGenerator.notifyPreMakefileGenerationListeners(XilinxGnuMakefileGenerator.java:91)
	at com.xilinx.sdk.managedbuilder.XilinxGnuMakefileGenerator.generateMakefiles(XilinxGnuMakefileGenerator.java:40)
	at org.eclipse.cdt.managedbuilder.internal.core.CommonBuilder.performMakefileGeneration(CommonBuilder.java:1008)
	at org.eclipse.cdt.managedbuilder.internal.core.CommonBuilder.performPrebuildGeneration(CommonBuilder.java:873)
	at org.eclipse.cdt.managedbuilder.internal.core.CommonBuilder.build(CommonBuilder.java:748)
	at org.eclipse.cdt.managedbuilder.internal.core.CommonBuilder.build(CommonBuilder.java:510)
	at org.eclipse.cdt.managedbuilder.internal.core.CommonBuilder.build(CommonBuilder.java:459)
	at org.eclipse.core.internal.events.BuildManager$2.run(BuildManager.java:832)
	at org.eclipse.core.runtime.SafeRunner.run(SafeRunner.java:45)
	at org.eclipse.core.internal.events.BuildManager.basicBuild(BuildManager.java:220)
	at org.eclipse.core.internal.events.BuildManager.basicBuild(BuildManager.java:263)
	at org.eclipse.core.internal.events.BuildManager$1.run(BuildManager.java:316)
	at org.eclipse.core.runtime.SafeRunner.run(SafeRunner.java:45)
	at org.eclipse.core.internal.events.BuildManager.basicBuild(BuildManager.java:319)
	at org.eclipse.core.internal.events.BuildManager.basicBuildLoop(BuildManager.java:371)
	at org.eclipse.core.internal.events.BuildManager.build(BuildManager.java:392)
	at org.eclipse.core.internal.resources.Workspace.buildInternal(Workspace.java:515)
	at org.eclipse.core.internal.resources.Workspace.build(Workspace.java:412)
	at org.eclipse.ui.actions.BuildAction$1.runInWorkspace(BuildAction.java:291)
	at org.eclipse.core.internal.resources.InternalWorkspaceJob.run(InternalWorkspaceJob.java:42)
	at org.eclipse.core.internal.jobs.Worker.run(Worker.java:63)
15:38:27 ERROR : Failed to compute checksum of hardware specification file used by project 'hello_hls_alu'
15:38:27 INFO  : Result from executing command 'getProjects': RemoteSystemsTempFiles;Zynq_CPU_wrapper_hw_platform_3;Zynq_CPU_wrapper_hw_platform_4;Zynq_CPU_wrapper_hw_platform_5;hello_hls_alu;hello_hls_alu_system
15:38:27 ERROR : Failed to openhw "D:/Documents/GitHub/ECE4810J_FA2021/Lab2/Zynq_CPU_wrapper_hw_platform_5/export/Zynq_CPU_wrapper_hw_platform_5/hw/Zynq_CPU_wrapper_hw_platform_5.xsa"
Reason: D:/Documents/GitHub/ECE4810J_FA2021/Lab2/Zynq_CPU_wrapper_hw_platform_5/export/Zynq_CPU_wrapper_hw_platform_5/hw/Zynq_CPU_wrapper_hw_platform_5.xsa is not available in the current workspace
use 'getprojects' command to see list of available projects in current workspace
15:38:27 INFO  : Result from executing command 'getProjects': RemoteSystemsTempFiles;Zynq_CPU_wrapper_hw_platform_3;Zynq_CPU_wrapper_hw_platform_4;Zynq_CPU_wrapper_hw_platform_5;hello_hls_alu;hello_hls_alu_system
15:38:27 ERROR : Failed to openhw "D:/Documents/GitHub/ECE4810J_FA2021/Lab2/Zynq_CPU_wrapper_hw_platform_5/export/Zynq_CPU_wrapper_hw_platform_5/hw/Zynq_CPU_wrapper_hw_platform_5.xsa"
Reason: D:/Documents/GitHub/ECE4810J_FA2021/Lab2/Zynq_CPU_wrapper_hw_platform_5/export/Zynq_CPU_wrapper_hw_platform_5/hw/Zynq_CPU_wrapper_hw_platform_5.xsa is not available in the current workspace
use 'getprojects' command to see list of available projects in current workspace
15:38:27 INFO  : Result from executing command 'getProjects': RemoteSystemsTempFiles;Zynq_CPU_wrapper_hw_platform_3;Zynq_CPU_wrapper_hw_platform_4;Zynq_CPU_wrapper_hw_platform_5;hello_hls_alu;hello_hls_alu_system
15:38:27 ERROR : Failed to openhw "D:/Documents/GitHub/ECE4810J_FA2021/Lab2/Zynq_CPU_wrapper_hw_platform_5/export/Zynq_CPU_wrapper_hw_platform_5/hw/Zynq_CPU_wrapper_hw_platform_5.xsa"
Reason: D:/Documents/GitHub/ECE4810J_FA2021/Lab2/Zynq_CPU_wrapper_hw_platform_5/export/Zynq_CPU_wrapper_hw_platform_5/hw/Zynq_CPU_wrapper_hw_platform_5.xsa is not available in the current workspace
use 'getprojects' command to see list of available projects in current workspace
15:40:47 INFO  : Result from executing command 'getProjects': Zynq_CPU_wrapper_hw_platform_3;Zynq_CPU_wrapper_hw_platform_4;Zynq_CPU_wrapper_hw_platform_5
15:40:47 INFO  : Result from executing command 'getPlatforms': Zynq_CPU_wrapper_hw_platform_3|D:/Documents/GitHub/ECE4810J_FA2021/Lab2/Zynq_CPU_wrapper_hw_platform_3/export/Zynq_CPU_wrapper_hw_platform_3/Zynq_CPU_wrapper_hw_platform_3.xpfm;Zynq_CPU_wrapper_hw_platform_4|D:/Documents/GitHub/ECE4810J_FA2021/Lab2/Zynq_CPU_wrapper_hw_platform_4/export/Zynq_CPU_wrapper_hw_platform_4/Zynq_CPU_wrapper_hw_platform_4.xpfm;Zynq_CPU_wrapper_hw_platform_5|D:/Documents/GitHub/ECE4810J_FA2021/Lab2/Zynq_CPU_wrapper_hw_platform_5/export/Zynq_CPU_wrapper_hw_platform_5/Zynq_CPU_wrapper_hw_platform_5.xpfm
15:40:48 INFO  : Checking for BSP changes to sync application flags for project 'hello_hls_alu'...
15:40:48 INFO  : Updating application flags with new BSP settings...
15:40:48 INFO  : Successfully updated application flags for project hello_hls_alu.
15:46:55 INFO  : Checking for BSP changes to sync application flags for project 'hello_hls_alu'...
15:50:01 INFO  : Connected to target on host '127.0.0.1' and port '3121'.
15:50:01 INFO  : Jtag cable 'Digilent Arty Z7 003017A70235A' is selected.
15:50:01 INFO  : 'jtag frequency' command is executed.
15:50:01 INFO  : Context for 'APU' is selected.
15:50:01 INFO  : System reset is completed.
15:50:04 INFO  : 'after 3000' command is executed.
15:50:05 INFO  : 'targets -set -filter {jtag_cable_name =~ "Digilent Arty Z7 003017A70235A" && level==0 && jtag_device_ctx=="jsn-Arty Z7-003017A70235A-23727093-0"}' command is executed.
15:50:07 INFO  : Device configured successfully with "D:/Documents/GitHub/ECE4810J_FA2021/Lab2/hello_hls_alu/_ide/bitstream/Zynq_CPU_wrapper_hw_platform_5.bit"
15:50:07 INFO  : Context for 'APU' is selected.
15:50:07 INFO  : Hardware design and registers information is loaded from 'D:/Documents/GitHub/ECE4810J_FA2021/Lab2/Zynq_CPU_wrapper_hw_platform_5/export/Zynq_CPU_wrapper_hw_platform_5/hw/Zynq_CPU_wrapper_hw_platform_5.xsa'.
15:50:07 INFO  : 'configparams force-mem-access 1' command is executed.
15:50:07 INFO  : Context for 'APU' is selected.
15:50:07 INFO  : Sourcing of 'D:/Documents/GitHub/ECE4810J_FA2021/Lab2/hello_hls_alu/_ide/psinit/ps7_init.tcl' is done.
15:50:08 INFO  : 'ps7_init' command is executed.
15:50:08 INFO  : 'ps7_post_config' command is executed.
15:50:08 INFO  : Context for processor 'ps7_cortexa9_0' is selected.
15:50:08 INFO  : The application 'D:/Documents/GitHub/ECE4810J_FA2021/Lab2/hello_hls_alu/Debug/hello_hls_alu.elf' is downloaded to processor 'ps7_cortexa9_0'.
15:50:08 INFO  : 'configparams force-mem-access 0' command is executed.
15:50:08 INFO  : ----------------XSDB Script----------------
connect -url tcp:127.0.0.1:3121
targets -set -nocase -filter {name =~"APU*"}
rst -system
after 3000
targets -set -filter {jtag_cable_name =~ "Digilent Arty Z7 003017A70235A" && level==0 && jtag_device_ctx=="jsn-Arty Z7-003017A70235A-23727093-0"}
fpga -file D:/Documents/GitHub/ECE4810J_FA2021/Lab2/hello_hls_alu/_ide/bitstream/Zynq_CPU_wrapper_hw_platform_5.bit
targets -set -nocase -filter {name =~"APU*"}
loadhw -hw D:/Documents/GitHub/ECE4810J_FA2021/Lab2/Zynq_CPU_wrapper_hw_platform_5/export/Zynq_CPU_wrapper_hw_platform_5/hw/Zynq_CPU_wrapper_hw_platform_5.xsa -mem-ranges [list {0x40000000 0xbfffffff}] -regs
configparams force-mem-access 1
targets -set -nocase -filter {name =~"APU*"}
source D:/Documents/GitHub/ECE4810J_FA2021/Lab2/hello_hls_alu/_ide/psinit/ps7_init.tcl
ps7_init
ps7_post_config
targets -set -nocase -filter {name =~ "*A9*#0"}
dow D:/Documents/GitHub/ECE4810J_FA2021/Lab2/hello_hls_alu/Debug/hello_hls_alu.elf
configparams force-mem-access 0
----------------End of Script----------------

15:50:08 INFO  : Context for processor 'ps7_cortexa9_0' is selected.
15:50:08 INFO  : 'con' command is executed.
15:50:08 INFO  : ----------------XSDB Script (After Launch)----------------
targets -set -nocase -filter {name =~ "*A9*#0"}
con
----------------End of Script----------------

15:50:08 INFO  : Disconnected from the channel tcfchan#10.
15:50:31 ERROR : Unexpected error while testing for AIE type project 
org.eclipse.core.internal.resources.ResourceException(/hello_hls_rtl_m_system)[368]: java.lang.Exception: Resource '/hello_hls_rtl_m_system' does not exist.
	at org.eclipse.core.internal.resources.ResourceException.provideStackTrace(ResourceException.java:42)
	at org.eclipse.core.internal.resources.ResourceException.<init>(ResourceException.java:38)
	at org.eclipse.core.internal.resources.Resource.checkExists(Resource.java:330)
	at org.eclipse.core.internal.resources.Resource.checkAccessible(Resource.java:204)
	at org.eclipse.core.internal.resources.Project.checkAccessible(Project.java:145)
	at org.eclipse.core.internal.resources.Project.hasNature(Project.java:530)
	at com.xilinx.sdx.aie.core.util.AIEProjectUtils.isAIEProject(AIEProjectUtils.java:265)
	at com.xilinx.sdx.aie.core.util.AIEUtilityTester.test(AIEUtilityTester.java:23)
	at org.eclipse.core.internal.expressions.Property.test(Property.java:65)
	at org.eclipse.core.internal.expressions.TestExpression.evaluate(TestExpression.java:103)
	at org.eclipse.e4.ui.internal.workbench.ContributionsAnalyzer.isCoreExpressionVisible(ContributionsAnalyzer.java:281)
	at org.eclipse.e4.ui.internal.workbench.ContributionsAnalyzer.isVisible(ContributionsAnalyzer.java:255)
	at org.eclipse.e4.ui.workbench.renderers.swt.ToolBarContributionRecord.computeVisibility(ToolBarContributionRecord.java:160)
	at org.eclipse.e4.ui.workbench.renderers.swt.ToolBarContributionRecord.updateVisibility(ToolBarContributionRecord.java:74)
	at org.eclipse.e4.ui.workbench.renderers.swt.ToolBarManagerRenderer$2.changed(ToolBarManagerRenderer.java:514)
	at org.eclipse.e4.core.internal.contexts.TrackableComputationExt.update(TrackableComputationExt.java:108)
	at org.eclipse.e4.core.internal.contexts.EclipseContext.processScheduled(EclipseContext.java:364)
	at org.eclipse.e4.core.internal.contexts.EclipseContext.set(EclipseContext.java:379)
	at org.eclipse.e4.core.internal.contexts.EclipseContext.activate(EclipseContext.java:683)
	at org.eclipse.e4.ui.workbench.renderers.swt.MenuManagerHideProcessor.lambda$1(MenuManagerHideProcessor.java:141)
	at org.eclipse.swt.widgets.RunnableLock.run(RunnableLock.java:40)
	at org.eclipse.swt.widgets.Synchronizer.runAsyncMessages(Synchronizer.java:185)
	at org.eclipse.swt.widgets.Display.runAsyncMessages(Display.java:3897)
	at org.eclipse.swt.widgets.Display.readAndDispatch(Display.java:3527)
	at org.eclipse.e4.ui.internal.workbench.swt.PartRenderingEngine$5.run(PartRenderingEngine.java:1160)
	at org.eclipse.core.databinding.observable.Realm.runWithDefault(Realm.java:338)
	at org.eclipse.e4.ui.internal.workbench.swt.PartRenderingEngine.run(PartRenderingEngine.java:1049)
	at org.eclipse.e4.ui.internal.workbench.E4Workbench.createAndRunUI(E4Workbench.java:155)
	at org.eclipse.ui.internal.Workbench.lambda$3(Workbench.java:658)
	at org.eclipse.core.databinding.observable.Realm.runWithDefault(Realm.java:338)
	at org.eclipse.ui.internal.Workbench.createAndRunWorkbench(Workbench.java:557)
	at org.eclipse.ui.PlatformUI.createAndRunWorkbench(PlatformUI.java:154)
	at com.xilinx.ide.application.ui.Application.start(Application.java:80)
	at org.eclipse.equinox.internal.app.EclipseAppHandle.run(EclipseAppHandle.java:203)
	at org.eclipse.core.runtime.internal.adaptor.EclipseAppLauncher.runApplication(EclipseAppLauncher.java:137)
	at org.eclipse.core.runtime.internal.adaptor.EclipseAppLauncher.start(EclipseAppLauncher.java:107)
	at org.eclipse.core.runtime.adaptor.EclipseStarter.run(EclipseStarter.java:401)
	at org.eclipse.core.runtime.adaptor.EclipseStarter.run(EclipseStarter.java:255)
	at java.base/jdk.internal.reflect.NativeMethodAccessorImpl.invoke0(Native Method)
	at java.base/jdk.internal.reflect.NativeMethodAccessorImpl.invoke(NativeMethodAccessorImpl.java:62)
	at java.base/jdk.internal.reflect.DelegatingMethodAccessorImpl.invoke(DelegatingMethodAccessorImpl.java:43)
	at java.base/java.lang.reflect.Method.invoke(Method.java:566)
	at org.eclipse.equinox.launcher.Main.invokeFramework(Main.java:657)
	at org.eclipse.equinox.launcher.Main.basicRun(Main.java:594)
	at org.eclipse.equinox.launcher.Main.run(Main.java:1447)
17:46:37 INFO  : Generated template bif file for hello_hls_rtl_m_system
17:51:09 INFO  : Invoking Bootgen: bootgen -image hello_hls_rtl_m_system.bif -arch zynq -o D:\Documents\GitHub\ECE4810J_FA2021\Lab2\SD\BOOT.bin
17:51:09 INFO  : Creating new bif file D:/Documents/GitHub/ECE4810J_FA2021/Lab2/hello_hls_rtl_m_system/_ide/bootimage/hello_hls_rtl_m_system.bif
17:51:11 INFO  : Bootgen command execution is done.
