

================================================================
== Vitis HLS Report for 'yuv2rgb_1'
================================================================
* Date:           Mon Nov  1 17:43:35 2021

* Version:        2021.1.1 (Build 3286242 on Wed Jul 28 13:10:47 MDT 2021)
* Project:        yuv_filter.prj
* Solution:       solution2 (Vivado IP Flow Target)
* Product family: zynq
* Target device:  xc7z020-clg400-1


================================================================
== Performance Estimates
================================================================
+ Timing: 
    * Summary: 
    +--------+----------+----------+------------+
    |  Clock |  Target  | Estimated| Uncertainty|
    +--------+----------+----------+------------+
    |ap_clk  |  10.00 ns|  6.960 ns|     2.70 ns|
    +--------+----------+----------+------------+

+ Latency: 
    * Summary: 
    +---------+---------+----------+-----------+-------+---------+---------+
    |  Latency (cycles) |  Latency (absolute)  |     Interval    | Pipeline|
    |   min   |   max   |    min   |    max    |  min  |   max   |   Type  |
    +---------+---------+----------+-----------+-------+---------+---------+
    |    40013|  2457613|  0.400 ms|  24.576 ms|  40013|  2457613|       no|
    +---------+---------+----------+-----------+-------+---------+---------+

    + Detail: 
        * Instance: 
        N/A

        * Loop: 
        +---------------------------------+---------+---------+----------+-----------+-----------+-----------------+----------+
        |                                 |  Latency (cycles) | Iteration|  Initiation Interval  |       Trip      |          |
        |            Loop Name            |   min   |   max   |  Latency |  achieved |   target  |      Count      | Pipelined|
        +---------------------------------+---------+---------+----------+-----------+-----------+-----------------+----------+
        |- YUV2RGB_LOOP_X_YUV2RGB_LOOP_Y  |    40008|  2457608|        10|          1|          1|  40000 ~ 2457600|       yes|
        +---------------------------------+---------+---------+----------+-----------+-----------+-----------------+----------+

============================================================
+ Verbose Summary: Synthesis Manager
============================================================
InlineROM: 1
ExposeGlobal: 0
============================================================
+ Verbose Summary: CDFG Model
============================================================
IsTopModel: 0
ResetActiveHigh: 1
IsCombinational: 0
IsDatapathOnly: 0
HasWiredReturn: 1
HasMFsm: 2
HasVarLatency: 1
IsPipeline: 0
IsRtlPipelined: 0
IsInstanceOverlapped: 0
IsDontTouch: 0
HasImplIP: 0
IsGatedGlobalClock: 0

+ Individual pipeline summary: 
  * Pipeline-0: initiation interval (II) = 1, depth = 10


============================================================
+ Verbose Summary: Schedule
============================================================
* Number of FSM states : 15
* Pipeline : 1
  Pipeline-0 : II = 1, D = 10, States = { 5 6 7 8 9 10 11 12 13 14 }
* Dataflow Pipeline: 0

* FSM state transitions: 
1 --> 2 
2 --> 3 
3 --> 4 
4 --> 5 
5 --> 15 6 
6 --> 7 
7 --> 8 
8 --> 9 
9 --> 10 
10 --> 11 
11 --> 12 
12 --> 13 
13 --> 14 
14 --> 5 
15 --> 

* FSM state operations: 

State 1 <SV = 0> <Delay = 2.15>
ST_1 : Operation 16 [1/1] (0.00ns)   --->   "%y = alloca i32 1"   --->   Operation 16 'alloca' 'y' <Predicate = true> <Delay = 0.00>
ST_1 : Operation 17 [1/1] (0.00ns)   --->   "%x = alloca i32 1"   --->   Operation 17 'alloca' 'x' <Predicate = true> <Delay = 0.00>
ST_1 : Operation 18 [1/1] (0.00ns)   --->   "%indvar_flatten = alloca i32 1"   --->   Operation 18 'alloca' 'indvar_flatten' <Predicate = true> <Delay = 0.00>
ST_1 : Operation 19 [1/1] (0.00ns)   --->   "%p_read_1 = read i16 @_ssdm_op_Read.ap_auto.i16, i16 %p_read1" [yuv_filter.c:73]   --->   Operation 19 'read' 'p_read_1' <Predicate = true> <Delay = 0.00>
ST_1 : Operation 20 [1/1] (0.00ns)   --->   "%p_read_2 = read i16 @_ssdm_op_Read.ap_auto.i16, i16 %p_read" [yuv_filter.c:73]   --->   Operation 20 'read' 'p_read_2' <Predicate = true> <Delay = 0.00>
ST_1 : Operation 21 [1/1] (0.00ns)   --->   "%cast = zext i16 %p_read_2" [yuv_filter.c:73]   --->   Operation 21 'zext' 'cast' <Predicate = true> <Delay = 0.00>
ST_1 : Operation 22 [1/1] (0.00ns)   --->   "%cast1 = zext i16 %p_read_1" [yuv_filter.c:73]   --->   Operation 22 'zext' 'cast1' <Predicate = true> <Delay = 0.00>
ST_1 : Operation 23 [4/4] (2.15ns) (root node of the DSP)   --->   "%bound = mul i32 %cast, i32 %cast1" [yuv_filter.c:73]   --->   Operation 23 'mul' 'bound' <Predicate = true> <Delay = 2.15> <CoreInst = "DSP48">   --->   Core 119 'DSP48' <Latency = 3> <II = 1> <Delay = 2.15> <IPBlock> <Opcode : 'mul' 'add' 'sub' 'select'> <InPorts = 0> <OutPorts = 1> <Sync> <CReg>
ST_1 : Operation 24 [1/1] (1.58ns)   --->   "%store_ln89 = store i32 0, i32 %indvar_flatten" [yuv_filter.c:89]   --->   Operation 24 'store' 'store_ln89' <Predicate = true> <Delay = 1.58>
ST_1 : Operation 25 [1/1] (1.58ns)   --->   "%store_ln89 = store i16 0, i16 %x" [yuv_filter.c:89]   --->   Operation 25 'store' 'store_ln89' <Predicate = true> <Delay = 1.58>
ST_1 : Operation 26 [1/1] (1.58ns)   --->   "%store_ln89 = store i16 0, i16 %y" [yuv_filter.c:89]   --->   Operation 26 'store' 'store_ln89' <Predicate = true> <Delay = 1.58>

State 2 <SV = 1> <Delay = 2.15>
ST_2 : Operation 27 [3/4] (2.15ns) (root node of the DSP)   --->   "%bound = mul i32 %cast, i32 %cast1" [yuv_filter.c:73]   --->   Operation 27 'mul' 'bound' <Predicate = true> <Delay = 2.15> <CoreInst = "DSP48">   --->   Core 119 'DSP48' <Latency = 3> <II = 1> <Delay = 2.15> <IPBlock> <Opcode : 'mul' 'add' 'sub' 'select'> <InPorts = 0> <OutPorts = 1> <Sync> <CReg>

State 3 <SV = 2> <Delay = 2.15>
ST_3 : Operation 28 [2/4] (2.15ns) (root node of the DSP)   --->   "%bound = mul i32 %cast, i32 %cast1" [yuv_filter.c:73]   --->   Operation 28 'mul' 'bound' <Predicate = true> <Delay = 2.15> <CoreInst = "DSP48">   --->   Core 119 'DSP48' <Latency = 3> <II = 1> <Delay = 2.15> <IPBlock> <Opcode : 'mul' 'add' 'sub' 'select'> <InPorts = 0> <OutPorts = 1> <Sync> <CReg>

State 4 <SV = 3> <Delay = 0.00>
ST_4 : Operation 29 [1/1] (0.00ns)   --->   "%specinterface_ln0 = specinterface void @_ssdm_op_SpecInterface, i8 %out_channels_ch3, void @empty, i32 0, i32 0, void @empty_0, i32 4294967295, i32 0, void @empty_0, void @empty_0, void @empty_0, i32 0, i32 0, i32 0, i32 0, void @empty_0, void @empty_0"   --->   Operation 29 'specinterface' 'specinterface_ln0' <Predicate = true> <Delay = 0.00>
ST_4 : Operation 30 [1/1] (0.00ns)   --->   "%specinterface_ln0 = specinterface void @_ssdm_op_SpecInterface, i8 %out_channels_ch2, void @empty, i32 0, i32 0, void @empty_0, i32 4294967295, i32 0, void @empty_0, void @empty_0, void @empty_0, i32 0, i32 0, i32 0, i32 0, void @empty_0, void @empty_0"   --->   Operation 30 'specinterface' 'specinterface_ln0' <Predicate = true> <Delay = 0.00>
ST_4 : Operation 31 [1/1] (0.00ns)   --->   "%specinterface_ln0 = specinterface void @_ssdm_op_SpecInterface, i8 %out_channels_ch1, void @empty, i32 0, i32 0, void @empty_0, i32 4294967295, i32 0, void @empty_0, void @empty_0, void @empty_0, i32 0, i32 0, i32 0, i32 0, void @empty_0, void @empty_0"   --->   Operation 31 'specinterface' 'specinterface_ln0' <Predicate = true> <Delay = 0.00>
ST_4 : Operation 32 [1/4] (0.00ns) (root node of the DSP)   --->   "%bound = mul i32 %cast, i32 %cast1" [yuv_filter.c:73]   --->   Operation 32 'mul' 'bound' <Predicate = true> <Delay = 0.00> <CoreInst = "DSP48">   --->   Core 119 'DSP48' <Latency = 3> <II = 1> <Delay = 2.15> <IPBlock> <Opcode : 'mul' 'add' 'sub' 'select'> <InPorts = 0> <OutPorts = 1> <Sync> <CReg>
ST_4 : Operation 33 [1/1] (0.00ns)   --->   "%br_ln89 = br void" [yuv_filter.c:89]   --->   Operation 33 'br' 'br_ln89' <Predicate = true> <Delay = 0.00>

State 5 <SV = 4> <Delay = 6.89>
ST_5 : Operation 34 [1/1] (0.00ns)   --->   "%indvar_flatten_load = load i32 %indvar_flatten" [yuv_filter.c:89]   --->   Operation 34 'load' 'indvar_flatten_load' <Predicate = true> <Delay = 0.00>
ST_5 : Operation 35 [1/1] (2.47ns)   --->   "%icmp_ln89 = icmp_eq  i32 %indvar_flatten_load, i32 %bound" [yuv_filter.c:89]   --->   Operation 35 'icmp' 'icmp_ln89' <Predicate = true> <Delay = 2.47> <CoreInst = "Cmp">   --->   Core 9 'Cmp' <Latency = 0> <II = 1> <Delay = 1.13> <FuncUnit> <Opcode : 'icmp'> <InPorts = 2> <OutPorts = 1>
ST_5 : Operation 36 [1/1] (2.55ns)   --->   "%add_ln89 = add i32 %indvar_flatten_load, i32 1" [yuv_filter.c:89]   --->   Operation 36 'add' 'add_ln89' <Predicate = true> <Delay = 2.55> <CoreInst = "Adder">   --->   Core 1 'Adder' <Latency = 0> <II = 1> <Delay = 2.07> <FuncUnit> <Opcode : 'add' 'sub'> <InPorts = 2> <OutPorts = 1>
ST_5 : Operation 37 [1/1] (0.00ns)   --->   "%br_ln89 = br i1 %icmp_ln89, void %._crit_edge.loopexit, void %._crit_edge7.loopexit" [yuv_filter.c:89]   --->   Operation 37 'br' 'br_ln89' <Predicate = true> <Delay = 0.00>
ST_5 : Operation 38 [1/1] (0.00ns)   --->   "%y_load = load i16 %y" [yuv_filter.c:92]   --->   Operation 38 'load' 'y_load' <Predicate = (!icmp_ln89)> <Delay = 0.00>
ST_5 : Operation 39 [1/1] (2.42ns)   --->   "%icmp_ln92 = icmp_eq  i16 %y_load, i16 %p_read_1" [yuv_filter.c:92]   --->   Operation 39 'icmp' 'icmp_ln92' <Predicate = (!icmp_ln89)> <Delay = 2.42> <CoreInst = "Cmp">   --->   Core 9 'Cmp' <Latency = 0> <II = 1> <Delay = 1.13> <FuncUnit> <Opcode : 'icmp'> <InPorts = 2> <OutPorts = 1>
ST_5 : Operation 40 [1/1] (0.80ns)   --->   "%select_ln72 = select i1 %icmp_ln92, i16 0, i16 %y_load" [yuv_filter.c:72]   --->   Operation 40 'select' 'select_ln72' <Predicate = (!icmp_ln89)> <Delay = 0.80> <CoreInst = "Sel">   --->   Core 73 'Sel' <Latency = 0> <II = 1> <Delay = 1.24> <FuncUnit> <Opcode : 'select'> <InPorts = 3> <OutPorts = 1>
ST_5 : Operation 41 [1/1] (2.07ns)   --->   "%y_2 = add i16 %select_ln72, i16 1" [yuv_filter.c:92]   --->   Operation 41 'add' 'y_2' <Predicate = (!icmp_ln89)> <Delay = 2.07> <CoreInst = "Adder">   --->   Core 1 'Adder' <Latency = 0> <II = 1> <Delay = 2.07> <FuncUnit> <Opcode : 'add' 'sub'> <InPorts = 2> <OutPorts = 1>
ST_5 : Operation 42 [1/1] (1.58ns)   --->   "%store_ln89 = store i32 %add_ln89, i32 %indvar_flatten" [yuv_filter.c:89]   --->   Operation 42 'store' 'store_ln89' <Predicate = (!icmp_ln89)> <Delay = 1.58>
ST_5 : Operation 43 [1/1] (1.58ns)   --->   "%store_ln92 = store i16 %y_2, i16 %y" [yuv_filter.c:92]   --->   Operation 43 'store' 'store_ln92' <Predicate = (!icmp_ln89)> <Delay = 1.58>

State 6 <SV = 5> <Delay = 6.96>
ST_6 : Operation 44 [1/1] (0.00ns)   --->   "%x_load = load i16 %x" [yuv_filter.c:89]   --->   Operation 44 'load' 'x_load' <Predicate = true> <Delay = 0.00>
ST_6 : Operation 45 [1/1] (2.07ns)   --->   "%x_4 = add i16 %x_load, i16 1" [yuv_filter.c:89]   --->   Operation 45 'add' 'x_4' <Predicate = (icmp_ln92)> <Delay = 2.07> <CoreInst = "Adder">   --->   Core 1 'Adder' <Latency = 0> <II = 1> <Delay = 2.07> <FuncUnit> <Opcode : 'add' 'sub'> <InPorts = 2> <OutPorts = 1>
ST_6 : Operation 46 [1/1] (0.80ns)   --->   "%select_ln72_1 = select i1 %icmp_ln92, i16 %x_4, i16 %x_load" [yuv_filter.c:72]   --->   Operation 46 'select' 'select_ln72_1' <Predicate = true> <Delay = 0.80> <CoreInst = "Sel">   --->   Core 73 'Sel' <Latency = 0> <II = 1> <Delay = 1.24> <FuncUnit> <Opcode : 'select'> <InPorts = 3> <OutPorts = 1>
ST_6 : Operation 47 [1/1] (0.00ns)   --->   "%trunc_ln94 = trunc i16 %select_ln72_1" [yuv_filter.c:94]   --->   Operation 47 'trunc' 'trunc_ln94' <Predicate = true> <Delay = 0.00>
ST_6 : Operation 48 [1/1] (0.00ns)   --->   "%tmp_cast = bitconcatenate i22 @_ssdm_op_BitConcatenate.i22.i12.i10, i12 %trunc_ln94, i10 0" [yuv_filter.c:94]   --->   Operation 48 'bitconcatenate' 'tmp_cast' <Predicate = true> <Delay = 0.00>
ST_6 : Operation 49 [1/1] (0.00ns)   --->   "%trunc_ln94_1 = trunc i16 %select_ln72_1" [yuv_filter.c:94]   --->   Operation 49 'trunc' 'trunc_ln94_1' <Predicate = true> <Delay = 0.00>
ST_6 : Operation 50 [1/1] (0.00ns)   --->   "%tmp_2_cast = bitconcatenate i22 @_ssdm_op_BitConcatenate.i22.i14.i8, i14 %trunc_ln94_1, i8 0" [yuv_filter.c:94]   --->   Operation 50 'bitconcatenate' 'tmp_2_cast' <Predicate = true> <Delay = 0.00>
ST_6 : Operation 51 [1/1] (0.00ns) (grouped into TernaryAdder)   --->   "%add_ln94 = add i22 %tmp_cast, i22 %tmp_2_cast" [yuv_filter.c:94]   --->   Operation 51 'add' 'add_ln94' <Predicate = true> <Delay = 0.00> <CoreInst = "TAddSub">   --->   Core 10 'TAddSub' <Latency = 0> <II = 1> <Delay = 2.03> <IPBlock> <Opcode : 'add' 'sub'> <InPorts = 3> <OutPorts = 1> <Sync> <CReg>
ST_6 : Operation 52 [1/1] (0.00ns)   --->   "%zext_ln94 = zext i16 %select_ln72" [yuv_filter.c:94]   --->   Operation 52 'zext' 'zext_ln94' <Predicate = true> <Delay = 0.00>
ST_6 : Operation 53 [1/1] (4.07ns) (root node of TernaryAdder)   --->   "%add_ln94_1 = add i22 %add_ln94, i22 %zext_ln94" [yuv_filter.c:94]   --->   Operation 53 'add' 'add_ln94_1' <Predicate = true> <Delay = 4.07> <CoreInst = "TAddSub">   --->   Core 10 'TAddSub' <Latency = 0> <II = 1> <Delay = 2.03> <IPBlock> <Opcode : 'add' 'sub'> <InPorts = 3> <OutPorts = 1> <Sync> <CReg>
ST_6 : Operation 54 [1/1] (1.58ns)   --->   "%store_ln72 = store i16 %select_ln72_1, i16 %x" [yuv_filter.c:72]   --->   Operation 54 'store' 'store_ln72' <Predicate = true> <Delay = 1.58>

State 7 <SV = 6> <Delay = 3.25>
ST_7 : Operation 55 [1/1] (0.00ns)   --->   "%zext_ln94_1 = zext i22 %add_ln94_1" [yuv_filter.c:94]   --->   Operation 55 'zext' 'zext_ln94_1' <Predicate = true> <Delay = 0.00>
ST_7 : Operation 56 [1/1] (0.00ns)   --->   "%in_channels_ch1_addr = getelementptr i8 %in_channels_ch1, i64 0, i64 %zext_ln94_1" [yuv_filter.c:94]   --->   Operation 56 'getelementptr' 'in_channels_ch1_addr' <Predicate = true> <Delay = 0.00>
ST_7 : Operation 57 [2/2] (3.25ns)   --->   "%Y = load i22 %in_channels_ch1_addr" [yuv_filter.c:94]   --->   Operation 57 'load' 'Y' <Predicate = true> <Delay = 3.25> <CoreInst = "RAM">   --->   Core 82 'RAM' <Latency = 1> <II = 1> <Delay = 3.25> <Storage> <Opcode : 'load' 'store'> <Ports = 2> <Width = 8> <Depth = 2457600> <RAM>

State 8 <SV = 7> <Delay = 6.21>
ST_8 : Operation 58 [1/1] (0.00ns)   --->   "%in_channels_ch3_addr = getelementptr i8 %in_channels_ch3, i64 0, i64 %zext_ln94_1" [yuv_filter.c:96]   --->   Operation 58 'getelementptr' 'in_channels_ch3_addr' <Predicate = true> <Delay = 0.00>
ST_8 : Operation 59 [1/2] (3.25ns)   --->   "%Y = load i22 %in_channels_ch1_addr" [yuv_filter.c:94]   --->   Operation 59 'load' 'Y' <Predicate = true> <Delay = 3.25> <CoreInst = "RAM">   --->   Core 82 'RAM' <Latency = 1> <II = 1> <Delay = 3.25> <Storage> <Opcode : 'load' 'store'> <Ports = 2> <Width = 8> <Depth = 2457600> <RAM>
ST_8 : Operation 60 [2/2] (3.25ns)   --->   "%V = load i22 %in_channels_ch3_addr" [yuv_filter.c:96]   --->   Operation 60 'load' 'V' <Predicate = true> <Delay = 3.25> <CoreInst = "RAM">   --->   Core 82 'RAM' <Latency = 1> <II = 1> <Delay = 3.25> <Storage> <Opcode : 'load' 'store'> <Ports = 2> <Width = 8> <Depth = 2457600> <RAM>
ST_8 : Operation 61 [1/1] (0.00ns)   --->   "%zext_ln97 = zext i8 %Y" [yuv_filter.c:97]   --->   Operation 61 'zext' 'zext_ln97' <Predicate = true> <Delay = 0.00>
ST_8 : Operation 62 [1/1] (1.91ns)   --->   "%C = add i9 %zext_ln97, i9 496" [yuv_filter.c:97]   --->   Operation 62 'add' 'C' <Predicate = true> <Delay = 1.91> <CoreInst = "Adder">   --->   Core 1 'Adder' <Latency = 0> <II = 1> <Delay = 2.07> <FuncUnit> <Opcode : 'add' 'sub'> <InPorts = 2> <OutPorts = 1>
ST_8 : Operation 63 [1/1] (0.00ns)   --->   "%sext_ln100 = sext i9 %C" [yuv_filter.c:100]   --->   Operation 63 'sext' 'sext_ln100' <Predicate = true> <Delay = 0.00>
ST_8 : Operation 64 [3/3] (1.05ns) (grouped into DSP with root node add_ln100)   --->   "%mul_ln100 = mul i18 %sext_ln100, i18 298" [yuv_filter.c:100]   --->   Operation 64 'mul' 'mul_ln100' <Predicate = true> <Delay = 1.05> <CoreInst = "DSP48">   --->   Core 119 'DSP48' <Latency = 3> <II = 1> <Delay = 2.15> <IPBlock> <Opcode : 'mul' 'add' 'sub' 'select'> <InPorts = 0> <OutPorts = 1> <Sync> <CReg>

State 9 <SV = 8> <Delay = 5.29>
ST_9 : Operation 65 [1/1] (0.00ns)   --->   "%in_channels_ch2_addr = getelementptr i8 %in_channels_ch2, i64 0, i64 %zext_ln94_1" [yuv_filter.c:95]   --->   Operation 65 'getelementptr' 'in_channels_ch2_addr' <Predicate = true> <Delay = 0.00>
ST_9 : Operation 66 [2/2] (3.25ns)   --->   "%U = load i22 %in_channels_ch2_addr" [yuv_filter.c:95]   --->   Operation 66 'load' 'U' <Predicate = true> <Delay = 3.25> <CoreInst = "RAM">   --->   Core 82 'RAM' <Latency = 1> <II = 1> <Delay = 3.25> <Storage> <Opcode : 'load' 'store'> <Ports = 2> <Width = 8> <Depth = 2457600> <RAM>
ST_9 : Operation 67 [1/2] (3.25ns)   --->   "%V = load i22 %in_channels_ch3_addr" [yuv_filter.c:96]   --->   Operation 67 'load' 'V' <Predicate = true> <Delay = 3.25> <CoreInst = "RAM">   --->   Core 82 'RAM' <Latency = 1> <II = 1> <Delay = 3.25> <Storage> <Opcode : 'load' 'store'> <Ports = 2> <Width = 8> <Depth = 2457600> <RAM>
ST_9 : Operation 68 [1/1] (0.99ns)   --->   "%E = xor i8 %V, i8 128" [yuv_filter.c:99]   --->   Operation 68 'xor' 'E' <Predicate = true> <Delay = 0.99> <CoreInst = "LogicGate">   --->   Core 74 'LogicGate' <Latency = 0> <II = 1> <Delay = 0.97> <FuncUnit> <Opcode : 'and' 'or' 'xor'> <InPorts = 2> <OutPorts = 1>
ST_9 : Operation 69 [2/3] (1.05ns) (grouped into DSP with root node add_ln100)   --->   "%mul_ln100 = mul i18 %sext_ln100, i18 298" [yuv_filter.c:100]   --->   Operation 69 'mul' 'mul_ln100' <Predicate = true> <Delay = 1.05> <CoreInst = "DSP48">   --->   Core 119 'DSP48' <Latency = 3> <II = 1> <Delay = 2.15> <IPBlock> <Opcode : 'mul' 'add' 'sub' 'select'> <InPorts = 0> <OutPorts = 1> <Sync> <CReg>
ST_9 : Operation 70 [1/1] (0.00ns)   --->   "%sext_ln100_1 = sext i8 %E" [yuv_filter.c:100]   --->   Operation 70 'sext' 'sext_ln100_1' <Predicate = true> <Delay = 0.00>
ST_9 : Operation 71 [1/1] (0.00ns)   --->   "%sext_ln100_3 = sext i8 %E" [yuv_filter.c:100]   --->   Operation 71 'sext' 'sext_ln100_3' <Predicate = true> <Delay = 0.00>
ST_9 : Operation 72 [3/3] (1.05ns) (grouped into DSP with root node add_ln100_1)   --->   "%mul_ln100_1 = mul i18 %sext_ln100_3, i18 409" [yuv_filter.c:100]   --->   Operation 72 'mul' 'mul_ln100_1' <Predicate = true> <Delay = 1.05> <CoreInst = "DSP48">   --->   Core 119 'DSP48' <Latency = 3> <II = 1> <Delay = 2.15> <IPBlock> <Opcode : 'mul' 'add' 'sub' 'select'> <InPorts = 0> <OutPorts = 1> <Sync> <CReg>
ST_9 : Operation 73 [3/3] (1.05ns) (grouped into DSP with root node add_ln101)   --->   "%mul_ln101_1 = mul i17 %sext_ln100_1, i17 130864" [yuv_filter.c:101]   --->   Operation 73 'mul' 'mul_ln101_1' <Predicate = true> <Delay = 1.05> <CoreInst = "DSP48">   --->   Core 119 'DSP48' <Latency = 3> <II = 1> <Delay = 2.15> <IPBlock> <Opcode : 'mul' 'add' 'sub' 'select'> <InPorts = 0> <OutPorts = 1> <Sync> <CReg>

State 10 <SV = 9> <Delay = 5.29>
ST_10 : Operation 74 [1/2] (3.25ns)   --->   "%U = load i22 %in_channels_ch2_addr" [yuv_filter.c:95]   --->   Operation 74 'load' 'U' <Predicate = true> <Delay = 3.25> <CoreInst = "RAM">   --->   Core 82 'RAM' <Latency = 1> <II = 1> <Delay = 3.25> <Storage> <Opcode : 'load' 'store'> <Ports = 2> <Width = 8> <Depth = 2457600> <RAM>
ST_10 : Operation 75 [1/1] (0.99ns)   --->   "%D = xor i8 %U, i8 128" [yuv_filter.c:98]   --->   Operation 75 'xor' 'D' <Predicate = true> <Delay = 0.99> <CoreInst = "LogicGate">   --->   Core 74 'LogicGate' <Latency = 0> <II = 1> <Delay = 0.97> <FuncUnit> <Opcode : 'and' 'or' 'xor'> <InPorts = 2> <OutPorts = 1>
ST_10 : Operation 76 [1/3] (0.00ns) (grouped into DSP with root node add_ln100)   --->   "%mul_ln100 = mul i18 %sext_ln100, i18 298" [yuv_filter.c:100]   --->   Operation 76 'mul' 'mul_ln100' <Predicate = true> <Delay = 0.00> <CoreInst = "DSP48">   --->   Core 119 'DSP48' <Latency = 3> <II = 1> <Delay = 2.15> <IPBlock> <Opcode : 'mul' 'add' 'sub' 'select'> <InPorts = 0> <OutPorts = 1> <Sync> <CReg>
ST_10 : Operation 77 [2/3] (1.05ns) (grouped into DSP with root node add_ln100_1)   --->   "%mul_ln100_1 = mul i18 %sext_ln100_3, i18 409" [yuv_filter.c:100]   --->   Operation 77 'mul' 'mul_ln100_1' <Predicate = true> <Delay = 1.05> <CoreInst = "DSP48">   --->   Core 119 'DSP48' <Latency = 3> <II = 1> <Delay = 2.15> <IPBlock> <Opcode : 'mul' 'add' 'sub' 'select'> <InPorts = 0> <OutPorts = 1> <Sync> <CReg>
ST_10 : Operation 78 [2/2] (2.10ns) (root node of the DSP)   --->   "%add_ln100 = add i18 %mul_ln100, i18 128" [yuv_filter.c:100]   --->   Operation 78 'add' 'add_ln100' <Predicate = true> <Delay = 2.10> <CoreInst = "DSP48">   --->   Core 119 'DSP48' <Latency = 3> <II = 1> <Delay = 2.15> <IPBlock> <Opcode : 'mul' 'add' 'sub' 'select'> <InPorts = 0> <OutPorts = 1> <Sync> <CReg>
ST_10 : Operation 79 [1/1] (0.00ns)   --->   "%sext_ln101 = sext i8 %D" [yuv_filter.c:101]   --->   Operation 79 'sext' 'sext_ln101' <Predicate = true> <Delay = 0.00>
ST_10 : Operation 80 [3/3] (1.05ns) (grouped into DSP with root node add_ln101_1)   --->   "%mul_ln101 = mul i16 %sext_ln101, i16 65436" [yuv_filter.c:101]   --->   Operation 80 'mul' 'mul_ln101' <Predicate = true> <Delay = 1.05> <CoreInst = "DSP48">   --->   Core 119 'DSP48' <Latency = 3> <II = 1> <Delay = 2.15> <IPBlock> <Opcode : 'mul' 'add' 'sub' 'select'> <InPorts = 0> <OutPorts = 1> <Sync> <CReg>
ST_10 : Operation 81 [2/3] (1.05ns) (grouped into DSP with root node add_ln101)   --->   "%mul_ln101_1 = mul i17 %sext_ln100_1, i17 130864" [yuv_filter.c:101]   --->   Operation 81 'mul' 'mul_ln101_1' <Predicate = true> <Delay = 1.05> <CoreInst = "DSP48">   --->   Core 119 'DSP48' <Latency = 3> <II = 1> <Delay = 2.15> <IPBlock> <Opcode : 'mul' 'add' 'sub' 'select'> <InPorts = 0> <OutPorts = 1> <Sync> <CReg>

State 11 <SV = 10> <Delay = 6.37>
ST_11 : Operation 82 [1/3] (0.00ns) (grouped into DSP with root node add_ln100_1)   --->   "%mul_ln100_1 = mul i18 %sext_ln100_3, i18 409" [yuv_filter.c:100]   --->   Operation 82 'mul' 'mul_ln100_1' <Predicate = true> <Delay = 0.00> <CoreInst = "DSP48">   --->   Core 119 'DSP48' <Latency = 3> <II = 1> <Delay = 2.15> <IPBlock> <Opcode : 'mul' 'add' 'sub' 'select'> <InPorts = 0> <OutPorts = 1> <Sync> <CReg>
ST_11 : Operation 83 [1/2] (2.10ns) (root node of the DSP)   --->   "%add_ln100 = add i18 %mul_ln100, i18 128" [yuv_filter.c:100]   --->   Operation 83 'add' 'add_ln100' <Predicate = true> <Delay = 2.10> <CoreInst = "DSP48">   --->   Core 119 'DSP48' <Latency = 3> <II = 1> <Delay = 2.15> <IPBlock> <Opcode : 'mul' 'add' 'sub' 'select'> <InPorts = 0> <OutPorts = 1> <Sync> <CReg>
ST_11 : Operation 84 [2/2] (2.10ns) (root node of the DSP)   --->   "%add_ln100_1 = add i18 %mul_ln100_1, i18 %add_ln100" [yuv_filter.c:100]   --->   Operation 84 'add' 'add_ln100_1' <Predicate = true> <Delay = 2.10> <CoreInst = "DSP48">   --->   Core 119 'DSP48' <Latency = 3> <II = 1> <Delay = 2.15> <IPBlock> <Opcode : 'mul' 'add' 'sub' 'select'> <InPorts = 0> <OutPorts = 1> <Sync> <CReg>
ST_11 : Operation 85 [2/3] (1.05ns) (grouped into DSP with root node add_ln101_1)   --->   "%mul_ln101 = mul i16 %sext_ln101, i16 65436" [yuv_filter.c:101]   --->   Operation 85 'mul' 'mul_ln101' <Predicate = true> <Delay = 1.05> <CoreInst = "DSP48">   --->   Core 119 'DSP48' <Latency = 3> <II = 1> <Delay = 2.15> <IPBlock> <Opcode : 'mul' 'add' 'sub' 'select'> <InPorts = 0> <OutPorts = 1> <Sync> <CReg>
ST_11 : Operation 86 [1/3] (0.00ns) (grouped into DSP with root node add_ln101)   --->   "%mul_ln101_1 = mul i17 %sext_ln100_1, i17 130864" [yuv_filter.c:101]   --->   Operation 86 'mul' 'mul_ln101_1' <Predicate = true> <Delay = 0.00> <CoreInst = "DSP48">   --->   Core 119 'DSP48' <Latency = 3> <II = 1> <Delay = 2.15> <IPBlock> <Opcode : 'mul' 'add' 'sub' 'select'> <InPorts = 0> <OutPorts = 1> <Sync> <CReg>
ST_11 : Operation 87 [1/1] (0.00ns) (grouped into DSP with root node add_ln101)   --->   "%sext_ln101_3 = sext i17 %mul_ln101_1" [yuv_filter.c:101]   --->   Operation 87 'sext' 'sext_ln101_3' <Predicate = true> <Delay = 0.00>
ST_11 : Operation 88 [2/2] (2.10ns) (root node of the DSP)   --->   "%add_ln101 = add i18 %add_ln100, i18 %sext_ln101_3" [yuv_filter.c:101]   --->   Operation 88 'add' 'add_ln101' <Predicate = true> <Delay = 2.10> <CoreInst = "DSP48">   --->   Core 119 'DSP48' <Latency = 3> <II = 1> <Delay = 2.15> <IPBlock> <Opcode : 'mul' 'add' 'sub' 'select'> <InPorts = 0> <OutPorts = 1> <Sync> <CReg>
ST_11 : Operation 89 [1/1] (0.00ns)   --->   "%shl_ln = bitconcatenate i17 @_ssdm_op_BitConcatenate.i17.i8.i9, i8 %D, i9 0" [yuv_filter.c:102]   --->   Operation 89 'bitconcatenate' 'shl_ln' <Predicate = true> <Delay = 0.00>
ST_11 : Operation 90 [1/1] (0.00ns)   --->   "%sext_ln102_1 = sext i17 %shl_ln" [yuv_filter.c:102]   --->   Operation 90 'sext' 'sext_ln102_1' <Predicate = true> <Delay = 0.00>
ST_11 : Operation 91 [1/1] (0.00ns)   --->   "%shl_ln102_1 = bitconcatenate i10 @_ssdm_op_BitConcatenate.i10.i8.i2, i8 %D, i2 0" [yuv_filter.c:102]   --->   Operation 91 'bitconcatenate' 'shl_ln102_1' <Predicate = true> <Delay = 0.00>
ST_11 : Operation 92 [1/1] (0.00ns)   --->   "%sext_ln102_2 = sext i10 %shl_ln102_1" [yuv_filter.c:102]   --->   Operation 92 'sext' 'sext_ln102_2' <Predicate = true> <Delay = 0.00>
ST_11 : Operation 93 [1/1] (2.13ns)   --->   "%add_ln102_1 = add i18 %sext_ln102_2, i18 %add_ln100" [yuv_filter.c:102]   --->   Operation 93 'add' 'add_ln102_1' <Predicate = true> <Delay = 2.13> <CoreInst = "Adder">   --->   Core 1 'Adder' <Latency = 0> <II = 1> <Delay = 2.07> <FuncUnit> <Opcode : 'add' 'sub'> <InPorts = 2> <OutPorts = 1>
ST_11 : Operation 94 [1/1] (0.00ns)   --->   "%sext_ln102_3 = sext i18 %add_ln102_1" [yuv_filter.c:102]   --->   Operation 94 'sext' 'sext_ln102_3' <Predicate = true> <Delay = 0.00>
ST_11 : Operation 95 [1/1] (2.13ns)   --->   "%add_ln102 = add i19 %sext_ln102_3, i19 %sext_ln102_1" [yuv_filter.c:102]   --->   Operation 95 'add' 'add_ln102' <Predicate = true> <Delay = 2.13> <CoreInst = "Adder">   --->   Core 1 'Adder' <Latency = 0> <II = 1> <Delay = 2.07> <FuncUnit> <Opcode : 'add' 'sub'> <InPorts = 2> <OutPorts = 1>
ST_11 : Operation 96 [1/1] (0.00ns)   --->   "%tmp_4 = partselect i3 @_ssdm_op_PartSelect.i3.i19.i32.i32, i19 %add_ln102, i32 16, i32 18" [yuv_filter.c:102]   --->   Operation 96 'partselect' 'tmp_4' <Predicate = true> <Delay = 0.00>

State 12 <SV = 11> <Delay = 5.63>
ST_12 : Operation 97 [1/1] (0.00ns)   --->   "%out_channels_ch3_addr = getelementptr i8 %out_channels_ch3, i64 0, i64 %zext_ln94_1" [yuv_filter.c:105]   --->   Operation 97 'getelementptr' 'out_channels_ch3_addr' <Predicate = true> <Delay = 0.00>
ST_12 : Operation 98 [1/2] (2.10ns) (root node of the DSP)   --->   "%add_ln100_1 = add i18 %mul_ln100_1, i18 %add_ln100" [yuv_filter.c:100]   --->   Operation 98 'add' 'add_ln100_1' <Predicate = true> <Delay = 2.10> <CoreInst = "DSP48">   --->   Core 119 'DSP48' <Latency = 3> <II = 1> <Delay = 2.15> <IPBlock> <Opcode : 'mul' 'add' 'sub' 'select'> <InPorts = 0> <OutPorts = 1> <Sync> <CReg>
ST_12 : Operation 99 [1/1] (0.00ns)   --->   "%tmp = partselect i2 @_ssdm_op_PartSelect.i2.i18.i32.i32, i18 %add_ln100_1, i32 16, i32 17" [yuv_filter.c:100]   --->   Operation 99 'partselect' 'tmp' <Predicate = true> <Delay = 0.00>
ST_12 : Operation 100 [1/1] (0.95ns)   --->   "%icmp_ln100 = icmp_eq  i2 %tmp, i2 1" [yuv_filter.c:100]   --->   Operation 100 'icmp' 'icmp_ln100' <Predicate = true> <Delay = 0.95> <CoreInst = "Cmp">   --->   Core 9 'Cmp' <Latency = 0> <II = 1> <Delay = 1.13> <FuncUnit> <Opcode : 'icmp'> <InPorts = 2> <OutPorts = 1>
ST_12 : Operation 101 [1/1] (0.00ns) (grouped into LUT with out node R)   --->   "%tmp_1 = bitselect i1 @_ssdm_op_BitSelect.i1.i18.i32, i18 %add_ln100_1, i32 17" [yuv_filter.c:100]   --->   Operation 101 'bitselect' 'tmp_1' <Predicate = true> <Delay = 0.00>
ST_12 : Operation 102 [1/1] (0.00ns) (grouped into LUT with out node R)   --->   "%trunc_ln = partselect i8 @_ssdm_op_PartSelect.i8.i18.i32.i32, i18 %add_ln100_1, i32 8, i32 15" [yuv_filter.c:100]   --->   Operation 102 'partselect' 'trunc_ln' <Predicate = true> <Delay = 0.00>
ST_12 : Operation 103 [1/1] (0.00ns) (grouped into LUT with out node R)   --->   "%select_ln100 = select i1 %icmp_ln100, i8 255, i8 0" [yuv_filter.c:100]   --->   Operation 103 'select' 'select_ln100' <Predicate = true> <Delay = 0.00> <CoreInst = "Sel">   --->   Core 73 'Sel' <Latency = 0> <II = 1> <Delay = 1.24> <FuncUnit> <Opcode : 'select'> <InPorts = 3> <OutPorts = 1>
ST_12 : Operation 104 [1/1] (0.00ns) (grouped into LUT with out node R)   --->   "%or_ln100 = or i1 %icmp_ln100, i1 %tmp_1" [yuv_filter.c:100]   --->   Operation 104 'or' 'or_ln100' <Predicate = true> <Delay = 0.00> <CoreInst = "LogicGate">   --->   Core 74 'LogicGate' <Latency = 0> <II = 1> <Delay = 0.97> <FuncUnit> <Opcode : 'and' 'or' 'xor'> <InPorts = 2> <OutPorts = 1>
ST_12 : Operation 105 [1/1] (1.24ns) (out node of the LUT)   --->   "%R = select i1 %or_ln100, i8 %select_ln100, i8 %trunc_ln" [yuv_filter.c:100]   --->   Operation 105 'select' 'R' <Predicate = true> <Delay = 1.24> <CoreInst = "Sel">   --->   Core 73 'Sel' <Latency = 0> <II = 1> <Delay = 1.24> <FuncUnit> <Opcode : 'select'> <InPorts = 3> <OutPorts = 1>
ST_12 : Operation 106 [1/3] (0.00ns) (grouped into DSP with root node add_ln101_1)   --->   "%mul_ln101 = mul i16 %sext_ln101, i16 65436" [yuv_filter.c:101]   --->   Operation 106 'mul' 'mul_ln101' <Predicate = true> <Delay = 0.00> <CoreInst = "DSP48">   --->   Core 119 'DSP48' <Latency = 3> <II = 1> <Delay = 2.15> <IPBlock> <Opcode : 'mul' 'add' 'sub' 'select'> <InPorts = 0> <OutPorts = 1> <Sync> <CReg>
ST_12 : Operation 107 [1/1] (0.00ns) (grouped into DSP with root node add_ln101_1)   --->   "%sext_ln101_2 = sext i16 %mul_ln101" [yuv_filter.c:101]   --->   Operation 107 'sext' 'sext_ln101_2' <Predicate = true> <Delay = 0.00>
ST_12 : Operation 108 [1/2] (2.10ns) (root node of the DSP)   --->   "%add_ln101 = add i18 %add_ln100, i18 %sext_ln101_3" [yuv_filter.c:101]   --->   Operation 108 'add' 'add_ln101' <Predicate = true> <Delay = 2.10> <CoreInst = "DSP48">   --->   Core 119 'DSP48' <Latency = 3> <II = 1> <Delay = 2.15> <IPBlock> <Opcode : 'mul' 'add' 'sub' 'select'> <InPorts = 0> <OutPorts = 1> <Sync> <CReg>
ST_12 : Operation 109 [2/2] (2.10ns) (root node of the DSP)   --->   "%add_ln101_1 = add i18 %add_ln101, i18 %sext_ln101_2" [yuv_filter.c:101]   --->   Operation 109 'add' 'add_ln101_1' <Predicate = true> <Delay = 2.10> <CoreInst = "DSP48">   --->   Core 119 'DSP48' <Latency = 3> <II = 1> <Delay = 2.15> <IPBlock> <Opcode : 'mul' 'add' 'sub' 'select'> <InPorts = 0> <OutPorts = 1> <Sync> <CReg>
ST_12 : Operation 110 [1/1] (1.13ns)   --->   "%icmp_ln102 = icmp_sgt  i3 %tmp_4, i3 0" [yuv_filter.c:102]   --->   Operation 110 'icmp' 'icmp_ln102' <Predicate = true> <Delay = 1.13> <CoreInst = "Cmp">   --->   Core 9 'Cmp' <Latency = 0> <II = 1> <Delay = 1.13> <FuncUnit> <Opcode : 'icmp'> <InPorts = 2> <OutPorts = 1>
ST_12 : Operation 111 [1/1] (0.00ns) (grouped into LUT with out node B)   --->   "%tmp_5 = bitselect i1 @_ssdm_op_BitSelect.i1.i19.i32, i19 %add_ln102, i32 18" [yuv_filter.c:102]   --->   Operation 111 'bitselect' 'tmp_5' <Predicate = true> <Delay = 0.00>
ST_12 : Operation 112 [1/1] (0.00ns) (grouped into LUT with out node B)   --->   "%trunc_ln4 = partselect i8 @_ssdm_op_PartSelect.i8.i19.i32.i32, i19 %add_ln102, i32 8, i32 15" [yuv_filter.c:102]   --->   Operation 112 'partselect' 'trunc_ln4' <Predicate = true> <Delay = 0.00>
ST_12 : Operation 113 [1/1] (0.00ns) (grouped into LUT with out node B)   --->   "%select_ln102 = select i1 %icmp_ln102, i8 255, i8 0" [yuv_filter.c:102]   --->   Operation 113 'select' 'select_ln102' <Predicate = true> <Delay = 0.00> <CoreInst = "Sel">   --->   Core 73 'Sel' <Latency = 0> <II = 1> <Delay = 1.24> <FuncUnit> <Opcode : 'select'> <InPorts = 3> <OutPorts = 1>
ST_12 : Operation 114 [1/1] (0.00ns) (grouped into LUT with out node B)   --->   "%or_ln102 = or i1 %icmp_ln102, i1 %tmp_5" [yuv_filter.c:102]   --->   Operation 114 'or' 'or_ln102' <Predicate = true> <Delay = 0.00> <CoreInst = "LogicGate">   --->   Core 74 'LogicGate' <Latency = 0> <II = 1> <Delay = 0.97> <FuncUnit> <Opcode : 'and' 'or' 'xor'> <InPorts = 2> <OutPorts = 1>
ST_12 : Operation 115 [1/1] (1.24ns) (out node of the LUT)   --->   "%B = select i1 %or_ln102, i8 %select_ln102, i8 %trunc_ln4" [yuv_filter.c:102]   --->   Operation 115 'select' 'B' <Predicate = true> <Delay = 1.24> <CoreInst = "Sel">   --->   Core 73 'Sel' <Latency = 0> <II = 1> <Delay = 1.24> <FuncUnit> <Opcode : 'select'> <InPorts = 3> <OutPorts = 1>
ST_12 : Operation 116 [1/1] (3.25ns)   --->   "%store_ln105 = store i8 %B, i22 %out_channels_ch3_addr" [yuv_filter.c:105]   --->   Operation 116 'store' 'store_ln105' <Predicate = true> <Delay = 3.25> <CoreInst = "RAM">   --->   Core 82 'RAM' <Latency = 1> <II = 1> <Delay = 3.25> <Storage> <Opcode : 'load' 'store'> <Ports = 2> <Width = 8> <Depth = 2457600> <RAM>

State 13 <SV = 12> <Delay = 4.30>
ST_13 : Operation 117 [1/1] (0.00ns)   --->   "%out_channels_ch1_addr = getelementptr i8 %out_channels_ch1, i64 0, i64 %zext_ln94_1" [yuv_filter.c:103]   --->   Operation 117 'getelementptr' 'out_channels_ch1_addr' <Predicate = true> <Delay = 0.00>
ST_13 : Operation 118 [1/2] (2.10ns) (root node of the DSP)   --->   "%add_ln101_1 = add i18 %add_ln101, i18 %sext_ln101_2" [yuv_filter.c:101]   --->   Operation 118 'add' 'add_ln101_1' <Predicate = true> <Delay = 2.10> <CoreInst = "DSP48">   --->   Core 119 'DSP48' <Latency = 3> <II = 1> <Delay = 2.15> <IPBlock> <Opcode : 'mul' 'add' 'sub' 'select'> <InPorts = 0> <OutPorts = 1> <Sync> <CReg>
ST_13 : Operation 119 [1/1] (0.00ns)   --->   "%tmp_2 = partselect i2 @_ssdm_op_PartSelect.i2.i18.i32.i32, i18 %add_ln101_1, i32 16, i32 17" [yuv_filter.c:101]   --->   Operation 119 'partselect' 'tmp_2' <Predicate = true> <Delay = 0.00>
ST_13 : Operation 120 [1/1] (0.95ns)   --->   "%icmp_ln101 = icmp_eq  i2 %tmp_2, i2 1" [yuv_filter.c:101]   --->   Operation 120 'icmp' 'icmp_ln101' <Predicate = true> <Delay = 0.95> <CoreInst = "Cmp">   --->   Core 9 'Cmp' <Latency = 0> <II = 1> <Delay = 1.13> <FuncUnit> <Opcode : 'icmp'> <InPorts = 2> <OutPorts = 1>
ST_13 : Operation 121 [1/1] (0.00ns) (grouped into LUT with out node G)   --->   "%tmp_3 = bitselect i1 @_ssdm_op_BitSelect.i1.i18.i32, i18 %add_ln101_1, i32 17" [yuv_filter.c:101]   --->   Operation 121 'bitselect' 'tmp_3' <Predicate = true> <Delay = 0.00>
ST_13 : Operation 122 [1/1] (0.00ns) (grouped into LUT with out node G)   --->   "%trunc_ln3 = partselect i8 @_ssdm_op_PartSelect.i8.i18.i32.i32, i18 %add_ln101_1, i32 8, i32 15" [yuv_filter.c:101]   --->   Operation 122 'partselect' 'trunc_ln3' <Predicate = true> <Delay = 0.00>
ST_13 : Operation 123 [1/1] (0.00ns) (grouped into LUT with out node G)   --->   "%select_ln101 = select i1 %icmp_ln101, i8 255, i8 0" [yuv_filter.c:101]   --->   Operation 123 'select' 'select_ln101' <Predicate = true> <Delay = 0.00> <CoreInst = "Sel">   --->   Core 73 'Sel' <Latency = 0> <II = 1> <Delay = 1.24> <FuncUnit> <Opcode : 'select'> <InPorts = 3> <OutPorts = 1>
ST_13 : Operation 124 [1/1] (0.00ns) (grouped into LUT with out node G)   --->   "%or_ln101 = or i1 %icmp_ln101, i1 %tmp_3" [yuv_filter.c:101]   --->   Operation 124 'or' 'or_ln101' <Predicate = true> <Delay = 0.00> <CoreInst = "LogicGate">   --->   Core 74 'LogicGate' <Latency = 0> <II = 1> <Delay = 0.97> <FuncUnit> <Opcode : 'and' 'or' 'xor'> <InPorts = 2> <OutPorts = 1>
ST_13 : Operation 125 [1/1] (1.24ns) (out node of the LUT)   --->   "%G = select i1 %or_ln101, i8 %select_ln101, i8 %trunc_ln3" [yuv_filter.c:101]   --->   Operation 125 'select' 'G' <Predicate = true> <Delay = 1.24> <CoreInst = "Sel">   --->   Core 73 'Sel' <Latency = 0> <II = 1> <Delay = 1.24> <FuncUnit> <Opcode : 'select'> <InPorts = 3> <OutPorts = 1>
ST_13 : Operation 126 [1/1] (3.25ns)   --->   "%store_ln103 = store i8 %R, i22 %out_channels_ch1_addr" [yuv_filter.c:103]   --->   Operation 126 'store' 'store_ln103' <Predicate = true> <Delay = 3.25> <CoreInst = "RAM">   --->   Core 82 'RAM' <Latency = 1> <II = 1> <Delay = 3.25> <Storage> <Opcode : 'load' 'store'> <Ports = 2> <Width = 8> <Depth = 2457600> <RAM>

State 14 <SV = 13> <Delay = 3.25>
ST_14 : Operation 127 [1/1] (0.00ns)   --->   "%specloopname_ln0 = specloopname void @_ssdm_op_SpecLoopName, void @YUV2RGB_LOOP_X_YUV2RGB_LOOP_Y_str"   --->   Operation 127 'specloopname' 'specloopname_ln0' <Predicate = true> <Delay = 0.00>
ST_14 : Operation 128 [1/1] (0.00ns)   --->   "%speclooptripcount_ln0 = speclooptripcount void @_ssdm_op_SpecLoopTripCount, i64 40000, i64 2457600, i64 784400"   --->   Operation 128 'speclooptripcount' 'speclooptripcount_ln0' <Predicate = true> <Delay = 0.00>
ST_14 : Operation 129 [1/1] (0.00ns)   --->   "%specpipeline_ln72 = specpipeline void @_ssdm_op_SpecPipeline, i32 4294967295, i32 0, i32 0, i32 0, void @empty_0" [yuv_filter.c:72]   --->   Operation 129 'specpipeline' 'specpipeline_ln72' <Predicate = true> <Delay = 0.00>
ST_14 : Operation 130 [1/1] (0.00ns)   --->   "%specloopname_ln72 = specloopname void @_ssdm_op_SpecLoopName, void @empty_5" [yuv_filter.c:72]   --->   Operation 130 'specloopname' 'specloopname_ln72' <Predicate = true> <Delay = 0.00>
ST_14 : Operation 131 [1/1] (0.00ns)   --->   "%out_channels_ch2_addr = getelementptr i8 %out_channels_ch2, i64 0, i64 %zext_ln94_1" [yuv_filter.c:104]   --->   Operation 131 'getelementptr' 'out_channels_ch2_addr' <Predicate = true> <Delay = 0.00>
ST_14 : Operation 132 [1/1] (3.25ns)   --->   "%store_ln104 = store i8 %G, i22 %out_channels_ch2_addr" [yuv_filter.c:104]   --->   Operation 132 'store' 'store_ln104' <Predicate = true> <Delay = 3.25> <CoreInst = "RAM">   --->   Core 82 'RAM' <Latency = 1> <II = 1> <Delay = 3.25> <Storage> <Opcode : 'load' 'store'> <Ports = 2> <Width = 8> <Depth = 2457600> <RAM>
ST_14 : Operation 133 [1/1] (0.00ns)   --->   "%br_ln0 = br void"   --->   Operation 133 'br' 'br_ln0' <Predicate = true> <Delay = 0.00>

State 15 <SV = 5> <Delay = 0.00>
ST_15 : Operation 134 [1/1] (0.00ns)   --->   "%mrv = insertvalue i32 <undef>, i16 %p_read_2" [yuv_filter.c:108]   --->   Operation 134 'insertvalue' 'mrv' <Predicate = true> <Delay = 0.00>
ST_15 : Operation 135 [1/1] (0.00ns)   --->   "%mrv_1 = insertvalue i32 %mrv, i16 %p_read_1" [yuv_filter.c:108]   --->   Operation 135 'insertvalue' 'mrv_1' <Predicate = true> <Delay = 0.00>
ST_15 : Operation 136 [1/1] (0.00ns)   --->   "%ret_ln108 = ret i32 %mrv_1" [yuv_filter.c:108]   --->   Operation 136 'ret' 'ret_ln108' <Predicate = true> <Delay = 0.00>


============================================================
+ Verbose Summary: Timing violations
============================================================
Target clock period: 10ns, clock uncertainty: 2.7ns.

 <State 1>: 2.15ns
The critical path consists of the following:
	wire read operation ('p_read_1', yuv_filter.c:73) on port 'p_read1' (yuv_filter.c:73) [15]  (0 ns)
	'mul' operation of DSP[19] ('bound', yuv_filter.c:73) [19]  (2.15 ns)

 <State 2>: 2.15ns
The critical path consists of the following:
	'mul' operation of DSP[19] ('bound', yuv_filter.c:73) [19]  (2.15 ns)

 <State 3>: 2.15ns
The critical path consists of the following:
	'mul' operation of DSP[19] ('bound', yuv_filter.c:73) [19]  (2.15 ns)

 <State 4>: 0ns
The critical path consists of the following:

 <State 5>: 6.9ns
The critical path consists of the following:
	'load' operation ('y_load', yuv_filter.c:92) on local variable 'y' [30]  (0 ns)
	'icmp' operation ('icmp_ln92', yuv_filter.c:92) [35]  (2.43 ns)
	'select' operation ('select_ln72', yuv_filter.c:72) [36]  (0.805 ns)
	'add' operation ('y', yuv_filter.c:92) [106]  (2.08 ns)
	'store' operation ('store_ln92', yuv_filter.c:92) of variable 'y', yuv_filter.c:92 on local variable 'y' [109]  (1.59 ns)

 <State 6>: 6.96ns
The critical path consists of the following:
	'load' operation ('x_load', yuv_filter.c:89) on local variable 'x' [31]  (0 ns)
	'add' operation ('x', yuv_filter.c:89) [32]  (2.08 ns)
	'select' operation ('select_ln72_1', yuv_filter.c:72) [37]  (0.805 ns)
	'add' operation ('add_ln94', yuv_filter.c:94) [42]  (0 ns)
	'add' operation ('add_ln94_1', yuv_filter.c:94) [46]  (4.08 ns)

 <State 7>: 3.25ns
The critical path consists of the following:
	'getelementptr' operation ('in_channels_ch1_addr', yuv_filter.c:94) [48]  (0 ns)
	'load' operation ('Y', yuv_filter.c:94) on array 'in_channels_ch1' [54]  (3.25 ns)

 <State 8>: 6.22ns
The critical path consists of the following:
	'load' operation ('Y', yuv_filter.c:94) on array 'in_channels_ch1' [54]  (3.25 ns)
	'add' operation ('C', yuv_filter.c:97) [58]  (1.92 ns)
	'mul' operation of DSP[66] ('mul_ln100', yuv_filter.c:100) [62]  (1.05 ns)

 <State 9>: 5.29ns
The critical path consists of the following:
	'load' operation ('V', yuv_filter.c:96) on array 'in_channels_ch3' [56]  (3.25 ns)
	'xor' operation ('E', yuv_filter.c:99) [60]  (0.99 ns)
	'mul' operation of DSP[67] ('mul_ln100_1', yuv_filter.c:100) [65]  (1.05 ns)

 <State 10>: 5.29ns
The critical path consists of the following:
	'load' operation ('U', yuv_filter.c:95) on array 'in_channels_ch2' [55]  (3.25 ns)
	'xor' operation ('D', yuv_filter.c:98) [59]  (0.99 ns)
	'mul' operation of DSP[81] ('mul_ln101', yuv_filter.c:101) [76]  (1.05 ns)

 <State 11>: 6.37ns
The critical path consists of the following:
	'add' operation of DSP[66] ('add_ln100', yuv_filter.c:100) [66]  (2.1 ns)
	'add' operation ('add_ln102_1', yuv_filter.c:102) [93]  (2.14 ns)
	'add' operation ('add_ln102', yuv_filter.c:102) [95]  (2.14 ns)

 <State 12>: 5.63ns
The critical path consists of the following:
	'icmp' operation ('icmp_ln102', yuv_filter.c:102) [97]  (1.13 ns)
	'select' operation ('select_ln102', yuv_filter.c:102) [100]  (0 ns)
	'select' operation ('B', yuv_filter.c:102) [102]  (1.25 ns)
	'store' operation ('store_ln105', yuv_filter.c:105) of variable 'B', yuv_filter.c:102 on array 'out_channels_ch3' [105]  (3.25 ns)

 <State 13>: 4.31ns
The critical path consists of the following:
	'add' operation of DSP[81] ('add_ln101_1', yuv_filter.c:101) [81]  (2.1 ns)
	'icmp' operation ('icmp_ln101', yuv_filter.c:101) [83]  (0.959 ns)
	'select' operation ('select_ln101', yuv_filter.c:101) [86]  (0 ns)
	'select' operation ('G', yuv_filter.c:101) [88]  (1.25 ns)

 <State 14>: 3.25ns
The critical path consists of the following:
	'getelementptr' operation ('out_channels_ch2_addr', yuv_filter.c:104) [52]  (0 ns)
	'store' operation ('store_ln104', yuv_filter.c:104) of variable 'G', yuv_filter.c:101 on array 'out_channels_ch2' [104]  (3.25 ns)

 <State 15>: 0ns
The critical path consists of the following:


============================================================
+ Verbose Summary: Binding
============================================================
N/A
* FSMD analyzer results:
  - Output states:
 - Input state : 
  - Chain level:
	State 1
	State 2
	State 3
	State 4
	State 5
	State 6
	State 7
	State 8
	State 9
	State 10
	State 11
	State 12
	State 13
	State 14
	State 15


============================================================
+ Verbose Summary: Datapath Resource usage 
============================================================
N/A
