
*** Running vivado
    with args -log FIR_top.vdi -applog -m64 -product Vivado -messageDb vivado.pb -mode batch -source FIR_top.tcl -notrace


****** Vivado v2019.2 (64-bit)
  **** SW Build 2708876 on Wed Nov  6 21:40:23 MST 2019
  **** IP Build 2700528 on Thu Nov  7 00:09:20 MST 2019
    ** Copyright 1986-2019 Xilinx, Inc. All Rights Reserved.

source FIR_top.tcl -notrace
Command: link_design -top FIR_top -part xc7z020clg400-1
Design is defaulting to srcset: sources_1
Design is defaulting to constrset: constrs_1
INFO: [Device 21-403] Loading part xc7z020clg400-1
Netlist sorting complete. Time (s): cpu = 00:00:00 ; elapsed = 00:00:00.007 . Memory (MB): peak = 799.020 ; gain = 0.000
INFO: [Netlist 29-17] Analyzing 51 Unisim elements for replacement
INFO: [Netlist 29-28] Unisim Transformation completed in 0 CPU seconds
INFO: [Project 1-479] Netlist was created with Vivado 2019.2
INFO: [Project 1-570] Preparing netlist for logic optimization
Parsing XDC File [C:/Vivado_project/ECE481/Project/FIR_8order_8bit_sys_save_as/FIR_8order_8bit_sys_save_as.srcs/constrs_1/new/constraints.xdc]
Finished Parsing XDC File [C:/Vivado_project/ECE481/Project/FIR_8order_8bit_sys_save_as/FIR_8order_8bit_sys_save_as.srcs/constrs_1/new/constraints.xdc]
INFO: [Opt 31-138] Pushed 0 inverter(s) to 0 load pin(s).
Netlist sorting complete. Time (s): cpu = 00:00:00 ; elapsed = 00:00:00 . Memory (MB): peak = 923.965 ; gain = 0.000
INFO: [Project 1-111] Unisim Transformation Summary:
No Unisim elements were transformed.

7 Infos, 0 Warnings, 0 Critical Warnings and 0 Errors encountered.
link_design completed successfully
link_design: Time (s): cpu = 00:00:07 ; elapsed = 00:00:08 . Memory (MB): peak = 928.012 ; gain = 440.793
Command: opt_design
Attempting to get a license for feature 'Implementation' and/or device 'xc7z020'
INFO: [Common 17-349] Got license for feature 'Implementation' and/or device 'xc7z020'
Running DRC as a precondition to command opt_design

Starting DRC Task
INFO: [DRC 23-27] Running DRC with 2 threads
INFO: [Project 1-461] DRC finished with 0 Errors
INFO: [Project 1-462] Please refer to the DRC report (report_drc) for more information.

Time (s): cpu = 00:00:01 ; elapsed = 00:00:00.830 . Memory (MB): peak = 947.289 ; gain = 19.277

Starting Cache Timing Information Task
INFO: [Timing 38-35] Done setting XDC timing constraints.
Ending Cache Timing Information Task | Checksum: d5e1ed9b

Time (s): cpu = 00:00:11 ; elapsed = 00:00:11 . Memory (MB): peak = 1493.152 ; gain = 545.863

Starting Logic Optimization Task

Phase 1 Retarget
INFO: [Opt 31-138] Pushed 0 inverter(s) to 0 load pin(s).
INFO: [Opt 31-49] Retargeted 0 cell(s).
Phase 1 Retarget | Checksum: d5e1ed9b

Time (s): cpu = 00:00:00 ; elapsed = 00:00:00.070 . Memory (MB): peak = 1688.449 ; gain = 0.000
INFO: [Opt 31-389] Phase Retarget created 0 cells and removed 0 cells

Phase 2 Constant propagation
INFO: [Opt 31-138] Pushed 0 inverter(s) to 0 load pin(s).
Phase 2 Constant propagation | Checksum: f4a2a8a1

Time (s): cpu = 00:00:00 ; elapsed = 00:00:00.086 . Memory (MB): peak = 1688.449 ; gain = 0.000
INFO: [Opt 31-389] Phase Constant propagation created 0 cells and removed 0 cells

Phase 3 Sweep
Phase 3 Sweep | Checksum: 1a0fbd0cc

Time (s): cpu = 00:00:00 ; elapsed = 00:00:00.111 . Memory (MB): peak = 1688.449 ; gain = 0.000
INFO: [Opt 31-389] Phase Sweep created 0 cells and removed 0 cells

Phase 4 BUFG optimization
INFO: [Opt 31-1112] Starts optimizing BUFG(s) with a common MMCM/DPLL/XPLL driver.
INFO: [Opt 31-1112] Starts optimizing BUFG(s) with a common driver.
INFO: [Opt 31-1092] Phase BUFG optimization transformed 0 BUFG(s) to MBUFG(s).
Phase 4 BUFG optimization | Checksum: 1a0fbd0cc

Time (s): cpu = 00:00:00 ; elapsed = 00:00:00.134 . Memory (MB): peak = 1688.449 ; gain = 0.000
INFO: [Opt 31-662] Phase BUFG optimization created 0 cells of which 0 are BUFGs and removed 0 cells.

Phase 5 Shift Register Optimization
INFO: [Opt 31-1064] SRL Remap converted 0 SRLs to 0 registers and converted 0 registers of register chains to 0 SRLs
Phase 5 Shift Register Optimization | Checksum: 1a0fbd0cc

Time (s): cpu = 00:00:00 ; elapsed = 00:00:00.144 . Memory (MB): peak = 1688.449 ; gain = 0.000
INFO: [Opt 31-389] Phase Shift Register Optimization created 0 cells and removed 0 cells

Phase 6 Post Processing Netlist
Phase 6 Post Processing Netlist | Checksum: 1a0fbd0cc

Time (s): cpu = 00:00:00 ; elapsed = 00:00:00.150 . Memory (MB): peak = 1688.449 ; gain = 0.000
INFO: [Opt 31-389] Phase Post Processing Netlist created 0 cells and removed 0 cells
Opt_design Change Summary
=========================


-------------------------------------------------------------------------------------------------------------------------
|  Phase                        |  #Cells created  |  #Cells Removed  |  #Constrained objects preventing optimizations  |
-------------------------------------------------------------------------------------------------------------------------
|  Retarget                     |               0  |               0  |                                              0  |
|  Constant propagation         |               0  |               0  |                                              0  |
|  Sweep                        |               0  |               0  |                                              0  |
|  BUFG optimization            |               0  |               0  |                                              0  |
|  Shift Register Optimization  |               0  |               0  |                                              0  |
|  Post Processing Netlist      |               0  |               0  |                                              0  |
-------------------------------------------------------------------------------------------------------------------------



Starting Connectivity Check Task

Time (s): cpu = 00:00:00 ; elapsed = 00:00:00.002 . Memory (MB): peak = 1688.449 ; gain = 0.000
Ending Logic Optimization Task | Checksum: 1644a3588

Time (s): cpu = 00:00:01 ; elapsed = 00:00:00.201 . Memory (MB): peak = 1688.449 ; gain = 0.000

Starting Power Optimization Task
INFO: [Pwropt 34-132] Skipping clock gating for clocks with a period < 2.00 ns.
Ending Power Optimization Task | Checksum: 1644a3588

Time (s): cpu = 00:00:00 ; elapsed = 00:00:00.020 . Memory (MB): peak = 1688.449 ; gain = 0.000

Starting Final Cleanup Task
Ending Final Cleanup Task | Checksum: 1644a3588

Time (s): cpu = 00:00:00 ; elapsed = 00:00:00 . Memory (MB): peak = 1688.449 ; gain = 0.000

Starting Netlist Obfuscation Task
Netlist sorting complete. Time (s): cpu = 00:00:00 ; elapsed = 00:00:00 . Memory (MB): peak = 1688.449 ; gain = 0.000
Ending Netlist Obfuscation Task | Checksum: 1644a3588

Time (s): cpu = 00:00:00 ; elapsed = 00:00:00 . Memory (MB): peak = 1688.449 ; gain = 0.000
INFO: [Common 17-83] Releasing license: Implementation
27 Infos, 0 Warnings, 0 Critical Warnings and 0 Errors encountered.
opt_design completed successfully
opt_design: Time (s): cpu = 00:00:16 ; elapsed = 00:00:16 . Memory (MB): peak = 1688.449 ; gain = 760.438
Netlist sorting complete. Time (s): cpu = 00:00:00 ; elapsed = 00:00:00 . Memory (MB): peak = 1688.449 ; gain = 0.000
INFO: [Timing 38-480] Writing timing data to binary archive.
INFO: [Common 17-1381] The checkpoint 'C:/Vivado_project/ECE481/Project/FIR_8order_8bit_sys_save_as/FIR_8order_8bit_sys_save_as.runs/impl_1/FIR_top_opt.dcp' has been generated.
INFO: [runtcl-4] Executing : report_drc -file FIR_top_drc_opted.rpt -pb FIR_top_drc_opted.pb -rpx FIR_top_drc_opted.rpx
Command: report_drc -file FIR_top_drc_opted.rpt -pb FIR_top_drc_opted.pb -rpx FIR_top_drc_opted.rpx
INFO: [IP_Flow 19-234] Refreshing IP repositories
INFO: [IP_Flow 19-1704] No user IP repositories specified
INFO: [IP_Flow 19-2313] Loaded Vivado IP repository 'C:/Xilinx/Vivado/2019.2/data/ip'.
INFO: [DRC 23-27] Running DRC with 2 threads
INFO: [Coretcl 2-168] The results of DRC are in file C:/Vivado_project/ECE481/Project/FIR_8order_8bit_sys_save_as/FIR_8order_8bit_sys_save_as.runs/impl_1/FIR_top_drc_opted.rpt.
report_drc completed successfully
Command: place_design
Attempting to get a license for feature 'Implementation' and/or device 'xc7z020'
INFO: [Common 17-349] Got license for feature 'Implementation' and/or device 'xc7z020'
INFO: [DRC 23-27] Running DRC with 2 threads
INFO: [Vivado_Tcl 4-198] DRC finished with 0 Errors
INFO: [Vivado_Tcl 4-199] Please refer to the DRC report (report_drc) for more information.
Running DRC as a precondition to command place_design
INFO: [DRC 23-27] Running DRC with 2 threads
INFO: [Vivado_Tcl 4-198] DRC finished with 0 Errors
INFO: [Vivado_Tcl 4-199] Please refer to the DRC report (report_drc) for more information.

Starting Placer Task
INFO: [Place 30-611] Multithreading enabled for place_design using a maximum of 2 CPUs

Phase 1 Placer Initialization

Phase 1.1 Placer Initialization Netlist Sorting
Netlist sorting complete. Time (s): cpu = 00:00:00 ; elapsed = 00:00:00 . Memory (MB): peak = 1688.449 ; gain = 0.000
Phase 1.1 Placer Initialization Netlist Sorting | Checksum: 6aa26e47

Time (s): cpu = 00:00:00 ; elapsed = 00:00:00.018 . Memory (MB): peak = 1688.449 ; gain = 0.000
Netlist sorting complete. Time (s): cpu = 00:00:00 ; elapsed = 00:00:00 . Memory (MB): peak = 1688.449 ; gain = 0.000

Phase 1.2 IO Placement/ Clock Placement/ Build Placer Device
INFO: [Timing 38-35] Done setting XDC timing constraints.
Phase 1.2 IO Placement/ Clock Placement/ Build Placer Device | Checksum: 1ebc50380

Time (s): cpu = 00:00:02 ; elapsed = 00:00:01 . Memory (MB): peak = 1688.449 ; gain = 0.000

Phase 1.3 Build Placer Netlist Model
Phase 1.3 Build Placer Netlist Model | Checksum: 2c5a57ec6

Time (s): cpu = 00:00:02 ; elapsed = 00:00:02 . Memory (MB): peak = 1689.305 ; gain = 0.855

Phase 1.4 Constrain Clocks/Macros
Phase 1.4 Constrain Clocks/Macros | Checksum: 2c5a57ec6

Time (s): cpu = 00:00:02 ; elapsed = 00:00:02 . Memory (MB): peak = 1689.305 ; gain = 0.855
Phase 1 Placer Initialization | Checksum: 2c5a57ec6

Time (s): cpu = 00:00:02 ; elapsed = 00:00:02 . Memory (MB): peak = 1689.305 ; gain = 0.855

Phase 2 Global Placement

Phase 2.1 Floorplanning
Phase 2.1 Floorplanning | Checksum: 2b700fbab

Time (s): cpu = 00:00:02 ; elapsed = 00:00:02 . Memory (MB): peak = 1689.305 ; gain = 0.855

Phase 2.2 Global Placement Core

Phase 2.2.1 Physical Synthesis In Placer
INFO: [Physopt 32-1018] Found 7 candidate LUT instances to create LUTNM shape
INFO: [Physopt 32-775] End 1 Pass. Optimized 3 nets or cells. Created 0 new cell, deleted 3 existing cells and moved 0 existing cell
INFO: [Physopt 32-65] No nets found for high-fanout optimization.
INFO: [Physopt 32-232] Optimized 0 net. Created 0 new instance.
INFO: [Physopt 32-775] End 1 Pass. Optimized 0 net or cell. Created 0 new cell, deleted 0 existing cell and moved 0 existing cell
INFO: [Physopt 32-670] No setup violation found.  DSP Register Optimization was not performed.
INFO: [Physopt 32-670] No setup violation found.  Shift Register to Pipeline Optimization was not performed.
INFO: [Physopt 32-670] No setup violation found.  Shift Register Optimization was not performed.
INFO: [Physopt 32-670] No setup violation found.  BRAM Register Optimization was not performed.
INFO: [Physopt 32-949] No candidate nets found for HD net replication
INFO: [Physopt 32-775] End 1 Pass. Optimized 0 net or cell. Created 0 new cell, deleted 0 existing cell and moved 0 existing cell
Netlist sorting complete. Time (s): cpu = 00:00:00 ; elapsed = 00:00:00 . Memory (MB): peak = 1689.305 ; gain = 0.000

Summary of Physical Synthesis Optimizations
============================================


-----------------------------------------------------------------------------------------------------------------------------------------------------------
|  Optimization                                     |  Added Cells  |  Removed Cells  |  Optimized Cells/Nets  |  Dont Touch  |  Iterations  |  Elapsed   |
-----------------------------------------------------------------------------------------------------------------------------------------------------------
|  LUT Combining                                    |            0  |              3  |                     3  |           0  |           1  |  00:00:00  |
|  Very High Fanout                                 |            0  |              0  |                     0  |           0  |           1  |  00:00:00  |
|  DSP Register                                     |            0  |              0  |                     0  |           0  |           0  |  00:00:00  |
|  Shift Register to Pipeline                       |            0  |              0  |                     0  |           0  |           0  |  00:00:00  |
|  Shift Register                                   |            0  |              0  |                     0  |           0  |           0  |  00:00:00  |
|  BRAM Register                                    |            0  |              0  |                     0  |           0  |           0  |  00:00:00  |
|  Dynamic/Static Region Interface Net Replication  |            0  |              0  |                     0  |           0  |           1  |  00:00:00  |
|  Total                                            |            0  |              3  |                     3  |           0  |           3  |  00:00:00  |
-----------------------------------------------------------------------------------------------------------------------------------------------------------


Phase 2.2.1 Physical Synthesis In Placer | Checksum: 133ade77e

Time (s): cpu = 00:00:06 ; elapsed = 00:00:04 . Memory (MB): peak = 1689.305 ; gain = 0.855
Phase 2.2 Global Placement Core | Checksum: 208268dfc

Time (s): cpu = 00:00:06 ; elapsed = 00:00:04 . Memory (MB): peak = 1689.305 ; gain = 0.855
Phase 2 Global Placement | Checksum: 208268dfc

Time (s): cpu = 00:00:06 ; elapsed = 00:00:04 . Memory (MB): peak = 1689.305 ; gain = 0.855

Phase 3 Detail Placement

Phase 3.1 Commit Multi Column Macros
Phase 3.1 Commit Multi Column Macros | Checksum: 14d91feb2

Time (s): cpu = 00:00:06 ; elapsed = 00:00:04 . Memory (MB): peak = 1689.305 ; gain = 0.855

Phase 3.2 Commit Most Macros & LUTRAMs
Phase 3.2 Commit Most Macros & LUTRAMs | Checksum: 1125ff136

Time (s): cpu = 00:00:07 ; elapsed = 00:00:04 . Memory (MB): peak = 1689.305 ; gain = 0.855

Phase 3.3 Area Swap Optimization
Phase 3.3 Area Swap Optimization | Checksum: 1a0468554

Time (s): cpu = 00:00:07 ; elapsed = 00:00:04 . Memory (MB): peak = 1689.305 ; gain = 0.855

Phase 3.4 Pipeline Register Optimization
Phase 3.4 Pipeline Register Optimization | Checksum: 1a0047e96

Time (s): cpu = 00:00:07 ; elapsed = 00:00:04 . Memory (MB): peak = 1689.305 ; gain = 0.855

Phase 3.5 Small Shape Detail Placement
Phase 3.5 Small Shape Detail Placement | Checksum: 14caaa80d

Time (s): cpu = 00:00:07 ; elapsed = 00:00:05 . Memory (MB): peak = 1689.305 ; gain = 0.855

Phase 3.6 Re-assign LUT pins
Phase 3.6 Re-assign LUT pins | Checksum: 1ba4b1669

Time (s): cpu = 00:00:07 ; elapsed = 00:00:05 . Memory (MB): peak = 1689.305 ; gain = 0.855

Phase 3.7 Pipeline Register Optimization
Phase 3.7 Pipeline Register Optimization | Checksum: 1bc110caf

Time (s): cpu = 00:00:07 ; elapsed = 00:00:05 . Memory (MB): peak = 1689.305 ; gain = 0.855
Phase 3 Detail Placement | Checksum: 1bc110caf

Time (s): cpu = 00:00:07 ; elapsed = 00:00:05 . Memory (MB): peak = 1689.305 ; gain = 0.855

Phase 4 Post Placement Optimization and Clean-Up

Phase 4.1 Post Commit Optimization
INFO: [Timing 38-35] Done setting XDC timing constraints.

Phase 4.1.1 Post Placement Optimization
Post Placement Optimization Initialization | Checksum: 10be4fd7e

Phase 4.1.1.1 BUFG Insertion
INFO: [Place 46-56] BUFG insertion identified 0 candidate nets. Inserted BUFG: 0, Replicated BUFG Driver: 0, Skipped due to Placement/Routing Conflicts: 0, Skipped due to Timing Degradation: 0, Skipped due to Illegal Netlist: 0.
Phase 4.1.1.1 BUFG Insertion | Checksum: 10be4fd7e

Time (s): cpu = 00:00:07 ; elapsed = 00:00:05 . Memory (MB): peak = 1698.207 ; gain = 9.758
INFO: [Place 30-746] Post Placement Timing Summary WNS=1.971. For the most accurate timing information please run report_timing.
Phase 4.1.1 Post Placement Optimization | Checksum: 1a4d7793a

Time (s): cpu = 00:00:07 ; elapsed = 00:00:05 . Memory (MB): peak = 1698.207 ; gain = 9.758
Phase 4.1 Post Commit Optimization | Checksum: 1a4d7793a

Time (s): cpu = 00:00:07 ; elapsed = 00:00:05 . Memory (MB): peak = 1698.207 ; gain = 9.758

Phase 4.2 Post Placement Cleanup
Phase 4.2 Post Placement Cleanup | Checksum: 1a4d7793a

Time (s): cpu = 00:00:07 ; elapsed = 00:00:05 . Memory (MB): peak = 1698.207 ; gain = 9.758

Phase 4.3 Placer Reporting
Phase 4.3 Placer Reporting | Checksum: 1a4d7793a

Time (s): cpu = 00:00:07 ; elapsed = 00:00:05 . Memory (MB): peak = 1698.207 ; gain = 9.758

Phase 4.4 Final Placement Cleanup
Netlist sorting complete. Time (s): cpu = 00:00:00 ; elapsed = 00:00:00 . Memory (MB): peak = 1698.207 ; gain = 0.000
Phase 4.4 Final Placement Cleanup | Checksum: 1f3843a84

Time (s): cpu = 00:00:07 ; elapsed = 00:00:05 . Memory (MB): peak = 1698.207 ; gain = 9.758
Phase 4 Post Placement Optimization and Clean-Up | Checksum: 1f3843a84

Time (s): cpu = 00:00:07 ; elapsed = 00:00:05 . Memory (MB): peak = 1698.207 ; gain = 9.758
Ending Placer Task | Checksum: 143d727da

Time (s): cpu = 00:00:07 ; elapsed = 00:00:05 . Memory (MB): peak = 1698.207 ; gain = 9.758
INFO: [Common 17-83] Releasing license: Implementation
59 Infos, 0 Warnings, 0 Critical Warnings and 0 Errors encountered.
place_design completed successfully
place_design: Time (s): cpu = 00:00:12 ; elapsed = 00:00:08 . Memory (MB): peak = 1698.207 ; gain = 9.758
Netlist sorting complete. Time (s): cpu = 00:00:00 ; elapsed = 00:00:00 . Memory (MB): peak = 1698.207 ; gain = 0.000
INFO: [Timing 38-480] Writing timing data to binary archive.
Writing placer database...
Writing XDEF routing.
Writing XDEF routing logical nets.
Writing XDEF routing special nets.
Write XDEF Complete: Time (s): cpu = 00:00:01 ; elapsed = 00:00:00.126 . Memory (MB): peak = 1699.242 ; gain = 1.035
INFO: [Common 17-1381] The checkpoint 'C:/Vivado_project/ECE481/Project/FIR_8order_8bit_sys_save_as/FIR_8order_8bit_sys_save_as.runs/impl_1/FIR_top_placed.dcp' has been generated.
INFO: [runtcl-4] Executing : report_io -file FIR_top_io_placed.rpt
report_io: Time (s): cpu = 00:00:00 ; elapsed = 00:00:00.067 . Memory (MB): peak = 1699.242 ; gain = 0.000
INFO: [runtcl-4] Executing : report_utilization -file FIR_top_utilization_placed.rpt -pb FIR_top_utilization_placed.pb
INFO: [runtcl-4] Executing : report_control_sets -verbose -file FIR_top_control_sets_placed.rpt
report_control_sets: Time (s): cpu = 00:00:00 ; elapsed = 00:00:00.002 . Memory (MB): peak = 1699.242 ; gain = 0.000
Command: phys_opt_design
Attempting to get a license for feature 'Implementation' and/or device 'xc7z020'
INFO: [Common 17-349] Got license for feature 'Implementation' and/or device 'xc7z020'
INFO: [Vivado_Tcl 4-383] Design worst setup slack (WNS) is greater than or equal to 0.250 ns. Skipping all physical synthesis optimizations.
INFO: [Vivado_Tcl 4-232] No setup violation found. The netlist was not modified.
INFO: [Common 17-83] Releasing license: Implementation
68 Infos, 0 Warnings, 0 Critical Warnings and 0 Errors encountered.
phys_opt_design completed successfully
Netlist sorting complete. Time (s): cpu = 00:00:00 ; elapsed = 00:00:00 . Memory (MB): peak = 1713.715 ; gain = 0.000
INFO: [Timing 38-480] Writing timing data to binary archive.
Writing placer database...
Writing XDEF routing.
Writing XDEF routing logical nets.
Writing XDEF routing special nets.
Write XDEF Complete: Time (s): cpu = 00:00:00 ; elapsed = 00:00:00.108 . Memory (MB): peak = 1731.617 ; gain = 17.902
INFO: [Common 17-1381] The checkpoint 'C:/Vivado_project/ECE481/Project/FIR_8order_8bit_sys_save_as/FIR_8order_8bit_sys_save_as.runs/impl_1/FIR_top_physopt.dcp' has been generated.
Command: route_design
Attempting to get a license for feature 'Implementation' and/or device 'xc7z020'
INFO: [Common 17-349] Got license for feature 'Implementation' and/or device 'xc7z020'
Running DRC as a precondition to command route_design
INFO: [DRC 23-27] Running DRC with 2 threads
INFO: [Vivado_Tcl 4-198] DRC finished with 0 Errors
INFO: [Vivado_Tcl 4-199] Please refer to the DRC report (report_drc) for more information.


Starting Routing Task
INFO: [Route 35-254] Multithreading enabled for route_design using a maximum of 2 CPUs
Checksum: PlaceDB: d934b993 ConstDB: 0 ShapeSum: 6aa26e47 RouteDB: 0

Phase 1 Build RT Design
Phase 1 Build RT Design | Checksum: 7486f074

Time (s): cpu = 00:00:42 ; elapsed = 00:00:37 . Memory (MB): peak = 1838.883 ; gain = 94.242
Post Restoration Checksum: NetGraph: 5fb3f5fc NumContArr: 14d2fa78 Constraints: 0 Timing: 0

Phase 2 Router Initialization

Phase 2.1 Create Timer
Phase 2.1 Create Timer | Checksum: 7486f074

Time (s): cpu = 00:00:42 ; elapsed = 00:00:37 . Memory (MB): peak = 1838.891 ; gain = 94.250

Phase 2.2 Fix Topology Constraints
Phase 2.2 Fix Topology Constraints | Checksum: 7486f074

Time (s): cpu = 00:00:42 ; elapsed = 00:00:37 . Memory (MB): peak = 1845.566 ; gain = 100.926

Phase 2.3 Pre Route Cleanup
Phase 2.3 Pre Route Cleanup | Checksum: 7486f074

Time (s): cpu = 00:00:42 ; elapsed = 00:00:37 . Memory (MB): peak = 1845.566 ; gain = 100.926
 Number of Nodes with overlaps = 0

Phase 2.4 Update Timing
Phase 2.4 Update Timing | Checksum: 1adfbf77a

Time (s): cpu = 00:00:42 ; elapsed = 00:00:37 . Memory (MB): peak = 1855.477 ; gain = 110.836
INFO: [Route 35-416] Intermediate Timing Summary | WNS=1.973  | TNS=0.000  | WHS=-1.776 | THS=-336.911|

Phase 2 Router Initialization | Checksum: e5c405db

Time (s): cpu = 00:00:42 ; elapsed = 00:00:37 . Memory (MB): peak = 1855.477 ; gain = 110.836

Router Utilization Summary
  Global Vertical Routing Utilization    = 0 %
  Global Horizontal Routing Utilization  = 0 %
  Routable Net Status*
  *Does not include unroutable nets such as driverless and loadless.
  Run report_route_status for detailed report.
  Number of Failed Nets               = 328
    (Failed Nets is the sum of unrouted and partially routed nets)
  Number of Unrouted Nets             = 328
  Number of Partially Routed Nets     = 0
  Number of Node Overlaps             = 0


Phase 3 Initial Routing
Phase 3 Initial Routing | Checksum: 248a83818

Time (s): cpu = 00:00:43 ; elapsed = 00:00:38 . Memory (MB): peak = 1855.477 ; gain = 110.836

Phase 4 Rip-up And Reroute

Phase 4.1 Global Iteration 0
 Number of Nodes with overlaps = 5
 Number of Nodes with overlaps = 0
INFO: [Route 35-416] Intermediate Timing Summary | WNS=1.972  | TNS=0.000  | WHS=N/A    | THS=N/A    |

Phase 4.1 Global Iteration 0 | Checksum: e4fb7425

Time (s): cpu = 00:00:43 ; elapsed = 00:00:38 . Memory (MB): peak = 1855.477 ; gain = 110.836
Phase 4 Rip-up And Reroute | Checksum: e4fb7425

Time (s): cpu = 00:00:43 ; elapsed = 00:00:38 . Memory (MB): peak = 1855.477 ; gain = 110.836

Phase 5 Delay and Skew Optimization

Phase 5.1 Delay CleanUp

Phase 5.1.1 Update Timing
Phase 5.1.1 Update Timing | Checksum: 168643801

Time (s): cpu = 00:00:43 ; elapsed = 00:00:38 . Memory (MB): peak = 1855.477 ; gain = 110.836
INFO: [Route 35-416] Intermediate Timing Summary | WNS=1.972  | TNS=0.000  | WHS=N/A    | THS=N/A    |

Phase 5.1 Delay CleanUp | Checksum: 168643801

Time (s): cpu = 00:00:43 ; elapsed = 00:00:38 . Memory (MB): peak = 1855.477 ; gain = 110.836

Phase 5.2 Clock Skew Optimization
Phase 5.2 Clock Skew Optimization | Checksum: 168643801

Time (s): cpu = 00:00:43 ; elapsed = 00:00:38 . Memory (MB): peak = 1855.477 ; gain = 110.836
Phase 5 Delay and Skew Optimization | Checksum: 168643801

Time (s): cpu = 00:00:43 ; elapsed = 00:00:38 . Memory (MB): peak = 1855.477 ; gain = 110.836

Phase 6 Post Hold Fix

Phase 6.1 Hold Fix Iter

Phase 6.1.1 Update Timing
Phase 6.1.1 Update Timing | Checksum: 11c652709

Time (s): cpu = 00:00:43 ; elapsed = 00:00:38 . Memory (MB): peak = 1855.477 ; gain = 110.836
INFO: [Route 35-416] Intermediate Timing Summary | WNS=1.972  | TNS=0.000  | WHS=0.165  | THS=0.000  |

Phase 6.1 Hold Fix Iter | Checksum: 1b9a8f000

Time (s): cpu = 00:00:43 ; elapsed = 00:00:38 . Memory (MB): peak = 1855.477 ; gain = 110.836
Phase 6 Post Hold Fix | Checksum: 1b9a8f000

Time (s): cpu = 00:00:43 ; elapsed = 00:00:38 . Memory (MB): peak = 1855.477 ; gain = 110.836

Phase 7 Route finalize

Router Utilization Summary
  Global Vertical Routing Utilization    = 0.0877084 %
  Global Horizontal Routing Utilization  = 0.0979547 %
  Routable Net Status*
  *Does not include unroutable nets such as driverless and loadless.
  Run report_route_status for detailed report.
  Number of Failed Nets               = 0
    (Failed Nets is the sum of unrouted and partially routed nets)
  Number of Unrouted Nets             = 0
  Number of Partially Routed Nets     = 0
  Number of Node Overlaps             = 0

Phase 7 Route finalize | Checksum: 11e23ef1c

Time (s): cpu = 00:00:43 ; elapsed = 00:00:38 . Memory (MB): peak = 1855.477 ; gain = 110.836

Phase 8 Verifying routed nets

 Verification completed successfully
Phase 8 Verifying routed nets | Checksum: 11e23ef1c

Time (s): cpu = 00:00:43 ; elapsed = 00:00:38 . Memory (MB): peak = 1857.457 ; gain = 112.816

Phase 9 Depositing Routes
Phase 9 Depositing Routes | Checksum: bd575afc

Time (s): cpu = 00:00:43 ; elapsed = 00:00:38 . Memory (MB): peak = 1857.457 ; gain = 112.816

Phase 10 Post Router Timing
INFO: [Route 35-57] Estimated Timing Summary | WNS=1.972  | TNS=0.000  | WHS=0.165  | THS=0.000  |

INFO: [Route 35-327] The final timing numbers are based on the router estimated timing analysis. For a complete and accurate timing signoff, please run report_timing_summary.
Phase 10 Post Router Timing | Checksum: bd575afc

Time (s): cpu = 00:00:43 ; elapsed = 00:00:38 . Memory (MB): peak = 1857.457 ; gain = 112.816
INFO: [Route 35-16] Router Completed Successfully

Time (s): cpu = 00:00:43 ; elapsed = 00:00:38 . Memory (MB): peak = 1857.457 ; gain = 112.816

Routing Is Done.
INFO: [Common 17-83] Releasing license: Implementation
83 Infos, 0 Warnings, 0 Critical Warnings and 0 Errors encountered.
route_design completed successfully
route_design: Time (s): cpu = 00:00:45 ; elapsed = 00:00:39 . Memory (MB): peak = 1857.457 ; gain = 125.840
Netlist sorting complete. Time (s): cpu = 00:00:00 ; elapsed = 00:00:00 . Memory (MB): peak = 1857.457 ; gain = 0.000
INFO: [Timing 38-480] Writing timing data to binary archive.
Writing placer database...
Writing XDEF routing.
Writing XDEF routing logical nets.
Writing XDEF routing special nets.
Write XDEF Complete: Time (s): cpu = 00:00:00 ; elapsed = 00:00:00.114 . Memory (MB): peak = 1867.348 ; gain = 9.891
INFO: [Common 17-1381] The checkpoint 'C:/Vivado_project/ECE481/Project/FIR_8order_8bit_sys_save_as/FIR_8order_8bit_sys_save_as.runs/impl_1/FIR_top_routed.dcp' has been generated.
INFO: [runtcl-4] Executing : report_drc -file FIR_top_drc_routed.rpt -pb FIR_top_drc_routed.pb -rpx FIR_top_drc_routed.rpx
Command: report_drc -file FIR_top_drc_routed.rpt -pb FIR_top_drc_routed.pb -rpx FIR_top_drc_routed.rpx
INFO: [IP_Flow 19-1839] IP Catalog is up to date.
INFO: [DRC 23-27] Running DRC with 2 threads
INFO: [Coretcl 2-168] The results of DRC are in file C:/Vivado_project/ECE481/Project/FIR_8order_8bit_sys_save_as/FIR_8order_8bit_sys_save_as.runs/impl_1/FIR_top_drc_routed.rpt.
report_drc completed successfully
INFO: [runtcl-4] Executing : report_methodology -file FIR_top_methodology_drc_routed.rpt -pb FIR_top_methodology_drc_routed.pb -rpx FIR_top_methodology_drc_routed.rpx
Command: report_methodology -file FIR_top_methodology_drc_routed.rpt -pb FIR_top_methodology_drc_routed.pb -rpx FIR_top_methodology_drc_routed.rpx
INFO: [Timing 38-35] Done setting XDC timing constraints.
INFO: [DRC 23-133] Running Methodology with 2 threads
INFO: [Coretcl 2-1520] The results of Report Methodology are in file C:/Vivado_project/ECE481/Project/FIR_8order_8bit_sys_save_as/FIR_8order_8bit_sys_save_as.runs/impl_1/FIR_top_methodology_drc_routed.rpt.
report_methodology completed successfully
INFO: [runtcl-4] Executing : report_power -file FIR_top_power_routed.rpt -pb FIR_top_power_summary_routed.pb -rpx FIR_top_power_routed.rpx
Command: report_power -file FIR_top_power_routed.rpt -pb FIR_top_power_summary_routed.pb -rpx FIR_top_power_routed.rpx
INFO: [Timing 38-35] Done setting XDC timing constraints.
Running Vector-less Activity Propagation...

Finished Running Vector-less Activity Propagation
95 Infos, 0 Warnings, 0 Critical Warnings and 0 Errors encountered.
report_power completed successfully
INFO: [runtcl-4] Executing : report_route_status -file FIR_top_route_status.rpt -pb FIR_top_route_status.pb
INFO: [runtcl-4] Executing : report_timing_summary -max_paths 10 -file FIR_top_timing_summary_routed.rpt -pb FIR_top_timing_summary_routed.pb -rpx FIR_top_timing_summary_routed.rpx -warn_on_violation 
INFO: [Timing 38-91] UpdateTimingParams: Speed grade: -1, Delay Type: min_max.
INFO: [Timing 38-191] Multithreading enabled for timing update using a maximum of 2 CPUs
INFO: [runtcl-4] Executing : report_incremental_reuse -file FIR_top_incremental_reuse_routed.rpt
INFO: [Vivado_Tcl 4-1062] Incremental flow is disabled. No incremental reuse Info to report.
INFO: [runtcl-4] Executing : report_clock_utilization -file FIR_top_clock_utilization_routed.rpt
INFO: [runtcl-4] Executing : report_bus_skew -warn_on_violation -file FIR_top_bus_skew_routed.rpt -pb FIR_top_bus_skew_routed.pb -rpx FIR_top_bus_skew_routed.rpx
INFO: [Timing 38-91] UpdateTimingParams: Speed grade: -1, Delay Type: min_max.
INFO: [Timing 38-191] Multithreading enabled for timing update using a maximum of 2 CPUs
INFO: [Common 17-206] Exiting Vivado at Fri Dec 10 01:32:42 2021...
