INFO: [HLS 200-10] Running 'F:/Xilinx/Vitis_HLS/2021.1/bin/unwrapped/win64.o/vitis_hls.exe'
INFO: [HLS 200-10] For user 'Yihua' on host 'desktop-r7bdqng' (Windows NT_amd64 version 6.2) on Sun Oct 24 11:35:26 +0800 2021
INFO: [HLS 200-10] In directory 'D:/Documents/GitHub/ECE4810J_FA2021/Lab3'
Sourcing Tcl script 'D:/Documents/GitHub/ECE4810J_FA2021/Lab3/hls_adder/solution1/export.tcl'
INFO: [HLS 200-1510] Running: open_project hls_adder 
INFO: [HLS 200-10] Opening project 'D:/Documents/GitHub/ECE4810J_FA2021/Lab3/hls_adder'.
INFO: [HLS 200-1510] Running: set_top hls_adder 
INFO: [HLS 200-1510] Running: add_files hls_adder.cpp 
INFO: [HLS 200-10] Adding design file 'hls_adder.cpp' to the project
INFO: [HLS 200-1510] Running: open_solution solution1 -flow_target vivado 
INFO: [HLS 200-10] Opening solution 'D:/Documents/GitHub/ECE4810J_FA2021/Lab3/hls_adder/solution1'.
INFO: [SYN 201-201] Setting up clock 'default' with a period of 10ns.
INFO: [HLS 200-1611] Setting target device to 'xc7z020-clg400-1'
INFO: [HLS 200-1505] Using flow_target 'vivado'
Resolution: For help on HLS 200-1505 see www.xilinx.com/cgi-bin/docs/rdoc?v=2021.1;t=hls+guidance;d=200-1505.html
INFO: [HLS 200-1510] Running: set_part xc7z020clg400-1 
INFO: [HLS 200-1510] Running: create_clock -period 10 -name default 
INFO: [SYN 201-201] Setting up clock 'default' with a period of 10ns.
INFO: [HLS 200-1510] Running: export_design -rtl verilog -format ip_catalog -output D:/Documents/GitHub/ECE4810J_FA2021/Lab3/hls_adder.zip 
INFO: [IMPL 213-8] Exporting RTL as a Vivado IP.

****** Vivado v2021.1.1 (64-bit)
  **** SW Build 3286242 on Wed Jul 28 13:10:47 MDT 2021
  **** IP Build 3279568 on Wed Jul 28 16:48:48 MDT 2021
    ** Copyright 1986-2021 Xilinx, Inc. All Rights Reserved.

source run_ippack.tcl -notrace
INFO: [Common 17-206] Exiting Vivado at Sun Oct 24 11:35:45 2021...
INFO: [HLS 200-802] Generated output file hls_adder.zip
INFO: [HLS 200-111] Finished Command export_design CPU user time: 1 seconds. CPU system time: 0 seconds. Elapsed time: 17.059 seconds; current allocated memory: 313.684 MB.
